66aObM/yeN1E694JlTpdvlmHz+UkQV7k5jWwJxAMPiTMFfM+pdtDDhn2vHF0WeXl/NJBt2JAFq9vBJNryyupxs/ESKeIkiGnSn3CKDb5fQ==
QLzS4nDgo5zJ3GNat0fB8jh/PhK4I2L07B9dyWx5XoXxf5Ou1vjPsRkq0PCZyjuw6PKIk81xGrYB/7mRykf5cg==
E6l/MchkweyCrkdeDXI/ugcI5cXUZR//rFuVlrGLi12lueSemN00+PwZJk5Oe+hpHMKAeE0Z3e6Pqd+Zz9y80sH+27PbzJMC3pBkQdulWKzl57mc0On5T4Xz14rpBfDT0qQe9wO0b0PfazYu87RkfxwyVZ+mrV5AAvlJ
iJ5uFGwxV/w8OBK5kGHRlRoEduJws27G4P8CEITzLT0Uhd4BefMDOk5kbxWxhmBEIXb78CW+WccVLfrS6ZNJ5TI7+XY=
PhwIBLgQBKM5DIs13uWVEhoEduJws27G4PsAHoTzLT0Uhd4BefMDOk5kbxWxhmBEIXb78CW+WccVLfrS6ZNJ5TI7+XY=
Jd6zXBVY3t8aumRz0bunbh+zeuFcYXO7qSFU1IL+N7/lO0xsmzyBLc3zQTydd6XLxR+BfeY7BuLP+4RF7DQ4+XM=
SZ7apW6cVZ2kKIsut2I6paq8QfK3gQKuwwE0RA1gU2UQg7lcdec9S12PKd1ei04ihyvcpYTEQPkL
4SMSAasCslSWXAymXl99rjsWMbAbr7AOkb/ShCzLxXgYTi1gmyJhcPF9qatKcD3NkY/eTfkE
Lj4YH97dRsqUd2jTpoIGOwDkJKMRMTHm/nsGgZawOqqrYH9Tm2PcB9vzQTydd6XLxh2BfeY7BuLP+4RF7DQ4+XM=
3XSNl7s2bptuoazW6AORZgXkJ6MRMTHm/nsGgZawOqqrYH9Tm2PcB9vzQTydd6XLxhuBfeY7BuLP+4RF7DQ4+XM=
7a2QrNAMCFauu3aSBvjQKgcI5cXXZR//rFuVlrGLi12lueSemN00+PwZJk5Oe+hpHMKAeE0Z3e6Pqd+Zz9y80sH+27PbzJMC3pBkQdulWKzl57mc0On5T4Xz14rpBfDT0qQe9wO0b0Pfazou87VkfxwyVZ+mrV5AAvlJ
NUrRFC9ke6+PHcRVd4IXXRoEduJws27G4P8CEITzLT0Uhd4BefMDOk5kbxWxhmBEIXb79SC+WccVLfrS6ZNJ5TI7+XY=
SJqrMJwXVPCv79odtnbjUhoEduJws27G4PsAHoTzLT0Uhd4BefMDOk5kbxWxhmBEIXb79SC+WccVLfrS6ZNJ5TI7+XY=
Op0/wNzoGjblqnZSn9unEGaY23SGvlzbkusFgOa+Tk2ReQ6RwPDpAyMNTw+Qi/26/Gdy8wPJq7upe1mAyayklP8HPR7UMU6ngMIjtiT8hUaJkjD4qRK7GTiKqVu96dreEcfZGXof+Vo=
sZf7NaNjLOw2i93csRavD047Lhj+hsTfxepiChnZkP3lL2X1jSMUvJbY49Kp2Yv27AJwJV4UPmYN60TQIRze0Nj0R+nLzLfxCzkFphhuQK6XX/XuDV3p7w+EcyurK46Gb0Xo56iSAefq/WJoFvld
kW6Wgm8pjENb5G78nS2WB2aY23SGvliAx/ESi/yvY02nbDvQsZOLSy8NBkvsm+arsiVj/hn+uqC8eA3HwInwzssEPR7UMU6ngMIjtiT8hUaJkjD4qRK7GTiKqVu96dreEcfZGXof+Vo=
ZApRDrTZlfJVhD1Vxl4IWl5Cv01iAHuF0ia31j4ss6NK3zlRnU+t0oM7Ck5qha//16D00U1MICU6rTcjS53FaWGIzZa0gsPl1SCAew5hTHB72IBmdfAVELhmXbgbf5RYUZX5k4oI7eXxZ24V+Vw=
kqDoT86AzLv9U0IZWVv/LGaY23SGvlzbkusFgOa+Tk2ReQ6Rw/DpAyMNTwmQi/26/Gdy8wPJq7upe1mGyayklP8HPR7UMU6ngMIjtiT8hUaJkjD4qRK7GTiKqVu96dreEcfZGXof+Vo=
YzOanXE/9TkNKUu04DqGhF5Cv01iAHuF0ia31j4ss6NK3zlRnU+q0oM7Ck5qha//16H00U1MICU6rTcjS53FaWGIzZa0gsPl1SCAew5hTHB72IBmdfAVELhmXbgbf5RYUZX5k4oI7eXxZ24V+Vw=
RiDDkg2sbdVbABx6ICT4j2aY23SGvlzbkusFgOa+Tk2ReQ6RwfDpAyMNTwiQi/26/Gdy8wPJq7upe1mHyayklP8HPR7UMU6ngMIjtiT8hUaJkjD4qRK7GTiKqVu96dreEcfZGXof+Vo=
qWOcXK96S7a9oLCiFzWCNWaY23SGvl6Ax/ESi/yvY02nbDvQsZOISy8NBkvsm+arsiVj/hn+uqC8eA3HwInwz8sEPR7UMU6ngMIjtiT8hUaJkjD4qRK7GTiKqVu96dreEcfZGXof+Vo=
GWQUVDCKYGDThGOiURpz+maY23SGvliAx/ESi/yvY02nbDvQsZONSy8NBkvsm+arsiVj/hn+uqC8eA3HwInwxcsEPR7UMU6ngMIjtiT8hUaJkjD4qRK7GTiKqVu96dreEcfZGXof+Vo=
hQpMfDuWTLU1+PdigVHEGV5Cv01iAHiF0ia31j4ss6NK3zlRnU+q0oM7Ck5qha//16D00U1MICU6rTcjS53FaWGJzZa0gsPl1SCAew5hTHB72IBmdfAVELhmXbgbf5RYUZX5k4oI7eXxZ24V+Vw=
LmnPAi4BNqtgy345xhBwo2aY23SGvl2Ax/ESi/yvY02nbDvQsZOISy8NBkvsm+arsiVj/hn+uqC8eA3HwInwzMsEPR7UMU6ngMIjtiT8hUaJkjD4qRK7GTiKqVu96dreEcfZGXof+Vo=
LUUgDpbsi9fIap9/LWSbeU47Lhj+hsXfxepiChnZkP3lL2X1jSNn9IfJ/tCVq8TtuBNsOhoFNXoa5ljhEBvM976VVvPNzKvpCjkFphhuQK6XX/XuDV3p7w+EcyurK46Gb0Xo56iSAefq/WJoFvld
J4mQj1YdMESnEEbvOGGTXmaY23SGvl+Ax/ESi/yvY02nbDvQsZOKSy8NBkvsm+arsiVj/hn+uqC8eA3HwInwyMsEPR7UMU6ngMIjtiT8hUaJkjD4qRK7GTiKqVu96dreEcfZGXof+Vo=
sDLZtnLYzO5BB4EkoiCcIh+zeuFcYXO7qSFU1IL+N7/lO0xsmzyBLc3zQTydd6XLwBqBfeY7BuLP+4RF7DQ4+XM=
ATUWDkwvj+HpdBUcD6tWeaq8QfK3gQKuwwE0RA1gU2UQg7lcdec9S1iKKd1ei04ihyvcpYTEQPkL
JOYCtZJ9AjMoxYzPvkA/vTsWMbAbr7AOkb/ShCzLxXgYTi1gmydkcPF9qatKcD3NkY/eTfkE
9PNWlNuJWj0x8JR8KifuSgDkJKMRMTHm/nsGgZawOqqrYH9Tm2PcB9vzQTydd6XLxR2BfuY7BuLP+4RF7DQ4+XM=
O23iwaX3T2IGEJz1whr66ADkJ6MRMTHm/nsGgZawOqqrYH9Tm2PcB9vzQTydd6XLzB2BfuY7BuLP+4RF7DQ4+XM=
WQdNGiB6oXGFEiUFvHyeGAcI5cXUZR//rFuWlrGLi12lueSemN00+PwZJk5Oe+hpHMKAeE0Z3e6Pqd+Zz9y80sH+27PbzJMC3pBkQdulWKzl57mc0On5T4Xz14rpBfDT0qQe9wO0b0Pfaz4v87ZkfxwyVZ+mrV5AAvlJ
r1ZjEALrQL/yHrOHi3p8CxoEduJws27G4P8CEITzLT0Uhd4BefMDOk5kbxWxhmBEIXb78SG+WscVLfrS6ZNJ5TI7+XY=
3V38etAVlxms4HAvNA6a2xoEduJws27G4PsAHoTzLT0Uhd4BefMDOk5kbxWxhmBEIXb78SG+WscVLfrS6ZNJ5TI7+XY=
wj2bPvVqzdi9x19oqw9rLGaY23SGvl2Ax/ESi/yvY02nbDvQsZOISy8NBkvsm+arsiVj/hn+uqC8eA3HwInwzMsEPR7UMU6ngMIjtiT8hUaJkjD4qRK7HTmKqlu96dreEcfZGXof+Vo=
bfh3n7tl60iY+J9+KXRi+047Lhj+hsXfxepiChnZkP3lL2X1jSNn9IfJ/tCVq8TtuBNsOhoFNXoa5ljhEBvM976VVvPNzKvpCjkFphhuQK6XX/XuDV3p7w+EcyurK4qHb0bo56iSAefq/WJoFvld
WtiNgRLcjTXP810eOzFKAk47Lhj+hsTfxepiChnZkP3lL2X1jSMUvJbY49Kp2Yv27AJwJV4UPmYN60TQIRze0Nj0R+nLzLfxCzkFphhuQK6XX/XuDV3p7w+EcyurK4qHb0bo56iSAefq/WJoFvld
zMdsuvUo9BldwgB06UcKhmaY23SGvl+Ax/ESi/yvY02nbDvQsZOKSy8NBkvsm+arsiVj/hn+uqC8eA3HwInwyMsEPR7UMU6ngMIjtiT8hUaJkjD4qRK7HTmKqlu96dreEcfZGXof+Vo=
13iQVJxDNYBhYzTjDr3iZmaY23SGvliAx/ESi/yvY02nbDvQsZOLSy8NBkvsm+arsiVj/hn+uqC8eA3HwInwzssEPR7UMU6ngMIjtiT8hUaJkjD4qRK7HTmKqlu96dreEcfZGXof+Vo=
I7EPNQ3vcCyxuWJkTxEpZmaY23SGvliAx/ESi/yvY02nbDvQsZONSy8NBkvsm+arsiVj/hn+uqC8eA3HwInwxcsEPR7UMU6ngMIjtiT8hUaJkjD4qRK7HTmKqlu96dreEcfZGXof+Vo=
yY17pLu6EIrR2/yWORBKjl5Cv01iAHuF0ia31j4ss6NK3zlRnU+q0oM7Ck5qha//16H00U1MICU6rTcjS53FaWGIzZa0gsPl1SCAew5hTHB72IBmdfAVELhmXbgbe5VYUpX5k4oI7eXxZ24V+Vw=
Ndg53mkfmytkavnl/7iidl5Cv01iAHiF0ia31j4ss6NK3zlRnU+q0oM7Ck5qha//16D00U1MICU6rTcjS53FaWGJzZa0gsPl1SCAew5hTHB72IBmdfAVELhmXbgbe5VYUpX5k4oI7eXxZ24V+Vw=
4qEGhE/lnlJVqTwKN1DKV2aY23SGvlzbkusFgOa+Tk2ReQ6RwPDpAyMNTw+Qi/26/Gdy8wPJq7upe1mAyayklP8HPR7UMU6ngMIjtiT8hUaJkjD4qRK7HTmKqlu96dreEcfZGXof+Vo=
uzy2IgAP70WEq4oIm3SUgmaY23SGvl6Ax/ESi/yvY02nbDvQsZOISy8NBkvsm+arsiVj/hn+uqC8eA3HwInwz8sEPR7UMU6ngMIjtiT8hUaJkjD4qRK7HTmKqlu96dreEcfZGXof+Vo=
iL9AsUzrmdRPZURZry6hhF5Cv01iAHuF0ia31j4ss6NK3zlRnU+t0oM7Ck5qha//16D00U1MICU6rTcjS53FaWGIzZa0gsPl1SCAew5hTHB72IBmdfAVELhmXbgbe5VYUpX5k4oI7eXxZ24V+Vw=
44yIv3GPoTPruKu4w5gbvGaY23SGvlzbkusFgOa+Tk2ReQ6RwfDpAyMNTwiQi/26/Gdy8wPJq7upe1mHyayklP8HPR7UMU6ngMIjtiT8hUaJkjD4qRK7HTmKqlu96dreEcfZGXof+Vo=
qZfpruiPKbeVigqv/IRk0WaY23SGvlzbkusFgOa+Tk2ReQ6Rw/DpAyMNTwmQi/26/Gdy8wPJq7upe1mGyayklP8HPR7UMU6ngMIjtiT8hUaJkjD4qRK7HTmKqlu96dreEcfZGXof+Vo=
m7Jtzet84svSlj7LZhYyph+zeuFcYXO7qSFU1IL+N7/lO0xsmzyBLc3zQTydd6XLxBuBfuY7BuLP+4RF7DQ4+XM=
ChMvf6Kd5IlqJvlKap99t6q8QfK3gQKuwwE0RA1gU2UQg7lcdec9S1yLKd5ei04ihyvcpYTEQPkL
zGAnsL72HLjClOv9AxifXDsWMbAbr7AOkb/ShCzLxXgYTi1gmyNlcPJ9qatKcD3NkY/eTfkE
PThg6zxqId3nHrnOsH6oIQDkIqMRMTHm/nsGgZawOqqrYH9Tm2PcB9vzQTydd6XLzBqBfuY7BuLP+4RF7DQ4+XM=
eZ6rAp4jBdO7IjppNOHGZgcI5cXXZR//rFuWlrGLi12lueSemN00+PwZJk5Oe+hpHMKAeE0Z3e6Pqd+Zz9y80sH+27PbzJMC3pBkQdulWKzl57mc0On5T4Xz14rpBfDT0qQe9wO0b0Pfazwq87dkfxwyVZ+mrV5AAvlJ
jvEx26G1CwLVhyeqUfe7NxoEduJws27G4P8CEITzLT0Uhd4BefMDOk5kbxWxhmBEIXb78yS+W8cVLfrS6ZNJ5TI7+XY=
AxLVMAq4ZFA2eIGw4kXsfxoEduJws27G4PsAHoTzLT0Uhd4BefMDOk5kbxWxhmBEIXb78yS+W8cVLfrS6ZNJ5TI7+XY=
wrY6POJYekdxw29JcNfk/9PMwr7RZHzz7tEz7SK99ce1TCBVuglOVAptzsKOqtyucngeL6PXAWrxzkvZEvb+qOYxL2Fz6t6uhuLhB1MCm+1/Y4kchYcNSy4umZ+uq/6i1wvM5RRkEPlb
GBwaEHtW81tjNOuvgJDDudPMwr7RZH2ou8sk5jis2MeDWRUUyGosWQ16mprWyIikaCpLM7L8B3z4/C6eTP/b/L0FLGFz6t6uhuLhB1MCm+1/Y4kchYcNSy4umZ+uq/6i1wvM5RRkEPlb
FAuhD7G0m9ICF8I/dbm20r2z5pxai8JtFnQv2kR/hEMCGeQ8mKIJzGBVHLyI6ZlUCDE+K14HLOmQ2N8XonAsMT71qyGZ5ORMDy8dZsQ5Tr+wqkOO9DRFHvk6kAA5mjuHjGJL4+2hmgbh7/lhahf5Qg==
aNYGnsITkLQIOeU+td/3EGCY23SGvlyAxqpHie+jeVyxOAmchdbNViMrT1PLm7jwozon9xblra2bHTuZ06qkiOcGPR7UMU6ngMIjtiT8hUaJkjD4qRK7HzyKq1u96dreEcfZGXof+Vo=
ZNdQP1NjpQ0x8Wbz5WH0nmCY23SGvl2AxqpHie+jeVyxOAuchdbNViMrT1PLm7nwozon9xblra2bHTuZ06qkiOcGPR7UMU6ngMIjtiT8hUaJkjD4qRK7HzyKq1u96dreEcfZGXof+Vo=
oOjw11S7k4PuiwTIvaXVRdPMwr7RZHzz7tEz7SK99ce1TCBVuglNVAptzsKOqtyucngeL6PXAWrxzkvZEvb+qOUxL2Fz6t6uhuLhB1MCm+1/Y4kchYcNSy4umZ+uq/6i1wvM5RRkEPlb
3RJOKGnCwDO2hNoAzo3ko72z5pxai8JtFnQv2kR/hEMCGeQ8mKIKzGBVHLyI6ZlUCDE+K14HLOmQ2N8XonAsMT71qCGZ5ORMDy8dZsQ5Tr+wqkOO9DRFHvk6kAA5mjuHjGJL4+2hmgbh7/lhahf5Qg==
FhKI9cNkeYJOsNJVfARUdr2z5pxai8JtFnQv2kR/hEMCGeQ8mKIPzGBVHLyI6ZlUCDE+K18HLOmQ2N8XonAsMT71qiGZ5ORMDy8dZsQ5Tr+wqkOO9DRFHvk6kAA5mjuHjGJL4+2hmgbh7/lhahf5Qg==
UfEcWeLQlkoqH2JznRVtS2CY23SGvl2AxqpHie+jeVyxOAychdbNViMrT1PLm7nwojon9xblra2bHTqZ06qkiOcGPR7UMU6ngMIjtiT8hUaJkjD4qRK7HzyKq1u96dreEcfZGXof+Vo=
QMinEniUJCkKw3dOFGOXPNLMwr7RZH3z7tEz7SK99ce1TCBVugk/VBBrzt6Wq9yucngeL6PXAWrxzkvZEvb+qOcxL2Fz6t6uhuLhB1MCm+1/Y4kchYcNSy4umZ+uq/6i1wvM5RRkEPlb
4UCB42mglY2bJG7XvWKsH2CY23SGvlyAxqpHie+jeVyxOAuchdbNViMrT1PLm7jwozon9xblra2bHTiZ06qkiOcGPR7UMU6ngMIjtiT8hUaJkjD4qRK7HzyKq1u96dreEcfZGXof+Vo=
tqr7zxf28jUUaTiBZ4gnlR+zeuFcYXO7qSFU1IL+N7/lO0xsmzyBLc3zQTydd6XLxh6Bf+Y7BuLP+4RF7DQ4+XM=
Pt6KPu1rRBfuyGZTK/Vrdaq8QfK3gQKuwwE0RA1gU2UQg7lcdec9S16OKd9ei04ihyvcpYTEQPkL
f7jU/y4lbwmDqwoY7CYeUTsWMbAbr7AOkb/ShCzLxXgYTi1gmyFgcPN9qatKcD3NkY/eTfkE
iia/+0NqGNzUDrlOJxka6+r3T7+Ywzn6iS85UQZ9UGsRg7lcdec9S1yNKdBei04ihyvcpYTEQPkL
FLo7vbguAgaCt5Ov8pBX2iIA+AlQgayb7b6atUGYv7U7FL6F3SYa2O1qtZP7x4N4SfKwGOkyuzV/aiQ7fcna/tGnWfk6P/l6
niZ3YadV0DVYlEFDZVkG5nWHpeMuNLeGFitpnFruwUitjf/N8541APjWvegbqfLonIXZYwq4DfWxl85F+Qw=
Pkd7iqb2axjZsXJnclANmImPygYPiaMyBEu9eg2npcFqhTSLdVsV7Mmv+QucxNWgstNqAqMT8LWYzET5Dw==
zrg7kVegVL9GE1xb9IUQYW0ej68i4jgnHClNWzKH6tgGAXOBzU+B6NqaKSx9yTf506o9BOgy1RxbXp0MDAFR16oMxbFh8yYx+Xg=
Sbj/5QoWpy1a1AAIjm+F3FQQYYnQnKTDY/ZOK1mPkh0xWuY/Rzr300epeIEum29/x6QLG0OrJHdXKCB3MNL516Jd+jg++XU=
2lkTB4Mce5f5csak82D/XomPygYPiaMyBEu9eg2npcFqhTSLdVsV7Mmv+QuZwtWgstNqAqMT8LWYzET5Dw==
GjEMgXue5hluMGPsw6Q2R2JapxpRjKuG4f3a/QaGtrMnV7WF3SYa2O1qtZP7x4N4SfKwGOkyuz59aiU7fcna/tGnWfk6P/l6
I9lw6Upj1cugzdVXh/jCLgEy0Y0vMxHOGVK2796blPQAaFWO/uUQedRrjXo9h/UBGmVEC+X7RSz5j+kLjqcl4WKz+oITs0B1yCw0+X8=
3cfTIeP6We2p+ux9Dz78Un4EgK1g8mYlESNCFWTcrcYPB2/Cxk+B6NqaKSx9yTf506o9BOgy1RxbWpgMDQFR16oMxbFh8yYx+Xg=
g4ZPJRFMWtxeZnJsgnBe6QDkIqMRMTHm/nsGgZawOqqrYH9Tm2PcB9vzQTydd6XLxhyBceY7BuLP+4RF7DQ4+XM=
iMjN2vY8kICD6YOCw995GbBENX2SCgC92TNqm1Bad1NdkRMJUjLOhVKUmnlAIijjfsWqcjb024FbYgkpWRVJRCped05tH01U9W648AItvf0OAFNXD1AGMT+DQzMRRi/dJh/klCjbVewJL7kLUUOVoXJTKgJjk7C1WEwE+U8=
uzfq1glIjHbQjeXK2Ti6ORoEduJws27G4P8CEITzLT0Uhd4BefMDOk5kbxWxhmBEIXb7+CG+VccVLfrS6ZNJ5TI7+XY=
Vo9CvTadsgzUblLhme6CQxoEduJws27G4PsAHoTzLT0Uhd4BefMDOk5kbxWxhmBEIXb7+CG+VccVLfrS6ZNJ5TI7+XY=
h12sBOWc4g5KKcC1tN0JaNLMwr7RZH3z7tEz7SK99ce1TCBVugk/VBBrzt6Wq9yucngeL6PXAWrxzkvZEvb+qOcxL2Fz6t6uhuLhB1MCm+1/Y4kchYcNSyUrmZGuq/6i1wvM5RRkEPlb
uaU08kxwfAVvx8ALAanuO72z5pxai8JtFnQv2kR/hEMCGeQ8mKIPzGBVHLyI6ZlUCDE+K18HLOmQ2N8XonAsMT71qiGZ5ORMDy8dZsQ5Tr+wqkOO9DRFHvk6kAA5mjuMiWJF4+2hmgbh7/lhahf5Qg==
jgN0QODKuZT9JK3z6nRr0mCY23SGvl2AxqpHie+jeVyxOAychdbNViMrT1PLm7nwojon9xblra2bHTqZ06qkiOcGPR7UMU6ngMIjtiT8hUaJkjD4qRK7FDmKpVu96dreEcfZGXof+Vo=
g6vtuVwHwkVv61sf3XUI19PMwr7RZH2ou8sk5jis2MeDWRUUyGosWQ16mprWyIikaCpLM7L8B3z4/C6eTP/b/L0FLGFz6t6uhuLhB1MCm+1/Y4kchYcNSyUrmZGuq/6i1wvM5RRkEPlb
2rHuNxY+w40Sfd2GZeSUjdPMwr7RZHzz7tEz7SK99ce1TCBVuglNVAptzsKOqtyucngeL6PXAWrxzkvZEvb+qOUxL2Fz6t6uhuLhB1MCm+1/Y4kchYcNSyUrmZGuq/6i1wvM5RRkEPlb
ZqYwRQs1Hd50kXwvt5jusdPMwr7RZHzz7tEz7SK99ce1TCBVuglOVAptzsKOqtyucngeL6PXAWrxzkvZEvb+qOYxL2Fz6t6uhuLhB1MCm+1/Y4kchYcNSyUrmZGuq/6i1wvM5RRkEPlb
IkrpWZhGtENdipJh17ZW4b2z5pxai8JtFnQv2kR/hEMCGeQ8mKIJzGBVHLyI6ZlUCDE+K14HLOmQ2N8XonAsMT71qyGZ5ORMDy8dZsQ5Tr+wqkOO9DRFHvk6kAA5mjuMiWJF4+2hmgbh7/lhahf5Qg==
K+bxzpD/TKuzHI4EWv2HXGCY23SGvlyAxqpHie+jeVyxOAmchdbNViMrT1PLm7jwozon9xblra2bHTuZ06qkiOcGPR7UMU6ngMIjtiT8hUaJkjD4qRK7FTmKpVu96dreEcfZGXof+Vo=
bVDZXPP+mn1QdK7143BSd2CY23SGvl2AxqpHie+jeVyxOAuchdbNViMrT1PLm7nwozon9xblra2bHTuZ06qkiOcGPR7UMU6ngMIjtiT8hUaJkjD4qRK7FTmKpVu96dreEcfZGXof+Vo=
r0N2XkJ78WoI8+NeAh1c4GCY23SGvlyAxqpHie+jeVyxOAuchdbNViMrT1PLm7jwozon9xblra2bHTiZ06qkiOcGPR7UMU6ngMIjtiT8hUaJkjD4qRK7FTmKpVu96dreEcfZGXof+Vo=
iz2mNMgJKmcdgYvqRktUBr2z5pxai8JtFnQv2kR/hEMCGeQ8mKIKzGBVHLyI6ZlUCDE+K14HLOmQ2N8XonAsMT71qCGZ5ORMDy8dZsQ5Tr+wqkOO9DRFHvk6kAA5mjuNiWJF4+2hmgbh7/lhahf5Qg==
bDjWsd1TXmKvm8Ucu7UL+B+zeuFcYXO7qSFU1IL+N7/lO0xsmzyBLc3zQTydd6XLzBuBceY7BuLP+4RF7DQ4+XM=
i2gQxi8tW+FJ03t/qnOjEKq8QfK3gQKuwwE0RA1gU2UQg7lcdec9S1SLKdFei04ihyvcpYTEQPkL
1t4h8jH03H98RZh4ER+0jjsWMbAbr7AOkb/ShCzLxXgYTi1gmytlcP19qatKcD3NkY/eTfkE
Ll9h2CM3oByig59bJDARsADkJKMRMTHm/nsGgZawOqqrYH9Tm2PcB9vzQTydd6XLwByBeOc7BuLP+4RF7DQ4+XM=
as5dj7tqHQeAfRMjuCovxQDkJaMRMTHm/nsGgZawOqqrYH9Tm2PcB9vzQTydd6XLxBuBeOc7BuLP+4RF7DQ4+XM=
IjJolEp0HAo6gHVaY4Uv/QDkJ6MRMTHm/nsGgZawOqqrYH9Tm2PfB9vzQTydd6XLwRqBeOc7BuLP+4RF7DQ4+XM=
oHbdlIfecLUDQm4hsxkaLwDkJaMRMTHm/nsGgZawOqqrYH9Tm2PfB9vzQTydd6XLwh+Beec7BuLP+4RF7DQ4+XM=
3ViXxnI/DAc4WhVJ4wR6zrBENX2RCgC92TNqm1Bad1NdkRMJUjLOhVKUmnlAIijjfsWqcjb024FbYgkpWRVJRCped05tH01U9W648AItvf0OAFNXD1AGMT+DQzMRRi/dJh/klCjbVewJL7kLUUaVqXNTKgJjk7C1WEwE+U8=
5tC5ZTJiU31pWIR1vsY/UhoEduJws27G4P8CEITzLT0Uhd4BefMDOk5kbxWxhmBEIXb7+CS+XcYVLfrS6ZNJ5TI7+XY=
v9WLE0Egz9j8YmsCGWoBvBoEduJws27G4PsAHoTzLT0Uhd4BefMDOk5kbxWxhmBEIXb7+CS+XcYVLfrS6ZNJ5TI7+XY=
+R7nPjpOZXQvPC8jHyyZBNPMwr7RZH2ou8sk5jis2MeDWRUUyGosWQ16mprWyIikaCpLM7L8B3z4/C6eTP/b/L0FLGFz6t6uhuLhB1MCm+1/Y4kchYcNSyUumZmvq/6i1wvM5RRkEPlb
Darn+8XdA1fZoQvegJApZr2z5pxai8JtFnQv2kR/hEMCGeQ8mKIPzGBVHLyI6ZlUCDE+K18HLOmQ2N8XonAsMT71qiGZ5ORMDy8dZsQ5Tr+wqkOO9DRFHvk6kAA5mjuMjGJN4u2hmgbh7/lhahf5Qg==
zWoUB69jdPuwhK0RKqqom9LMwr7RZH3z7tEz7SK99ce1TCBVugk/VBBrzt6Wq9yucngeL6PXAWrxzkvZEvb+qOcxL2Fz6t6uhuLhB1MCm+1/Y4kchYcNSyUumZmvq/6i1wvM5RRkEPlb
e0vdja59W/eSwIEAHgtz+GCY23SGvl2AxqpHie+jeVyxOAuchdbNViMrT1PLm7nwozon9xblra2bHTuZ06qkiOcGPR7UMU6ngMIjtiT8hUaJkjD4qRK7FDyKrVq96dreEcfZGXof+Vo=
RDWR4f/BmFd+NbroxjBhQmCY23SGvlyAxqpHie+jeVyxOAuchdbNViMrT1PLm7jwozon9xblra2bHTiZ06qkiOcGPR7UMU6ngMIjtiT8hUaJkjD4qRK7FDyKrVq96dreEcfZGXof+Vo=
gcyLNmHRQdur4ADlHRyIRWCY23SGvl2AxqpHie+jeVyxOAychdbNViMrT1PLm7nwojon9xblra2bHTqZ06qkiOcGPR7UMU6ngMIjtiT8hUaJkjD4qRK7FDyKrVq96dreEcfZGXof+Vo=
XRG2ZI1uYek0avsMyKsEIb2z5pxai8JtFnQv2kR/hEMCGeQ8mKIKzGBVHLyI6ZlUCDE+K14HLOmQ2N8XonAsMT71qCGZ5ORMDy8dZsQ5Tr+wqkOO9DRFHvk6kAA5mjuMjGJN4u2hmgbh7/lhahf5Qg==
kQSB/HxaYxPIrC0y5QM5CmCY23SGvlyAxqpHie+jeVyxOAmchdbNViMrT1PLm7jwozon9xblra2bHTuZ06qkiOcGPR7UMU6ngMIjtiT8hUaJkjD4qRK7FDyKrVq96dreEcfZGXof+Vo=
4Bf8iickvzu5Zemkhbynb9PMwr7RZHzz7tEz7SK99ce1TCBVuglOVAptzsKOqtyucngeL6PXAWrxzkvZEvb+qOYxL2Fz6t6uhuLhB1MCm+1/Y4kchYcNSyUumZmvq/6i1wvM5RRkEPlb
MOEK+bSiZyl3GS/ZabZW0dPMwr7RZHzz7tEz7SK99ce1TCBVuglNVAptzsKOqtyucngeL6PXAWrxzkvZEvb+qOUxL2Fz6t6uhuLhB1MCm+1/Y4kchYcNSyUumZmvq/6i1wvM5RRkEPlb
zoXgh13wIrgSayA9jhybCb2z5pxai8JtFnQv2kR/hEMCGeQ8mKIJzGBVHLyI6ZlUCDE+K14HLOmQ2N8XonAsMT71qyGZ5ORMDy8dZsQ5Tr+wqkOO9DRFHvk6kAA5mjuMjGJN4u2hmgbh7/lhahf5Qg==
QpNEuzXWaUWn3A0LSxoj7h+zeuFcYXO7qSFU1IL+N7/lO0xsmzyBLc3zQTydd6XLzR6Beec7BuLP+4RF7DQ4+XM=
Ii+K2qQjBCHDdT9Yb6/NkKq8QfK3gQKuwwE0RA1gU2UQg7lcdec9S1WOKdlfi04ihyvcpYTEQPkL
YztfpHcG4yt6O4yoMxhmCTsWMbAbr7AOkb/ShCzLxXgYTi1gmypgcPV8qatKcD3NkY/eTfkE
k9UBPfQPLYwYz8n0AIQGMQDkJKMRMTHm/nsGgZawOqqrYH9Tm2PcB9vzQTydd6XLwByBeec7BuLP+4RF7DQ4+XM=
nbp684gMcJaRorhaexg3WgDkJaMRMTHm/nsGgZawOqqrYH9Tm2PcB9vzQTydd6XLzRyBeec7BuLP+4RF7DQ4+XM=
yLTTwHMqMmbevPJUd0sZ2W+XAWyQ7RVf+3Z0Tm9ugw4RXTTPgVmOj2l3HAHPXafHGkmCitUAKExpntuQmPmsiraC+ezwXtQNQJWzNHGNgt7fkMa3hYQp5pP2qNYh1c05TOcdFKhCdexbJj38xRBxBypcpaGhQ0YB+Ug=
yWF4A2oCM6RJVbz6ncv47hoEduJws27G4P8CEITzLT0Uhd4BefMDOk5kbxWxhmBEIXb7+SG+XcYVLfrS6ZNJ5TI7+XY=
CFzAL0fM9hgS9zEjaZRxShoEduJws27G4PsAHoTzLT0Uhd4BefMDOk5kbxWxhmBEIXb7+SG+XcYVLfrS6ZNJ5TI7+XY=
yg03PXXy00ZlyxvvyQQ/ctPMwr7RZHzz7tEz7SK99ce1TCBVuglNVAptzsKOqtyucngeL6PXAWrxzkvZEvb+qOUxL2Fz6t6uhuLhB1MCm+1/Y4kchYcNSyQrmZmvq/6i1wvM5RRkEPlb
pAOY2mDB1tajwdCXExkiz72z5pxai8JtFnQv2kR/hEMCGeQ8mKIKzGBVHLyI6ZlUCDE+K14HLOmQ2N8XonAsMT71qCGZ5ORMDy8dZsQ5Tr+wqkOO9DRFHvk6kAA5mjuNiWJN4u2hmgbh7/lhahf5Qg==
zEfAafgljA+M1TLxZAtGx9PMwr7RZHzz7tEz7SK99ce1TCBVuglOVAptzsKOqtyucngeL6PXAWrxzkvZEvb+qOYxL2Fz6t6uhuLhB1MCm+1/Y4kchYcNSyQrmZmvq/6i1wvM5RRkEPlb
Z+lHS0zTCFJwXqZmrPwf5L2z5pxai8JtFnQv2kR/hEMCGeQ8mKIPzGBVHLyI6ZlUCDE+K18HLOmQ2N8XonAsMT71qiGZ5ORMDy8dZsQ5Tr+wqkOO9DRFHvk6kAA5mjuNiWJN4u2hmgbh7/lhahf5Qg==
rffKh4OTOtAal16dbz19bmCY23SGvl2AxqpHie+jeVyxOAychdbNViMrT1PLm7nwojon9xblra2bHTqZ06qkiOcGPR7UMU6ngMIjtiT8hUaJkjD4qRK7FTmKrVq96dreEcfZGXof+Vo=
ypn2fZgZIiiwqaRsaA3vSdPMwr7RZH2ou8sk5jis2MeDWRUUyGosWQ16mprWyIikaCpLM7L8B3z4/C6eTP/b/L0FLGFz6t6uhuLhB1MCm+1/Y4kchYcNSyQrmZmvq/6i1wvM5RRkEPlb
uLG2ZhnSZSB8cUoep4BaH9LMwr7RZH3z7tEz7SK99ce1TCBVugk/VBBrzt6Wq9yucngeL6PXAWrxzkvZEvb+qOcxL2Fz6t6uhuLhB1MCm+1/Y4kchYcNSyQrmZmvq/6i1wvM5RRkEPlb
1fZ3uX0HPB0uUJg33Ky1ImCY23SGvl2AxqpHie+jeVyxOAuchdbNViMrT1PLm7nwozon9xblra2bHTuZ06qkiOcGPR7UMU6ngMIjtiT8hUaJkjD4qRK7FTmKrVq96dreEcfZGXof+Vo=
YwZHfUSwUMXrRcoy6Eul42CY23SGvlyAxqpHie+jeVyxOAuchdbNViMrT1PLm7jwozon9xblra2bHTiZ06qkiOcGPR7UMU6ngMIjtiT8hUaJkjD4qRK7FTmKrVq96dreEcfZGXof+Vo=
os/oHeSXftjEqSlM68Vig72z5pxai8JtFnQv2kR/hEMCGeQ8mKIJzGBVHLyI6ZlUCDE+K14HLOmQ2N8XonAsMT71qyGZ5ORMDy8dZsQ5Tr+wqkOO9DRFHvk6kAA5mjuNiWJN4u2hmgbh7/lhahf5Qg==
RaiiWK3aoPDcnBZuFvqd3mCY23SGvlyAxqpHie+jeVyxOAmchdbNViMrT1PLm7jwozon9xblra2bHTuZ06qkiOcGPR7UMU6ngMIjtiT8hUaJkjD4qRK7FTmKrVq96dreEcfZGXof+Vo=
7kXQWkjbbobMjEQcd/QUtR+zeuFcYXO7qSFU1IL+N7/lO0xsmzyBLc3zQTydd6XLzBuBeec7BuLP+4RF7DQ4+XM=
uqT2y5EIEkR54LW1W0k3i6q8QfK3gQKuwwE0RA1gU2UQg7lcdec9S1SLKdlfi04ihyvcpYTEQPkL
J/Pg8d4C8PoQsUF+HRO0qzsWMbAbr7AOkb/ShCzLxXgYTi1gmytlcPV8qatKcD3NkY/eTfkE
UxLbEhIj08bspQSu96VzRs2xuyTr+E0sj8E7MEV/IlfBNmQPbSsuqzskw4nP+wKiN0S/+Q8fW5SfgIoIWxoAZwg4FhRlBhigMP+gIwCCxi/GnIqMoIKIjGGumjkwS/AcPtitLcE+gHxRzntKUIa9fmUVOmqZq6ldQgP5Tg==
tsBHTGkYwTSaZZDk7eNtyjY8NRCkMWPm/Q8e2XMsXo/KPpT+2ubFpBkq0PCZyju26PKNks1xGrYB/7mRykf5cg==
Ad5XNg8tf4PExP5gwSpciChD0+03p3psTXMdW3bA5MFAUV+yxTScicuOXC82mm29jco9BOgy1RxbXpkMAQBR16oMxbFh8yYx+Xg=
ZMPWZBKAGpi7x6LF0EcxLSBf1+07v3N0TmQeQiCO6t8JHzzcpl6MgMuOXS82mm29jco9BOgy1RxbV5sMAQBR16oMxbFh8yYx+Xg=
KrcZAp2seaqyC/znaWGzSyBf1+07v3N0TmQeQiCO6t8JHzzcpl6MgMuOXS82mm29jco9BOgy1RxbXp0MAQBR16oMxbFh8yYx+Xg=
tEy0XQESEEaihhcaLFNEAmNbo1UPmu7GuuTI9AaBua1oCt6U0E4LzJlp/sChg90YSfKwGOkyuzp4aik6fcna/tGnWfk6P/l6
QueT92AWnWPn6c3A33JBofp3LZhZSp+zpUHLyeqCluU65BL5yJKAQ6Y1UrLuJOOhc3IBKVEFYWQSjq+Ole+V9F3eMHCKXdWdVrDrl9eA/tHXk0szGVZHvV5PvNSQa40M4d8xi9L1PQ4rI1JCO8OIlXBcDPlH
eVxQje6Krlxrnq+Y4MoXQhoEduJws27G4P8CEITzLT0Uhd4BefMDOk5kbxWxhmBEIXb78ye+WsYVLfrS6ZNJ5TI7+XY=
49hHWyxO1+RvDoKkx6s+OhoEduJws27G4PsAHoTzLT0Uhd4BefMDOk5kbxWxhmBEIXb78ye+WsYVLfrS6ZNJ5TI7+XY=
gcayUbrrwGd8TVeQsY8cKNJ4EyYSiivTPHl2Ta36SiC+/wXvthtcVVrVoYi0hlxxOX0JU/tU5VAawhie5X2s10AwYz1FVAj/juXEBOtsaILVlH2kaJKV/Fs9W6yCoJH3quwF0eETZhH5WA==
DHvNQ1Qj/wv3fAsxOwQVgt7fEUthsDJ1GzjOiCu93SgjQU1Czghim9scAqNHOQsNWg4mLq/b0em67YKIz2/rtlMbiPkXHkZmLRM1QVsaxq6eksknq9LTrTfTUfwtF3XLlr1xPvfbtmIf2/SFfFQI+UM=
85jsGQoIqgYTGHpFcRhwB0p6IHCJwnuM2w7TkcxbvgKGTBLsus/jzp24wOW0A1AifiURgsbWFKlU2wg/8uUMSyksD3F2qYkunO7EJhvPCXapPY1X03S/Y+9rTEmjdrWfjLLl/9btbmAS+Vk=
mFJBKShT3qyXZJFukTJHbV5Cv01iAHuF0ia31j4ss6NK3zlRnU+t0oM7Ck5qha//16D00U1MICU6rTcjS53FaWGIzZa0gsPl1SCAew5hTHB72IBmdfAVELhmXbgbeZNYUpT5k4oI7eXxZ24V+Vw=
ssn8l/ZrQf20Rd5gkt0pYk47Lhj+hsWEkPB1AQPIvf3TOlC0+i0S+syapJTLy8TtuBNtOhoFNXoa5ljhEBvM976VVPPNzKvpCjkFphhuQK6XX/XuDV3p7w+EcyurK4iBb0bp56iSAefq/WJoFvld
Cx2pEDFxYcyBX1NYRhz28ppQ2CsEzD5L4O54FTeP5J72ARdeUo+my5o+l+D9vkM0L4rfSD8VHLGfQqouckqNV4/az41Lm7VsqW/ZC3qFdS7TEwoCg1MQNTgMJPlv
0ULosPXkwBGk7EhbzGMMKyBm2lWK+Im6v6CJe0U8zZ20xxZ0OvbTX//frxPQPQjZy7bjCX8nTbosjc4TaG5z8vwgpVKBngCcke57a5dmOt4ldTqKWQspPQIj+W4=
cOh+197eMgIuzPrptgKQrtPMwr7RZHzz7tEz7SK99ce1TCBVuglEEQF609yq2ZO1JmgBa7LcHX380nroFeTZzvRNQGFz6t6uhuLhB1MCm+1/Y4kchYcNSy4tmZ6vq/6i1wvM5RRkEPlb
r5ZvQIWrl0uRD3MP3Gms5V5Cv01iAHuF0ia31j4ss6NK3zlRnU+q0oM7Ck5qha//16H00U1MICU6rTcjS53FaWGIzZa0gsPl1SCAew5hTHB72IBmdfAVELhmXbgbeZNYUpT5k4oI7eXxZ24V+Vw=
6TrIssvlJDEHPAxqTRcdp72z5pxai8BtFnQv2kR/hEMCGeQ8mKJ/iXFEAb60m9ZPXCF7YQEBLO+W+MMQhkJ/Y0v7rSLIsb4USU4dZsQ5Tr+wqkOO9DRFHvk6kAA5mjuHj2JK4u2hmgbh7/lhahf5Qg==
629A4bnsw3yIp27V25nt0ZpQ2CsEzD5L4O54FTeP5J72ARdeTcC9n4ohiP/i4k48NJ3pOyAVHLGfQqouckqNV4/az41Lm7VsqW/ZC3qFdS7TEwoCg1MQNTgMJPlv
+O4Cj12BkLC0LRDi5ZGK7087Lhj+hsTfxepiChnZkP3lL2X1jSMX5Z3P/syNqsTtuBNtOhoFNXoa5ljhEBvM976VX/PNzKvpCjkFphhuQK6XX/XuDV3p7w+EcyurK4iBb0bp56iSAefq/WJoFvld
No75heHoLI7XKUS4+hThNb2z5pxai8I2Q2440V5uqUM0DNF976x+zysGRvjWiZlUCDE9K18HLOmQ2N8XonAsMT71qD2Z5ORMDy8dZsQ5Tr+wqkOO9DRFHvk6kAA5mjuHj2JK4u2hmgbh7/lhahf5Qg==
zbw1xQeeZGBBJYh6dRE1JE87Lhj+hsTfxepiChnZkP3lL2X1jSMW5Z3P/syNqsTtuBNsOhoFNXoa5ljhEBvM976VX/PNzKvpCjkFphhuQK6XX/XuDV3p7w+EcyurK4iBb0bp56iSAefq/WJoFvld
ygzQZsQYw9GlxrpoShwxE72z5pxai8I2Q2440V5uqUM0DNF976x9zysGRvjWiZlUCDE9K18HLOmQ2N8XonAsMT71qT2Z5ORMDy8dZsQ5Tr+wqkOO9DRFHvk6kAA5mjuHj2JK4u2hmgbh7/lhahf5Qg==
Cea4/QxAitCY85k42OHQiV5Cv01iAHuF0ia31j4ss6NK3zlRnU+n0oM7Ck5qha//16b00U1MICU6rTcjS53FaWGCzZa0gsPl1SCAew5hTHB72IBmdfAVELhmXbgbeZNYUpT5k4oI7eXxZ24V+Vw=
0cATgtXg1DBGJoj4X8Jew9PMwr7RZH3z7tEz7SK99ce1TCBVuglDRkJhzovI1sy1YzZcPq7NNnvq20iNU//b/L0FLGFz6t6uhuLhB1MCm+1/Y4kchYcNSy4tmZ6vq/6i1wvM5RRkEPlb
lIPl6jteYp+/5BdwgIpQhV5Cv01iAHuF0ia31j4ss6NK3zlRnU+r0oM7Ck5qha//16b00U1MICU6rTcjS53FaWGIzZa0gsPl1SCAew5hTHB72IBmdfAVELhmXbgbeZNYUpT5k4oI7eXxZ24V+Vw=
zBDIXPUjINTl2aJd0n2iHV5Cv01iAHuF0ia31j4ss6NK3zlRnU+o0oM7Ck5qha//16f00U1MICU6rTcjS53FaWGIzZa0gsPl1SCAew5hTHB72IBmdfAVELhmXbgbeZNYUpT5k4oI7eXxZ24V+Vw=
LjW5riBk2FrD4MJ3/BZbPL2z5pxai8I2Q2440V5uqUM0DNF96btl1TwJXufWiosbE2UvNkBDPeKMz9ILk0ErIxmTuTqZ5ORMDy8dZsQ5Tr+wqkOO9DRFHvk6kAA5mjuHj2JK4u2hmgbh7/lhahf5Qg==
N0iYAzqa+ElBj7/QUyeJdk47Lhj+hsWEkPB1AQPIvf3TOlC0+i0R+syapJTLy8TtuBNtOhoFNXoa5ljhEBvM976VXvPNzKvpCjkFphhuQK6XX/XuDV3p7w+EcyurK4iBb0bp56iSAefq/WJoFvld
Mgnf4/XTr2XkCQ4fmGGGxL2z5pxai8I2Q2440V5uqUM0DNF967Rl1TwJXufWiosbE2UvNkBDPeKMz9ILk0ErIxmTuTmZ5ORMDy8dZsQ5Tr+wqkOO9DRFHvk6kAA5mjuHj2JK4u2hmgbh7/lhahf5Qg==
l8az+zFQZ6TL+cbGSD+rhx+zeuFcYXO7qSFU1IL+N7/lO0xsmzyBLc3zQTydd6XLxh2Bfuc7BuLP+4RF7DQ4+XM=
Nxs+felpmrRXFUivaV7ztaq8QfK3gQKuwwE0RA1gU2UQg7lcdec9S16NKd5fi04ihyvcpYTEQPkL
AVsGoL2ncK8qz8F1B1Za7jsWMbAbr7AOkb/ShCzLxXgYTi1gmyFjcPJ8qatKcD3NkY/eTfkE
j4Ot6k+2Q8rMnLwp7lY0/G+XAWyQ7RVf+3Z0Tm9ugw4RXTTPgVmOj2l3HAHPXafHGkmCitUAKExpntuQmPmsiraC+ezwXtQNQJWzNHGNgt7fkMa3hYQp5pP2qNYh1c05TOcdFKhCdexbJjv8whBxBypcpaGhQ0YB+Ug=
RNbIRGc16SeahHn6xGRm8xoEduJws27G4P8CEITzLT0Uhd4BefMDOk5kbxWxhmBEIXb7+Ce+WsYVLfrS6ZNJ5TI7+XY=
iNKIItIqJRBGbE42TSj9zxoEduJws27G4PsAHoTzLT0Uhd4BefMDOk5kbxWxhmBEIXb7+Ce+WsYVLfrS6ZNJ5TI7+XY=
Tiqaz0RV2Pjfx8DnHvsaql5Cv01iAHuF0ia31j4ss6NK3zlRnU+r0oM7Ck5qha//16b00U1MICU6rTcjS53FaWGIzZa0gsPl1SCAew5hTHB72IBmdfAVELhmXbgbcpNYUpT5k4oI7eXxZ24V+Vw=
rC0OF1i7oCihwxKn9xBmseLzo8be2KqMGzDejtfN4kXFxy09PkcovJ/Q+gcrcV8aaKfd3tS7gsdbhet/YccJ1XFARDCXm43qTL3OIwg+syJcUCWiIc5ATHHee1B3tnqOhYW6+vnb6W1iE/le
9mWmiJ5sGhVJ6FPsb2H1yZpQ2CsEzD5L4O54FTeP5J72ARdeTcC9n4ohiP/i4k48NJ3pOyAVHLGfQqouckqNV4/az41Lm7VsqW/ZC3GFdS7TEwoCg1MQNTgMJPlv
UiWngI5TPJ1+DUez0lPYXZpQ2CsEzD5L4O54FTeP5J72ARdeUo+my5o+l+D9vkM0L4rfSD8VHLGfQqouckqNV4/az41Lm7VsqW/ZC3GFdS7TEwoCg1MQNTgMJPlv
cNnFgvMrDx1iXVjYfMez7iBm2lWK+Im6v6CJe0U8zZ20xxZ0OvbTX//frxPQPQjZy7bjCX8nTbosjc4TaG5z8vwgpVKBngCcke57YJdmOt4ldTqKWQspPQIj+W4=
LoD4Odk6yZtyGH+UJ87kX9PMwr7RZH3z7tEz7SK99ce1TCBVuglDRkJhzovI1sy1YzZcPq7NNnvq20iNU//b/L0FLGFz6t6uhuLhB1MCm+1/Y4kchYcNSyUtmZ6vq/6i1wvM5RRkEPlb
Q5bJ05odqyoIBRkLswZa/maY23SGvl6Ax/ESi/yvY02nbDvQsZONSy8NBkvsm+arsiVj/hn+uqC8eA3HwInwycsEPR7UMU6ngMIjtiT8hUaJkjD4qRK7FD+Kqlq96dreEcfZGXof+Vo=
3HCtLabndER2dgGsyrzNMl5Cv01iAHuF0ia31j4ss6NK3zlRnU+q0oM7Ck5qha//16H00U1MICU6rTcjS53FaWGIzZa0gsPl1SCAew5hTHB72IBmdfAVELhmXbgbcpNYUpT5k4oI7eXxZ24V+Vw=
sJLiF5WXZwV0zVNBu1znx15Cv01iAHuF0ia31j4ss6NK3zlRnU+o0oM7Ck5qha//16f00U1MICU6rTcjS53FaWGIzZa0gsPl1SCAew5hTHB72IBmdfAVELhmXbgbcpNYUpT5k4oI7eXxZ24V+Vw=
QbYKWqvITflCIhDMleduZr2z5pxai8I2Q2440V5uqUM0DNF96sEbmGJfK7CX1PobE2UvNkBDPeKMz9ILk0ErIxmTuTqZ5ORMDy8dZsQ5Tr+wqkOO9DRFHvk6kAA5mjuMj2JK4u2hmgbh7/lhahf5Qg==
o+6520cV95R143Hq2nWpZl5Cv01iAHuF0ia31j4ss6NK3zlRnU+t0oM7Ck5qha//16D00U1MICU6rTcjS53FaWGIzZa0gsPl1SCAew5hTHB72IBmdfAVELhmXbgbcpNYUpT5k4oI7eXxZ24V+Vw=
afjNI3V9GcngMul+o9tQfGaY23SGvlzbkusFgOa+Tk2ReQ6RxPDpAyMNTw6Qi/26/Gdy8wPJq7upe1mHyayklP8HPR7UMU6ngMIjtiT8hUaJkjD4qRK7FD+Kqlq96dreEcfZGXof+Vo=
BnRb+qsoqOpEY4To+4vSTR+zeuFcYXO7qSFU1IL+N7/lO0xsmzyBLc3zQTydd6XLzR2Bfuc7BuLP+4RF7DQ4+XM=
aNXGE+kSufmwT/Hm3SmpWgDkIKMRMTHm/nsGgZawOqqrYH9Tm2PbB9vzQTydd6XLxRqBfuc7BuLP+4RF7DQ4+XM=
dkK0BRcRCNsi9YDdVEUGG3sXdPgIueQIkIKbymO7xXgYTi1gmydicPN8qatKcD3NkY/eTfkE
y72WNlcdR7XutX1y/UuvuUcKbouSjPfBbvxBZUOK2hl+EdQyNmio5h+0T9VhywJ/x6QLG0OrIndXJyF3MNL516Jd+jg++XU=
DRu7KMzoYtE8kfL/tMVZDli09WDQZZNZyGy7KHKj8yE98RQVCEmE+NBS+1rjK2WoWH4NUJsXRUAzLAk7yuDdnVH/Pj35dA==
klr+8oaj60hLBAZXIywDC0cKbouSjPrBbvxBZUOK2hl+EdQyNmio5h+0T9VhywJ/x6QLG0OrJHdXJyF3MNL516Jd+jg++XU=
KVKLurnXIafYtPck2hqq00hYLoQg/Gba7qYDApXjbjlY08gLQKYYGAcsM3mxhmBEIXb78yS+VMYVLfrS6ZNJ5TI7+XY=
z+CUMjsrMgx96Q+6NwMQTWgwNg62emPm/Q8ezSAvSI/IKoiMn7CT3Rkq0PCZyjuz7PKEks1xGrYB/7mRykf5cg==
ci080vH+4+kOZwGX3qLgBeI0MD0SLykOMJwHSYitxFkOdvQoaqLF/HXhMxtQi71MUT9hiwRUTUDbAyLC6+OYVeA8PPl3
VoZtwNUwiCAsn+vaATXKohsGMpgdWZLJJjH8Ag5okNY3lJeFqYvKDz/E44vbK7vn/4iZx3gSsQf6vZLIRvkN
x58FjN774Y8uKFi4wDGMgeVBxHYs2xtzTm4Ig3McXDOCigyRuVNySXqeLYXxF5phZi/Dxc3Kw43L7Jjq3Q4nWw8cpzqC0Dgmo/oAFElCT25bXDvbAzpSRjp8g7xdFb5f12SbuxOr9hLH6TYXYFJJt5KdSlgO+UU=
P/0wRid4zj7PuIt/+fwGZjY8NRCkMWPm/Q8e2XMsXo/KPpT+2ubFpBkq0PCZyjux7PKFlc1xGrYB/7mRykf5cg==
Gh9e4yuf3HLn2dMlOdXWum+XAWyQ7RVf+3Z0Tm9ugw4RXTTPgVmOj2l3HAHPXafHGkmCitUAKExpntuQmPmsiraC+ezwXtQNQJWzNHGNgt7fkMa3hYQp5pP2qNYh1c05TOcdFKhCdexbLzv8zRdxBypcpaGhQ0YB+Ug=
W42P7s59iEAiJCSIjvwT+hoEduJws27G4P8CEITzLT0Uhd4BefMDOk5kbxWxhmBEIXb78Se+VcEVLfrS6ZNJ5TI7+XY=
K3arOZUb3i/5qgppmDzLFxoEduJws27G4PsAHoTzLT0Uhd4BefMDOk5kbxWxhmBEIXb78Se+VcEVLfrS6ZNJ5TI7+XY=
Tdvug5//j1oeOaFO76+91b2z5pxai8I2Q2440V5uqUM0DNF96sEbmGJfK7CX1PobE2UvNkBDPeKMz9ILk0ErIxmTuTqZ5ORMDy8dZsQ5Tr+wqkOO9DRFHvk6kAA5mjuFj2JF5e2hmgbh7/lhahf5Qg==
TyBJLorpxgyMqdV9NCRardPMwr7RZHzz7tEz7SK99ce1TCBVuglEEQF609yq2ZO1JmgBa7LcHX380nroFeTZzvRNQGFz6t6uhuLhB1MCm+1/Y4kchYcNSywtmZGoq/6i1wvM5RRkEPlb
Zyd672WgCg34/IXDeuYgCE87Lhj+hsTfxepiChnZkP3lL2X1jSMX5Z3P/syNqsTtuBNtOhoFNXoa5ljhEBvM976VX/PNzKvpCjkFphhuQK6XX/XuDV3p7w+EcyurK4qBb0nu56iSAefq/WJoFvld
DziNAJOKZ2YosA/dzYVbJk87Lhj+hsTfxepiChnZkP3lL2X1jSMW5Z3P/syNqsTtuBNsOhoFNXoa5ljhEBvM976VX/PNzKvpCjkFphhuQK6XX/XuDV3p7w+EcyurK4qBb0nu56iSAefq/WJoFvld
0rwUoCAbYx83pPKnVb7OZl5Cv01iAHuF0ia31j4ss6NK3zlRnU+n0oM7Ck5qha//16b00U1MICU6rTcjS53FaWGCzZa0gsPl1SCAew5hTHB72IBmdfAVELhmXbgbe5NYXZP5k4oI7eXxZ24V+Vw=
W4381WEjnOSL9N+FT109FdPMwr7RZH3z7tEz7SK99ce1TCBVuglDRkJhzovI1sy1YzZcPq7NNnvq20iNU//b/L0FLGFz6t6uhuLhB1MCm+1/Y4kchYcNSywtmZGoq/6i1wvM5RRkEPlb
c/qAK0blJjMmlq5ovX9M215Cv01iAHuF0ia31j4ss6NK3zlRnU+t0oM7Ck5qha//16D00U1MICU6rTcjS53FaWGIzZa0gsPl1SCAew5hTHB72IBmdfAVELhmXbgbe5NYXZP5k4oI7eXxZ24V+Vw=
R2OUfkg19wxrLATWDfGqxl5Cv01iAHuF0ia31j4ss6NK3zlRnU+q0oM7Ck5qha//16H00U1MICU6rTcjS53FaWGIzZa0gsPl1SCAew5hTHB72IBmdfAVELhmXbgbe5NYXZP5k4oI7eXxZ24V+Vw=
GQnNcnYvgqDMd5Xrl746Xl5Cv01iAHuF0ia31j4ss6NK3zlRnU+r0oM7Ck5qha//16b00U1MICU6rTcjS53FaWGIzZa0gsPl1SCAew5hTHB72IBmdfAVELhmXbgbe5NYXZP5k4oI7eXxZ24V+Vw=
0dRAumMqrcwhUlnDT3xIIV5Cv01iAHuF0ia31j4ss6NK3zlRnU+o0oM7Ck5qha//16f00U1MICU6rTcjS53FaWGIzZa0gsPl1SCAew5hTHB72IBmdfAVELhmXbgbe5NYXZP5k4oI7eXxZ24V+Vw=
JU/1iMgBLfPvMTufW7vX8Ep6IHCJwnuM2w7TkcxbvgKGTBLsus/jzp24wOW0A1AifiURgsbWFKlU2wg/8uUMSyksD3F2qYkunO7EJhvPCXapPY1X03S/Y+9rTkmjebKfjLLl/9btbmAS+Vk=
4ElAVUuYOUUvm0dwwnTlhGaY23SGvlzbkusFgOa+Tk2ReQ6Rz/DpAyMNTw6Qi/26/Gdy8wPJq7upe1mNyayklP8HPR7UMU6ngMIjtiT8hUaJkjD4qRK7HT+KpV296dreEcfZGXof+Vo=
K76t3nv82JvAYl3iuYEol2aY23SGvl6Ax/ESi/yvY02nbDvQsZONSy8NBkvsm+arsiVj/hn+uqC8eA3HwInwycsEPR7UMU6ngMIjtiT8hUaJkjD4qRK7HT+KpV296dreEcfZGXof+Vo=
9atjo7iC94ZOnvCoEP6+7dPMwr7RZH2ou8sk5jis2MeDWRUUy2osWQ16mpnWyYikaCpLM7L8B3z4/C6dUP/b/L0FLGFz6t6uhuLhB1MCm+1/Y4kchYcNSywtmZGoq/6i1wvM5RRkEPlb
FLcobGLX1RUQtOLqwoUqLuLzo8be2KqMGzDejtfN4kXFxy09PkcovJ/Q+gcrcV8aaKfd3tS7gsdbhet/YccJ1XFARDCXm43qTL3OIwg+syJcUCWiIc5ATHHee1l3tnWJhYW6+vnb6W1iE/le
wju/aX0Dbj0vCRlYG+0JViBm2lWK+Im6v6CJe0U8zZ20xxZ0OvbTX//frxPQPQjZy7bjCX8nTbosjc4TaG5z8vwgpVKBngCcke57aZdmNdkldTqKWQspPQIj+W4=
HCWb0ErC/opSA4s2maucu5pQ2CsEzD5L4O54FTeP5J72ARdeTcC9n4ohiP/i4k48NJ3pOyAVHLGfQqouckqNV4/az41Lm7VsqW/ZC3iFdSHUEwoCg1MQNTgMJPlv
fjaZ9ppP8ZvKEJcqrreg+5pQ2CsEzD5L4O54FTeP5J72ARdeUo+my5o+l+D9vkM0L4rfSD8VHLGfQqouckqNV4/az41Lm7VsqW/ZC3iFdSHUEwoCg1MQNTgMJPlv
wna1FOeQ/zGxTth67EA9OmaY23SGvl6Ax/ESi/yvY02nbDvQsZOOSy8NBkvsm+arsiVj/hn+uqC8eA3HwInwyMsEPR7UMU6ngMIjtiT8hUaJkjD4qRK7HT+KpV296dreEcfZGXof+Vo=
ftm2oY5xqdnxrH7BQRb+AtPMwr7RZH2ou8sk5jis2MeDWRUUymosWQ16mpnWyYikaCpLM7L8B3z4/C6cUP/b/L0FLGFz6t6uhuLhB1MCm+1/Y4kchYcNSywtmZGoq/6i1wvM5RRkEPlb
rgytslm3hfoh5hZwFDSzVdJ4EyYSiivTPHl2Ta36SiC+/wXvthtcVVrVoYi0hlxxOX0JU/tU5VAawhie5X2s10AwYz1FVAj/juXEBOtsaILVlH2kaJKV/Fs/W6yNp5H3quwF0eETZhH5WA==
PmvmXGwLxUvHPp8EHyua+maY23SGvlzbkusFgOa+Tk2ReQ6RxPDpAyMNTw6Qi/26/Gdy8wPJq7upe1mHyayklP8HPR7UMU6ngMIjtiT8hUaJkjD4qRK7HT+KpV296dreEcfZGXof+Vo=
9L39AQ+cnwnLecPFla0Qxx+zeuFcYXO7qSFU1IL+N7/lO0xsmzyBLc3zQTydd6XLxB2BceA7BuLP+4RF7DQ4+XM=
cYCHW2n+N7BvgZqCEy3nl/p3LZhZSp+zpUHLyeqCluU65BL5yJKAQ6Y1UrLuJOOhc3IBKVEFYWQSjq+Ole+V9F3eMHCKXdWdVrDrl9eA/tHXk0szGVZHvV5PvNSQa40M4d8xi9T1PQEsI1JCO8OIlXBcDPlH
v2O/85JyY7l7o1Iry41FgBoEduJws27G4P8CEITzLT0Uhd4BefMDOk5kbxWxhmBEIXb79Se+VcEVLfrS6ZNJ5TI7+XY=
O8CsICMVo4aPt2U/vf0RExoEduJws27G4PsAHoTzLT0Uhd4BefMDOk5kbxWxhmBEIXb79Se+VcEVLfrS6ZNJ5TI7+XY=
yb4QSNMruF66NwDuAeisUJpQ2CsEzD5L4O54FTeP5J72ARdeUo+my5o+l+D9vkM0L4rfSD8VHLGfQqouckqNV4/az41Lm7VsqW/ZC3yFdSHUEwoCg1MQNTgMJPlv
ppQlAGTOxSRSDhjwQC6QOSBm2lWK+Im6v6CJe0U8zZ20xxZ0OvbTX//frxPQPQjZy7bjCX8nTbosjc4TaG5z8vwgpVKBngCcke57bZdmNdkldTqKWQspPQIj+W4=
y/Bw8bpkI/dY3jmBDVa2FdPMwr7RZHzz7tEz7SK99ce1TCBVuglEEQF609yq2ZO1JmgBa7LcHX380nroFeTZzvRNQGFz6t6uhuLhB1MCm+1/Y4kchYcNSygtmZGoq/6i1wvM5RRkEPlb
C+m5u1hAwjSfp+thudxHW15Cv01iAHuF0ia31j4ss6NK3zlRnU+q0oM7Ck5qha//16H00U1MICU6rTcjS53FaWGIzZa0gsPl1SCAew5hTHB72IBmdfAVELhmXbgbf5NYXZP5k4oI7eXxZ24V+Vw=
SNLc4a1TNJ2FsNADez1bGGaY23SGvl6Ax/ESi/yvY02nbDvQsZONSy8NBkvsm+arsiVj/hn+uqC8eA3HwInwycsEPR7UMU6ngMIjtiT8hUaJkjD4qRK7GT+KpV296dreEcfZGXof+Vo=
Vz0khfCNx6IdVcMhbYgKcF5Cv01iAHuF0ia31j4ss6NK3zlRnU+o0oM7Ck5qha//16f00U1MICU6rTcjS53FaWGIzZa0gsPl1SCAew5hTHB72IBmdfAVELhmXbgbf5NYXZP5k4oI7eXxZ24V+Vw=
sVIWDLNMKhy/rn2wirLEfr2z5pxai8I2Q2440V5uqUM0DNF96sEbmGJfK7CX1PobE2UvNkBDPeKMz9ILk0ErIxmTuTqZ5ORMDy8dZsQ5Tr+wqkOO9DRFHvk6kAA5mjuBj2JF5e2hmgbh7/lhahf5Qg==
eGud+W8e2PzWte81BGMxOdPMwr7RZH3z7tEz7SK99ce1TCBVuglDRkJhzovI1sy1YzZcPq7NNnvq20iNU//b/L0FLGFz6t6uhuLhB1MCm+1/Y4kchYcNSygtmZGoq/6i1wvM5RRkEPlb
XPzE+0dRhDe8OW2FqFH6wZpQ2CsEzD5L4O54FTeP5J72ARdeTcC9n4ohiP/i4k48NJ3pOyAVHLGfQqouckqNV4/az41Lm7VsqW/ZC3yFdSHUEwoCg1MQNTgMJPlv
eHD7/Ph1m4uU5EaToLsS/k87Lhj+hsTfxepiChnZkP3lL2X1jSMX5Z3P/syNqsTtuBNtOhoFNXoa5ljhEBvM976VX/PNzKvpCjkFphhuQK6XX/XuDV3p7w+EcyurK46Bb0nu56iSAefq/WJoFvld
7B4znSOEndp31PkgHHkZ6k87Lhj+hsTfxepiChnZkP3lL2X1jSMW5Z3P/syNqsTtuBNsOhoFNXoa5ljhEBvM976VX/PNzKvpCjkFphhuQK6XX/XuDV3p7w+EcyurK46Bb0nu56iSAefq/WJoFvld
LRdkLkSqJLxcYl3cBTv1DV5Cv01iAHuF0ia31j4ss6NK3zlRnU+n0oM7Ck5qha//16b00U1MICU6rTcjS53FaWGCzZa0gsPl1SCAew5hTHB72IBmdfAVELhmXbgbf5NYXZP5k4oI7eXxZ24V+Vw=
Jql31TFK7QRyAwNT8DZoQGaY23SGvlzbkusFgOa+Tk2ReQ6Rz/DpAyMNTw6Qi/26/Gdy8wPJq7upe1mNyayklP8HPR7UMU6ngMIjtiT8hUaJkjD4qRK7GT+KpV296dreEcfZGXof+Vo=
MEeOr7yHDV22Aw+wV1NmqUp6IHCJwnuM2w7TkcxbvgKGTBLsus/jzp24wOW0A1AifiURgsbWFKlU2wg/8uUMSyksD3F2qYkunO7EJhvPCXapPY1X03S/Y+9rSkmjebKfjLLl/9btbmAS+Vk=
DP7tVmgJCPPzYcwf/9IyfF5Cv01iAHuF0ia31j4ss6NK3zlRnU+t0oM7Ck5qha//16D00U1MICU6rTcjS53FaWGIzZa0gsPl1SCAew5hTHB72IBmdfAVELhmXbgbf5NYXZP5k4oI7eXxZ24V+Vw=
TMg4HsHJxjk5v49R4G6yEl5Cv01iAHuF0ia31j4ss6NK3zlRnU+r0oM7Ck5qha//16b00U1MICU6rTcjS53FaWGIzZa0gsPl1SCAew5hTHB72IBmdfAVELhmXbgbf5NYXZP5k4oI7eXxZ24V+Vw=
Y4bstJgTi6ptSfhXOnV6U2aY23SGvlzbkusFgOa+Tk2ReQ6RxPDpAyMNTw6Qi/26/Gdy8wPJq7upe1mHyayklP8HPR7UMU6ngMIjtiT8hUaJkjD4qRK7GT+KpV296dreEcfZGXof+Vo=
aAVgJ2yzFApQyo3T8gPWKdPMwr7RZH2ou8sk5jis2MeDWRUUy2osWQ16mpnWyYikaCpLM7L8B3z4/C6dUP/b/L0FLGFz6t6uhuLhB1MCm+1/Y4kchYcNSygtmZGoq/6i1wvM5RRkEPlb
HqWDpejYXQ0omvYabj3XauLzo8be2KqMGzDejtfN4kXFxy09PkcovJ/Q+gcrcV8aaKfd3tS7gsdbhet/YccJ1XFARDCXm43qTL3OIwg+syJcUCWiIc5ATHHee113tnWJhYW6+vnb6W1iE/le
tpYKrIm0SRlYjPSAYYV5odJ4EyYSiivTPHl2Ta36SiC+/wXvthtcVVrVoYi0hlxxOX0JU/tU5VAawhie5X2s10AwYz1FVAj/juXEBOtsaILVlH2kaJKV/Fs7W6yNp5H3quwF0eETZhH5WA==
Xabnz1Rhw7vFylGkOoysBNPMwr7RZH2ou8sk5jis2MeDWRUUymosWQ16mpnWyYikaCpLM7L8B3z4/C6cUP/b/L0FLGFz6t6uhuLhB1MCm+1/Y4kchYcNSygtmZGoq/6i1wvM5RRkEPlb
/Kgw1zK5SdeWCwDNUK/4DmaY23SGvl6Ax/ESi/yvY02nbDvQsZOOSy8NBkvsm+arsiVj/hn+uqC8eA3HwInwyMsEPR7UMU6ngMIjtiT8hUaJkjD4qRK7Gj+KpV296dreEcfZGXof+Vo=
KjU+qxqDCJzE6wzU4Avxgx+zeuFcYXO7qSFU1IL+N7/lO0xsmzyBLc3zQTydd6XLwx2BceA7BuLP+4RF7DQ4+XM=
iaXVrccGlZkGvchLL8gPYOVBxHYs2xtzTm4Ig3McXDOCigyRuVNySXqeLYXxF5phZi/Dxc3Kw43L7Jjq3Q4nWw8cpzqC0Dgmo/oAFElCT25bXDvbAzpSRjp8g7xdFb5f12SbuxOr+xHH6TYXYFJJt5KdSlgO+UU=
xC/Y/sY+NdemaBmEuNlX2DY8NRCkMWPm/Q8e2XMsXo/KPpT+2ubFpBkq0PCZyju87/KFlc1xGrYB/7mRykf5cg==
EnhAFp/oZsiVWNpceird3W+XAWyQ7RVf+3Z0Tm9ugw4RXTTPgVmOj2l3HAHPXafHGkmCitUAKExpntuQmPmsiraC+ezwXtQNQJWzNHGNgt7fkMa3hYQp5pP2qNYh1c05TOcdFKhCdexbJzv8zRdxBypcpaGhQ0YB+Ug=
7AuT0h5xqzqSridexcC8mBoEduJws27G4P8CEITzLT0Uhd4BefMDOk5kbxWxhmBEIXb7+Se+VcEVLfrS6ZNJ5TI7+XY=
+HPhzXecudD29kQ410YX8BoEduJws27G4PsAHoTzLT0Uhd4BefMDOk5kbxWxhmBEIXb7+Se+VcEVLfrS6ZNJ5TI7+XY=
1uU9xouh5ZLWYRXZJSt4/CBm2lWK+Im6v6CJe0U8zZ20xxZ0OvbTX//frxPQPQjZy7bjCX8nTbosjc4TaG5z8vwgpVKBngCcke57YZdmNdkldTqKWQspPQIj+W4=
G02q1wC4gM9JybOwSgKi4tPMwr7RZH3z7tEz7SK99ce1TCBVuglDRkJhzovI1sy1YzZcPq7NNnvq20iNU//b/L0FLGFz6t6uhuLhB1MCm+1/Y4kchYcNSyQtmZGoq/6i1wvM5RRkEPlb
4b88YaqGOvZsVJlBl6C6qppQ2CsEzD5L4O54FTeP5J72ARdeTcC9n4ohiP/i4k48NJ3pOyAVHLGfQqouckqNV4/az41Lm7VsqW/ZC3CFdSHUEwoCg1MQNTgMJPlv
2dOSzAI+6kbJboMWoClvA2aY23SGvlzbkusFgOa+Tk2ReQ6Rz/DpAyMNTw6Qi/26/Gdy8wPJq7upe1mNyayklP8HPR7UMU6ngMIjtiT8hUaJkjD4qRK7FT+KpV296dreEcfZGXof+Vo=
wbIZr9Vgpg6ZZd/pbtjqrV5Cv01iAHuF0ia31j4ss6NK3zlRnU+t0oM7Ck5qha//16D00U1MICU6rTcjS53FaWGIzZa0gsPl1SCAew5hTHB72IBmdfAVELhmXbgbc5NYXZP5k4oI7eXxZ24V+Vw=
Ri9/YNu5uySj4lfTPX5u1l5Cv01iAHuF0ia31j4ss6NK3zlRnU+q0oM7Ck5qha//16H00U1MICU6rTcjS53FaWGIzZa0gsPl1SCAew5hTHB72IBmdfAVELhmXbgbc5NYXZP5k4oI7eXxZ24V+Vw=
EspibdwHa2W1ODJuH5yGsV5Cv01iAHuF0ia31j4ss6NK3zlRnU+r0oM7Ck5qha//16b00U1MICU6rTcjS53FaWGIzZa0gsPl1SCAew5hTHB72IBmdfAVELhmXbgbc5NYXZP5k4oI7eXxZ24V+Vw=
CCDdj99POTw4Som/O7y+Xl5Cv01iAHuF0ia31j4ss6NK3zlRnU+o0oM7Ck5qha//16f00U1MICU6rTcjS53FaWGIzZa0gsPl1SCAew5hTHB72IBmdfAVELhmXbgbc5NYXZP5k4oI7eXxZ24V+Vw=
ym6mcul/N3wfVW6IfP1jL5pQ2CsEzD5L4O54FTeP5J72ARdeUo+my5o+l+D9vkM0L4rfSD8VHLGfQqouckqNV4/az41Lm7VsqW/ZC3CFdSHUEwoCg1MQNTgMJPlv
Wf3tPDBX3j7WsMooZDCbYtPMwr7RZHzz7tEz7SK99ce1TCBVuglEEQF609yq2ZO1JmgBa7LcHX380nroFeTZzvRNQGFz6t6uhuLhB1MCm+1/Y4kchYcNSyQtmZGoq/6i1wvM5RRkEPlb
E+PCAlVb4gZ200khV2LaWr2z5pxai8I2Q2440V5uqUM0DNF96sEbmGJfK7CX1PobE2UvNkBDPeKMz9ILk0ErIxmTuTqZ5ORMDy8dZsQ5Tr+wqkOO9DRFHvk6kAA5mjuNj2JF5e2hmgbh7/lhahf5Qg==
qnphHWpzzoYP+4w+OQDf715Cv01iAHuF0ia31j4ss6NK3zlRnU+n0oM7Ck5qha//16b00U1MICU6rTcjS53FaWGCzZa0gsPl1SCAew5hTHB72IBmdfAVELhmXbgbc5NYXZP5k4oI7eXxZ24V+Vw=
i1QAapFw6sgfYisRHv3lHmaY23SGvl6Ax/ESi/yvY02nbDvQsZOOSy8NBkvsm+arsiVj/hn+uqC8eA3HwInwyMsEPR7UMU6ngMIjtiT8hUaJkjD4qRK7FT+KpV296dreEcfZGXof+Vo=
QQz2aeGyyGUDWx/z1Tcq1tPMwr7RZH2ou8sk5jis2MeDWRUUy2osWQ16mpnWyYikaCpLM7L8B3z4/C6dUP/b/L0FLGFz6t6uhuLhB1MCm+1/Y4kchYcNSyQtmZGoq/6i1wvM5RRkEPlb
6GZayUxRK6g5mpDE78UgPmaY23SGvl6Ax/ESi/yvY02nbDvQsZONSy8NBkvsm+arsiVj/hn+uqC8eA3HwInwycsEPR7UMU6ngMIjtiT8hUaJkjD4qRK7FT+KpV296dreEcfZGXof+Vo=
ksh42/wC+HX6ktDEhg4BfmaY23SGvlzbkusFgOa+Tk2ReQ6RxPDpAyMNTw6Qi/26/Gdy8wPJq7upe1mHyayklP8HPR7UMU6ngMIjtiT8hUaJkjD4qRK7FT+KpV296dreEcfZGXof+Vo=
KpxJbT7SKEjGlT7w4lPDykp6IHCJwnuM2w7TkcxbvgKGTBLsus/jzp24wOW0A1AifiURgsbWFKlU2wg/8uUMSyksD3F2qYkunO7EJhvPCXapPY1X03S/Y+9rRkmjebKfjLLl/9btbmAS+Vk=
RHq8NEd+6wFo6pZTMTJr1NJ4EyYSiivTPHl2Ta36SiC+/wXvthtcVVrVoYi0hlxxOX0JU/tU5VAawhie5X2s10AwYz1FVAj/juXEBOtsaILVlH2kaJKV/Fs3W6yNp5H3quwF0eETZhH5WA==
uPLm6ym7lztCAlHyRJWqutPMwr7RZH2ou8sk5jis2MeDWRUUymosWQ16mpnWyYikaCpLM7L8B3z4/C6cUP/b/L0FLGFz6t6uhuLhB1MCm+1/Y4kchYcNSyQtmZGoq/6i1wvM5RRkEPlb
HyHpY4niwIcqhQ2WlMZfXk87Lhj+hsTfxepiChnZkP3lL2X1jSMW5Z3P/syNqsTtuBNsOhoFNXoa5ljhEBvM976VX/PNzKvpCjkFphhuQK6XX/XuDV3p7w+EcyurK4KBb0nu56iSAefq/WJoFvld
LfZVeUpTrE62R7LtVcjUlE87Lhj+hsTfxepiChnZkP3lL2X1jSMX5Z3P/syNqsTtuBNtOhoFNXoa5ljhEBvM976VX/PNzKvpCjkFphhuQK6XX/XuDV3p7w+EcyurK4uAb0nu56iSAefq/WJoFvld
ZIhsaomkjV5hDXsfGZVT3uLzo8be2KqMGzDejtfN4kXFxy09PkcovJ/Q+gcrcV8aaKfd3tS7gsdbhet/YccJ1XFARDCXm43qTL3OIwg+syJcUCWiIc5ATHHee1h2tnWJhYW6+vnb6W1iE/le
upmyIz6dfVcoefIRu6YeNh+zeuFcYXO7qSFU1IL+N7/lO0xsmzyBLc3zQTydd6XLxRyBceA7BuLP+4RF7DQ4+XM=
5OAOaRTPt9UWERAQrLaOLQDkI6MRMTHm/nsGgZawOqqrYH9Tm2PbB9vzQTydd6XLxBuBceA7BuLP+4RF7DQ4+XM=
urtsYtXtb15H3+G4zDAu4wDkIaMRMTHm/nsGgZawOqqrYH9Tm2PbB9vzQTydd6XLxxqBceA7BuLP+4RF7DQ4+XM=
YGnK0rFnzYcezk8GeyXvHyv24Ajs/y2bmKhRFI07eQdBl0F3w7Qvwx9reaszsKP/XDKVH+atnsBC+Qk=
pITjI23Tfr2ZSH8CA5tMmClrb1LoYT6kqV5dy25lSsqCHLf+hbzvshkq0PCZyju07PKMlM1xGrYB/7mRykf5cg==
cNAB3AB/4IoI0tO4PyLZOM2xuyTr+E0sj8E7MEV/IlfBNmQPbSsuqzskw4nP+wKiN0S/+Q8fW5SfgIoIWxoAZwg4FhRlBhigMP+gIwCCxi/GnIqMoIKIjGGumjkwS/AcPtitLcE+gHxRzntMUYa9eGUVOmqZq6ldQgP5Tg==
Rf9pIqLNQ87gCxdcLQ2fdTY8NRCkMWPm/Q8e2XMsXo/KPpT+2ubFpBkq0PCZyjuw6fKNlM1xGrYB/7mRykf5cg==
ILUIvzSdKJlxDnpWgA37u+VBxHYs2xtzTm4Ig3McXDOCigyRuVNySXqeLYXxF5phZi/Dxc3Kw43L7Jjq3Q4nWw8cpzqC0Dgmo/oAFElCT25bXDvbAzpSRjp8g7xdFb5f12SbuxOr8hbH4TcXYFJJt5KdSlgO+UU=
aZvM/r7rlZ67XJpzbqVeADY8NRCkMWPm/Q8e2XMsXo/KPpT+2ubFpBkq0PCZyju16PKNlM1xGrYB/7mRykf5cg==
9S6lVGlZCbsUsFpGVtlZKhc2uvWfT70+iEiOSu8+qKgKcY/h0/5o6616Ctrlh6S14SPpnCXHLUtNbnkaCWveovfLrGX0JDD5ew==
8b5lAzDxUI9aMQXvt8kpLxc2ufWfT70+iEiOSu8+qKgKcY/h0/5o6616Ctrlh6S14SPpnCXHLUtEbnkaCWveovfLrGX0JDD5ew==
jKIntA9SBKJtzQ5CXUvbVBFNPMvE2fmXMacPbFiRik4vOvcyLyvjpUTiK9tqxQ9/x6QLG0OrJnBXIid3MNL516Jd+jg++XU=
Yua+bL2RRHrs9YILjZS1DhFNP8vE2fmXMacPbFiRik4vOvcyLyvjpkTiK9tqxQ9/x6QLG0OrJXZXIid3MNL516Jd+jg++XU=
9UPXcID6KyO7xD9F7dkwPrBENX2SCgC92TNqm1Bad1NdkRMJUjLOhVKUmnlAIijjfsWqcjb024FbYgkpWRVJRCped05tH01U9W648AItvf0OAFNXD1AGMT+DQzMRRi/dJh/klCjbVewJL7kLW0WVq3VTKgJjk7C1WEwE+U8=
cYsRKVvcccncmuSzs4uasBoEduJws27G4P8CEITzLT0Uhd4BefMDOk5kbxWxhmBEIXb78ie+X8AVLfrS6ZNJ5TI7+XY=
JlmbTAlw6wA/Clbh4r23MhoEduJws27G4PsAHoTzLT0Uhd4BefMDOk5kbxWxhmBEIXb78ie+X8AVLfrS6ZNJ5TI7+XY=
q9aUkl5IEYcMmgEoF6TIdU47Lhj+hsWEkPB1AQPIvf3TOlC0+i0R+syapJTLy8TtuBNtOhoFNXoa5ljhEBvM976VXvPNzKvpCjkFphhuQK6XX/XuDV3p7w+EcyurK4mBb0Pv56iSAefq/WJoFvld
Nxc+OCMUUaFVkRtv3jhebb2z5pxai8I2Q2440V5uqUM0DNF976x9zysGRvjWiZlUCDE9K18HLOmQ2N8XonAsMT71qT2Z5ORMDy8dZsQ5Tr+wqkOO9DRFHvk6kAA5mjuGj2JP5O2hmgbh7/lhahf5Qg==
vFobBR/1ghxH2yh6giIYur2z5pxai8I2Q2440V5uqUM0DNF96btl1TwJXufWiosbE2UvNkBDPeKMz9ILk0ErIxmTuTqZ5ORMDy8dZsQ5Tr+wqkOO9DRFHvk6kAA5mjuGj2JP5O2hmgbh7/lhahf5Qg==
tXxSajt94bvUbkebKbL4TNPMwr7RZH3z7tEz7SK99ce1TCBVuglDRkJhzovI1sy1YzZcPq7NNnvq20iNU//b/L0FLGFz6t6uhuLhB1MCm+1/Y4kchYcNSy8tmZupq/6i1wvM5RRkEPlb
1jzAgnvdvg3HpfJITSvJSF5Cv01iAHuF0ia31j4ss6NK3zlRnU+t0oM7Ck5qha//16D00U1MICU6rTcjS53FaWGIzZa0gsPl1SCAew5hTHB72IBmdfAVELhmXbgbeJNYV5L5k4oI7eXxZ24V+Vw=
3IGcFeYE/cax3lqjj2BotF5Cv01iAHuF0ia31j4ss6NK3zlRnU+q0oM7Ck5qha//16H00U1MICU6rTcjS53FaWGIzZa0gsPl1SCAew5hTHB72IBmdfAVELhmXbgbeJNYV5L5k4oI7eXxZ24V+Vw=
7v22n/WGKC0SvQGoP49T+F5Cv01iAHuF0ia31j4ss6NK3zlRnU+r0oM7Ck5qha//16b00U1MICU6rTcjS53FaWGIzZa0gsPl1SCAew5hTHB72IBmdfAVELhmXbgbeJNYV5L5k4oI7eXxZ24V+Vw=
6Ou4i9ZHF+NWRvl57OaMI15Cv01iAHuF0ia31j4ss6NK3zlRnU+o0oM7Ck5qha//16f00U1MICU6rTcjS53FaWGIzZa0gsPl1SCAew5hTHB72IBmdfAVELhmXbgbeJNYV5L5k4oI7eXxZ24V+Vw=
a+ja++wdUTz+WIr6vM+v+b2z5pxai8I2Q2440V5uqUM0DNF967Rl1TwJXufWiosbE2UvNkBDPeKMz9ILk0ErIxmTuTmZ5ORMDy8dZsQ5Tr+wqkOO9DRFHvk6kAA5mjuGj2JP5O2hmgbh7/lhahf5Qg==
a5R8NFKvgYY0H8Bqn6dxt5pQ2CsEzD5L4O54FTeP5J72ARdeUo+my5o+l+D9vkM0L4rfSD8VHLGfQqouckqNV4/az41Lm7VsqW/ZC3uFdSvVEwoCg1MQNTgMJPlv
z7M85YxJrRtFORIPWbgaOSBm2lWK+Im6v6CJe0U8zZ20xxZ0OvbTX//frxPQPQjZy7bjCX8nTbosjc4TaG5z8vwgpVKBngCcke57apdmP9gldTqKWQspPQIj+W4=
wTu+lvumuTCKJztuRJuK3NPMwr7RZHzz7tEz7SK99ce1TCBVuglEEQF609yq2ZO1JmgBa7LcHX380nroFeTZzvRNQGFz6t6uhuLhB1MCm+1/Y4kchYcNSy8tmZupq/6i1wvM5RRkEPlb
Ki2yEHnlgNjyu2i3PWWX2087Lhj+hsTfxepiChnZkP3lL2X1jSMX5Z3P/syNqsTtuBNtOhoFNXoa5ljhEBvM976VX/PNzKvpCjkFphhuQK6XX/XuDV3p7w+EcyurK4mBb0Pv56iSAefq/WJoFvld
5tCy/RqYpOOjM2ZIVg6u2U87Lhj+hsTfxepiChnZkP3lL2X1jSMW5Z3P/syNqsTtuBNsOhoFNXoa5ljhEBvM976VX/PNzKvpCjkFphhuQK6XX/XuDV3p7w+EcyurK4mBb0Pv56iSAefq/WJoFvld
ECKK815Pvb59SQB6bv7kjl5Cv01iAHuF0ia31j4ss6NK3zlRnU+n0oM7Ck5qha//16b00U1MICU6rTcjS53FaWGCzZa0gsPl1SCAew5hTHB72IBmdfAVELhmXbgbeJNYV5L5k4oI7eXxZ24V+Vw=
F8gkzlosfKw+043JAGaRu5pQ2CsEzD5L4O54FTeP5J72ARdeTcC9n4ohiP/i4k48NJ3pOyAVHLGfQqouckqNV4/az41Lm7VsqW/ZC3uFdSvVEwoCg1MQNTgMJPlv
dN7W6gdiMB9uVdsdqbqmM72z5pxai8I2Q2440V5uqUM0DNF976x+zysGRvjWiZlUCDE9K18HLOmQ2N8XonAsMT71qD2Z5ORMDy8dZsQ5Tr+wqkOO9DRFHvk6kAA5mjuGj2JP5O2hmgbh7/lhahf5Qg==
aZEB8yEH6UQo7VDHq8pPf047Lhj+hsWEkPB1AQPIvf3TOlC0+i0S+syapJTLy8TtuBNtOhoFNXoa5ljhEBvM976VVPPNzKvpCjkFphhuQK6XX/XuDV3p7w+EcyurK4mBb0Pv56iSAefq/WJoFvld
oQFJKglUW0dd0mnoC4sPNUp6IHCJwnuM2w7TkcxbvgKGTBLsus/jzp24wOW0A1AifiURgsbWFKlU2wg/8uUMSyksD3F2qYkunO7EJhvPCXapPY1X03S/Y+9rTUmjc7OfjLLl/9btbmAS+Vk=
GidxHbxU4k7HblYb0/5k69J4EyYSiivTPHl2Ta36SiC+/wXvthtcVVrVoYi0hlxxOX0JU/tU5VAawhie5X2s10AwYz1FVAj/juXEBOtsaILVlH2kaJKV/Fs8W6yHppH3quwF0eETZhH5WA==
5vKonwL3ezz8/7Sw5Hl7At7fEUthsDJ1GzjOiCu93SgjQU1Czghim9scAqNHOQsNWg4mLq/b0em67YKIz2/rtlMbiPkXHkZmLRM1QVsaxq6eksknq9LTrTfTUfwtF3XLl71xO/HbtmIf2/SFfFQI+UM=
Gf5zz1gsIQfOtk+FiH3zJb2z5pxai8BtFnQv2kR/hEMCGeQ8mKJ/iXFEAb60m9ZPXCF7YQEBLO+W+MMQhkJ/Y0v7rSLIsb4USU4dZsQ5Tr+wqkOO9DRFHvk6kAA5mjuGj2JP5O2hmgbh7/lhahf5Qg==
4SMD5E91sgjjGqhcbvySYx+zeuFcYXO7qSFU1IL+N7/lO0xsmzyBLc3zQTydd6XLxx2Be+E7BuLP+4RF7DQ4+XM=
cjjDHXYQgkVfomkQfF456UhCnlUmLsJMRvWTZSXbE2NWDmDzC1wEYyoqtCEx0/q5gn7FVSnXolFOD9vVxcrLndPMsNrlzv+L5/xfygpQsJYbWqhEEQI3HjM8I8sLOlpWIpxrTKXVZo9/xCMLmyt+Yb+DX0c4EnGHur1SSAb5TQ==
+6IMmMTFp91nsA0JL1PYvjY8NRCkMWPm/Q8e2XMsXo/KPpT+2ubFpBkq0PCZyjux7/KPlM1xGrYB/7mRykf5cg==
cjjDHXYQgkVfomkQfF456UhCnlUmLsJMRvWTZSXbE2NWDmDzC1wEYyoqtCEx0/q5gn7FVSnXolFOD9vVxcrLndPMsNrlzv+L5/xfygpQsJYbWqhEEQI3HjM8I8sLOlpWIpxrTKXVZo9/xCMLmyt+Yb+DX0c4EnGHur1SSAb5TQ==
+6IMmMTFp91nsA0JL1PYvjY8NRCkMWPm/Q8e2XMsXo/KPpT+2ubFpBkq0PCZyjux7/KPlM1xGrYB/7mRykf5cg==
cjjDHXYQgkVfomkQfF456UhCnlUmLsJMRvWTZSXbE2NWDmDzC1wEYyoqtCEx0/q5gn7FVSnXolFOD9vVxcrLndPMsNrlzv+L5/xfygpQsJYbWqhEEQI3HjM8I8sLOlpWIpxrTKXVZo9/xCMLmyt+Yb+DX0c4EnGHur1SSAb5TQ==
+6IMmMTFp91nsA0JL1PYvjY8NRCkMWPm/Q8e2XMsXo/KPpT+2ubFpBkq0PCZyjux7/KPlM1xGrYB/7mRykf5cg==
cjjDHXYQgkVfomkQfF456UhCnlUmLsJMRvWTZSXbE2NWDmDzC1wEYyoqtCEx0/q5gn7FVSnXolFOD9vVxcrLndPMsNrlzv+L5/xfygpQsJYbWqhEEQI3HjM8I8sLOlpWIpxrTKXVZo9/xCMLmyt+Yb+DX0c4EnGHur1SSAb5TQ==
+6IMmMTFp91nsA0JL1PYvjY8NRCkMWPm/Q8e2XMsXo/KPpT+2ubFpBkq0PCZyjux7/KPlM1xGrYB/7mRykf5cg==
5Mj/1dLU7X4SE5Hq1ugh/khCnlUmLsJMRvWTZSXbE2NWDmDzC1wEYyoqtCEx0/q5gn7FVSnXolFOD9vVxcrLndPMsNrlzv+L5/xfygpQsJYbWqhEEQI3HjM8I8sLOlpWIpxrTKXVZo9/xCMLmyt9Yb+DX0c4EnGHur1SSAb5TQ==
/Pnp8a0qWVuF5+UY1Xa6ezY8NRCkMWPm/Q8e2XMsXo/KPpT+2ubFpBkq0PCZyjuy7/KPlM1xGrYB/7mRykf5cg==
QXkmIRbVOC0gY6QpMOULm+r3T7+Ywzn6iS85UQZ9UGsRg7lcdec9S1iMKdtZi04ihyvcpYTEQPkL
jP4uCb8rS1rTmlwPtSC6+Yyx2YCSt12Oz09f+uZXkeDakjk0XfEHsRPizXwIqkWU29YNlGf+IR/qxPWJQes2Oflw
NpLxdAWH2HudNzE1I3xDOomPygYPiaMyBEu9eg2npcFqhTSLdVsV7Mmv+QuZwtWrtdNqAqMT8LWYzET5Dw==
4BOiJ1VuaD6IuH5kzIrUFbi25YpKicJsFiB7mgc01AF2Q6Vk76Iyj3MQGKDHwtdeGDE+NF5TPfSL0ZoQlGE8Mxn1uiWW7vZLFx8VHY0OGuCd4lXL6y9DAPk6kAA5mjuBiWJK5O2hmgbh7/lhahf5Qg==
zZDoAKPj7p3kA/zNsKKj1vTttoRPksBsFi56mgY63Rl2Q69r76x52CMQGKDHwtdeGDE+NF5TPfSL0ZoQlGE8Mxn1uiWW7vZLFx8VHY0OGuCd4lXL6y9DAPk6kAA5mjuHiGJK5O2hmgbh7/lhahf5Qg==
UGPXFRWlsII2Fkya9gYkDR5ztq1HXKpRwqmI7e7my04sQX7kvuO9ZCshWkD0UTwjOYX69XZedtu379VN7T4a8L2SFRsLn8OQWcpQUFmqO5CvEgs0DREalkEfOTEKJ/lS
V/MA5THov3fOVAQpQxYMBs1G6wucBqo0u/5weZ7BerfDunNb2zkUeUp7C6drFLdTh+vgOatXyy8U8t3vjk3mMDr5cQ==
Mn6eQw61dku0wyrh8R41Q4mPygYPiaMyBEu9eg2npcFqhTSLdVsV7Mmv+QuaxNWvtdNqAqMT8LWYzET5Dw==
c2ZDJu5tqKL4wgEMPb3wMRYpoevDCrN71xOODqgwse5aXbzpqOMJ+rkPCZG23eDrgSPpnCXHLUtMbXkQCWveovfLrGX0JDD5ew==
Wv1i4A7HahlAbMZvk/M1pClC1+w/9DhiCyRFWzKH6tgGAXOBzU+B6NqaKSx9yTf506o9BOgy1RxbXZsMDAZR16oMxbFh8yYx+Xg=
M1Mn87GZFPcmxGK3Uoqp6ezBqLCnspljWSbd6/J4egqRxraLZ9X/24Fr0CmmFjYjh4f1Vf02GsjNuvVDW1cD6Oki8MjJIrstWLpk7N1ZWm5xdxkpGi/5ag==
ny/NABoD1I+r1mKkvhc9VkRuic4yJRGLDl++796blPQAaFWO/uUQedRrjXo9h/UBGmVEC+X7RSz5j+kLiqcl4WWz+oITs0B1yCw0+X8=
W//6J4bWj9cQYeQikGAhkOzBqLCnspljWSbd6/J4egqRxraLZ9X/24Fr0CmmFjYjh4f1Vf02GsjNuvVDW1cD6Oki8MjJIrssXLpl7N1ZWm5xdxkpGi/5ag==
etiGLuLPHhyN6uwQMKHNX0u062ufJd1RyC+yNGbt6y19wxlkWhaxoM1lrxWzRmWoWH4NUJsVQEA9Kgk7yuDdnVH/Pj35dA==
G1htS8/kotwC985Rjo1UCM1G6wucBqo0u/5weZ7BerfDunNb2zkUeUp7C6drFLdTh+vvOqtZyy8U8t3vjk3mMDr5cQ==
lRztHNcHabyqTIDSH1GmjH4EgK1g8mYlESNCFWTcrcYPB2/Cxk+B6NqaKSx9yTf506o9BOgy1RxbW5sMDQZR16oMxbFh8yYx+Xg=
1+TUAfGTkPwgWTNG/JdLGQDkJ6MRMS75/nsGgZawOqqrYH9Tm2PfB9vzQTydd6XLwBqBceE7BuLP+4RF7DQ4+XM=
vh0QBEEVa9N1NYuYhs+eDADkJ6MRMTHm/nsGgZawOqqrYH9Tm2PfB9vzQTydd6XLzBqBceE7BuLP+4RF7DQ4+XM=
ghnh1+nzJQ1Lskl46+17jQDkJaMRMTHm/nsGgZawOqqrYH9Tm2PfB9vzQTydd6XLwB+BeOQ7AeLP+4RF7DQ4+XM=
A8yH+oldiGXcpyAwHjzh2omPygYPiaMyBEu9eg2npcFqhTSLdVsV7Mmv+QudxdWosNNtAqMT8LWYzET5Dw==
a3pHouxBevRMLUp+e8uM2mJapxpRjKuG4f3a/QaGtrMnV7WF3SYa2O1qtZP7x4N4SfKwGOkyuzt/aiw5fc7a/tGnWfk6P/l6
sjsADGVbLfUlVcdjjMal8OzBqLCnspljWSbd6/J4egqRxraLZ9X/24Fr0CmmFjYjh4f1Vf02GsjNuvVDW1cD6Oki8MjJIrssXrps6d1eWm5xdxkpGi/5ag==
bqqhVgYUZsfvE33gobvnw0u062ufJd1RyC+yNGbt6y19wxlkWhaxoM1lrxWzRmWoWH4NUJsRQkA0Lwk8yuDdnVH/Pj35dA==
TOxwXzlyZPY57hNeoW1v3c1G6wucBqo0u/5weZ7BerfDunNb2zkUeUp7C6drFLdTh+vjOKtQzi8T8t3vjk3mMDr5cQ==
ypzqrUpLqFLjxhIpP4W68hyH2Xt32M5hpdqaLIWG5VejG6NsQf6APNEOe4/Wxry95VI6qhnrqZ3CQ/kO
06modR5d+Xqt90FKgT1aB0hCnlUmLsJMRvWTZSXbE2NWDmDzC1wEYyoqtCEx0/q5gn7FVSnXolFOD9vVxcrLndPMsNrlzv+L5/xfygpQsJYbWqhEEQI3HjM8I8sLOlpWIpxrTKXVZo9/xCMLmyt6Z7+AWkc/EnGHur1SSAb5TQ==
UA3X2RZO64M7n+1VzMJrbTY8NRCkMWPm/Q8e2XMsXo/KPpT+2ubFpBkq0PCZyju16fKMkc12GrYB/7mRykf5cg==
UiUQdbeCKuk408JMSALdrwDkJaMRMTHm/nsGgZawOqqrYH9Tm2PcB9vzQTydd6XLzBuBeOQ7AeLP+4RF7DQ4+XM=
q9PV6VKqXQMarEreK0KXokhCnlUmLsJMRvWTZSXbE2NWDmDzC1wEYyoqtCEx0/q5gn7FVSnXolFOD9vVxcrLndPMsNrlzv+L5/xfygpQsJYbWqhEEQI3HjM8I8sLOlpWIpxrTKXVZo9/xCMLmyt9Zr+AWkc/EnGHur1SSAb5TQ==
14k3ur0c2Sepc6LDMxkUFzY8NRCkMWPm/Q8e2XMsXo/KPpT+2ubFpBkq0PCZyjuy6PKMkc12GrYB/7mRykf5cg==
kQX04pa8x5sXaGWRtO5qF7BENX2RCgC92TNqm1Bad1NdkRMJUjLOhVKUmnlAIijjfsWqcjb024FbYgkpWRVJRCped05tH01U9W648AItvf0OAFNXD1AGMT+DQzMRRi/dJh/klCjbVewJL7kLUUeVqXBTLQJjk7C1WEwE+U8=
/y07l8unWANAa8/krGwddBoEduJws27G4P8CEITzLT0Uhd4BefMDOk5kbxWxhmBEIXb7+CW+XcUVKvrS6ZNJ5TI7+XY=
lmJ2490hMkSFOJiGoxOmpRoEduJws27G4PsAHoTzLT0Uhd4BefMDOk5kbxWxhmBEIXb7+CW+XcUVKvrS6ZNJ5TI7+XY=
JobcNjUpb1BISlfu9bDJxNPMwr7RZHzz7tEz7SK99ce1TCBVuglNVAptzsKOqtyucngeL6PXAWrxzkvZEvb+qOUxL2Fz6t6uhuLhB1MCm+1/Y4kchYcNSyUvmZmsq/mi1wvM5RRkEPlb
B8CC4FDUvOjVPm30I8T+3b2z5pxai8JtFnQv2kR/hEMCGeQ8mKIKzGBVHLyI6ZlUCDE+K14HLOmQ2N8XonAsMT71qCGZ5ORMDy8dZsQ5Tr+wqkOO9DRFHvk6kAA5mjuMjWJN4e2mmgbh7/lhahf5Qg==
7De6W1SZwdn1KSK9MIRKCNPMwr7RZH2ou8sk5jis2MeDWRUUyGosWQ16mprWyIikaCpLM7L8B3z4/C6eTP/b/L0FLGFz6t6uhuLhB1MCm+1/Y4kchYcNSyUvmZmsq/mi1wvM5RRkEPlb
15IL6Ygu9pfrownzMs8jkdPMwr7RZHzz7tEz7SK99ce1TCBVuglOVAptzsKOqtyucngeL6PXAWrxzkvZEvb+qOYxL2Fz6t6uhuLhB1MCm+1/Y4kchYcNSyUvmZmsq/mi1wvM5RRkEPlb
GwxHA45Tk8ZTa7Qjgd1xh9LMwr7RZH3z7tEz7SK99ce1TCBVugk/VBBrzt6Wq9yucngeL6PXAWrxzkvZEvb+qOcxL2Fz6t6uhuLhB1MCm+1/Y4kchYcNSyUvmZmsq/mi1wvM5RRkEPlb
rdk/kkzRRo0HbbkV7TV1ZWCY23SGvl2AxqpHie+jeVyxOAuchdbNViMrT1PLm7nwozon9xblra2bHTuZ06qkiOcGPR7UMU6ngMIjtiT8hUaJkjD4qRK7FD2KrVm97treEcfZGXof+Vo=
geCrhbmp5MUoaMt+9yN7/mCY23SGvlyAxqpHie+jeVyxOAuchdbNViMrT1PLm7jwozon9xblra2bHTiZ06qkiOcGPR7UMU6ngMIjtiT8hUaJkjD4qRK7FD2KrVm97treEcfZGXof+Vo=
SL7D2aDUqoUerjXMZaZATWCY23SGvl2AxqpHie+jeVyxOAychdbNViMrT1PLm7nwojon9xblra2bHTqZ06qkiOcGPR7UMU6ngMIjtiT8hUaJkjD4qRK7FD2KrVm97treEcfZGXof+Vo=
FOtvcHxq6piV26uUpPnm8L2z5pxai8JtFnQv2kR/hEMCGeQ8mKIPzGBVHLyI6ZlUCDE+K18HLOmQ2N8XonAsMT71qiGZ5ORMDy8dZsQ5Tr+wqkOO9DRFHvk6kAA5mjuMjWJN4e2mmgbh7/lhahf5Qg==
HI9EBgyqqGms1mA6gdFEN72z5pxai8JtFnQv2kR/hEMCGeQ8mKIJzGBVHLyI6ZlUCDE+K14HLOmQ2N8XonAsMT71qyGZ5ORMDy8dZsQ5Tr+wqkOO9DRFHvk6kAA5mjuMjWJN4e2mmgbh7/lhahf5Qg==
mTC/eep7UChU5k+xQpV1A2CY23SGvlyAxqpHie+jeVyxOAmchdbNViMrT1PLm7jwozon9xblra2bHTuZ06qkiOcGPR7UMU6ngMIjtiT8hUaJkjD4qRK7FD2KrVm97treEcfZGXof+Vo=
UG3aq2rw8TkVJH8ZfSSalR+zeuFcYXO7qSFU1IL+N7/lO0xsmzyBLc3zQTydd6XLzR+BeeQ7AeLP+4RF7DQ4+XM=
BsPOBgFX9BXv22nJ+1c7j+r3T7+Ywzn6iS85UQZ9UGsRg7lcdec9S1iOKdlci0kihyvcpYTEQPkL
6QbWSBQm1cUFVtswRLC/U4yx2YCSt12Oz09f+uZXkeDakjk0XfEHsRPizXwIqkWU298IlGX7IRjqxPWJQes2Oflw
ngIHvCK1TGntRcTKFfchBnWHpeMuNLeGFitpnFruwUitjf/N8541APjWvegbrfLolYfZZAq4DfWxl85F+Qw=
YPvsLSvEyXvQCHP8Vn6S8omPygYPiaMyBEu9eg2npcFqhTSLdVsV7Mmv+QuQxNWpsNNtAqMT8LWYzET5Dw==
SIps6cQLpC1k53EjsQUkgChC1uw/9DhiCyRFWzKH6tgGAXOBzU+B6NqaKSx9yTf506o9BOgy1RxbW5wMBQNR0KoMxbFh8yYx+Xg=
Z2gORF93WoMw9QpGYYw1JylC1+w/9DhiCyRFWzKH6tgGAXOBzU+B6NqaKSx9yTf506o9BOgy1RxbXJkMBgNR0KoMxbFh8yYx+Xg=
R7OrUAn4rs2H9c3cageNC+zBqLCnspljWSbd6/J4egqRxraLZ9X/24Fr0CmmFjYjh4f1Vf02GsjNuvVDW1cD6Oki8MjJIrspXLpu6d1eWm5xdxkpGi/5ag==
qnFyVc5vLQC0YncsKrS5p0u062ufJd1RyC+yNGbt6y19wxlkWhaxoM1lrxWzRmWoWH4NUJsUQEA2Lwk8yuDdnVH/Pj35dA==
6XgIFvoo8RhIdc10bdunYc1G6wucBqo0u/5weZ7BerfDunNb2zkUeUp7C6drFLdTh+vvOqtSzi8T8t3vjk3mMDr5cQ==
STqigPGpvi7Rv6+Zj75MeYyx2YCSt12Oz09f+uZXkeDakjk0XfEHsRPizXwIqkWU29YLlGb7IRjqxPWJQes2Oflw
zW5oRdJm9sk5x3lJs5+KWgDkJ6MRMTHm/nsGgZawOqqrYH9Tm2PfB9vzQTydd6XLzB2BeuQ7AeLP+4RF7DQ4+XM=
VceO0XSYCEkH6hTigaozvomPygYPiaMyBEu9eg2npcFqhTSLdVsV7Mmv+QubwtWqsNNtAqMT8LWYzET5Dw==
JhGQLoMJqvBFAmAoYjUcRZHToVldgQ1+a4QQBKfbLn7nExssbn6jTBBOIihi8Hp0vYvx9QexI1KJ2jc2IOqbrFcsfGd1DnJNLRZ/F0K6KO+cYV2D0j+a0MaJw/ntlxGg2tK59F2xh3ETok28COrFVNuWiFRgu6HY6oR1SUGrtvn5sA==
MjvkePa5j50RFSZEUWwowR5ztq1HXKpRwqmI7e7my04sQX3kvuO9ZCshWkD0UTwjOYX69XZedtu379VN7T4a8L2SFRsLn8OQWcpQUFmqO5WvEggxDRYalkEfOTEKJ/lS
shqpHpg3ePdsfrot4wVuLc1G6wucBqo0u/5weZ7BerfDunNb2zkUeUp7C6drFLdTh+vjOatUzi8T8t3vjk3mMDr5cQ==
MF+yjdc8t1oyDtWZPmM+e8/tjczBsw7Z1ElF+uZXkeDakjk0XfEHsRPizXwIqkWU29cKlGD7IRjqxPWJQes2Oflw
tWauI1G7lhiDv+LrUJcSDomPygYPiaMyBEu9eg2npcFqhTSLdVsV7Mmv+QuRw9WssNNtAqMT8LWYzET5Dw==
iRtQ+qb+n5fPXMd3U1AyzilC1+w/9DhiCyRFWzKH6tgGAXOBzU+B6NqaKSx9yTf506o9BOgy1RxbVpwMAANR0KoMxbFh8yYx+Xg=
w53YwvXlc/1ouY3FguuTquzBqLOnspljWSbd6/J4egqRxraLZ9X/24Fr0CmmFjYjh4f1Vf02GsjNuvVDW1cD6Oki8MjJIrssXLpp6d1eWm5xdxkpGi/5ag==
xUem3zpVdyqaWHcm/51srkRuic4yJRGLDl++796blPQAaFWO/uUQedRrjXo9h/UBGmVEC+X7RSz5j+kLjaYl7WCz/YITs0B1yCw0+X8=
wDg+9SS1MOUbUKRJwUd5AOzBqLOnspljWSbd6/J4egqRxraLZ9X/24Fr0CmmFjYjh4f1Vf02GsjNuvVDW1cD6Oki8MjJIrspXLpp6d1eWm5xdxkpGi/5ag==
6i5XkPqIrDmfFnou78OPHUu062ufJd1RyC+yNGbt6y19wxlkWhaxoM1lrxWzRmWoWH4NUJsUQEAxLwk8yuDdnVH/Pj35dA==
a9AqsX7jZ6oxZvSxZcMcUs1G9hacBqo0u/5weZ7BerfDunNb2zkUeUp7C6drFLdTh+vgOqtVzi8T8t3vjk3mMDr5cQ==
/LbFhe/GD5aTJ8Gc3gJgWc1G6wucBqo0u/5weZ7BerfDunNb2zkUeUp7C6drFLdTh+vuOqtVzi8T8t3vjk3mMDr5cQ==
tWUEQdHwsjuqLSyu02AmjgDkJ6MRMTHm/nsGgZawOqqrYH9Tm2PfB9vzQTydd6XLwh2BfeQ7AeLP+4RF7DQ4+XM=
G+5e5SsrliCvcZs8Qfs7+wDkJaMRMTHm/nsGgZawOqqrYH9Tm2PfB9vzQTydd6XLxxyBfeQ7AeLP+4RF7DQ4+XM=
OiBVEQLNqOnjMpksONNobwDkJ6MRMTHm/nsGgZawOqqrYH9Tm2PeB9vzQTydd6XLzRuBfeQ7AeLP+4RF7DQ4+XM=
Rh5RlroOSKOEgB2ie6r6FxyH2Xt32M5hpdqaLIWG5VejG6NsQf6APNEOe4nVxrq95VI6qhnrqZ3CQ/kO
eIc2q026jBTe3TO6KvAoPEhCnlUlLsJMRvWTZSXbE2NWDmDzC1wEYyoqtCEx0/q5gn7FVSnXolFOD9vVxcrLndPMsNrlzv+L5/xfygpQsJYbWqhEEQI3HjM8I8sLOlpWIpxrTKXVZo9/xCMLmyt4Y7+GWkc/EnGHur1SSAb5TQ==
Zo99sIzF0812HI5u7pT9RTY8NRCkMWPm/Q8e2XMsXo/KPpT+2ubFpBkq0PCZyju37fKKkc12GrYB/7mRykf5cg==
eIc2q026jBTe3TO6KvAoPEhCnlUlLsJMRvWTZSXbE2NWDmDzC1wEYyoqtCEx0/q5gn7FVSnXolFOD9vVxcrLndPMsNrlzv+L5/xfygpQsJYbWqhEEQI3HjM8I8sLOlpWIpxrTKXVZo9/xCMLmyt4Y7+GWkc/EnGHur1SSAb5TQ==
Zo99sIzF0812HI5u7pT9RTY8NRCkMWPm/Q8e2XMsXo/KPpT+2ubFpBkq0PCZyju37fKKkc12GrYB/7mRykf5cg==
2UR8w+Xuoj+s0trmkIjBfkhCnlUlLsJMRvWTZSXbE2NWDmDzC1wEYyoqtCEx0/q5gn7FVSnXolFOD9vVxcrLndPMsNrlzv+L5/xfygpQsJYbWqhEEQI3HjM8I8sLOlpWIpxrTKXVZo9/xCMLmyt/Y7+GWkc/EnGHur1SSAb5TQ==
zUPUb1n6O4GAzhsNzEU3AjY8NRCkMWPm/Q8e2XMsXo/KPpT+2ubFpBkq0PCZyjuw7fKKkc12GrYB/7mRykf5cg==
2UR8w+Xuoj+s0trmkIjBfkhCnlUlLsJMRvWTZSXbE2NWDmDzC1wEYyoqtCEx0/q5gn7FVSnXolFOD9vVxcrLndPMsNrlzv+L5/xfygpQsJYbWqhEEQI3HjM8I8sLOlpWIpxrTKXVZo9/xCMLmyt/Y7+GWkc/EnGHur1SSAb5TQ==
zUPUb1n6O4GAzhsNzEU3AjY8NRCkMWPm/Q8e2XMsXo/KPpT+2ubFpBkq0PCZyjuw7fKKkc12GrYB/7mRykf5cg==
d8WHkePw6v4fQpVE27TrHm+XAWyQ7RVf+3Z0Tm9ugw4RXTTPgVmOj2l3HAHPXafHGkmCitUAKExpntuQmPmsiraC+ezwXtQNQJWzNHGNgt7fkMa3hYQp5pP2qNYh1c05TOcdFKhCdexbJzn8whNxACpcpaGhQ0YB+Ug=
uK2MAQVUaCin2hHFio0I/BoEduJws27G4P8CEITzLT0Uhd4BefMDOk5kbxWxhmBEIXb7+SW+WsUVKvrS6ZNJ5TI7+XY=
WBTlC2/kZ4KSm4q1z0nxKBoEduJws27G4PsAHoTzLT0Uhd4BefMDOk5kbxWxhmBEIXb7+SW+WsUVKvrS6ZNJ5TI7+XY=
dAO7Ueh6Hwka31hIqoDwLr2z5pxai8JtFnQv2kR/hEMCGeQ8mKIKzGBVHLyI6ZlUCDE+K14HLOmQ2N8XonAsMT71qCGZ5ORMDy8dZsQ5Tr+wqkOO9DRFHvk6kAA5mjuNjWJK4e2mmgbh7/lhahf5Qg==
9NRkCZh2oLhqX29flx0vumCY23SGvlyAxqpHie+jeVyxOAmchdbNViMrT1PLm7jwozon9xblra2bHTuZ06qkiOcGPR7UMU6ngMIjtiT8hUaJkjD4qRK7FT2Kqlm97treEcfZGXof+Vo=
IKq6G6rUKOHAizSjyuCAoGCY23SGvlyAxqpHie+jeVyxOAuchdbNViMrT1PLm7jwozon9xblra2bHTiZ06qkiOcGPR7UMU6ngMIjtiT8hUaJkjD4qRK7FT2Kqlm97treEcfZGXof+Vo=
lhKe2rs3pxsNAiN5j5L5etLMwr7RZH3z7tEz7SK99ce1TCBVugk/VBBrzt6Wq9yucngeL6PXAWrxzkvZEvb+qOcxL2Fz6t6uhuLhB1MCm+1/Y4kchYcNSyQvmZ6sq/mi1wvM5RRkEPlb
GTWzpjclBIoJX9AdMzJm62CY23SGvl2AxqpHie+jeVyxOAuchdbNViMrT1PLm7nwozon9xblra2bHTuZ06qkiOcGPR7UMU6ngMIjtiT8hUaJkjD4qRK7FT2Kqlm97treEcfZGXof+Vo=
YUGjhVTkoNXL5n3f9PTromCY23SGvl2AxqpHie+jeVyxOAychdbNViMrT1PLm7nwojon9xblra2bHTqZ06qkiOcGPR7UMU6ngMIjtiT8hUaJkjD4qRK7FT2Kqlm97treEcfZGXof+Vo=
QQIDIhsjtyWrAr+0v0Ama9PMwr7RZH2ou8sk5jis2MeDWRUUyGosWQ16mprWyIikaCpLM7L8B3z4/C6eTP/b/L0FLGFz6t6uhuLhB1MCm+1/Y4kchYcNSyQvmZ6sq/mi1wvM5RRkEPlb
nosjlQPH668k5pBUJsSP1tPMwr7RZHzz7tEz7SK99ce1TCBVuglOVAptzsKOqtyucngeL6PXAWrxzkvZEvb+qOYxL2Fz6t6uhuLhB1MCm+1/Y4kchYcNSyQvmZ6sq/mi1wvM5RRkEPlb
nPNAwNfb6schOqlWdcVcJr2z5pxai8JtFnQv2kR/hEMCGeQ8mKIJzGBVHLyI6ZlUCDE+K14HLOmQ2N8XonAsMT71qyGZ5ORMDy8dZsQ5Tr+wqkOO9DRFHvk6kAA5mjuNjWJK4e2mmgbh7/lhahf5Qg==
MXWHis3E9s2QlWPF1ohy2r2z5pxai8JtFnQv2kR/hEMCGeQ8mKIPzGBVHLyI6ZlUCDE+K18HLOmQ2N8XonAsMT71qiGZ5ORMDy8dZsQ5Tr+wqkOO9DRFHvk6kAA5mjuNjWJK4e2mmgbh7/lhahf5Qg==
Rz+9CBMLeSzOLYgx74I99tPMwr7RZHzz7tEz7SK99ce1TCBVuglNVAptzsKOqtyucngeL6PXAWrxzkvZEvb+qOUxL2Fz6t6uhuLhB1MCm+1/Y4kchYcNSyQvmZ6sq/mi1wvM5RRkEPlb
p7apYgd5lg8m4ynG5P8PoR+zeuFcYXO7qSFU1IL+N7/lO0xsmzyBLc3zQTydd6XLzB+BfuQ7AeLP+4RF7DQ4+XM=
wwzrZ2suvON7z7x3KA4bz3sXdPgIueQIkIKbymO7xXgYTi1gmydhcPx/qaxKcD3NkY/eTfkE
WHh1ay1N6NkTL6XPwursDhsGMpgdWZLJJjH8Ag5okNY3lJeFqYvKDz/E44vbK7Lj/4iax38SsQf6vZLIRvkN
W5kqyadLIl55jqEUWP923nsXdPgIueQIkIKbymO7xXgYTi1gmyJlcPx/qaxKcD3NkY/eTfkE
OP0uqevWIWLQTpeuVg9WJJTfGlzKnexpiDV8hCAuAyYDV53UqAL1LFtqvTzMU/FAKpwl4aGDxkH5CA==
KA0UugjpLxpocWn82P9Qi/Ead32TCQOs1ixlmFdZfTUr5Q1IF3Odx1PQ1ywEfXqDIpTnKnKOntUCIRgQVl8YHmFBfVFjAAYYoz2qvF534b5cD09BRwMlf2qFBygSEj3cHVG721jbVewJL7kLXUSVoXBTLQJjk7C1WEwE+U8=
rMZ4/fMY9/rUHjcwURGtZNUOiDNdjm5EoKhoDT+L5J7VAR1RQ8CmmMN9iry+t0E+PM+vQWdDRf/KRecoclKdXP2Rm9s4m7VsqW/ZC3CDdSHQEw0Cg1MQNTgMJPlv
b4V/ULXYjXMgbFnqZwqzoPEad32TCQOs1ixlmFRZfTUr5Q1IF3Odx1PQ1ywEfXqDIpTnKnKOntUCIRgQVl8YHmFBflFjAAYYoz2qvF534b5cD09BRwMlf2qFBygSEj3cHVG721jbVewJL7kLXUeVqHFTLQJjk7C1WEwE+U8=
7BfgYJn0dtk6Vu/1qmIB2NUOiDNdjm5EoKhoDT+L5J7VAR5RQ8CmmMN9iry+t0E+PM+vQWdDRf/KRecoclKdXP2Rm9s4m7VsqW/ZC3GHdSjREw0Cg1MQNTgMJPlv
2e1ca8OfdpV6KJBPOEQhZ/Ead32TCQOs1ixlmFVZfTUr5Q1IF3Odx1PQ1ywEfXqDIpTnKnKOntUCIRgQVl8YHmFBf1FjAAYYoz2qvF534b5cD09BRwMlf2qFBygSEj3cHVG721jbVewJL7kLXEaVqHFTLQJjk7C1WEwE+U8=
en/IJwTsKaLsPrfJOEd8MtUOiDNdjm5EoKhoDT+L5J7VAR9RQ8CmmMN9iry+t0E+PM+vQWdDRf/KRecoclKdXP2Rm9s4m7VsqW/ZC3mFdSjREw0Cg1MQNTgMJPlv
EzDCwnxxep/pMfhMkuTd7kACquFNOmfb8tZw41ztBe+utEU26awdcBvVRxYIQZTA8AoLEiNj1XA4hp3YG5rVONR2ufSKKK1FcccuNfl8
9fMdlEkz42Ds2uy5R2iZt0ECquFNOmfb8tZw41ztBe+utEU26awdcBvVRxYIQZTA8AoLEiNj1XA4hp3YG5jVONR2ufSKKK1FcccuNfl8
tRifewJ1yE4OBNpgT44ENUICquFNOmfb8tZw41ztBe+utEU26awdcBvVRxYIQZTA8AoLEiNj1XA4hp3YG5nVONR2ufSKKK1FcccuNfl8
/3XR0pVngypUIaGmsu4rw/Ead32TCQOs1ixlmFdZfTUr5Q1IF3Odx1PQ1ywEfXqDIpTnKnKOntUCIRgQVl8YHmFBfFFjAAYYoz2qvF534b5cD09BRwMlf2qFBygSEj3cHVG721jbVewJL7kLXUKVqHFTLQJjk7C1WEwE+U8=
5Y+6Ya103gx7D7dCjCrYxvEad32TCQOs1ixlmFRZfTUr5Q1IF3Odx1PQ1ywEfXqDIpTnKnKOntUCIRgQVl8YHmFBfFFjAAYYoz2qvF534b5cD09BRwMlf2qFBygSEj3cHVG721jbVewJL7kLUUKVqHFTLQJjk7C1WEwE+U8=
sSl2iogBO1xuenCrt6McavEad32TCQOs1ixlmFVZfTUr5Q1IF3Odx1PQ1ywEfXqDIpTnKnKOntUCIRgQVl8YHmFBfFFjAAYYoz2qvF534b5cD09BRwMlf2qFBygSEj3cHVG721jbVewJL7kLWEeVqXFTLQJjk7C1WEwE+U8=
NhS/mxu5JNkkhytgNb+1NtUOiDNdjm5EoKhoDT+L5J7VARxRQ8CmmMN9iry+t0E+PM+vQWdDRf/KRecoclKdXP2Rm9s4m7VsqW/ZC3mGdSnREw0Cg1MQNTgMJPlv
N68RBIBMnmzm77a0++tweKJuby4TIi4TPN9HAc+zzV8SNf8oaqLF/HXhMxtQi71MUT9hiwBUTUnZAyXC6+OYVeA8PPl3
eiMWfFPwj9tgNwCeUEWPM9a4YE1ux96rKB4CxufjeS6hwk5vNUuqHqw5nYW/E30f4lXvKHpCtTzFQcObwCvtjAEfUYv4M52JieO1QluDaBXQHCz5Zw==
znNRDta5GXzhWsrNzPckYM1G6wucBqo1u7V5f5uHVPm56CxugyQjLQUrZqdrFLdTh+vmPqtRzy8T8t3vjk3mMDr5cQ==
xA3BpQOfacXsMF3yoR1RC2wsIRnxdDny8QoTw2MkSI/IKoiMn7CT3Rkq0PCZyju26PKNkM12GrYB/7mRykf5cg==
HiL1dSciPdr/SsbqM8GjRIgBpkCFE61i46o+KL65G6Cmo2cu2HJHIw4la6drFLdTh+vhOatSzy8T8t3vjk3mMDr5cQ==
/aKp8WO2iSaD25QoqJD8Q2NbolUOmvHZue/Zsw+GoP12d83kykMDzJhp/sChg90YSfKwGOkyuzV/ai44fc7a/tGnWfk6P/l6
5A0OgzizBa/5O7av1qR7Jn8rMBK/ImK17wMV3yAvSI/IKoiMn7CT3Rkq0PCZyjux6fKOkM12GrYB/7mRykf5cg==
KtYPc4qsP1pHpMliqjbdI3LP5uYhe6PJXRlk7Qix9BCwuquCo/M1APjWvegbq/TolobZZAq4DfWxl85F+Qw=
HNS6NZ3GpX/vnTCuXfTYAEcKbouSjPrBbvxBZUOK2hl+EdQyNmio5h+0T9VhywJ/x6QLG0OrIHJXIyN3N9L516Jd+jg++XU=
YItfbVZOkFha0VHoYZ1OBRFNPMvE2fmXMacPbFiRik4vOvcyLyvjp0TiK9tqxQ9/x6QLG0OrIXBXIyN3N9L516Jd+jg++XU=
1PLlRQprrWBIcKTyAwRS3WFGuU8ZlenGuezL9AaBua1oCt6U0E4LzJhp/sChg90YSfKwGOkyuzl5ai84fc7a/tGnWfk6P/l6
Kg0wKr1HLY/fCvrZS7xq9BFNPcvE2fmXMacPbFiRik4vOvcyLyvjpkTiK9tqxQ9/x6QLG0OrJXZXIyN3N9L516Jd+jg++XU=
IJHZ4xH6CmrGFFLKJSlg+M0wNMYwJ0j3OEJo1E/4U2WpgnBoCUK7T5ga6EidvlqOMdeZidpP+Qo=
P4VSK2553RfKX0Wlmg3+8OHmBvOuzkio1hphTDEpHzt8g7lcdec9S16PKd1di0kihyvcpYTEQPkL
G7adWCP/MMYjmoLSTlomShFNPcvE2fmXMacPbFiRik4vOvcyLyvjpkTiK9tqxQ9/x6QLG0OrKnNXJSN3N9L516Jd+jg++XU=
QpWQT42411HqQfAb00tMsJTfGlzKnexpiDV8hCAuAyYDV53UqAL1LFttuzzBUvFAKpwl4aGDxkH5CA==
MOCcKy16uL59HmbSzhEbVxFMOMrNiqSGdPtGKxXRnQd3F8hxPWio5h+0T9VhywJ/x6QLG0OrIXdXJSN3N9L516Jd+jg++XU=
FdlruG4+ZmkHCwJeePLvqda4YE1ux96rKB4CxufjeS6hwk5vNUuqHqw5nYW/E30f4lXvKHpCtTzFQcObwCvtjAEfUYv1M52NieO1QluDaBXQHCz5Zw==
1oGbuCFPS7o+jK6VKu5GvSlC1uw/9DhiCyRFWzKH69hNCHWEi2HPkojFHHRg/mO2g8c9BOgy1RxbVp0MAQJR0KoMxbFh8yYx+Xg=
/b5q997d4E4bSlR4Fg0dHNa4YE1ux96rKB4CxufjeS6hwk5vNUuqHqw5nYW/E30f4lXvKHpCtTzFQcObwCvtjAEfUYvxMp2NieO1QluDaBXQHCz5Zw==
iwijqcd/hIL+0zdfDeg5881G6wucBqo1u7V5f5uHVPm56CxugyQjLQUrZqdrFLdTh+vlPqtVzy8T8t3vjk3mMDr5cQ==
nMz3ZOM9wi/nyxF1gDU8I2wsIRnxdDny8QoTw2MkSI/IKoiMn7CT3Rkq0PCZyju36PKJkM12GrYB/7mRykf5cg==
QumtlT+SdJOEyr08Vy0WeRFNPcvE2fmXMacPbFiRik4vOvcyLyvjpkTiK9tqxQ9/x6QLG0OrI3NXJiN3N9L516Jd+jg++XU=
HnR22OlGBSkOTaZO/rKeIBYrv/WSV6o5l0ufH6EwtuFEEuGCue5h6616Ctrlh6S14SPpnCXHLUtEb3keDWvZovfLrGX0JDD5ew==
AVlxH4SsD4a2E3NksuBuTpTfGlzKnexpiDV8hCAuAyYDV53UqAL1LFtvujzDUvFAKpwl4aGDxkH5CA==
nX8LD1J5lGEwaSijDWjl4KJuby4TIi4TPN9HAc+zzV8SNf8oaqLF/HXhMxtQi71MUT9hiwlUTU/ZAyXC6+OYVeA8PPl3
VvGbN5NMYqacPKhkWgYUUnRyfCENrYHjZ28ky57cLSwabpB/n2Z9R0Kb08StVE1Y+713DghZpKgQIlvqY9sFGJgu7UCbBSWQc57pTEpQfW0RLx4t+WQ=
KQcgm3tqCSkQzUmltLqfHM1G6wucBqo1u7V5f5uHVPm56CxugyQjLQUrZqdrFLdTh+vuP6tXzy8T8t3vjk3mMDr5cQ==
eINpQgkuGWw/cM2w4saPY2wsIRnxdDny8QoTw2MkSI/IKoiMn7CT3Rkq0PCZyju06PKLkM12GrYB/7mRykf5cg==
1HOZezBZ4bxIEepEmTyNPUcKbouSjPrBbvxBZUOK2hl+EdQyNmio5h+0T9VhywJ/x6QLG0OrJXZXJyN3N9L516Jd+jg++XU=
atGkAWDWj7nlC2bRULmgwBFNPcvE2fmXMacPbFiRik4vOvcyLyvjpkTiK9tqxQ9/x6QLG0OrKnNXKCN3N9L516Jd+jg++XU=
NZZT8xulK816PUgpvaD/93S99hi9qnfD3slREPYDOkkeo0J3w7Qvwx9rdqgzuKf/WzKVH+atnsBC+Qk=
Q5ukzzc3jjeqZqSVyHPCZhxVMZURW5KdITr7S1pJ1Zh6k6bR+sOmDz/E44vbK7jn/4ibx38SsQf6vZLIRvkN
QWONj6qqq6QSSTJBZyFAcJHToVldgQ1+a4QRBKPbL374DBgnf2mkSAxQPDZ87mpkopHt4gmpI02Jw3Z/cPrVsF1pLHd2HjceMAk7CBysOOmeIh+Kln+b18+EhPKmolWFqcjC4Ue3h20Lo028COrFVNuSiFRtuqHY6oR1SUGrtvn5sA==
t4++dsdXP1MMB8xNRan59JHToVldgQ1+a4QRBKDbL374DBgnf2mkSAxQPDZ87mpkopHt4gmpI02Jw3Z/cPrVsF1pLHd2HjceMAk7CBysOOmeIh+Kln+b18+EhPKmolWFqcjC4Ue3h20Lo028COrFVNufiFRtuqHY6oR1SUGrtvn5sA==
9swAHqK/21hjR0Yuy3QeDpHToVldgQ1+a4QRBKHbL374DBgnf2mkSAxQPDZ87mpkopHt4gmpI02Jw3Z/cPrVsF1pLHd2HjceMAk7CBysOOmeIh+Kln+b18+EhPKmolWFqcjC4Ue3h20Lo028COrFVNuUi1RtuqHY6oR1SUGrtvn5sA==
M70tOkktuho8AzAZb4RELvXr4pvGSbO8y6pmArlOCVBJiezX9n53PjDp+6iczHjJngLfahbf27fPpEQSJgIV5amogkHHV0dNC8MNHIgKBXTbtMo07RphOOqkNSnBC3YZ+VA=
pVeBGUy4nq+YhQ9HliW8euYoJypVIXMaPJkKR8vyw1IJP6AJL+yI+0S1YFM8i71MUT9hiwVUTUHZAyXC6+OYVeA8PPl3
YgY6RFC+N5h7XFlej91x1xxVMZURW5KdITr7S1pJ1Zh6k6bR+sOmDz/E44vbK73g/4mbx38SsQf6vZLIRvkN
5WxmJuXxfyeJ38vA57/MYDdYmfRKTBQvm472DOMIzmm/LV/aiMBOBAGP6UYewz8BA7c73eEuwOyx/nt4sBb1bEXiuhq5u2nNIjP5fg==
EYxm/DE+lVSXWLeE/hV0STdYmfRKTBQvm472DOMIzmm/LV/aiMBOBAGP6UYewz8BA7c73eEuwOyx/nt9tRb8b0Xiuhq5u2nNIjP5fg==
ELoFADaAWpOsJIs5F8m4EjdYmfRKTDQvm472DOMIzmm/LV/aiMBOBAGP6UYewz8BA7c73eEuwOyx/nt6tBb8b0Xiuhq5u2nNIjP5fg==
m/vSKA5INcE+Bx/1YUkM5TZYmfRKTDQvm472DOMIzmm/LV/aiMBOBAGP6UYewz8BA7c73eEuwOyx/nt9txb8b0Xiuhq5u2nNIjP5fg==
h2qH2rDwrhOFmOPgHmAnKDZYmfRKTBQvm472DOMIzmm/LV/aiMBOBAGP6UYewz8BA7c73eEuwOyx/ntwtxb8b0Xiuhq5u2nNIjP5fg==
ugqE2IJFDU1CbH/IgOFljwi2iBg3S9D9vHZXDd0cT7SW8v861m+7J0805OJmUvXVqZhiEYen592LU22sSFolhNvF6uSkqYGoajSVWQHbFin5YA==
nvxci2TV6jRd+BRM1SvVV3sXdPgIueQIkIKbymO7xXgYTi1gmyZlcPR9qaxKcD3NkY/eTfkE
QLw+HMQPwM3wo4xJ8xaaExsGMpgdWZLJJjH8Ag5okNY3lJeFqYvKDz/E44vbK7zn/4CYx38SsQf6vZLIRvkN
5ZtG1xvZofD6HykXdBpqiwwbescz6Cnf5uMDUdPobiwRh+lODusfKVN/exWxhmBEIXb78yS+XccVKvrS6ZNJ5TI7+XY=
iXNKSMNsioGde6oMQ4aZpJTfGlzKnexpiDV8hCAuAyYDV53UqAL1LFtuuzzFUfFAKpwl4aGDxkH5CA==
8foLJv0/Mf2GynadEugtCPEad32TCQOs1ixlmFdZfTUr5Q1IF3Odx1PQ1ywEfXqDIpTnKnKOntUCIRgQVl8YHmFBfFFjAAYYoz2qvF534b5cD09BRwMlf2qFBygSEj3cHVG721jbVewJL7kLUUWVqXJTLQJjk7C1WEwE+U8=
Tv5tLFqpjgVJ+Yqa7VnLzfEad32TCQOs1ixlmFRZfTUr5Q1IF3Odx1PQ1ywEfXqDIpTnKnKOntUCIRgQVl8YHmFBfFFjAAYYoz2qvF534b5cD09BRwMlf2qFBygSEj3cHVG721jbVewJL7kLWESVqXJTLQJjk7C1WEwE+U8=
nzC0GovtRODns1r4aEFPJPEad32TCQOs1ixlmFVZfTUr5Q1IF3Odx1PQ1ywEfXqDIpTnKnKOntUCIRgQVl8YHmFBfFFjAAYYoz2qvF534b5cD09BRwMlf2qFBygSEj3cHVG721jbVewJL7kLXUSVqXJTLQJjk7C1WEwE+U8=
7GAsri9NfaUXtGUKheIuCtUOiDNdjm5EoKhoDT+L5J7VARxRQ8CmmMN9iry+t0E+PM+vQWdDRf/KRecoclKdXP2Rm9s4m7VsqW/ZC3qDdSnSEw0Cg1MQNTgMJPlv
CbxT7PaGb+yBHba5mum5xBBMOMrNiqSGdPtGKxXRnQd3F8hxPWio5h+0T9VhywJ/x6QLG0OrKndXISB3N9L516Jd+jg++XU=
OCVsJ2n5orB1JY31r3Ahfta4YE1ux96rKB4CxufjeS6hwk5vNUuqHqw5nYW/E30f4lXvKHpCtTzFQcObwCvtjAEfUYv4Mp2JiuO1QluDaBXQHCz5Zw==
TbNY5cl/00lXmj61y/HQAChC1uw/9DhiCyRFWzKH69hNCHWEi2HPkojFHHRg/mO2g8c9BOgy1RxbXJkMBgFR0KoMxbFh8yYx+Xg=
99WBIVJLVNK6YFlpQWCH2Na4YE1ux96rKB4CxufjeS6hwk5vNUuqHqw5nYW/E30f4lXvKHpCtTzFQcObwCvtjAEfUYvyN52KiuO1QluDaBXQHCz5Zw==
UXD6O1HgPl3OCItfVYHYzc1G6wucBqo1u7V5f5uHVPm56CxugyQjLQUrZqdrFLdTh+vjO6tSzC8T8t3vjk3mMDr5cQ==
hWNxAQf5a8YTjBlQgHd+a2wsIRnxdDny8QoTw2MkSI/IKoiMn7CT3Rkq0PCZyjuy7fKOk812GrYB/7mRykf5cg==
gLJk+Baz2/etKJlijQrJ8hFNPcvE2fmXMacPbFiRik4vOvcyLyvjpkTiK9tqxQ9/x6QLG0OrIXJXIiB3N9L516Jd+jg++XU=
vfAS0SVmtnipRwhoJSosG+HmBvOuzkio1hphTDEpHzt8g7lcdec9S1SOKdpei0kihyvcpYTEQPkL
BDgvemnKcIhDl/n/ll+X6M2xuyTr+E0sj8E7MEV/IlfBNmQPbSsuqzskw4nP+wKiN0S/+Q8fW5SfgIoIWxoAZwg4FhRlBhigMP+gIwCCxi/GnIqMoIKIjGGumjkwS/AcPtitLcE+gHxRzntJV4a+f2USOmqZq6ldQgP5Tg==
dGHT7Q5uXQEnLyDiKZXcPTY8NRCkMWPm/Q8e2XMsXo/KPpT+2ubFpBkq0PCZyju17/KOk812GrYB/7mRykf5cg==
tJrThWKqlQXilhDhaFyM6OVBxHYs2xtzTm4Ig3McXDOCigyRuVNySXqeLYXxF5phZi/Dxc3Kw43L7Jjq3Q4nWw8cpzqC0Dgmo/oAFElCT25bXDvbAzpSRjp8g7xdFb5f12SbuxOr+xHH4jAXZ1JJt5KdSlgO+UU=
mehIJG03P/WN/GCk8XmiIzY8NRCkMWPm/Q8e2XMsXo/KPpT+2ubFpBkq0PCZyju87/KOk812GrYB/7mRykf5cg==
DCY4zeGxhFyz6rBFdJf2Rh8qv/WSV6o5l0ufH6EwtuFEEuGCue5h6617Ctrlh6S14SPpnCXHLUtJbHkaDmvZovfLrGX0JDD5ew==
CWNFQ5HWW2o4hngWmEWbWOVBxHYs2xtzTm4Ig3McXDOCigyRuVNySXqeLYXxF5phZi/Dxc3Kw43L7Jjq3Q4nWw8cpzqC0Dgmo/oAFElCT25bXDvbAzpSRjp8g7xdFb5f12SbuxOr9hPH5zAXZ1JJt5KdSlgO+UU=
cDuFpvEnyySDfy/nJwh7tTY8NRCkMWPm/Q8e2XMsXo/KPpT+2ubFpBkq0PCZyjux7fKLk812GrYB/7mRykf5cg==
d78LHoVgSs+61wGmZWIC5M2xuyTr+E0sj8E7MEV/IlfBNmQPbSsuqzskw4nP+wKiN0S/+Q8fW5SfgIoIWxoAZwg4FhRlBhigMP+gIwCCxi/GnIqMoIKIjGGumjkwS/AcPtitLcE+gHxRzntMVIa7f2USOmqZq6ldQgP5Tg==
YmnGcK9d4Yn+XYWvntzCaDY8NRCkMWPm/Q8e2XMsXo/KPpT+2ubFpBkq0PCZyjuw7PKLk812GrYB/7mRykf5cg==
CXLRCRnnkIiL21GenO9DOVVV/HFKTCBvz4Qzq+srygGvRyhn75JBZyr9ouhW+R0=
0p9RVNoG+J0UwCX9Rt6G+qq8QfK3gQKuwwE0RA1gU2UQg7lcdec9S1yNKd9ei0kihyvcpYTEQPkL
njB47p+0xUX662LqCH7bszsWMbAbr7AOkb/ShCzLxXgYTi1gmyNjcPN9qaxKcD3NkY/eTfkE
P0mKkEDRqDSClDHl6nQk5nR0dnVa7dnteHk40JrfOj4cbId70ThgAg+Sj8ruWlBd8Lx6SRlPublfAAuRJKEFGJgu7UCbAyOQc53pTEpQfW0RLx4t+WQ=
xhr6r0pnG1xLF4ZUVwhOXOXH5OLn6pdnXGfA76xiakGWxLTKY9mx1txo1yT7GD4knIe4er4LWYHl86dWX2MU/+ki8MjJIrstX7pr691eWm5xdxkpGi/5ag==
7RulAHvviW5UP369RfUCTTK9mhWguSkKJp6khCpqJSK43J949y0GYafuu4MRDU9mzabsZFfAJLngxxCDc7lEfObDWdzVpx1LPE1JX/7LaSJna3wlJAQg+Ws=
qP+TrXEJ4pj6yRxVXIGSM7aXqA9WLIiOj3JymN2wxXnsQc36iYsTCUV258LOTCUU7vkqE2Ir0d3u7GxH21RnM3fr1hn7l7yPo3JNj14N1hAq+WE=
