MXovoSApc24pZCuEdtkqcQmFv5QBY2eXjCsXscJHPgJsVW3J2sTxVRiz3o+JPxqd8gbTfL4Of1KjkBKie6gupsfByEuvg4s+p095wCo3+WI=
sW+FZDzstH9emkrhYL1p1hHwceNAc3KpuDEXxJ2rN7XGfkhz0iuOF6vpSz6fdbfcxxWCfO45BPPX/YRF7TQ4+XM=
TK+5lWq/Rns1Vl3B6ec61jO0rzwc9KJZy8z1oDn0HTUgeXUnsgdJv4vvyTGwCohQAerXgEliDxgiAVlUFnZTflnHoaQJpnww1vUBUr5INyd+Vw+7/ALCvNOJukrN7BVLoxnzXrdl714ZBercFgkMM1+tnKVFRAD5Sw==
Y5F6Z/b7lJ0gpj7wodee0fctNglVOD0TPIsWSdypi1QRI7M1QvbE406zandPkbdOUz1zngVdTkzSASDT8+WYVeE8PPl3
lb4B5E7biYqwxpTsFG7/8PctNglVOD0TPI8UR9ypi1QRI7M1QvbE406zandPkbdOUz1zngVdTkzSASDT8+WYVeE8PPl3
RaYAHuZnEh5gZR/mcRASiNG70I+EsA6KxURPr7Y22NeUzQh2D/EfrTqQ13YKqEeGztIDl2DxIx373POJQeo2Oflw
pLtJ95LxkgdbNNmc72FNX87RUkHLkaU+ij8oliEVVX1vSIfeqgD3Pk5qsz/AWfNFO4Qj4aGCxkH5CA==
eq33YFF6ly9VXyDhj3k6Ko9d8kREad3BNHTEIZs7jcWdZlk5Qb43mQTkeJWiQ5Ex0p2L2E75BQ==
31W7MT1SQ/39tCtcug1Qo8YhfYpiYU7nI2UnvFD9U3qziHJqC1CuTJcQ6UOfu0uWN9eZiNpP+Qo=
onkBx9BS6qjI3ftBrOtsRA3T1mdvm80D+u3OY6v5twjoUfMeW/SCPtMcYojfzLm351crsh/rqZzCQ/kO
fXTXiGFTRofpA+hAh5BpF0Fx6LXJGr5o1xPAQ/Ql+P9bWqzhyrw+rvYhdsPplqq78znjnifFP11MZXMdBmncs+/NrGX1JDD5ew==
YJLPtDmhGZGzBvh2taDoI89ctwxXf4nHNUmNb9RLjcWdZlk5QbM2mQ3leJWiQ5Ex0p2L2E75BQ==
rGorDDc0LdnU9eZ0THT+IkFx6LXJGr5o1xPAQ+8iqqhDXbeyye0pv/c7S7Hzk6q78znjnifFP15NZXIdBmncs+/NrGX1JDD5ew==
QX/e/mD0b0ThzUnXd1D+eTUc8RVYz/KP5rSXuhSd8KonXO7k0wZfltkolda1jdMKU/iyGusgqT13YSkzf8vL5tenWfg6P/l6
vmBnj/xxyu6qD1ryPlPviA3T1mdvm80D+u3OY6v5twjoUfMeW/SCPtMcY4vfzbm351crsh/rqZzCQ/kO
9dkX4qziYBrhi/CQwFn5e0Bo/bSGC/Z7zBXcDaJ+v+FSXLCiwbw+rvYhdsPplqq78znjnifFP1hJZXIdBmncs+/NrGX1JDD5ew==
EPwclB96H5Yb4o38WJDgAlyG37N6Ah/0umbkIBodfzn2FaRyqdFEMFb693B4brDtwJsP+jwLZbVlBpFp2TquycTFQKWKgzmhSn3DKDb5fQ==
b/0V0JkOmZZ3XzJ7qpIqwUFx6LXJGr5o1xPAQ/Ql+P9bWqzhyrw+rvYhdsPplqq78znjnifFP11IZXIdBmncs+/NrGX1JDD5ew==
SjfqBF+7dZML/wyPwkc/IA3T1mdvm80D+u3OY6v5twjoUfMeW/SCPtMcY4jfzrm351crsh/rqZzCQ/kO
Qha5zRrC2wOfiou5s3qNO12G37N6Ah/0umbkIBodfzn2FaRyqdFEMFb693B4brDtwJsP+jwLZbVlBpFp2TqqycfFQKWKgzmhSn3DKDb5fQ==
wj90Iqf7OZvmCRjN0kBuljZCib0KWggvnYXrWa9TiSPwJFnfzsdOWBqdzhNLqXdYSOFzrvskwu6z7G55vx75Z0fnqwK/u2nMIjP5fg==
Y+Okog55gCvpSkb9/6jbftPckuODKW3p65d4s37os4PQCX0G0hFKSEw8g5rZko6ucSxLNeaaWn38znvCE7rf4bIcECJh/N6uluHWQ0lWyrsTeYMeh4UfUiwlkJ2mqfyzzw3M5RVkEPlb
DLFV3OUvCDFX0Xd9sirlLtPckuODKW3p65d4s37os4PQCn0F0hFKSEw8g5rZko6ucSxLNeaaWn38znvCE7rf4bIcECJh/N6uluHWQ0lWyrsTeYMeh4UfXy4lkJ2mqfyzzw3M5RVkEPlb
srWTD1uKG9gbkM77ghXPKNJoQ3tAxzrLPjw9E/GvDGTbs0S/3g9FBA+P+c7Vhlh3djpSBuERqAsNzxiu/nzg9glpMm0GRh7/jvXHM692PNOD+GeuapCX7kI8U6KBqZP1u/QD0eESZhH5WA==
UR+waR/ac7mIEGU6lGMvulJx9L6GWrp93A7bQvN6v+FSXLCiwbw+rvYhdsPplqq78znjnifFP11OZXcdBmncs+/NrGX1JDD5ew==
7xHuuVxBVxokWR4hJo7NwFJx9r6GWrp93A7bQvN6v+FSXLCiwbw+rvYhdsPplqq78znjnifFP1tJZXcdBmncs+/NrGX1JDD5ew==
OJmFgctlTQoEQAdof8fFPFWkc60KLmehqixYwtmsNq7+MW4jgWbSe6vpSz6fdbfawRWPfe45BPPX/YRF7TQ4+XM=
C2/vJ9CfuE8eXEuq4VpTyUFx6LXJGr5o1xPAQ/Ql+P9bWqzhyrw+rvYhdsPplqq78znjnifFP15JZXcdBmncs+/NrGX1JDD5ew==
15Xw13sqkKW0ZAuqz4Hqok+o53zecocXz3enfXnz6y11oUZTDlmf35865F/jNH+iWnwPQooSS08xJQs52/jbnVH+Pj35dA==
aOljl9wH+zOhKm/Aj8MRcM9ctwxXf4nHNUmNb9RLjcWdZlk5QbgymQjleJWiQ5Ex0p2L2E75BQ==
BUZNTuP1cVLdx3zmv+l34w3T1mdvm80Aq/rfYrHExRLtUfMeW/SCPtMcbonfybm351crsh/rqZzCQ/kO
b6y1vNe5hUfxwozh+9LRtDUc8RVYz/KP5rSXuhSd8KonXO7k0wZfltkolda1jdMKU/iyGusgqz93ZSkzf8vL5tenWfg6P/l6
OGgssQ6X/lKYXbPAeQr8p274sEi6qiOJ2/8FX6E5eQdI6zFtybYtwQ14eqE8taz9XiONGeatn8BC+Qk=
C3AhOg80Rtcvt093zHfV9jQF5BQX3rqc/bKL9ELGt7QuWvKn2AZfltkolda1jdMKU/iyGusgqzx3Zikzf8vL5tenWfg6P/l6
hLD0nbyrB19UDnT5iqEKXR5ktMpkQLO9Q8pvazs3e8BDPy+g62Ywouv/NX9xealn2GvBDTn23aEdf2+BD/UcXe6jHbm2bc8gMvl5
Xdle8bL7SMu6l29cgjbXfdPckuODKW3t7YtmrWD2rZPAFmcaxR9SSFM8msCLlou1YzYONKiZUCbr33rYDuWV770UES4qpsm/l/vrMVNTyrsTeYMeh4UfWiwllZ2mqfyzzw3M5RVkEPlb
06zPqkxN0XSTbZcAbwzAl2aIiynU80yc2bVZ1aD6KwnMLGaIwZ2IEn5ZBE7QzP26/DV49Vev9rqtSQzb0+K3lO46ckeYJl+2mcgVtnWt0yqTmDL6qwCsHTeGqVO/68vGF8fZGHof+Vo=
TVBtG+tUKLahiYpheXee22aIiynU80yc2bVZ1aD6KwHMLWaIwZ2IEn5ZBE7QzP26/DV49Vev9rqtSQzb0+K3lO46ckeYJl+2mcgVtnWt0yqTmDL6qwCrHzeGqVO/68vGF8fZGHof+Vo=
2U1qplg1uceJYzLz3YU77GaIiynU80yc2bVZ1aD6KwnMLWaIwZ2IEn5ZBE7QzP26/DV49Vev9rqtSQzb0+K3lO46ckeYJl+2mcgVtnWt0yqTmDL6qwCvHzeGqVO/68vGF8fZGHof+Vo=
oQLI1zGVvkYwYJyw1IINO2aIiynU80yawrdZ1aD6JQnCKWaA2YuPEmJLVg2f0Puw5WFy9Vev9rqtSQzb0+K3lO46ckeYJl+2mcgVtnWt0yqTmDL6qwCpGTeGqVO/68vGF8fZGHof+Vo=
gXIT32sI/9Gt0bPe8PqSimaIiynU80yawrdZ1aD6JQnCKmaC2YuPEmJLVg2f0Puw5WFy9Vev9rqtSQzb0+K3lO46ckeYJl+2mcgVtnWt0yqTmDL6qwCtHDeHqVO/68vGF8fZGHof+Vo=
jJDpab4Z+eZ2MuGMOqwlhzUc8RVYz/KP5rSXuhSd8KonXO7k0wZfltkolda1jdMKU/iyGusgqz13Zykzf8vL5tenWfg6P/l6
c7oCGzEAaPQ0CzrIjaJfam74sEi6qiOJ2/8FX6E5eQdI6zFtybYtwQ1+fKE+taz9XiONGeatn8BC+Qk=
3GhhrtkH8v1vtf7RBCWaCB5ktMpkQLO9Q8pvazs3e8BDPy+g62Ywouv/NX9xealn2GvBDTn23aEde2uBDvUcXe6jHbm2bc8gMvl5
FKBFLfH08SglG7g6Ap+e0maIiynU80yexKtHy77kOxnQK2aF2YqPDX1IXRzUyeao5nB5u1ev9rqtSQzb0+K3lO46ckeYJl+2mcgVtnWt0yqTmDL6qwCsGDeHqVO/68vGF8fZGHof+Vo=
pSAdDLVXDy34diGqyWOWZWaIiynU80yexKtHy77kOxnWLmaF2YqPDX1IXRzUyeao5nB5u1ev9rqtSQzb0+K3lO46ckeYJl+2mcgVtnWt0yqTmDL6qwCsGDeHqVO/68vGF8fZGHof+Vo=
fIxauU3BXzEcpR5t1uMwfGaIiynU80yexKtHy77kOxnUIWaF2YqPDX1IXRzUyeao5nB5u1ev9rqtSQzb0+K3lO46ckeYJl+2mcgVtnWt0yqTmDL6qwCtGTeHqVO/68vGF8fZGHof+Vo=
3fVRLoawagXFRksCdeEuZC0e/nGRXVAICxWOagPtToTtokaby8/CowUhVw4A3t+wpY2IBf7GRYMUYOA5O5/zyN+WZPoHf1mnpQmdj4TLPaVtJunZMbkDOfWlSLXSw8ERwt0beB75VQ==
AJEbU0ze6drqBDlwxCEHVCYc7x4Xj/aa7amMuxPCt7QuWvKn2AZfltkolda1jdMKU/iyGusgojx3aCkzf8vL5tenWfg6P/l6
W6ZAXXRFcjqV5GWkU76ae0YHu6dJOmGXrcB381D8RKCv+kY8p6ISeBrZDEwfUJXazXgRFyN8z3o6hJ/KC5jbOtF9u/GbMKtFccYuNfl8
FIIPYjKLBF0NwZyJymBWzDUc8RVYz/KP5rSXuhSd8KonXO7k0wZfltkolda1jdMKU/iyGusgqD53aCkzf8vL5tenWfg6P/l6
22XLIpOG8OhLxrHJAjHnugDkIqMQMS75/XAXxp+3I/q1HWwjgWyuFKvpSz6fdbfZwBWDfe45BPPX/YRF7TQ4+XM=
q7OLfy5S/AJQrIjTKr3dggDkIqMQMS75/XAXxp+3I/q1HWwjgWyuFKvpSz6fdbfSwBWDfe45BPPX/YRF7TQ4+XM=
0ghNceFuYfQSUpDZUetuPkwCZoyQnbLSIPBdflGRnAB+GocxZ3+55wWJPc9kyx1lzaYJGVGzJnldICh0MsPh0aJd+zg++XU=
3OQsUPxwtNASmHWOa5WGPQm2iBg3QsK0q3BlS8oaWryNt6h92Cb+YEc+quRqRbTQn8wtRr3kqYvDIHemSlgnlsPD4+6koYKteyyTWQHaFin5YA==
eZtimAffPsB7y7CYStTHXgsBZ8FwqiDO4KYXGJbuYjtQgt8aQbwlah0pM2arjGJGI2Ti9S+0XM8WL+vK75NJ5DI7+XY=
03JuTJ9x1APeG20oTGJilwi2iBg3QsK0q3BlS8oaWryNt6h92Cb+YEc+quRqRbTQn8wtRr3kqYvDIHemSlgnlsLD4+6koYKteyyTWQHaFin5YA==
QwSoqJKL3I0NVAs9N5a98gsBZ8FwqiDO4KYXGJbuYjtQgt8aQbwlah0pM2arjGJGI2Tr8C+1XM8WL+vK75NJ5DI7+XY=
oZwEz/H4WzB3vevU/9haeAm2iBg3QsK0q3BlS8oaWryNt6h92Cb+YEc+quRqRbTQn8wtRr3kqYvDIHemSlgnlsvG4++koYKteyyTWQHaFin5YA==
+WxzitDjIieS7s4dOyGGqwsBZ8FwqiDO4KYXGJbuYjtQgt8aQbwlah0pM2arjGJGI2To8C+1XM8WL+vK75NJ5DI7+XY=
8Z1CacwKpSa6+97EgyeaOgi2iBg3QsK0q3BlS8oaWryNt6h92Cb+YEc+quRqRbTQn8wtRr3kqYvDIHemSlgnlsjG4++koYKteyyTWQHaFin5YA==
7JpLbRRtr2ffXYYXkVOISn+0tEe7rCOU2/8FX6E5eQdI6zFtybYtwQ1zf6E4sKz8XiONGeatn8BC+Qk=
GUASNQ6T79xlgxPRCi+dw0wCZoyQnbLSIPBdflGRnAB+GocxZ3+55wWJPc9kyx1lzaYJGVGzI3lcICh0MsPh0aJd+zg++XU=
lkppBaGRAaeJK9p8qVssowm2iBg3QsK0q3BlS8oaWryNt6h92Cb+YEc+quRqRbTQn8wtRr3kqYvDIHemSlgnlsPG4++koYKteyyTWQHaFin5YA==
daNIvdbPOgmHA9BEEthOwAsBZ8FwqiDO4KYXGJbuYjtQgt8aQbwlah0pM2arjGJGI2Tq8S+1XM8WL+vK75NJ5DI7+XY=
3kg5gr4mzJNnRJO0mcIh+gi2iBg3QsK0q3BlS8oaWryNt6h92Cb+YEc+quRqRbTQn8wtRr3kqYvDIHemSlgnlsrH4++koYKteyyTWQHaFin5YA==
j3NPhnEOHTOM7CHBiPi2rj4U+RJa3rqcqLiLoQaGtrMnV73nghFOl8MV58ywjdMKU/iyGusgoz13YSwzfsvL5tenWfg6P/l6
CSfjWZf3ApxpUhB5TQQEs/fW6FVIL4qUlHQP3NmwxWv7SpfghcUQGkVx6NjCSmMI5O4sFVQrm5KQqwld0VZlMWXz1hHwkLSMpmNViV4N1xAq+WE=
iNfpL+Ud41aARWLZv7VS3eYoJypVIXMbPNIDQc60xFJVJLIuernisx3+NhtPkbdOUz1zkgBdRkjSACDT8+WYVeE8PPl3
/Tev3kqrQNLyn+vvydm7TfbW6FVIL4qUlHQP3NmwxWv7SpfghcUQGkVx6NjCSmMI5O4sFVQrm5KQqwld0VZlMWXy1hHwkLSMpmNViV4N1xAq+WE=
Ws+62qKYt65drsApjjFDeOYoJypVIXMbPNIDQc60xFJVJLIuernisx3+NhtPkbdOUz1zmwNdRkjSACDT8+WYVeE8PPl3
R1upe+w59/4S472TopDcMPfW6FVIL4qUlHQP3NmwxWv7SpfghcUQGkVx6NjCSmMI5O4sFVQrm5KQqwld0VZlMWX71RHwkLSMpmNViV4N1xAq+WE=
1tn6FQpEx6zNQO2pEmWv4uI0Kz0UdildO4oWCNGqxFJddaU/e6PfwQf7NhtPkbdOUz1zngFdRUjSACDT8+WYVeE8PPl3
ppOXyCmUz86Y5qSvxV4FngDkIqMQMS75/XAXxp+3I/q1HWwjgWyuFKvpSz6fdbfSxBWIeO44BPPX/YRF7TQ4+XM=
2lZUCys6L+x58hljPw+yIQDkI6MQMS75/XAXxp+3I/q1HWwjgWquFKvpSz6fdbffwRWPeO44BPPX/YRF7TQ4+XM=
TLsU0ZfUCbTpdTdV1AoMEwDkIqMQMS75/XAXxp+3I/q1HWwjgWquFKvpSz6fdbfZxBWOeO44BPPX/YRF7TQ4+XM=
sljaJOKz4fbf5uA9Aa7xmszxktff70vXkRYe+qJ41cLaljtJD65AhyyQ13YKqEeGztcDm2TxIh373POJQeo2Oflw
5iscmPkDQXQFpB/SwZN+1gDkI6MQMS75/XAXxp+3I/q1HWwjgW+uFKvpSz6fdbfbwRWOeO44BPPX/YRF7TQ4+XM=
zmRsE60+U7PlXb+isHe5fQDkIKMQMS75/XAXxp+3I/q1HWwjgW+uFKvpSz6fdbffwRWOeO44BPPX/YRF7TQ4+XM=
JQKKRJTFo/KBjZ+IoGOksReWkDdom5lJ/9uaLPzD9Ea+GZ8eW/SCPtMcbI3fyby35lcrsh/rqZzCQ/kO
WdYsVr/TS5+dHX0J/m0MzddD8hicUuw7obg9fp6dUu3CunMinigFZEhHeb1hFrVRlfvnMadQxCwW48Xpjk3nMDr5cQ==
h6/W+xo+09AUnaKuvwAfENdO/xicUuw7obg9fp6dUu3CunMinigFZEhHeb1hFrVRlf7nMadQxCwW48Xpjk3nMDr5cQ==
u4C4e0FV0lMV/fAw6Nx6zIgAow/aBfc9u7g9fp6dUu3CunMinigFZEhHeb1hFrVRlf3kMadQxCwW48Xpjk3nMDr5cQ==
3+nXR2vVca3KAgG9BgqJz2xlPxK+NDC28A8JxXdfGtCEN4Sq1v3/wgMg0vKb2Cix5/6Mm85zC64H/7mQykf5cg==
wE31FFWtt/d9XobkM4V+Yh9+pM1yE6jzWI84NzMsPY0FO26u5n06/cq6ezJ2SP00kAfBDTn23aEdfWqBD/AcXO6jHbm2bc8gMvl5
8AkY6mv14VsOR+9vtu34rhB1YyxEK25pVvyIu1UZI/36qe9EPOGIexkzYcy4uANug7fUMVE3+/nainA5rGiKC29ox34q4LceQ05zUUT5MmU7ZGMBISIGIflo
m+e7X5vIOOwIxhZDZri6ykUdq6BfaXrZtoUgr1nnSaiovAt6o+McdQHTU21aHtjd/CxCX098z3o6hJ/KD5vbNdR9uvGbMKtFccYuNfl8
o+p64B32hJk8h1SsX7vHsOzQtw/6nXYoqpa9SmQRXN22snAlMwAs3ijJAhPjbO0tlbveDhY9Ch3aumtSRoiNlCCHUa1pNo2B7XJeYV4wzDx+I21ZBi0/ACL5aQ==
SeDJSpLi7iIvOujklXr65p5Ah3JIli8Xo6QrGjfG4onKUUACBomlmIoyjqmk/0U0O4HjCyhCQOXMUZx6LR6AUNvY1rcngb9uq23LHHuNeCjaEAgTm1UQNTkMJPlv
Elkt5RAHInM3b4uqmzjtRkQdq6BfaXrZtoUgr1nnSaiovAt6o+McdQHTU21aHtjd/CxCX098z3o6hJ/KCpnbNdR9uvGbMKtFccYuNfl8
wVZ6uOkvYoAYP4Oqmy/gzuzQtw/6nXYoqpa9SmQRXN22snAlMwAs3ijJAhPjbO0tlbveDhY9Ch3aumtSRoiNlCCHUa1pNo2B7XhcYV4wzDx+I21ZBi0/ACL5aQ==
16DruQRD74zOeWlLd2OSYZ9Ah3JIli8Xo6QrGjfG4onKUUACBomlmIoyjqmk/0U0O4HjCyhCQOXMUZx6LR6AUNvY1rcngb9uq23LH3qNeCjaEAgTm1UQNTkMJPlv
otjbHXnSpNf1OdzpVBNz/UMdq6BfaXrZtoUgr1nnSaiovAt6o+McdQHTU21aHtjd/CxCX098z3o6hJ/KDJnbNdR9uvGbMKtFccYuNfl8
tSeu6MQYWNx2t+ym9uB5DkolmAjJt9m16uvWegQhzZeXj0o/c+7UX+zZ+VXNNgDW17zTASh7Gek/u5pMPGN0pv45nz6blAKek/xja59rPNcmdyuSXwspPAIj+W4=
Pk5KMXHdQpuU2MFTuXlOvezQtw/6nXYoqpa9SmQRXN22snAlMwAs3ijJAhPjbO0tlbveDhY9Ch3aumtSRoiNlCCHUa1pNo2B7XpbYV4wzDx+I21ZBi0/ACL5aQ==
4vbbgUdssG/fH3U+DThaD5hAh3JIli8Xo6QrGjfG4onKUUACBomlmIoyjqmk/0U0O4HjCyhCQOXMUZx6LR6AUNvY1rcngb9uq23LGH2NeCjaEAgTm1UQNTkMJPlv
eKV0FSgK+w8N02yPWbnzaNdO/xicUuw7obg9fp6dUu3CunMinigFZEhHeb1hFrVRlfviMaZQxCwW48Xpjk3nMDr5cQ==
F5j3Bhx9trs1n6Fv8nb+dwDkIKMQMS75/XAXxp+3I/q1HWwjgW+uFKvpSz6fdbfbxRWDeO44BPPX/YRF7TQ4+XM=
i6fQ/4lA0yjuaoNMtTXmSwDkI6MQMS75/XAXxp+3I/q1HWwjgWyuFKvpSz6fdbfbxxWDeO44BPPX/YRF7TQ4+XM=
QoWSdbyKzjes0URj3weLdw0BPokJGJHWKi3mVX46z5oqmLHM5OfVFTXG4YnJOLjp/YCQxHoDqQH6vZPIRvkN
b4WGvz5L5ab+Ywkz38mNymkYkrFu5ThiET9eW2je4tJATHSBkWfb6dqaUGls2Cr779gnDuow1w5IWpMOBAlS1bsUw7Fh8iYx+Xg=
rg0qihxN6zwiofqvg/xVpZDByUheguBlLBG8eg3U4NB7mDa3B0Ef7sut6x+czdeoutBoE7sV8LWZzET5Dw==
kT4XCeMsEriw5JfP1zR5fBeWkDdom5lJ/9uaLPbD9Ea+GZ8eW/SCPtMcb4nfzL235lcrsh/rqZzCQ/kO
gt6VNBGubGDiQ1sQRKQFn2xlPxK+NDC28A8JxXdfGtCON4Sq1v3/wgMg0vKb2Cy15/iNm85zC64H/7mQykf5cg==
H6X+IrQYuK37rZnf+XFyuB9+pM1yE6jzWI84NzMsPY0FO26u5n06/cq6ezh2SP00kAfBDTn23aEdemyBCfEcXO6jHbm2bc8gMvl5
f5xSXSRpquVlnCmxoszFj+zQtw/6nXYoqpa9SmQRXN22snAlMwAs3ijJAhPjbO0tlbveDhY9Ch3aumtYRoiNlCCHUa1pNo2B7XJcYVkxzDx+I21ZBi0/ACL5aQ==
ND1Av8zVnwuRPzSElXWcABB1YyxEK25pVvyIu1UZI/36qe9EPOGIexkzYcy4uANug7fUMVE3+/naino5rGiKC29ox34q4LceT0pzVkX5MmU7ZGMBISIGIflo
4E+6mFYS3SouqeqX8stAdUUdq6BfaXrZtoUgr1nnSaiovAt6o+McdQHTU21aHtLd/CxCX098z3o6hJ/KDJ7bMtV9uvGbMKtFccYuNfl8
OFFJj/jooBnF8mSyW0Ns1ezQtw/6nXYoqpa9SmQRXN22snAlMwAs3ijJAhPjbO0tlbveDhY9Ch3aumtYRoiNlCCHUa1pNo2B7XtaYVkxzDx+I21ZBi0/ACL5aQ==
rXvxrXtAhLfFikN0nnckl55Ah3JIli8Xo6QrGjfG4onKUUACBomlmIoyjqmk/0U0O4HjCyhCQOXMUZx6LRSAUNvY1rcngb9uq23LGHmNfinaEAgTm1UQNTkMJPlv
KOXDuVsEL1QR3v3nzQMaqEQdq6BfaXrZtoUgr1nnSaiovAt6o+McdQHTU21aHtLd/CxCX098z3o6hJ/KD5rbM9V9uvGbMKtFccYuNfl8
EaoWqHtkpECuDnpD1V1XzezQtw/6nXYoqpa9SmQRXN22snAlMwAs3ijJAhPjbO0tlbveDhY9Ch3aumtYRoiNlCCHUa1pNo2B7X5fYVgxzDx+I21ZBi0/ACL5aQ==
D+mXS2F99e+R/fmw2lokwJ9Ah3JIli8Xo6QrGjfG4onKUUACBomlmIoyjqmk/0U0O4HjCyhCQOXMUZx6LRSAUNvY1rcngb9uq23LHHmNfinaEAgTm1UQNTkMJPlv
vdKGltkRknt9FWW7hmCzUUMdq6BfaXrZtoUgr1nnSaiovAt6o+McdQHTU21aHtLd/CxCX098z3o6hJ/KAprbM9V9uvGbMKtFccYuNfl8
5VjSDZpyGPBoe/3pItucb+zQtw/6nXYoqpa9SmQRXN22snAlMwAs3ijJAhPjbO0tlbveDhY9Ch3aumtYRoiNlCCHUa1pNo2B7XteYVgxzDx+I21ZBi0/ACL5aQ==
4XoCVo+YnIek0grcY62tGJhAh3JIli8Xo6QrGjfG4onKUUACBomlmIoyjqmk/0U0O4HjCyhCQOXMUZx6LRSAUNvY1rcngb9uq23LGniNfinaEAgTm1UQNTkMJPlv
OA8AulMPpFDp3uvBVDr6G0Idq6BfaXrZtoUgr1nnSaiovAt6o+McdQHTU21aHtLd/CxCX098z3o6hJ/KCJvbM9V9uvGbMKtFccYuNfl8
6UpVHlS34bmdJWJ6o8gTlOzQtw/6nXYoqpa9SmQRXN22snAlMwAs3ijJAhPjbO0tlbveDhY9Ch3aumtYRoiNlCCHUa1pNo2B7X9eYVgxzDx+I21ZBi0/ACL5aQ==
nu7N6d6aXEYYt+Xj3Uj9pJlAh3JIli8Xo6QrGjfG4onKUUACBomlmIoyjqmk/0U0O4HjCyhCQOXMUZx6LRSAUNvY1rcngb9uq23LHXiNfinaEAgTm1UQNTkMJPlv
Tb76jZWLvb8utZaZ+2sorddO/xicUuw7obg9fp6dUu3CunMonigFZEhHeb1hFrVRlfzlMaBRxCwW48Xpjk3nMDr5cQ==
ouXEfuCf8eeRroIdybD8kA0BPokJGJHWKi3mVX46z5AqmLHM5OfVFTXG4YnJM7jp9IGQxHoDqQH6vZPIRvkN
EiVtWOJn+/EyebiEIYkS2GkYkrFu5ThiET9eW2je4tJATHSBkWfb6dqaWmls2Cr779gnDuow1w5OWpMHBQlS1bsUw7Fh8iYx+Xg=
1Kzht3S6OqBhpCaGO6lu1ADkIqMQMS75/XAXxp+3I/q1HWwjgWyuFKvpSz6fdbfewBWKee44BPPX/YRF7TQ4+XM=
aaRXTDmy/9Pb1jJl+cm5HIAdokCIC7pl/KkvJN2OVfPhundZpmtLOXxEeb1hFrVRlfvlMaNRxCwW48Xpjk3nMDr5cQ==
TIhWLTcY2PlpiMjg3ChKbQDkIKMQMS75/XAXxp+3I/q1HWwjgW2uFKvpSz6fdbfcxxWJee44BPPX/YRF7TQ4+XM=
3CSLWypzNy9VdmpbNuFBTM7sj83J4EzXkh4d+qJ41cLaljtJD65HhyyQ13YKqEeGy9IDnGXxIh373POJQeo2Oflw
SeomR6thudxn4iyP91A4987sjs3J4EzXkh4d+qJ41cLaljtJD65HhyyQ13YKqEeGztIDnGXxIh373POJQeo2Oflw
8f4irjlObHh+Rot/bFG2hAcI5cWDKlOvvkWJiNKDljf5r/eJioFv7/oWI1NsWf9vHtGmWFwX1ey+1sOVz8ys0tHu27PbzJMC3oB0Qcu6VKzgnbac8KWqTMn1xYrpBfDL1odx7Qm2bUHNezoh+7FsfB4jTZmmrV9AAvlJ
I2k7hezeKd1BW8Bol+YYZR+zeuFcYXO7qSFU1IL+N7/9P08j3jWEAqvpSz6fdbfbwBWJee44BPPX/YRF7TQ4+XM=
8f4irjlObHh+Rot/bFG2hAcI5cWDKlOvvkWJiNKDljf5r/eJioFv7/oWI1NsWf9vHtGmWFwX1ey+1sOVz8ys0tHu27PbzJMC3oB0Qcu6VKzgnbac8KWqTMn1xYrpBfDL1odx7Qm2bUHNezoh+7FsfB4jTZmmrV9AAvlJ
I2k7hezeKd1BW8Bol+YYZR+zeuFcYXO7qSFU1IL+N7/9P08j3jWEAqvpSz6fdbfbwBWJee44BPPX/YRF7TQ4+XM=
8f4irjlObHh+Rot/bFG2hAcI5cWDKlOvvkWJiNKDljf5r/eJioFv7/oWI1NsWf9vHtGmWFwX1ey+1sOVz8ys0tHu27PbzJMC3oB0Qcu6VKzgnbac8KWqTMn1xYrpBfDL1odx7Qm2bUHNezoh+7FsfB4jTZmmrV9AAvlJ
cRU1N4G+0sFtoEewIPStXR+zeuFcYXO7qSFU1IL+N7/9P08j3jWEAqvpSz6fdbfawBWJee44BPPX/YRF7TQ4+XM=
XvBDfzBHZxmoD8vsaC676QcI5cWDKlOvvkWJiNKDljf5r/eJioFv7/oWI1NsWf9vHtGmWFwX1ey+1sOVz8ys0tHu27PbzJMC3oB0Qcu6VKzgnbac8KWqTMn1xYrpBfDL1odx7Qm2bUHNejoh+7FsfB4jTZmmrV9AAvlJ
cRU1N4G+0sFtoEewIPStXR+zeuFcYXO7qSFU1IL+N7/9P08j3jWEAqvpSz6fdbfawBWJee44BPPX/YRF7TQ4+XM=
XvBDfzBHZxmoD8vsaC676QcI5cWDKlOvvkWJiNKDljf5r/eJioFv7/oWI1NsWf9vHtGmWFwX1ey+1sOVz8ys0tHu27PbzJMC3oB0Qcu6VKzgnbac8KWqTMn1xYrpBfDL1odx7Qm2bUHNejoh+7FsfB4jTZmmrV9AAvlJ
cRU1N4G+0sFtoEewIPStXR+zeuFcYXO7qSFU1IL+N7/9P08j3jWEAqvpSz6fdbfawBWJee44BPPX/YRF7TQ4+XM=
XvBDfzBHZxmoD8vsaC676QcI5cWDKlOvvkWJiNKDljf5r/eJioFv7/oWI1NsWf9vHtGmWFwX1ey+1sOVz8ys0tHu27PbzJMC3oB0Qcu6VKzgnbac8KWqTMn1xYrpBfDL1odx7Qm2bUHNejoh+7FsfB4jTZmmrV9AAvlJ
cRU1N4G+0sFtoEewIPStXR+zeuFcYXO7qSFU1IL+N7/9P08j3jWEAqvpSz6fdbfawBWJee44BPPX/YRF7TQ4+XM=
EX3HFoypnq7G4whrlIR6vBeWkDdom5lJ/9uaLPbD9Ea+GZ8eW/SCPtMcaojfz7235lcrsh/rqZzCQ/kO
4daFdiOWuBgZ1Zw4sY+N8tdO/xicUuw7obg9fp6dUu3CunMonigFZEhHeb1hFrVRlf7nMaJRxCwW48Xpjk3nMDr5cQ==
7z+ml4mbk3vpDlV89nt8EQDkI6MQMS75/XAXxp+3I/q1HWwjgWquFKvpSz6fdbfbxxWIee44BPPX/YRF7TQ4+XM=
HfKAhvyFGuxt8uHDsV1d+IAdokCIC7pl/KkvJN2OVfPhundZpmtLPnxEeb1hFrVRlf7kMaJRxCwW48Xpjk3nMDr5cQ==
IU8IAX4uOCsEyeXpDNNnfMzxktff70vXkRYe+qJ41cLaljtJD65AhyyQ13YKqEeGzNIDnWXxIh373POJQeo2Oflw
2xrEYFWu5SnMKBnZN13YSAcI5cWDKlOvvkWJiNKDljf5r/eJioFv7/oWI1NsWf9vHtGmWFwX1ey+1sOVz8ys0tHu27PbzJMC3oB0Qcu6VKzgnbac8KWqTMn1xYrpBfDL1odx7Qm2bUHNcjoh+rFsfB4jTZmmrV9AAvlJ
12xZaO0XhluWZvgB4beUkx+zeuFcYXO7qSFU1IL+N7/9P08j3jWEAqvpSz6fdbfSwBWIee44BPPX/YRF7TQ4+XM=
Y2nvCxUbq8Rla8MmyVHZyQcI5cWDKlOvvkWJiNKDljf5r/eJioFv7/oWI1NsWf9vHtGmWFwX1ey+1sOVz8ys0tHu27PbzJMC3oB0Qcu6VKzgnbac8KWqTMn1xYrpBfDL1odx7Qm2bUHNeDwh/bFsfB4jTZmmrV9AAvlJ
en0TkErX/AT6s51G5c7kMx+zeuFcYXO7qSFU1IL+N7/9P08j3jWEAqvpSz6fdbfYxhWPee44BPPX/YRF7TQ4+XM=
KgNyo01htA/t08zpP13iCW+XAWzHolkP6WhoUAxmnmRNSyfYkwXVmG94GRztf7DBGFqkqsQOIE5Y4cecmOm8iqaS+ezwXtQNQIWjNG6Rkt7PhbnSn9sg45yw798m0sYsc4gHHqpAd/5OLTPyxRlyBTtEo6GhQkYB+Ug=
Jgs9II7v+Fcf3F20PfWtsfctNglVOD0TPIsWSdypi1QRI7M1QvbE406zandPkbdOUz1zngJdQ0nSACDT8+WYVeE8PPl3
eBPilxHvhV3CBQoDxUVxOvctNglVOD0TPI8UR9ypi1QRI7M1QvbE406zandPkbdOUz1zngJdQ0nSACDT8+WYVeE8PPl3
gygCqTkYCwFjbeMmzbbtfXkrm5h70w9lEDAzZVj80r5kQkROhpnBkz+lTKYQruie6HigNmBEK+aPrmFaH1iloX/jJfHQDG+qerR/2g6JuwYVLRoBG4BLFTE2DiX5bA==
nC4EYBpDbun+IJUTKrAsWXkrm5h70w9lEDAzZVj80r5kQkROmdbaxy+6U7kP8uWW82+WRX9EK+aPrmFaH1iloX/jJfHQDG+qerR/2g6JuwYVLRoBG4BLFTE2DiX5bA==
zpo38rlGt+fq/C9lR1EhT0p6IHCJwnqDnwjZr54OohiqVzGtj5yxxZ2Nif2TAwx5bmFb3MDWEq90xw8bwLZaZWpnWTkFs9cvjf/NLxqLQnOuGOFN2Xa9Yf1+TEGtcbycjqP9+dbtb2AS+Vk=
/NyC/ygBtzUOGqySrjKpfppQ2CsEzD5L4O54FTeP5J72ARdeUo+my5o+l+D9vkM0L4rfSD8VA6vBQ7s/e0OME8TfyKgngb9uq23LHnqNeynaEAgTm1UQNTkMJPlv
xQgt5u8QOg4JCbsdaappF9J4EyYSiivTPHl2Ta36SiC+/wXvthtTVVrVoYi0hlxxOX0JU/tU5VAawhie5X2s10AwYyJfCgnun+zNBa8nbYXw+GeuapCX7k49U6KFqZL1u/QD0eESZhH5WA==
FFK+UdWQZIYhmW6RrT1oSNPMwr7RZH2ou8sk5jis2MeDWRUUz2osWQ16mpnWyYikaCpLM7L8B3z4/C6eCfTM4aMhX3st68+/j+vgQxgHnMgTeYMeh4UfXi4ll5mmqPyzzw3M5RVkEPlb
EIdYPbD6jUZcZCCbMR1A8tJ4EyYSiirTPHl2Ta36SiC+/wXvthtUAhnOvN/WiQNxfCNUBudFzlYMyyr7o2au5Ql4DyJfCgnun+zNBa8nbYXw+GeuapCX7k49U6KFqZL1u/QD0eESZhH5WA==
G78KmV8ZYMQ3mOGjuZGNVtPMwr7RZH/z7tEz7SK99ce1TCBVuglLEQF609yq2ZO1JmhaPqjLFmft/3reANGYvZciX3st68+/j+vgQxgHnMgTeYMeh4UfXi4ll5mmqPyzzw3M5RVkEPlb
IB/ZHZojqb24sdEsO+OLW7yz5pxai8NtFnQv2kR/hEMCGeQ8mKJ70HpTHKCQ6JlUCDE8K18HLOmQ2N8XonAsMT71oWSS8/lSK1wHOMUoX7a5qwfF8TNgcuMwkgI7iC6Hh2xN6+6jix7n7/lgahf5Qg==
NoJs/zU2324B94xQOhhX69J4EyYSiiqIaWNhRrfrZyCI6jCux3g7HVbV6M3Ilkdgdz9DC/t0/1Ee7EzroGau5Ql4DyJfCgnun+zNBa8nbYXw+GeuapCX7k49U6KFqZL1u/QD0eESZhH5WA==
VVmmg/Lq3Fkna69J+FpAqk87Lhj+hsTfxepiChnZkP3lL2X1jSMVvJbY49Kp2Yv27AFwJV4UPmYN60TQIRze0NiHD/ja0bXNeSNbpwl/SaeWG77rCniF9QWGcSm5PoiJYUHg5KqDGeHq/WNoFvld
lDD19AAD1fCaTeESzwVbmU87Lhj+hsTfxepiChnZkP3lL2X1jSMSvJbY49Kp2Yv27ABwJV4UPmYN60TQIRze0NiHD/ja0bXNeSNbpwl/SaeWG77rCniF9QWGcSm5PoiJYUHg5KqDGeHq/WNoFvld
w/Q+LdKiEsyyojXgIPnGME87Lhj+hsTfxepiChnZkP3lL2X1jSMTvJbY49Kp2Yv27AdwJV4UPmYN60TQIRze0NiHD/ja0bXNeSNbpwl/SaeWG77rCniF9QWGcSm5PoiJYUHg5KqDGeHq/WNoFvld
xTs4iYBAK71+OBDzguRN+U87Lhj+hsTfxepiChnZkP3lL2X1jSMQvJbY49Kp2Yv27AZwJV4UPmYN60TQIRze0NiHD/ja0bXNeSNbpwl/SaeWG77rCniF9QWGcSm5PoiJYUHg5KqDGeHq/WNoFvld
SLXhdWp2RWpJjnFFYVRs8uVEncJnCC9CyG57eXIZT4cPYT+z4AMvXXBOO1kJcmaJ+rGshIzyZ0PuNMO8vLRyKOUsaIHHmbPrkWNLPwtjXNN0v3gotyHvrltN2x5qbUtpivCYk+v14PVpbBT5Xw==
+Rdz1ZlTMaw0R9skwHdWJtJ4EyYSiiqIaWNhRrfrZyCI6jCuxng7HVbV6M3Ilkdgdz9DC/t0/1Ee7EzqoGau5Ql4DyJfCgnun+zNBa8nbYXw+GeuapCX7k49U6KFqZL1u/QD0eESZhH5WA==
WCPZXs+ooegeRt25bIuRINPMwr7RZH/z7tEz7SK99ce1TCBVuglIEQF609yq2ZO1JmhaPqjLFmft/3reANGYvJciX3st68+/j+vgQxgHnMgTeYMeh4UfXi4ll5mmqPyzzw3M5RVkEPlb
ukbIlNx+w3tatwRPhM+p797fEUthsDAuTiLZgzGs8CgVVHgDvGsFisgHKK1kdidZFUpyee6ZwOSg2pOT2my//ABshvtRRAQha3EnWwUb17+Xm8hj4NfUiFvJW/4vFWfelrV/Of7YtHMH3fSFfVQI+UM=
b0BzcdxSBzGBRbEJeIF1yk87Lhj+hsTfxepiChnZkP3lL2X1jSMfvJbY49Kp2Yv27AdwJV4UPmYN60TQIRze0NiND/ja0bXNeSNbpwl/SaeWG77rCniF9QWGcSm5PoiJYUHg5KqDGeHq/WNoFvld
gaSSRE9E7H+rM18pV7BTY9PMwr7RZH2ou8sk5jis2MeDWRUUxGosWQ16mpnWyYikaCpLM7L8B3z4/C6UCfTM4aMhX3st68+/j+vgQxgHnMgTeYMeh4UfXi4ll5mmqPyzzw3M5RVkEPlb
NyOvQf54ySGZHxpBPXyG0Lyz5pxai8NtFnQv2kR/hEMCGeQ8mKJ60HpTHKCQ6JlUCDE9K18HLOmQ2N8XonAsMT71oWSS8/lSK1wHOMUoX7a5qwfF8TNgcuMwkgI7iC6Hh2xN6+6jix7n7/lgahf5Qg==
OEFjxA+5p1w49174SuqTvNG70I+EsA6KxURPr7Y22NeUzQh2D/EfrTqQ13YKqEeGztUDmmXxIh373POJQeo2Oflw
4nw2M8TThHto6+QoIzE8VM7RUkHLkaU+ij8oliEVVX1vSIfeqgD3Pk5tszLFWfJFO4Qj4aGCxkH5CA==
mUgmDDHYTLi3gzYwiu5H+49d8kREad3BNHTEIZs7jcWdZlk5Qb4wmQnheJSiQ5Ex0p2L2E75BQ==
2IPbTGi/nmp2V/lO6BBB3G+XAWzEolkP6WhoUAxmnmRNSyfYkwXVmG94GRztf7DBGFqkqsQOIE5Y4cecmOm8iqaS+ezwXtQNQIWjNG6Rkt7PhbnSn9sg45yw798m0sYsc4gHHqpAd/5OLjPzxRlyBTtEo6GhQkYB+Ug=
DhjS/7dOtX8YEfhB8oGxWfctNglVOD0TPIsWSdypi1QRI7M1QvbE406zandPkbdOUz1zngFdQknSACDT8+WYVeE8PPl3
gCcTY0zhcJc6h7q8n7l4U/ctNglVOD0TPI8UR9ypi1QRI7M1QvbE406zandPkbdOUz1znQFdQknSACDT8+WYVeE8PPl3
ia5PrplYZcl5IfhdkX6PgdPMwr7RZH2ou8sk5jis2MeDWRUUymosWQ16mp/WyYikaCpLM7L8B3z4/C6eCfTM4aMhX3st68+/j+vgQxgHnMgTeYMeh4UfXS0llpmmqPyzzw3M5RVkEPlb
lVtanMkCQefMHvwoliZi4tPMwr7RZH2ou8sk5jis2MeDWRUUyGosWQ16mp7WyYikaCpLM7L8B3z4/C6fCfTM4aMhX3st68+/j+vgQxgHnMgTeYMeh4UfXS0llpmmqPyzzw3M5RVkEPlb
OA8LszjJaBSBYX5U9etTar2z5pxai8NtFnQv2kR/hEMCGeQ8mKJ5iXFEAb60m9ZPXCAgNBsWJ/WH1cMmk3c+FliUuX6U8+VKKlwHOMUoX7a5qwfF8TNgcuMwkgI7iC2Eh21N6+6jix7n7/lgahf5Qg==
jwJojPtDTxAZs0sXNeKLLdPMwr7RZHnz7tEz7SK99ce1TCBVuglOEQF609yq2ZO1JmhaPqjLFmft/3reANGYu5ciX3st68+/j+vgQxgHnMgTeYMeh4UfXS0llpmmqPyzzw3M5RVkEPlb
W1kvVo5bExKqVG4UNaJ/SE87Lhj+hsTfxepiChnZkP3lL2X1jSMVvJbY49Kp2Yv27AFwJV4UPmYN60TQIRze0NiHD/ja0bXNeSNbpwl/SaeWG77rCniF9QWGcSm5PYuJYEHg5KqDGeHq/WNoFvld
ncPYHRqKPY+uxFEPwXFfsE87Lhj+hsTfxepiChnZkP3lL2X1jSMSvJbY49Kp2Yv27ABwJV4UPmYN60TQIRze0NiHD/ja0bXNeSNbpwl/SaeWG77rCniF9QWGcSm5PYuJYEHg5KqDGeHq/WNoFvld
kfDZepl5ZmVLtCCe6yD5UdPMwr7RZH2ou8sk5jis2MeDWRUUy2osWQ16mpjWyYikaCpLM7L8B3z4/C6ZCfTM4aMhX3st68+/j+vgQxgHnMgTeYMeh4UfXS0llpmmqPyzzw3M5RVkEPlb
AbtGXr9eUKI0jlVNZmCC572z5pxai8JtFnQv2kR/hEMCGeQ8mKIKwWBVHLyI6ZlUCDE8K18HLOmQ2N8XonAsMT71qGSS8/lSK1wHOMUoX7a5qwfF8TNgcuMwkgI7iC2Eh21N6+6jix7n7/lgahf5Qg==
HbqqAvTctYMqQESCnQJjEdPMwr7RZH7z7tEz7SK99ce1TCBVuglPEQF609yq2ZO1JmhaPqjLFmft/3reANGYvZciX3st68+/j+vgQxgHnMgTeYMeh4UfXS0llpmmqPyzzw3M5RVkEPlb
1e6oSB1i0YdjO0N6DdW15U87Lhj+hsffxepiChnZkP3lL2X1jSMSvJbY49Kp2Yv27AFwJV4UPmYN60TQIRze0NiGD/ja0bXNeSNbpwl/SaeWG77rCniF9QWGcSm5PYuJYEHg5KqDGeHq/WNoFvld
zFsZ6DXyPLNgRi9JrjQECNPMwr7RZH/z7tEz7SK99ce1TCBVuglNEQF609yq2ZO1JmhaPqjLFmft/3reANGYupciX3st68+/j+vgQxgHnMgTeYMeh4UfXS0llpmmqPyzzw3M5RVkEPlb
xfdQvdbZVhsJ2gs2nxdfR9PMwr7RZHzz7tEz7SK99ce1TCBVuglNEQF609yq2ZO1JmhaPqjLFmft/3reANGYuZciX3st68+/j+vgQxgHnMgTeYMeh4UfXS0llpmmqPyzzw3M5RVkEPlb
AwlNIsgWuYhpAeaLyXp0YtPMwr7RZHnz7tEz7SK99ce1TCBVuglIEQF609yq2ZO1JmhaPqjLFmft/3reANGYsJciX3st68+/j+vgQxgHnMgTeYMeh4UfXS0llpmmqPyzzw3M5RVkEPlb
4r17PXUfBSGbNXlmbahX8dG70I+EsA6KxURPr7Y22NeUzQh2D/EfrTqQ13YKqEeGzdYDm2XxIh373POJQeo2Oflw
jmb3o3sJihTKMZq40Y6TW87RUkHLkaU+ij8oliEVVX1vSIfeqgD3Pk1uszPFWfJFO4Qj4aGCxkH5CA==
MGHChfe12qQ0ATpvxyh+I49d8kREad3BNHTEIZs7jcWdZlk5Qb0zmQjheJSiQ5Ex0p2L2E75BQ==
3Pn9iFKROogPcNi7IeooPM7sjc3J4EzXkh4d+qJ41cLaljtJD65ChyyQ13YKqEeGydQDm2XxIh373POJQeo2Oflw
JETcow/xAHQwaIBRxCzBbM7sjs3J4EzXkh4d+qJ41cLaljtJD65ChyyQ13YKqEeGzdUDm2XxIh373POJQeo2Oflw
qRLGmlz2AyW8IUAjibY90Mzsjs3J4EzXkh4d+qJ41cLaljtJD65ChyyQ13YKqEeGzdIDm2XxIh373POJQeo2Oflw
Wirn4x4WJDEcyKS0XAlbVW+XAWzHolkP6WhrUAxmnmRNSyfYkwXVmG94GRztf7DBGFqkqsQOIE5Y4cecmOm8iqaS+ezwXtQNQIWjNG6Rkt7PhbnSn9sg45yw798m0sYsc4gHHqpAd/5DKzPzxRlyBTtEo6GhQkYB+Ug=
DHq0y5zKWFAdhUVQ4cMajvctNglVOD0TPIsWSdypi1QRI7M1QvbE406zandPkbdOUz1zkgRdQknSACDT8+WYVeE8PPl3
1a594/JbR0Wr5Fbf0JPTefctNglVOD0TPI8UR9ypi1QRI7M1QvbE406zandPkbdOUz1zkgRdQknSACDT8+WYVeE8PPl3
FVHAAuCKY98vlxwQXgepzNPMwr7RZH2ou8sk5jis2MeDWRUUy2osWQ16mpjWyYikaCpLM7L8B3z4/C6ZCfTM4aMhX3st68+/j+vgQxgHnMgTeYMeh4UfUigllpmmqPyzzw3M5RVkEPlb
q19ZaAbbVQz5IHyr6gXP9dPMwr7RZHnz7tEz7SK99ce1TCBVuglOEQF609yq2ZO1JmhaPqjLFmft/3reANGYu5ciX3st68+/j+vgQxgHnMgTeYMeh4UfUigllpmmqPyzzw3M5RVkEPlb
++iSoXScvLU5xOpsrT7TuU87Lhj+hsTfxepiChnZkP3lL2X1jSMVvJbY49Kp2Yv27AFwJV4UPmYN60TQIRze0NiHD/ja0bXNeSNbpwl/SaeWG77rCniF9QWGcSm5Mo6JYEHg5KqDGeHq/WNoFvld
EEAu/qDaPe2xUpFvKYc5LdPMwr7RZH7z7tEz7SK99ce1TCBVuglPEQF609yq2ZO1JmhaPqjLFmft/3reANGYvZciX3st68+/j+vgQxgHnMgTeYMeh4UfUigllpmmqPyzzw3M5RVkEPlb
On7NMIy8azMm0lNLl/UnIdPMwr7RZH2ou8sk5jis2MeDWRUUymosWQ16mp/WyYikaCpLM7L8B3z4/C6eCfTM4aMhX3st68+/j+vgQxgHnMgTeYMeh4UfUigllpmmqPyzzw3M5RVkEPlb
Bllr+o9v55iZmBOCB0sYc087Lhj+hsffxepiChnZkP3lL2X1jSMSvJbY49Kp2Yv27AFwJV4UPmYN60TQIRze0NiGD/ja0bXNeSNbpwl/SaeWG77rCniF9QWGcSm5Mo6JYEHg5KqDGeHq/WNoFvld
21XoVE1lmSXuxMjmq5DVJ9PMwr7RZH2ou8sk5jis2MeDWRUUyGosWQ16mp7WyYikaCpLM7L8B3z4/C6fCfTM4aMhX3st68+/j+vgQxgHnMgTeYMeh4UfUigllpmmqPyzzw3M5RVkEPlb
zJFx51wtcKCtLFBt2I64gb2z5pxai8JtFnQv2kR/hEMCGeQ8mKIKwWBVHLyI6ZlUCDE8K18HLOmQ2N8XonAsMT71qGSS8/lSK1wHOMUoX7a5qwfF8TNgcuMwkgI7iCKBh21N6+6jix7n7/lgahf5Qg==
bqaRp71T3f+Izvn+1Y5KrL2z5pxai8NtFnQv2kR/hEMCGeQ8mKJ5iXFEAb60m9ZPXCAgNBsWJ/WH1cMmk3c+FliUuX6U8+VKKlwHOMUoX7a5qwfF8TNgcuMwkgI7iCKBh21N6+6jix7n7/lgahf5Qg==
ikkcP95/8H2dY3yUg0h4UtPMwr7RZHzz7tEz7SK99ce1TCBVuglNEQF609yq2ZO1JmhaPqjLFmft/3reANGYuZciX3st68+/j+vgQxgHnMgTeYMeh4UfUigllpmmqPyzzw3M5RVkEPlb
iMSJrumTgnF+BcNZvZkM/dPMwr7RZH/z7tEz7SK99ce1TCBVuglNEQF609yq2ZO1JmhaPqjLFmft/3reANGYupciX3st68+/j+vgQxgHnMgTeYMeh4UfUigllpmmqPyzzw3M5RVkEPlb
1QHjFm6acnJPGxrTKDDCg087Lhj+hsTfxepiChnZkP3lL2X1jSMSvJbY49Kp2Yv27ABwJV4UPmYN60TQIRze0NiHD/ja0bXNeSNbpwl/SaeWG77rCniF9QWGcSm5Mo6JYEHg5KqDGeHq/WNoFvld
HOeIk309jVAgFvvR6OrkPNPMwr7RZHnz7tEz7SK99ce1TCBVuglIEQF609yq2ZO1JmhaPqjLFmft/3reANGYsJciX3st68+/j+vgQxgHnMgTeYMeh4UfUigllpmmqPyzzw3M5RVkEPlb
puw+gMwxkJ7gg+PHcHdLXNG70I+EsA6KxURPr7Y22NeUzQh2D/EfrTqQ13YKqEeGwtMDm2XxIh373POJQeo2Oflw
fRj05roLdG+lwWDZUcyn0c7RUkHLkaU+ij8oliEVVX1vSIfeqgD3PkJrszPFWfJFO4Qj4aGCxkH5CA==
KaNFkDLyEXSzWV3bwTFIjo9d8kREad3BNHTEIZs7jcWdZlk5QbI2mQjheJSiQ5Ex0p2L2E75BQ==
IbfjQ32HImIz9tEUviwOec7sjs3J4EzXkh4d+qJ41cLaljtJD65ChyyQ13YKqEeGydcDmWXxIh373POJQeo2Oflw
PpX/H7II49bykwajBCQdBM7sj83J4EzXkh4d+qJ41cLaljtJD65ChyyQ13YKqEeGytQDmWXxIh373POJQeo2Oflw
UfvlaW7IzIOZM6ofQJ2q1M7siM3J4EzXkh4d+qJ41cLaljtJD65ChyyQ13YKqEeGwtQDmWXxIh373POJQeo2Oflw
HY6NRYbf4RIUU8rTm9NlXm+XAWzEolkP6WhrUAxmnmRNSyfYkwXVmG94GRztf7DBGFqkqsQOIE5Y4cecmOm8iqaS+ezwXtQNQIWjNG6Rkt7PhbnSn9sg45yw798m0sYsc4gHHqpAd/5OKjPxxRlyBTtEo6GhQkYB+Ug=
DVMIflwl8oGrXdw9sClASvctNglVOD0TPIsWSdypi1QRI7M1QvbE406zandPkbdOUz1zngVdQEnSACDT8+WYVeE8PPl3
9ws2IBmLWb90kF6V6W+zX/ctNglVOD0TPI8UR9ypi1QRI7M1QvbE406zandPkbdOUz1zngVdQEnSACDT8+WYVeE8PPl3
AWA5T9/gCVWKdcmeKpdkXtJ4EyYSiiqIaWNhRrfrZyCI6jCuxHg7HVbV6M7Il0dgdz9DC/t0/1Ee7EzovGau5Ql4DyJfCgnun+zNBa8nbYXw+GeuapCX7k46U6GFqZL1u/QD0eESZhH5WA==
RZ0T/Rp9GHV+nzb1qUQqFt7fEUthsDB1GzjOiCu93SgjQU1CzggU3soNH6F7S0QWDh5jZPDd0e+8zZ6P61247icKl+BRRAQha3EnWwUb17+Xm8hj4NfUiFvJW/4vFWfekbV8Of7YtHMH3fSFfVQI+UM=
W4LLl1QzuqIQeyMW5zR/HdXMwr7RZH3z74pm7zGx79ajGBIZjkwIDA1cmsSN2c3uN3ceN6fQAWrKmkyAE/LM/bsgX3st68+/j+vgQxgHnMgTeYMeh4UfXikllJmmqPyzzw3M5RVkEPlb
CcydQlOjIKzIhPLvgODoINXMwr7RZH3z74pm7zGx79ajGBAZjkwIDA1cmsSN2c3uN3ceN6fQAWrKmk+AE/LM/bsgX3st68+/j+vgQxgHnMgTeYMeh4UfXikllJmmqPyzzw3M5RVkEPlb
0gN4vQtYN6j2LD89LdIGE9N4EyYSiirTPHl2Ta36SiC+/wXvthsoEEvEvIqI9BNqbW0WF+pf+UcX3imv4m+LsVNMDCJfCgnun+zNBa8nbYXw+GeuapCX7k46U6GFqZL1u/QD0eESZhH5WA==
b/Z7pim5Fuf5e8LAwlHBitXMwr7RZHzz74pm7zGx79ajGBAZjkwIDA1cmsSN2czuN3ceN6fQAWrKmkyAE/LM/bsgX3st68+/j+vgQxgHnMgTeYMeh4UfXikllJmmqPyzzw3M5RVkEPlb
77OiFH9QO381RGLZdPNMpdXMwr7RZHzz74pm7zGx79ajGBcZjkwIDA1cmsSN2czuNnceN6fQAWrKmk2AE/LM/bsgX3st68+/j+vgQxgHnMgTeYMeh4UfXikllJmmqPyzzw3M5RVkEPlb
ECPwQs7qwpFgd3aZKeVycNJ4EyYSiivTPHl2Ta36SiC+/wXvthtZEFHCvJaQ9RNqbW0WF+pf+UcX3imv4m+LsVJMDCJfCgnun+zNBa8nbYXw+GeuapCX7k46U6GFqZL1u/QD0eESZhH5WA==
1gZzJgryjNgGOyVT1hkBE97fEUthsDB1GzjOiCu93SgjQU1CzggX3soNH6F7S0QWDh5jZPDd0e+8zZ6P61247icKlOBRRAQha3EnWwUb17+Xm8hj4NfUiFvJW/4vFWfekbV8Of7YtHMH3fSFfVQI+UM=
U42rloqM2oRX2r31kBhn2tJ4EyYSiivTPHl2Ta36SiC+/wXvthtaEFHCvJaQ9RNqbW0WF+pf+UcX3imv4m+LsVFMDCJfCgnun+zNBa8nbYXw+GeuapCX7k46U6GFqZL1u/QD0eESZhH5WA==
ZX5c78hZynDi8Rst65bkK97fEUthsDB1GzjOiCu93SgjQU1CzggR3soNH6F7S0QWDh5jZPHd0e+8zZ6P61247icKleBRRAQha3EnWwUb17+Xm8hj4NfUiFvJW/4vFWfekbV8Of7YtHMH3fSFfVQI+UM=
XF6+aSGvS7vYqw5jpv0XKtG70I+EsA6KxURPr7Y22NeUzQh2D/EfrTqQ13YKqEeGztIDmWXxIh373POJQeo2Oflw
ZIYcwN54q5ffvO9freGK1s7RUkHLkaU+ij8oliEVVX1vSIfeqgD3Pk5qszHFWfJFO4Qj4aGCxkH5CA==
uyOwRnYQPKlGbD+/Nk98Jo9d8kREad3BNHTEIZs7jcWdZlk5Qb43mQrheJSiQ5Ex0p2L2E75BQ==
ghl9HBFRbC5El1G4JqwSHc7sjs3J4EzXkh4d+qJ41cLaljtJD65ChyyQ13YKqEeGzdMDmWXxIh373POJQeo2Oflw
HKRLpMpjxrCHPu8GdlUus87siM3J4EzXkh4d+qJ41cLaljtJD65ChyyQ13YKqEeGz9YDlmXxIh373POJQeo2Oflw
C1sPUUI+aItgcjrWriaf087sj83J4EzXkh4d+qJ41cLaljtJD65ChyyQ13YKqEeGydcDlmXxIh373POJQeo2Oflw
L3rliEwg3bYIvpfMMPDthG+XAWzFolkP6WhrUAxmnmRNSyfYkwXVmG94GRztf7DBGFqkqsQOIE5Y4cecmOm8iqaS+ezwXtQNQIWjNG6Rkt7PhbnSn9sg45yw798m0sYsc4gHHqpAd/5NLDP+xRlyBTtEo6GhQkYB+Ug=
WYAzNf4pE/zbvXJ9QElGVvctNglVOD0TPIsWSdypi1QRI7M1QvbE406zandPkbdOUz1znQNdT0nSACDT8+WYVeE8PPl3
zF4Me6YXg6X4Mam3EqOT2/ctNglVOD0TPI8UR9ypi1QRI7M1QvbE406zandPkbdOUz1znQNdT0nSACDT8+WYVeE8PPl3
kJiTkoMuE3qkODo0GKrcrtJ4EyYSiiqIaWNhRrfrZyCI6jCuxHg7HVbV6M7Il0dgdz9DC/t0/1Ee7EzovGau5Ql4DyJfCgnun+zNBa8nbYXw+GeuapCX7k08U66FqZL1u/QD0eESZhH5WA==
9LHY+IldjqTBncoufCDS19J4EyYSiivTPHl2Ta36SiC+/wXvthtZEFHCvJaQ9RNqbW0WF+pf+UcX3imv4m+LsVJMDCJfCgnun+zNBa8nbYXw+GeuapCX7k08U66FqZL1u/QD0eESZhH5WA==
dJ5OOm0xvN+EjYpxpCF4Dd7fEUthsDB1GzjOiCu93SgjQU1CzggX3soNH6F7S0QWDh5jZPDd0e+8zZ6P61247icKlOBRRAQha3EnWwUb17+Xm8hj4NfUiFvJW/4vFWfdl7VzOf7YtHMH3fSFfVQI+UM=
Nq2MOHpJAFOgb/bDXkko/dXMwr7RZH3z74pm7zGx79ajGBIZjkwIDA1cmsSN2c3uN3ceN6fQAWrKmkyAE/LM/bsgX3st68+/j+vgQxgHnMgTeYMeh4UfXS8lm5mmqPyzzw3M5RVkEPlb
TEpmMC9VOc6ahCLe5BKnt9XMwr7RZHzz74pm7zGx79ajGBAZjkwIDA1cmsSN2czuN3ceN6fQAWrKmkyAE/LM/bsgX3st68+/j+vgQxgHnMgTeYMeh4UfXS8lm5mmqPyzzw3M5RVkEPlb
2vDJU35kvLIrk4eF+h6pO97fEUthsDB1GzjOiCu93SgjQU1CzggR3soNH6F7S0QWDh5jZPHd0e+8zZ6P61247icKleBRRAQha3EnWwUb17+Xm8hj4NfUiFvJW/4vFWfdl7VzOf7YtHMH3fSFfVQI+UM=
k2VSLYO1fgZqiQiKQCNXAtN4EyYSiirTPHl2Ta36SiC+/wXvthsoEEvEvIqI9BNqbW0WF+pf+UcX3imv4m+LsVNMDCJfCgnun+zNBa8nbYXw+GeuapCX7k08U66FqZL1u/QD0eESZhH5WA==
5E0MIYBRBuHpqI58MwB0adXMwr7RZHzz74pm7zGx79ajGBcZjkwIDA1cmsSN2czuNnceN6fQAWrKmk2AE/LM/bsgX3st68+/j+vgQxgHnMgTeYMeh4UfXS8lm5mmqPyzzw3M5RVkEPlb
3B7M9ZwChuDvf0WNIhMvONXMwr7RZH3z74pm7zGx79ajGBAZjkwIDA1cmsSN2c3uN3ceN6fQAWrKmk+AE/LM/bsgX3st68+/j+vgQxgHnMgTeYMeh4UfXS8lm5mmqPyzzw3M5RVkEPlb
ypzUzRekdBegGTlMyP+6p9J4EyYSiivTPHl2Ta36SiC+/wXvthtaEFHCvJaQ9RNqbW0WF+pf+UcX3imv4m+LsVFMDCJfCgnun+zNBa8nbYXw+GeuapCX7k08U66FqZL1u/QD0eESZhH5WA==
wAjF/z/9mVBgSOO1nSkSk97fEUthsDB1GzjOiCu93SgjQU1CzggU3soNH6F7S0QWDh5jZPDd0e+8zZ6P61247icKl+BRRAQha3EnWwUb17+Xm8hj4NfUiFvJW/4vFWfdl7VzOf7YtHMH3fSFfVQI+UM=
LK6jKW1T1khdflgxrXQDv9G70I+EsA6KxURPr7Y22NeUzQh2D/EfrTqQ13YKqEeGzdQDlmXxIh373POJQeo2Oflw
SJxQVPdo2MmFCkbvHoL12s7RUkHLkaU+ij8oliEVVX1vSIfeqgD3Pk1ssz7FWfJFO4Qj4aGCxkH5CA==
YUGL7NPOESKOaSiZj6Lmfo9d8kREad3BNHTEIZs7jcWdZlk5Qb0xmQXheJSiQ5Ex0p2L2E75BQ==
/NR9AkSiGr6K7jD1auh54c2xuyS8pQ18nc0pLicKVCjqFj0de3I7u3E6z5715hWRJFOI7BggTJCkzNhnSwYAZwg4FgRlBhigMO+gIw+O1j/GjJ/zxZjXhWSh3HYjBf4cMt6DXts0gn5T3GxLX4S9d2YXK3Kfq6lcQgP5Tg==
4tGfW+AGQgxScef0aogI2vctNglVOD0TPIsWSdypi1QRI7M1QvbE406zandPkbdOUz1zkwJdT0nSACDT8+WYVeE8PPl3
LQTVhP5YMdyTF0bXFyytHPctNglVOD0TPI8UR9ypi1QRI7M1QvbE406zandPkbdOUz1zkwJdT0nSACDT8+WYVeE8PPl3
NigjxfOq+X9NnzR9kQWo6t7fEUthsDB1GzjOiCu93SgjQU1CzggU3soNH6F7S0QWDh5jZPDd0e+8zZ6P61247icKl+BRRAQha3EnWwUb17+Xm8hj4NfUiFvJW/4vFWfTlrVzOf7YtHMH3fSFfVQI+UM=
AEFn+ycLRATF4Dbn2hRfLNXMwr7RZH3z74pm7zGx79ajGBIZjkwIDA1cmsSN2c3uN3ceN6fQAWrKmkyAE/LM/bsgX3st68+/j+vgQxgHnMgTeYMeh4UfUy4lm5mmqPyzzw3M5RVkEPlb
Up1r16Rc64kfUj6gqFsC5NXMwr7RZH3z74pm7zGx79ajGBAZjkwIDA1cmsSN2c3uN3ceN6fQAWrKmk+AE/LM/bsgX3st68+/j+vgQxgHnMgTeYMeh4UfUy4lm5mmqPyzzw3M5RVkEPlb
i2wHs/8YKQuWcsCZzSrq4NJ4EyYSiiqIaWNhRrfrZyCI6jCuxHg7HVbV6M7Il0dgdz9DC/t0/1Ee7EzovGau5Ql4DyJfCgnun+zNBa8nbYXw+GeuapCX7kM9U66FqZL1u/QD0eESZhH5WA==
UAMkgZg04cBe8of9swInHN7fEUthsDB1GzjOiCu93SgjQU1CzggX3soNH6F7S0QWDh5jZPDd0e+8zZ6P61247icKlOBRRAQha3EnWwUb17+Xm8hj4NfUiFvJW/4vFWfTlrVzOf7YtHMH3fSFfVQI+UM=
8swFMtAp22pu7A1m7pRXFtXMwr7RZHzz74pm7zGx79ajGBAZjkwIDA1cmsSN2czuN3ceN6fQAWrKmkyAE/LM/bsgX3st68+/j+vgQxgHnMgTeYMeh4UfUy4lm5mmqPyzzw3M5RVkEPlb
Yyk40ujMOOlZzYc5e/6L0dJ4EyYSiivTPHl2Ta36SiC+/wXvthtZEFHCvJaQ9RNqbW0WF+pf+UcX3imv4m+LsVJMDCJfCgnun+zNBa8nbYXw+GeuapCX7kM9U66FqZL1u/QD0eESZhH5WA==
b43iB9l2pfZBa/anJPipj9N4EyYSiirTPHl2Ta36SiC+/wXvthsoEEvEvIqI9BNqbW0WF+pf+UcX3imv4m+LsVNMDCJfCgnun+zNBa8nbYXw+GeuapCX7kM9U66FqZL1u/QD0eESZhH5WA==
eygt/7CHA85xnwGo5AmgWN7fEUthsDB1GzjOiCu93SgjQU1CzggR3soNH6F7S0QWDh5jZPHd0e+8zZ6P61247icKleBRRAQha3EnWwUb17+Xm8hj4NfUiFvJW/4vFWfTlrVzOf7YtHMH3fSFfVQI+UM=
IgTok5UbT790EFhsHo9lW9XMwr7RZHzz74pm7zGx79ajGBcZjkwIDA1cmsSN2czuNnceN6fQAWrKmk2AE/LM/bsgX3st68+/j+vgQxgHnMgTeYMeh4UfUy4lm5mmqPyzzw3M5RVkEPlb
r9MS1V86PxY4DnHBAHOFktJ4EyYSiivTPHl2Ta36SiC+/wXvthtaEFHCvJaQ9RNqbW0WF+pf+UcX3imv4m+LsVFMDCJfCgnun+zNBa8nbYXw+GeuapCX7kM9U66FqZL1u/QD0eESZhH5WA==
YSVrtHWOuGOoP8mzqnQ7d9G70I+EsA6KxURPr7Y22NeUzQh2D/EfrTqQ13YKqEeGw9UDlmXxIh373POJQeo2Oflw
EXpNnWoKpSvjpxRD16LRqM7RUkHLkaU+ij8oliEVVX1vSIfeqgD3PkNtsz7FWfJFO4Qj4aGCxkH5CA==
qFB7bDZdHnNMupxrxTckco9d8kREad3BNHTEIZs7jcWdZlk5QbMwmQXheJSiQ5Ex0p2L2E75BQ==
l2tAFk9wKxOnsTIsYPDncM7sjs3J4EzXkh4d+qJ41cLaljtJD65ChyyQ13YKqEeGyNMDlmXxIh373POJQeo2Oflw
jLdPeE0euStaRgk+rb2ZNc7sj83J4EzXkh4d+qJ41cLaljtJD65ChyyQ13YKqEeGw9MDlmXxIh373POJQeo2Oflw
+jxkeRAghkw0txFC3v2x3s7siM3J4EzXkh4d+qJ41cLaljtJD65ChyyQ13YKqEeGy9YDl2XxIh373POJQeo2Oflw
gNnjn5YlhVXlIWCMlc0gMc7sjc3J4EzXkh4d+qJ41cLaljtJD65BhyyQ13YKqEeGy9cDl2XxIh373POJQeo2Oflw
Vxh7t0fC0XSyFITiw+JveM7sjs3J4EzXkh4d+qJ41cLaljtJD65BhyyQ13YKqEeGwtcDl2XxIh373POJQeo2Oflw
11XnNB8hVjsfK8fXOZ9VPs2xuyS/pQ18nc0pLicKVCjqFj0de3I7u3E6z5715hWRJFOI7BggTJCkzNhnSwYAZwg4FgRlBhigMO+gIw+O1j/GjJ/zxZjXhWSh3HYjBf4cMt6DXts0gn5T3GxKX4W9d2YXK3Kfq6lcQgP5Tg==
fjxuq6+dQLBAsUpQq1po4/ctNglVOD0TPIsWSdypi1QRI7M1QvbE406zandPkbdOUz1znANdTknSACDT8+WYVeE8PPl3
NgYl5esERBsSJTlab7R6F/ctNglVOD0TPI8UR9ypi1QRI7M1QvbE406zandPkbdOUz1znANdTknSACDT8+WYVeE8PPl3
iOJ7J97kI/sDo3OD7e9feN7fEUthsDB1GzjOiCu93SgjQU1CzggX3soNH6F7S0QWDh5jZPDd0e+8zZ6P61247icKlOBRRAQha3EnWwUb17+Xm8hj4NfUiFvJW/4vFWfcl7VyOf7YtHMH3fSFfVQI+UM=
udQ5JyffMQlt42N1df50+9XMwr7RZH3z74pm7zGx79ajGBIZjkwIDA1cmsSN2c3uN3ceN6fQAWrKmkyAE/LM/bsgX3st68+/j+vgQxgHnMgTeYMeh4UfXC8lmpmmqPyzzw3M5RVkEPlb
3m77VOo4Og2iMxI+q7qtTtXMwr7RZHzz74pm7zGx79ajGBAZjkwIDA1cmsSN2czuN3ceN6fQAWrKmkyAE/LM/bsgX3st68+/j+vgQxgHnMgTeYMeh4UfXC8lmpmmqPyzzw3M5RVkEPlb
+Ze8CQxOFNIQkRJlRTsPNNJ4EyYSiivTPHl2Ta36SiC+/wXvthtZEFHCvJaQ9RNqbW0WF+pf+UcX3imv4m+LsVJMDCJfCgnun+zNBa8nbYXw+GeuapCX7kw8U6+FqZL1u/QD0eESZhH5WA==
gyOwOvvnM2X5krpqN4KMY97fEUthsDB1GzjOiCu93SgjQU1CzggU3soNH6F7S0QWDh5jZPDd0e+8zZ6P61247icKl+BRRAQha3EnWwUb17+Xm8hj4NfUiFvJW/4vFWfcl7VyOf7YtHMH3fSFfVQI+UM=
nFUAZMJfDAQpmwxKKdcBNNXMwr7RZH3z74pm7zGx79ajGBAZjkwIDA1cmsSN2c3uN3ceN6fQAWrKmk+AE/LM/bsgX3st68+/j+vgQxgHnMgTeYMeh4UfXC8lmpmmqPyzzw3M5RVkEPlb
nEjZN1LQsvdMRiYPAY+imNJ4EyYSiiqIaWNhRrfrZyCI6jCuxHg7HVbV6M7Il0dgdz9DC/t0/1Ee7EzovGau5Ql4DyJfCgnun+zNBa8nbYXw+GeuapCX7kw8U6+FqZL1u/QD0eESZhH5WA==
xUMGlGwDdecDCUjSiilcy97fEUthsDB1GzjOiCu93SgjQU1CzggR3soNH6F7S0QWDh5jZPHd0e+8zZ6P61247icKleBRRAQha3EnWwUb17+Xm8hj4NfUiFvJW/4vFWfcl7VyOf7YtHMH3fSFfVQI+UM=
D8tVRo9ZkS3jROBbEeG4IdN4EyYSiirTPHl2Ta36SiC+/wXvthsoEEvEvIqI9BNqbW0WF+pf+UcX3imv4m+LsVNMDCJfCgnun+zNBa8nbYXw+GeuapCX7kw8U6+FqZL1u/QD0eESZhH5WA==
tK1nhKRuZGrTYYgm3izIltXMwr7RZHzz74pm7zGx79ajGBcZjkwIDA1cmsSN2czuNnceN6fQAWrKmk2AE/LM/bsgX3st68+/j+vgQxgHnMgTeYMeh4UfXC8lmpmmqPyzzw3M5RVkEPlb
bGnfqhaV+Psbd96MxEk2vdJ4EyYSiivTPHl2Ta36SiC+/wXvthtaEFHCvJaQ9RNqbW0WF+pf+UcX3imv4m+LsVFMDCJfCgnun+zNBa8nbYXw+GeuapCX7kw8U6+FqZL1u/QD0eESZhH5WA==
djMi4+NXLWmG5JNnn/fFMtG70I+EsA6KxURPr7Y22NeUzQh2D/EfrTqQ13YKqEeGzNQDl2XxIh373POJQeo2Oflw
OG8Th5ndr3FC4lALTXJh987RUkHLkaU+ij8oliEVVX1vSIfeqgD3Pkxssz/FWfJFO4Qj4aGCxkH5CA==
CwWO0gTir0qaqvJD7TAgRY9d8kREad3BNHTEIZs7jcWdZlk5QbwxmQTheJSiQ5Ex0p2L2E75BQ==
H88uzQCemt2krgpNPw1tSM7sjs3J4EzXkh4d+qJ41cLaljtJD65ChyyQ13YKqEeGzdUDl2XxIh373POJQeo2Oflw
DJZJgpQhwxpYhSAzTPS1vM7sj83J4EzXkh4d+qJ41cLaljtJD65ChyyQ13YKqEeGy9IDl2XxIh373POJQeo2Oflw
v6nEtZeTGU1J//zxD387gM7siM3J4EzXkh4d+qJ41cLaljtJD65ChyyQ13YKqEeGw9IDl2XxIh373POJQeo2Oflw
gp6A8yMksjmYLRAc0H4XSc7sjc3J4EzXkh4d+qJ41cLaljtJD65BhyyQ13YKqEeGyNYDnmbxIh373POJQeo2Oflw
sw3uWmcuGApLc9RlHPxybc7sj83J4EzXkh4d+qJ41cLaljtJD65BhyyQ13YKqEeGzdcDnmbxIh373POJQeo2Oflw
fO4puvWpfrMhhzoC0AcCjc7siM3J4EzXkh4d+qJ41cLaljtJD65BhyyQ13YKqEeGwtcDnmbxIh373POJQeo2Oflw
l/q/HFjhSoBRtMubUy1aEcaRZiU2InQAul59VSvamxPhsk8WZU61OXQbyKRICGy4tMTYb1suIE9YcFZMNa64CKBnIKufJnaXlsTfu5Ww9610qdx+My3eNGKWwxaLnCLWw1Tjws8kHt82X2s6z4OJdFIL+UY=
j5aFRCvN4qVpw6/PyA9Qm/ctNglVOD0TPIsWSdypi1QRI7M1QvbE406zandPkbdOUz1zkwNdR0rSACDT8+WYVeE8PPl3
dr/xHS6j/QPFvX68Jj7x6PctNglVOD0TPI8UR9ypi1QRI7M1QvbE406zandPkbdOUz1zkwNdR0rSACDT8+WYVeE8PPl3
iDmwvONnA9u0E7TXjDkcG9J4EyYSiivTPHl2Ta36SiC+/wXvthtZEFHCvJaQ9RNqbW0WF+pf+UcX3imv4m+LsVJMDCJfCgnun+zNBa8nbYXw+GeuapCX7kM8U6aGqZL1u/QD0eESZhH5WA==
0utXWLRCk2tMqX/ESe+vmdN4EyYSiirTPHl2Ta36SiC+/wXvthsoEEvEvIqI9BNqbW0WF+pf+UcX3imv4m+LsVNMDCJfCgnun+zNBa8nbYXw+GeuapCX7kM8U6aGqZL1u/QD0eESZhH5WA==
XBB5EuNsYVh8W7MGGum2ytXMwr7RZHzz74pm7zGx79ajGBAZjkwIDA1cmsSN2czuN3ceN6fQAWrKmkyAE/LM/bsgX3st68+/j+vgQxgHnMgTeYMeh4UfUy8lk5qmqPyzzw3M5RVkEPlb
iyQFHLt5iXJllNVq0R4bB9XMwr7RZH3z74pm7zGx79ajGBAZjkwIDA1cmsSN2c3uN3ceN6fQAWrKmk+AE/LM/bsgX3st68+/j+vgQxgHnMgTeYMeh4UfUy8lk5qmqPyzzw3M5RVkEPlb
FcaH5hGp+85P5QZWcfgsadXMwr7RZHzz74pm7zGx79ajGBcZjkwIDA1cmsSN2czuNnceN6fQAWrKmk2AE/LM/bsgX3st68+/j+vgQxgHnMgTeYMeh4UfUy8lk5qmqPyzzw3M5RVkEPlb
r0EXpNieS1YesLyRirLO/9J4EyYSiiqIaWNhRrfrZyCI6jCuxHg7HVbV6M7Il0dgdz9DC/t0/1Ee7EzovGau5Ql4DyJfCgnun+zNBa8nbYXw+GeuapCX7kM8U6aGqZL1u/QD0eESZhH5WA==
VgmADcffQNBgptO9BwALfd7fEUthsDB1GzjOiCu93SgjQU1CzggU3soNH6F7S0QWDh5jZPDd0e+8zZ6P61247icKl+BRRAQha3EnWwUb17+Xm8hj4NfUiFvJW/4vFWfTl7V7Ov7YtHMH3fSFfVQI+UM=
/9LkVUwgmmafx/lJO32Mj9XMwr7RZH3z74pm7zGx79ajGBIZjkwIDA1cmsSN2c3uN3ceN6fQAWrKmkyAE/LM/bsgX3st68+/j+vgQxgHnMgTeYMeh4UfUy8lk5qmqPyzzw3M5RVkEPlb
2aI7X5WSnsyUB0zqRyF3VdJ4EyYSiivTPHl2Ta36SiC+/wXvthtaEFHCvJaQ9RNqbW0WF+pf+UcX3imv4m+LsVFMDCJfCgnun+zNBa8nbYXw+GeuapCX7kM8U6aGqZL1u/QD0eESZhH5WA==
aEcEoosdkxMcojZrPsm7J97fEUthsDB1GzjOiCu93SgjQU1CzggR3soNH6F7S0QWDh5jZPHd0e+8zZ6P61247icKleBRRAQha3EnWwUb17+Xm8hj4NfUiFvJW/4vFWfTl7V7Ov7YtHMH3fSFfVQI+UM=
qDYP2Kh+fqjlweWi8SGz2t7fEUthsDB1GzjOiCu93SgjQU1CzggX3soNH6F7S0QWDh5jZPDd0e+8zZ6P61247icKlOBRRAQha3EnWwUb17+Xm8hj4NfUiFvJW/4vFWfTl7V7Ov7YtHMH3fSFfVQI+UM=
t9gdRNTdjDBa9Up2h4ZCVdG70I+EsA6KxURPr7Y22NeUzQh2D/EfrTqQ13YKqEeGw9QDnmbxIh373POJQeo2Oflw
amQH/2AJCa9aQjTsJnACaM7RUkHLkaU+ij8oliEVVX1vSIfeqgD3PkNsszbGWfJFO4Qj4aGCxkH5CA==
gR3qVOxkLVQpxYFI8f16qY9d8kREad3BNHTEIZs7jcWdZlk5QbMxmQ3ieJSiQ5Ex0p2L2E75BQ==
t7Odl0yyuK+LGUik/YPS3TO0rzwc9KJZy8z1oDn0HTUgeXUnsgdJv4vvyTGwCohQAerXgEliDxgiAVlUFnZTflnHoaQJpnww1vUBUr5INyd+Vw+7/ALCvNOJukrN7BVLoxnzXrdl710eBePaFggMM1+tnKVFRAD5Sw==
N6HgXcUCrDQ6DvVBAWC/fvctNglVOD0TPIsWSdypi1QRI7M1QvbE406zandPkbdOUz1znQJdR0rSACDT8+WYVeE8PPl3
fiBVwyTxGDdtoOALXS9e5vctNglVOD0TPI8UR9ypi1QRI7M1QvbE406zandPkbdOUz1znQJdR0rSACDT8+WYVeE8PPl3
250OIYsGSB6uuW76ft7ghdJ4EyYSiirTPHl2Ta36SiC+/wXvthtUAhnOvN/WiQNxfCNUBudFzlYMyyr7o2au5Ql4DyJfCgnun+zNBa8nbYXw+GeuapCX7k09U6aGqZL1u/QD0eESZhH5WA==
+OioGAv9R5bBRI7xLUuD6087Lhj+hsTfxepiChnZkP3lL2X1jSMVvJbY49Kp2Yv27AFwJV4UPmYN60TQIRze0NiHD/ja0bXNeSNbpwl/SaeWG77rCniF9QWGcSm5PYiJZULg5KqDGeHq/WNoFvld
/kjWk5swzDn7/FRzDBMxtk87Lhj+hsTfxepiChnZkP3lL2X1jSMSvJbY49Kp2Yv27ABwJV4UPmYN60TQIRze0NiHD/ja0bXNeSNbpwl/SaeWG77rCniF9QWGcSm5PYiJZULg5KqDGeHq/WNoFvld
TmQUhyvDbDhtFK9EF0SHMk87Lhj+hsTfxepiChnZkP3lL2X1jSMTvJbY49Kp2Yv27AdwJV4UPmYN60TQIRze0NiHD/ja0bXNeSNbpwl/SaeWG77rCniF9QWGcSm5PYiJZULg5KqDGeHq/WNoFvld
Qv14YNGV94kvLGVy/llv7k87Lhj+hsTfxepiChnZkP3lL2X1jSMQvJbY49Kp2Yv27AZwJV4UPmYN60TQIRze0NiHD/ja0bXNeSNbpwl/SaeWG77rCniF9QWGcSm5PYiJZULg5KqDGeHq/WNoFvld
o+hEZRkv5ciHcCeFpcVvkeVEncJnCC9CyG57eXIZT4cPYT+z4AMvXXBOO1kJcmaJ+rGshIzyZ0PuNMO8vLRyKOUsaIHHmbPrkWNLPwtjXNN0v3gotyHvrltN2xxqbU9qivCYk+v14PVpbBT5Xw==
8LC6+V/2ytv2JKRr9fJbw9PMwr7RZH2ou8sk5jis2MeDWRUUz2osWQ16mpnWyYikaCpLM7L8B3z4/C6eCfTM4aMhX3st68+/j+vgQxgHnMgTeYMeh4UfXC4lk5qmqPyzzw3M5RVkEPlb
2ihPlVGZG1uuXiy3Id6or97fEUthsDAuTiLZgzGs8CgVVHgDvGsFisgHKK1kdidZFUpyee6ZwOSg2pOT2my//ABshvtRRAQha3EnWwUb17+Xm8hj4NfUiFvJW/4vFWfclrV7Ov7YtHMH3fSFfVQI+UM=
7slCGjkVEIaVbIeuO1DgqtPMwr7RZH/z7tEz7SK99ce1TCBVuglIEQF609yq2ZO1JmhaPqjLFmft/3reANGYvJciX3st68+/j+vgQxgHnMgTeYMeh4UfXC4lk5qmqPyzzw3M5RVkEPlb
ABCYN6IqVXAnr1VG5QaNl5pQ2CsEzD5L4O54FTeP5J72ARdeUo+my5o+l+D9vkM0L4rfSD8VA6vBQ7s/e0OME8TfyKgngb9uq23LHHqNfyraEAgTm1UQNTkMJPlv
U6OLfL2p9jyg/mq/0HCVx3krm5h70w9lEDAzZVj80r5kQkROhpnBkz+lTKYQruie6HigNmBEK+aPrmFaH1iloX/jJfHQDG+qerR/2gyJuwIWLRoBG4BLFTE2DiX5bA==
vlkBQ5wxAesXeSCSPsBpeHkrm5h70w9lEDAzZVj80r5kQkROmdbaxy+6U7kP8uWW82+WRX9EK+aPrmFaH1iloX/jJfHQDG+qerR/2gyJuwIWLRoBG4BLFTE2DiX5bA==
T3giMO+4vndPGhqdAxonTtG70I+EsA6KxURPr7Y22NeUzQh2D/EfrTqQ13YKqEeGzNUDnmbxIh373POJQeo2Oflw
N+BEq+u68NaixmwCTzCCc87RUkHLkaU+ij8oliEVVX1vSIfeqgD3PkxtszbGWfJFO4Qj4aGCxkH5CA==
wuKb+9UsKQvdW5uvNEj9EY9d8kREad3BNHTEIZs7jcWdZlk5QbwwmQ3ieJSiQ5Ex0p2L2E75BQ==
P4rNC+alNuy0yXVHRbVJnEIGxhnEvdfF/PzcdEcUn8KLgk0kd7mXC6GZ8GzAIhrV2rDxCXp9Duk+jd5WYG5js/I8jz6blAKek/xuaJ9tPtcmdyuSXwspPAIj+W4=
FiMIcSnQLvZKlL28zEsE0eLzo8be2KrYCizDu5+J01/fyTs9eXcdpoz+mUgwJUwHd+PM1cisj9tqtOxtRqEeiHpXWS6z6Je0TazbIxY492lZVwDOO8RCTnPMaVl/vX6Hhoer4v/b6WxiE/le
XXHGQ/uOxmxBuLF3B1Z7Uw6u37sOHeTgokhsF2uNhOIh2jYiLZfxBFzYgoJoyCa+u9opt4qcL4c7ibt+T1WH3Lf12rpemJRzJ51UBd0UKPlj
BUxCb9Oe7UPLJbmLNt+YkBdROcvJwe6QLqQeORaflAdhWZlRRTr3ohq0aYU6uB1lzaYJGVG+J3lfIih0MsPh0aJd+zg++XU=
O3kQIVSBO4s+XPEQ7xovJhlROcvJwe6QLqQeORaflAdhWZlRRTr3ohq0aYU6uB1lzaYJGVG7JnlfIih0MsPh0aJd+zg++XU=
QMb3Ws/tz6nSmcFvgMhOtaNva2FMNHRMZM1ET8az2xFDFYd6NebA/FOxaGhPkbdOUz1zngRdRUrSACDT8+WYVeE8PPl3
xpNPmXX/WgL5OGuFNl4dWBeWkDdom5lJ/9uaLPbD9Ea+GZ8eW/SCPtMcaYnfz7635lcrsh/rqZzCQ/kO
GNKIVSKPdhv0jaud1bSsuNdO/xicUuw7obg9fp6dUu3CunMonigFZEhHeb1hFrVRlf7mMaJSxCwW48Xpjk3nMDr5cQ==
+Bwtf2US8yz0AvYgorAQbwDkIqMQMS75/XAXxp+3I/q1HWwjgWyuFKvpSz6fdbfexxWIeu44BPPX/YRF7TQ4+XM=
Eh6SAXzKECv5VRZG3UqisqNvamFMNHRMZM1ET8az2xFDFYd6NebA/FOxaGhPkbdOUz1zmwVdRErSACDT8+WYVeE8PPl3
4LdY7hQFZdOSz8Z6Z9uCxhlROcvJwe6QLqQeORaflAdhWZlRRTr3ohq0aYU6uB1lzaYJGVG7I3lZIih0MsPh0aJd+zg++XU=
pSRwD9LilWeaV9i5D14TRBBQOcvJwe6QLqQeORaflAdhWZlRRTr3ohq0aYU6uB1lzaYJGVG+I3lZIih0MsPh0aJd+zg++XU=
8j6fAZ37Jc/cbfhvlC5UKKNva2FMNHRMZM1ET8az2xFDFYd6NebA/FOxaGhPkbdOUz1znQFdQkrSACDT8+WYVeE8PPl3
Nuik8Sw41YRDzl8UTP0wKQcI5cWDKlOvvkWJiNKDljf5r/eJioFv7/oWI1NsWf9vHtGmWFwX1ey+1sOVz8ys0tHu27PbzJMC3oB0Qcu6VKzgnbac8KWqTMn1xYrpBfDL1odx7Qm2bUHNez4h/LJsfB4jTZmmrV9AAvlJ
BmNtOC0pgIoQiJ6P4ImmSR+zeuFcYXO7qSFU1IL+N7/9P08j3jWEAqvpSz6fdbfbxBWOeu44BPPX/YRF7TQ4+XM=
3SjZd0RdqpOxx3iz6rqNUszxktff70vXkRYe+qJ41cLaljtJD65AhyyQ13YKqEeGzNQDm2bxIh373POJQeo2Oflw
t8u3RHKWqytYnYRehA/3jcr0ktff70vXkRYe+qJ41cLaljtJD65AhyyQ13YKqEeGz9IDm2bxIh373POJQeo2Oflw
mb+uv6MDALJGIShKSScUTsj7ktff70vXkRYe+qJ41cLaljtJD65AhyyQ13YKqEeGyNMDm2bxIh373POJQeo2Oflw
ZfDfu3EQir7kihU4UnIsSQDkI6MQMS75/XAXxp+3I/q1HWwjgW+uFKvpSz6fdbfexBWNeu44BPPX/YRF7TQ4+XM=
rB/A0oAQ2iTZcyGQuaTEAwDkIKMQMS75/XAXxp+3I/q1HWwjgW+uFKvpSz6fdbfTxBWNeu44BPPX/YRF7TQ4+XM=
2oQ6r86Avg67qSetyyH7KQDkIaMQMS75/XAXxp+3I/q1HWwjgW+uFKvpSz6fdbfSxxWNeu44BPPX/YRF7TQ4+XM=
JdM2EbjdNXbMD0BKc+LsGIkcokCIC7pl/KkvJN2OVfPhundZpmtLO3xEeb1hFrVRlf/nMaZSxCwW48Xpjk3nMDr5cQ==
zezqGyg3PRGpoE1jOvp2Es9ctwxXf4nHNUmNb9RLjcWdZlk5QbIxmQrieJSiQ5Ex0p2L2E75BQ==
TbET+yGK6XUQCmNWLOAOCm74sEi6qiOJ2/8FX6E5eQdI6zFtybYtwQ15fKE+sqz8XiONGeatn8BC+Qk=
ApoavRDGQMZVrH8BBzfTsaph9IKLdun4VinemmLv6N+Bk1+34qnfyIwSnJhiaRsX4U7EuW0xz9uSXzNAGcyO3tPijqGIuZr09lmOBUybpzxgyiZsJ3IyCFpJ7HwfYHVKjQgxx6Msr0r6FD+6CGt7q5ZNWiEbYIu1sVZOBflM
9IOMy+NlUmdIUjrygx3lUzZ1y4AikV9qUHYjfVD40r5HQk5BiJnalHb5TuVM++ec4CrmTCcScqjaqSxcH0C1qg2ocaejDG+qerR/2guJuwsWLRoBG4BLFTE2DiX5bA==
ZJItxPQSLKUM3JKGhwwJvqph9IKLdun4VinemmLv6N+Bk1+34qnfyIwSnJhiaRsX4U3EuW0xz9uSXzNAGcyO3tPijaGIuZr09lmOBUybpzxgyiZsJ3IyCFpJ7HwfYHVKjQgxx6Msr0r6FD+6Cm97q5ZNWiEbYIu1sVZOBflM
hcIv3+t08tTgGWipAyq6AzZ1y4AikV9qUHYjfVD40r5HQk1BiJnalHb5TuVM++ec4CrmTCcScqjaqSxcH0C1qg2ocaejDG+qerR/2gyPuwsWLRoBG4BLFTE2DiX5bA==
e/a2I6Lw2mcVA/BcXglnNKph9IKLdun4VinemmLv6N+Bk1+34qnfyIwSnJhiaRsX4UzEuW0xz9uSXzNAGcyO3tPijKGIuZr09lmOBUybpzxgyiZsJ3IyCFpJ7HwfYHVKjQgxx6Msr0r6FD+6D2p7opdNWiEbYIu1sVZOBflM
sgXg86gNQl0QMDRtuSKS9TZ1y4AikV9qUHYjfVD40r5HQkxBiJnalHb5TuVM++ec4CrmTCcScqjaqSxcH0C1qg2ocaejDG+qerR/2gOKuwIXLRoBG4BLFTE2DiX5bA==
mnicQ08/G77a01USxWXJ3mNap1QHzbnI/LOQ9ELGt7QuWvKn2AZfltkolda1jdMKU/iyGusgqjh3YC8zfsvL5tenWfg6P/l6
Ak/2lqKX2JHwB3sfSTTYm2Nbp1QHzbnI/LOQ9ELGt7QuWvKn2AZfltkolda1jdMKU/iyGusgqDh3YC8zfsvL5tenWfg6P/l6
XbOghpKNiGRbgx3i7NwpFS6xw0H8+GwJJ4H4jGRqPyT125875jBDLKD8t49ERAVvzbThblqGOb/n2xvxI/M6O4PZU97XpQ9fPUVCW/bIbDN/bXwlJQQg+Ws=
JABb2lJ7vpv4562cd8F7fkUcq+4JKGiXq8tqphynAqajrxY4p6ISeBrZDEwfUJXazXgRFyN8z3o6hJ/KDJrbM9d9uvGbMKtFccYuNfl8
PMFGyEzPw0npKVYk15ydOS6xw0L8+GwJJ4H4jGRqPyT125875jBDLKD8t49ERAVvzbThblqGOb/n2xvxI/M6O4PZU97XpQ9SPUVCW/bIbDN/bXwlJQQg+Ws=
Qh59Gqcn1b2OE/kQ8cbaTUQcq+4JKGiXq8tqphynAqajrxY4p6ISeBrZDEwfUJXazXgRFyN8z3o6hJ/KC5vbM9d9uvGbMKtFccYuNfl8
/HGTnODV3xeeo69qnYIlzC6xw0P8+GwJJ4H4jGRqPyT125875jBDLKD8t49ERAVvzbThblqGOb/n2xvxI/M6O4PZU97XpQ9YPEVCW/bIbDN/bXwlJQQg+Ws=
0uRMt4HRUnNYoxfgfoFdtFQKcIDdzP7AafdaeBufkwh/FsQ6Z3+55wWJPc9kyx1lzaYJGVG8InlcIyh0MsPh0aJd+zg++XU=
ed+1bKLvS/ZMuaq8cPE8ZeI0Kz0UdildO4oWCNGqxFJddaU/e6PfwQf7NhtPkbdOUz1znQNdRkvSACDT8+WYVeE8PPl3
msV31sD1LOkSLDE9R/FahQDkIqMQMS75/XAXxp+3I/q1HWwjgW+uFKvpSz6fdbfYwRWKe+44BPPX/YRF7TQ4+XM=
K5VsxDLVFNcB6ix4rvCm4szxktff70vXkRYe+qJ41cLaljtJD65FhyyQ13YKqEeGytMDn2fxIh373POJQeo2Oflw
gM7cjUYLm5lrCsVoMijfn4kcokCIC7pl/KkvJN2OVfPhundZpmtLO3xEeb1hFrVRlf3iMaBTxCwW48Xpjk3nMDr5cQ==
tIh2QnKY3UC2E8yBo8bRzgDkIqMQMS75/XAXxp+3I/q1HWwjgW6uFKvpSz6fdbfcxRWJe+44BPPX/YRF7TQ4+XM=
Vr92A411EvTv46JzglylxQDkI6MQMS75/XAXxp+3I/q1HWwjgWquFKvpSz6fdbfaxxWJe+44BPPX/YRF7TQ4+XM=
Tg1VGI9fAJwATQWotTSQ3wcI5cWDKlOvvkWJiNKDljf5r/eJioFv7/oWI1NsWf9vHtGmWFwX1ey+1sOVz8ys0tHu27PbzJMC3oB0Qcu6VKzgnbac8KWqTMn1xYrpBfDL1odx7Qm2bUHNfDsh+7NsfB4jTZmmrV9AAvlJ
vQE6/rKGQUkyYzCRSA76gx+zeuFcYXO7qSFU1IL+N7/9P08j3jWEAqvpSz6fdbfcwRWJe+44BPPX/YRF7TQ4+XM=
ujj1/cG3UfYFPVcT9g6vkADkIqMQMS75/XAXxp+3I/q1HWwjgW+uFKvpSz6fdbfSwBWJe+44BPPX/YRF7TQ4+XM=
fW39dVKiyCsJmqIFDEPo5okcokCIC7pl/KkvJN2OVfPhundZpmtLO3xEeb1hFrVRlfjnMaJTxCwW48Xpjk3nMDr5cQ==
IAfLh7chCbbAhUfko49hvQcI5cWDKlOvvkWJiNKDljf5r/eJioFv7/oWI1NsWf9vHtGmWFwX1ey+1sOVz8ys0tHu27PbzJMC3oB0Qcu6VKzgnbac8KWqTMn1xYrpBfDL1odx7Qm2bUHNfz4h+rNsfB4jTZmmrV9AAvlJ
KpGvuNMF73SZA6KNMCbLYR+zeuFcYXO7qSFU1IL+N7/9P08j3jWEAqvpSz6fdbffxBWIe+44BPPX/YRF7TQ4+XM=
T66G6KFrbCwXAY0YNjSHpTthThp2YmkyY/CSwrvIIsUHq08rbuOLXmcv+aDqV/kC
n4H9saJz6SJunOB+lmQocM7RUkHLkaU+ij8oliEVVX1vSIfeqgD3PkJvszXHWfJFO4Qj4aGCxkH5CA==
O1Rvba3+u6svGzHaZKH+AY9d8kREad3BNHTEIZs7jcWdZlk5QbIymQ7jeJSiQ5Ex0p2L2E75BQ==
a8dYRGtJYBO+JvQbTRFm7xm/JyGhibVcazC07KEfXEXzwgygo8FTo151ZYzoER5tpNeZnWZptJaa6z1UszGtBT3mOfkhshJZrmOY1EJDcXFyHSsYLvll
7K3kJn2dlePYvvpq4Mi3Lye3jxe8oGINIsDliDpwL2/y2Z164jwNIf3/sM0LUEZh0LHqb1fBKKn6ylTTc4h9QYPZU97XpQ9SPEVAW/bIbDN/bXwlJQQg+Ws=
ksgGqn2HSyo6IZfZmKjrAQl+bz9ce25+TeGGoEQFOva3uedQLrXOPFEuKcXx5ApvievfN0sw48mJ2Sxxv2yiBHlox34q4LceQk9zVUf5MmU7ZGMBISIGIflo
86I1U58RRhlzwISHP0Zndu/pyWoa0vzjXkxH56uSZuM6FjHAFdfp4g51mZXzFSMGN4PJF3DDR8oG/sn2S/yidgN04uEPh5+/9r9rWo9jCdQSK/lm
