YwfVKcjbyt6YG7HQyC/pPgmFv5QBY2eXjCsXscJHPgJsVW3J2sTxVRiz3o+JPxqd8gbTfL4Of1KjkBKie6gspcfNzEuig4s+p095wCo3+WI=
iqjYKRpi/dTHFqKja1HS8xHwceNAc3KpuDEXxJ2rN7XGfkhz0iuOF6vpSz6fdbfSxBWOeO40BPPX/YRF7TQ4+XM=
Xk91sL6dS8+YZ4BoE+QJsG+XAWzFolkP6WhrUAxmnmRNSyfYkwXVmG94GRztf7DBGFqkqsQOIE5Y4cecmOm8iqaS+ezwXtQNQIWjNG6Rkt7PhbnSn9sg45yw798m0sYsc4gHHqpAd/5OLDPzxBl+BTtEo6GhQkYB+Ug=
zTB7vwBXiwPLCl3JsITJjfctNglVOD0TPIsWSdypi1QRI7M1QvbE406zandPkbdOUz1zngNdQkjSDCDT8+WYVeE8PPl3
mRirQP9SdEFwzlynN5hOI/ctNglVOD0TPI8UR9ypi1QRI7M1QvbE406zandPkbdOUz1zngNdQkjSDCDT8+WYVeE8PPl3
fEvOH4trXs2gr/TP2lf7sdG70I+EsA6KxURPr7Y22NeUzQh2D/EfrTqQ13YKqEeGztQDm2TxLh373POJQeo2Oflw
u5DaxzAPL/pTLO/QAvgTls7RUkHLkaU+ij8oliEVVX1vSIfeqgD3Pk5sszPEWf5FO4Qj4aGCxkH5CA==
aLcar4/RDjHrik3On+KYQ49d8kREad3BNHTEIZs7jcWdZlk5Qb4xmQjgeJiiQ5Ex0p2L2E75BQ==
SRKTKlNaLxyZz8Og4RcqJ2TG5+QuPvSYdEcW7kCVrRe6nP7XzuwvCvrUv/oPqfvnlI3WYRugC/Wxls5F+Qw=
sZxruvvc7x8sFTNYlK1OVnUMiKpi4y42Xy9eDnbH698PDDzBpCP+msDhRXNq2Dbj7tgnDuow1w5PXZMDBAle1bsUw7Fh8iYx+Xg=
e+Cv58vcysEtpO8WO9hQqYj+cVZump+yLxQjga/zay2wxFshLAKpFOI2ksa3GTMwoGTnYF4bsjbjFJb23zHnjgMdQ5/yPZKIguywU0OFaBXRHCz5Zw==
BRwZAmV+DVrxKFUZlnO2xFQKcIDdzP7AabhIYlCWlQ05OIpANSCMvxi+aYA0ph1lzaYJGVG+IHlYICh4MsPh0aJd+zg++XU=
VTemWc4i3TD/hVz/tpLWDon+cVZump+yLxQjga/zay2wxFshLAKpFOI2ksa3GTMwoGTnYF4bsjbjFJb23zHnjgMdQ57yPZKIguywU0OFaBXRHCz5Zw==
BRwZAmV+DVrxKFUZlnO2xFQKcIDdzP7AabhIYlCWlQ05OIpANSCMvxi+aYA0ph1lzaYJGVG+IHlYICh4MsPh0aJd+zg++XU=
1cgh8qQ4vDbtD0MNBmWakYj+cVZump+yLxQjga/zay2wxFshLAKpFOI2ksa3GTMwoGTnYF4bsjbjFJb23zHnjgMdQ57yPZKIguywU0OFaBXRHCz5Zw==
51ry2msvvbbD8lg4CT8zCVQKcIDdzP7AabhIYlCWlQ05OIpANSCMvxi+aYA0ph1lzaYJGVG9IHlYICh4MsPh0aJd+zg++XU=
yCxdntCDNvonNmWL5WtwS4n+cVZump+yLxQjga/zay2wxFshLAKpFOI2ksa3GTMwoGTnYF4bsjbjFJb23zHnjgMdQ53yPZKIguywU0OFaBXRHCz5Zw==
4r4pCC7k3mPrPdFReiTsvVQKcIDdzP7AabhIYlCWlQ05OIpANSCMvxi+aYA0ph1lzaYJGVG8IHlYICh4MsPh0aJd+zg++XU=
Wpy+8EAPFvtTHbJzUriC64j+cVZump+yLxQjga/zay2wxFshLAKpFOI2ksa3GTMwoGTnYF4bsjbjFJb23zHnjgMdQ5zyPZKIguywU0OFaBXRHCz5Zw==
+BISyM8KOzJiaate54iI8mTG5+QuPvSYd0cW7kCWrRe6nP7XzuwvCvrUv/oJrvvnlI3WYRugC/Wxls5F+Qw=
g8xs7opu9kNlNuhTgM9qOnUMiKpi4y42Xy9eDnbH698PDDzBpyP+msDiRXNq2Dbj7tgnDuow1w5JWpMDBAle1bsUw7Fh8iYx+Xg=
2JQ9kp5ZrW1NqdeJLhDu54j+cVZump+yLxQjga/zay2wxFshLAKpFOI2ksa3GTMzoGTnYF0bsjbjFJb23zHnjgMdQ5n1PZKIguywU0OFaBXRHCz5Zw==
n+KGZ9NvUJ3wxF8cQcJJKFQKcIDdzP7AabhIYlCWlQ05O4pANSCPvxi+aYA0ph1lzaYJGVG/J3lYICh4MsPh0aJd+zg++XU=
Qg93rIuSvAMtXJZcuDSAqIn+cVZump+yLxQjga/zay2wxFshLAKpFOI2ksa3GTMzoGTnYF0bsjbjFJb23zHnjgMdQ5/1PZKIguywU0OFaBXRHCz5Zw==
by4iHQfwiewdWklQPnyUzC0QqiHREkUMChWLcQHjT4rookqDw9feqwUzBBYXw8ygocPYTP3MHoAJOOgicJb1zZm4KoBVIGz/uD7JwNSmPaVtJunZMb4GOfigSLjSw8ERwt0beB75VQ==
jh1QS9iAGTaMjcRG7OdarS0QqiHREkUMChWLcQHjTIrookqDw9feqwUzBBYXw8ygocPYTP3MHoAJOOgicJb1zZm7KoBVIG//uD7JwNSmPaVtJunZMbwGOfigSLjSw8ERwt0beB75VQ==
lhtGKV45PraVv64Jp/jek1QKcIDdzP7AabhIYlCWlQ05OIpANSCMvxi+aYA0ph1lzaYJGVG4I3lbICh4MsPh0aJd+zg++XU=
KyNB1guv0fEFSjtKh8zQ+In+cVZump+yLxQjga/zay2wxFshLAKpFOI2ksa3GTMwoGTnYF4bsjbjFJb23zHnjgMdQ5jxPZGIguywU0OFaBXRHCz5Zw==
a8xqdkqvNO2hWBSpQiCuWi0QqiHREkUMChWLcQHjTIrqokqDw9feqwUzBBYXw8ygocPYTP3MHoAJOOgicJb1zZm4KoBVIGz/uD7JwNSmPaVtJunZMbwDOfugSLjSw8ERwt0beB75VQ==
JlugQm7ySrbQvZdbDbaI61QKcIDdzP7AabhIYlCWlQ05O4pANSCPvxi+aYA0ph1lzaYJGVGzI3lbICh4MsPh0aJd+zg++XU=
twsMWOW45gzZj95EGRdnX4n+cVZump+yLxQjga/zay2wxFshLAKpFOI2ksa3GTMzoGTnYF0bsjbjFJb23zHnjgMdQ5PxPZGIguywU0OFaBXRHCz5Zw==
EKeqYC8r22a3J8yUwupooVQKcIDdzP7AabhIYlCWlQ05O4pANSCPvxi+aYA0ph1lzaYJGVG7InlbICh4MsPh0aJd+zg++XU=
LapcjJgUh/9zL0adpSLkmIj+cVZump+yLxQjga/zay2wxFshLAKpFOI2ksa3GTMzoGTnYF0bsjbjFJb23zHnjgMdQ5vwPZGIguywU0OFaBXRHCz5Zw==
bkdoSiAGuXgcelQAbgZE/y0QqiHREkUMChWLcQHjT4rrokqDw9feqwUzBBYXw8ygocPYTP3MHoAJOOgicJb1zZm7KoBVIG//uD7JwNSmPaVtJunZMb8COfugSLjSw8ERwt0beB75VQ==
IQK+IrLt0LIIULNH1iaUx2TG5+QuPvSYdkcW7kCXrRe6nP7XzuwvCvrUv/oLqPvklI3WYRugC/Wxls5F+Qw=
VK/cz8jJEXSnKD6wOIc+T3UMiKpi4y42Xy9eDnbH698PDDzBpiP+msDjRXNq2Dbj7tgnDuow1w5LXJMABAle1bsUw7Fh8iYx+Xg=
LjVBlG5gERR0kOPW8wUZ0oj+cFZump+yLxQjga/zay2wxFshLAKpFOI2ksa3GTMyoGTnYFwbsjbjFJb23zHnjgMdQ5vzPZGIguywU0OFaBXRHCz5Zw==
3pd4t5fxnKrJrU0UyzF/8C0QqiHREkUMChWLcQHjT4rlokqDw9feqwUzBBYXw8ygocPYTP3MHoAJOOgicJb1zZm6KoBVIG7/uD7JwNSmPaVtJunZMb4BOfugSLjSw8ERwt0beB75VQ==
aFejcXsQwCqf2wafTMANvVQKcIDdzP7AabhIYlCWlQ05OopANSCOvxi+aYA0ph1lzaYJGVG9IXlbICh4MsPh0aJd+zg++XU=
hLmipvSoAteOrFT7IgDpFYn+cFZump+yLxQjga/zay2wxFshLAKpFOI2ksa3GTMyoGTnYFwbsjbjFJb23zHnjgMdQ53zPZGIguywU0OFaBXRHCz5Zw==
Og3X9W+Y8vXEFRIUdaJEWFQKcIDdzP7AabhIYlCWlQ05OopANSCOvxi+aYA0ph1lzaYJGVG8IXlbICh4MsPh0aJd+zg++XU=
gCxFhuSeKKMZ2tmumaBSt4j+cVZump+yLxQjga/zay2wxFshLAKpFOI2ksa3GTMyoGTnYFwbsjbjFJb23zHnjgMdQ5zzPZGIguywU0OFaBXRHCz5Zw==
Og3X9W+Y8vXEFRIUdaJEWFQKcIDdzP7AabhIYlCWlQ05OopANSCOvxi+aYA0ph1lzaYJGVG8IXlbICh4MsPh0aJd+zg++XU=
s24itjHZzDkzGfeEKZ+kE4j+cFZump+yLxQjga/zay2wxFshLAKpFOI2ksa3GTMyoGTnYFwbsjbjFJb23zHnjgMdQ5zzPZGIguywU0OFaBXRHCz5Zw==
16tGt83UilD0US6WomnC2vbJ6E5OY46Jh2N8l9+8yG6pDMrohchUWkR24dWFamYooaAaV3Ru1djAxgld0VZlMWXy1RH3kLSApmNViV4N1xAq+WE=
txSzF5Df3g7voKykDDQJQVQKcIDdzP7AabhIYlCWlQ05OopANSCOvxi+aYA0ph1lzaYJGVG7IHlbICh4MsPh0aJd+zg++XU=
mM126RzNu774K/GlmStrPIj+cVZump+yLxQjga/zay2wxFshLAKpFOI2ksa3GTMyoGTnYFwbsjbjFJb23zHnjgMdQ5vyPZGIguywU0OFaBXRHCz5Zw==
6950rkgnmiUozOL6bZgNoC0QqiHREkUMChWLcQHjT4rqokqDw9feqwUzBBYXw8ygocPYTP3MHoAJOOgicJb1zZm6KoBVIG7/uD7JwNSmPaVtJunZMb8AOfugSLjSw8ERwt0beB75VQ==
TqgWySutsnwH5WeWYHIO0PbJ6E5OY46Jh2N8l9+8yG6pDMrohchUWkR24dWFamYooaAaV3Ru1djAxgld0VZlMWX91BH3kLSApmNViV4N1xAq+WE=
uv5Y31ukRHbZ+qXQdyfTqlQKcIDdzP7AabhIYlCWlQ05OopANSCOvxi+aYA0ph1lzaYJGVG9IHlbICh4MsPh0aJd+zg++XU=
AIcId08puj+ab5hP4Sl+con+cVZump+yLxQjga/zay2wxFshLAKpFOI2ksa3GTMyoGTnYFwbsjbjFJb23zHnjgMdQ53yPZGIguywU0OFaBXRHCz5Zw==
naJFHdN/JavRDgaWow6ixC0QqiHREkUMChWLcQHjTIrrokqDw9feqwUzBBYXw8ygocPYTP3MHoAJOOgicJb1zZm6KoBVIG7/uD7JwNSmPaVtJunZMbIAOfugSLjSw8ERwt0beB75VQ==
yxfboPfbuYfjCyBMnaln+fbJ6E5OY46Jh2N8l9+8yG6pDMrohchUWkR24dWFamYooaAaV3Ru1djAxgld0VZlMWX70xH3kLSApmNViV4N1xAq+WE=
q9xuoUb0PFpUEN+D001MWmTG5+QuPvSYcUcW7kCQrRe6nP7XzuwvCvrUv/oMrvvklI3WYRugC/Wxls5F+Qw=
BRLx9W9jzUzX5BXN7gYQa3UMiKpi4y42Xy9eDnbH698PDDzBoSP+msDkRXNq2Dbj7tgnDuow1w5MWpMABAle1bsUw7Fh8iYx+Xg=
aCPThBZtbuHoo2owTA4D5XH30wCppz4cOprPnzp4CmHz25995DwXYeC6/cRWXk5my7GnRRT8a+DXgwbGd7xqVoPZU97XpQ9cOUVFWPbEbDN/bXwlJQQg+Ws=
NXhYsxBig4cPwmwPKfcwX1QKcIDdzP7AabhIYlCWlQ05PYpANSCJvxi+aYA0ph1lzaYJGVG8J3lbICh4MsPh0aJd+zg++XU=
eWOp1rFBIiNRgQvYNAzseYj+cVZump+yLxQjga/zay2wxFshLAKpFOI2ksa3GTM1oGTnYFsbsjbjFJb23zHnjgMdQ5z1PZGIguywU0OFaBXRHCz5Zw==
XPVIynhAjZsBE9Q2Nd09XFQKcIDdzP7AabhIYlCWlQ05PYpANSCJvxi+aYA0ph1lzaYJGVGzJ3lbICh4MsPh0aJd+zg++XU=
BAmhpMVepY4IcgFBII3an4n+cVZump+yLxQjga/zay2wxFshLAKpFOI2ksa3GTM1oGTnYFsbsjbjFJb23zHnjgMdQ5P1PZGIguywU0OFaBXRHCz5Zw==
bbctJt8RipZ4YKXnZwgB4i0QqiHREkUMChWLcQHjTIrlokqDw9feqwUzBBYXw8ygocPYTP3MHoAJOOgicJb1zZm9KoBVIGn/uD7JwNSmPaVtJunZMboGOfugSLjSw8ERwt0beB75VQ==
9KIUg2Y2Dc+h4L+q63E4vvbJ6E5OY46Jh2N8l9+8yG6pDMrohchUWkR24dWFbWYooaAdV3Ru1djAxgld0VZlMWX90hH3kLSApmNViV4N1xAq+WE=
p+FVSFIT7pRoiqOCtJASOo2nyJaepF2JyQcM+YQ77pLA6VVrSuAGqy6Q13YKqEeGzNYDmWTxLh373POJQeo2Oflw
GMSLmT/jRCexaVJreFmNYPc1KiAHIioUdYgLQNv6iHBQBPdgTvvC9lO0ZnZPkbdOUz1zmQBdQEjSDCDT8+WYVeE8PPl3
sZ+X8AvEil0NeskWvgavUs7sjs3J4EzXkh4d+qJ41cLaljtJD65ChyyQ13YKqEeGwtQDmWTxLh373POJQeo2Oflw
b5VyqBcjXFZOTe1DxRCOVc2xuyS+twF8nd8kLiZ3Pz2dIHcYf3d1vD0rxpTt2RWkNVeZ2R4RU5au/5YEWwoQZxgoFhRlBhigMO+wIx+e1i/WifXput2BiW7o1SJkDPkbIc+fXts0gn5T3GtMX4u8d2oXK3Kfq6lcQgP5Tg==
7RDkvWMVm6yC5JRdpv9h4h+zeuFcYXO7qSFU1IL+N7/9P08j3jWEAqvpSz6fdbfbwRWMeO40BPPX/YRF7TQ4+XM=
b5VyqBcjXFZOTe1DxRCOVc2xuyS+twF8nd8kLiZ3Pz2dIHcYf3d1vD0rxpTt2RWkNVeZ2R4RU5au/5YEWwoQZxgoFhRlBhigMO+wIx+e1i/WifXput2BiW7o1SJkDPkbIc+fXts0gn5T3GtMX4u8d2oXK3Kfq6lcQgP5Tg==
7RDkvWMVm6yC5JRdpv9h4h+zeuFcYXO7qSFU1IL+N7/9P08j3jWEAqvpSz6fdbfbwRWMeO40BPPX/YRF7TQ4+XM=
bovnY9vY8wAbeT+niPZugM2xuyS+twF8nd8kLiZ3Pz2dIHcYf3d1vD0rxpTt2RWkNVeZ2R4RU5au/5YEWwoQZxgoFhRlBhigMO+wIx+e1i/WifXput2BiW7o1SJkDPkbIc+fXts0gn5T3GpMX4u8d2oXK3Kfq6lcQgP5Tg==
DZ+IHg+E+GfsqVLoztnmix+zeuFcYXO7qSFU1IL+N7/9P08j3jWEAqvpSz6fdbfawRWMeO40BPPX/YRF7TQ4+XM=
Q8UvDbYB3uAAVOCpRyGJt5jbxRoXyqBQaDTPYHbL+tZ7hC62B0Ef7sut6xOdzdioutxoE7sV8LWZzET5Dw==
EjUDjzJn1aGyBgdrmtmWgJjbxRoXyqBTaDTPYHXL+tZ7hC62B0Ef7sut6xiczdioutxoE7sV8LWZzET5Dw==
6eEde9CCjJhXB50TiRUtUFQKcIDdzP7AabhIYlCWlQ05OopANSCOvxi+aYA0ph1lzaYJGVGzJnlaICh4MsPh0aJd+zg++XU=
aUoMO7FtASyyTLXX/FgY04n+cFZump+yLxQjga/zay2wxFshLAKpFOI2ksa3GTMyoGTnYFwbsjbjFJb23zHnjgMdQ5P0PZCIguywU0OFaBXRHCz5Zw==
Jptxj1bz/BUctu2E2FimLVQKcIDdzP7AabhIYlCWlQ05OopANSCOvxi+aYA0ph1lzaYJGVGyJnlaICh4MsPh0aJd+zg++XU=
F+c4Q75vyKKVerzTqGAqAIj+cFZump+yLxQjga/zay2wxFshLAKpFOI2ksa3GTMyoGTnYFwbsjbjFJb23zHnjgMdQ5L0PZCIguywU0OFaBXRHCz5Zw==
SMYr4QUjZNSF5FGB4F9SeVQKcIDdzP7AabhIYlCWlQ05OopANSCOvxi+aYA0ph1lzaYJGVG7I3lVICh4MsPh0aJd+zg++XU=
0bU8uwEQbu3ZGSNAPZHJ/Ij+cVZump+yLxQjga/zay2wxFshLAKpFOI2ksa3GTMyoGTnYFwbsjbjFJb23zHnjgMdQ5vxPZ+IguywU0OFaBXRHCz5Zw==
dUOvewOHwB3daStF2tK1JFQKcIDdzP7AabhIYlCWlQ05OopANSCOvxi+aYA0ph1lzaYJGVG6I3lVICh4MsPh0aJd+zg++XU=
0YoJ+1FPErTHtsniiIQHpon+cVZump+yLxQjga/zay2wxFshLAKpFOI2ksa3GTMyoGTnYFwbsjbjFJb23zHnjgMdQ5rxPZ+IguywU0OFaBXRHCz5Zw==
md0Z+WAlZMzwrBoHmwx3SHUMiKpi4y42Xy9eDnbH698PDDzBpCP+msDhRXNq2Dbj7tgnDuow1w5OXpMOBAle1bsUw7Fh8iYx+Xg=
c1WDId4aKN5CJAnqiLEOBYj+cVZump+yLxQjga/zay2wxFshLAKpFOI2ksa3GTMwoGTnYF4bsjbjFJb23zHnjgMdQ57xPZ+IguywU0OFaBXRHCz5Zw==
ouQEs9qjRbVGYLE4Vz7PtfbJ6E5OY46Jh2N8l9+8yG6pDMrohchUWkR24dWFaGYooaAYV3Ru1djAxgld0VZlMWXy1xH5kLSApmNViV4N1xAq+WE=
S0nRkHWiFFNo0zHLDXWeHlQKcIDdzP7AabhIYlCWlQ05OIpANSCMvxi+aYA0ph1lzaYJGVG7InlVICh4MsPh0aJd+zg++XU=
QmYhRkxLJvtMHytEAmN8lYn+cVZump+yLxQjga/zay2wxFshLAKpFOI2ksa3GTMwoGTnYF4bsjbjFJb23zHnjgMdQ5vwPZ+IguywU0OFaBXRHCz5Zw==
g/gu6aO8M+Vsx8a2AzDfNPbJ6E5OY46Jh2N8l9+8yG6pDMrohchUWkR24dWFaGYooaAYV3Ru1djAxgld0VZlMWX61hH5kLSApmNViV4N1xAq+WE=
qQ8aCuVpcvZKrIaYQ+Uvv5jbxRoXyqBQaDTPYHbL+tZ7hC62B0Ef7sut6xyYzdeoutxoE7sV8LWZzET5Dw==
mVL3iplRxTGrfvi9hIqWoXUMiKpi4y42Xy9eDnbH698PDDzBpyP+msDiRXNq2Dbj7tgnDuow1w5JXJMOBAle1bsUw7Fh8iYx+Xg=
e5XggX0z0e3PjpnQYV0Ai4j+cVZump+yLxQjga/zay2wxFshLAKpFOI2ksa3GTMzoGTnYF0bsjbjFJb23zHnjgMdQ5nzPZ+IguywU0OFaBXRHCz5Zw==
6FaLVx371MOjGy1A4cV7clQKcIDdzP7AabhIYlCWlQ05O4pANSCPvxi+aYA0ph1lzaYJGVG5IXlVICh4MsPh0aJd+zg++XU=
/rR8P46nlt6eIsNn7EAb1on+cVZump+yLxQjga/zay2wxFshLAKpFOI2ksa3GTMzoGTnYF0bsjbjFJb23zHnjgMdQ5nzPZ+IguywU0OFaBXRHCz5Zw==
njcXS9VbTBX+GdjoIXsLe1QKcIDdzP7AabhIYlCWlQ05O4pANSCPvxi+aYA0ph1lzaYJGVG4IXlVICh4MsPh0aJd+zg++XU=
1LSt90ridR9bAIUC3uyOa4j+cVZump+yLxQjga/zay2wxFshLAKpFOI2ksa3GTMzoGTnYF0bsjbjFJb23zHnjgMdQ5jzPZ+IguywU0OFaBXRHCz5Zw==
op0KJbpr4rn+cW26aaA2sPbJ6E5OY46Jh2N8l9+8yG6pDMrohchUWkR24dWFa2YooaAbV3Ru1djAxgld0VZlMWX+1RH5kLSApmNViV4N1xAq+WE=
1hwgvRlIGz2xeaX26o6fI1QKcIDdzP7AabhIYlCWlQ05O4pANSCPvxi+aYA0ph1lzaYJGVG9IXlVICh4MsPh0aJd+zg++XU=
hAgLqCLa5E54Cb6tInMuA4n+cVZump+yLxQjga/zay2wxFshLAKpFOI2ksa3GTMzoGTnYF0bsjbjFJb23zHnjgMdQ53zPZ+IguywU0OFaBXRHCz5Zw==
+REy6+jzLC5LI8rFenEw+PbJ6E5OY46Jh2N8l9+8yG6pDMrohchUWkR24dWFa2YooaAbV3Ru1djAxgld0VZlMWXy1RH5kLSApmNViV4N1xAq+WE=
2VL8Pkh7EzGZABvVnfjhcDcB/glAjPzB7rTUswiJvrIrHN/polQAoIE1ooL63b4KU/iyGusgqT93aCwzcsvL5tenWfg6P/l6
X5wRmAnAzvAZLfYmKyA1J5jbxRoXyqBTaDTPYHXL+tZ7hC62B0Ef7sut6x6azdeoutxoE7sV8LWZzET5Dw==
4bUDRVaFa6B1eYB64Sp/mJjbxRoXyqBSaDTPYHTL+tZ7hC62B0Ef7sut6xqdzdeoutxoE7sV8LWZzET5Dw==
jvkNt69gcPV2opJIIYISypjbxRoXyqBVaDTPYHPL+tZ7hC62B0Ef7sut6x2dzdeoutxoE7sV8LWZzET5Dw==
oqW5s8NBob1oG12sfKkqDs2xuyS+twF8nd8kLiZ3Pz2dIHcYf3d1vD0rxpTt2RWkNVeZ2R4RU5au/5YEWwoQZxgoFhRlBhigMO+wIx+e1i/WifXput2BiW7o1SJkDPkbIc+fXts0gn5T3GJMX4S8d2oXK3Kfq6lcQgP5Tg==
BvO438zvly3JuT7We44HtR+zeuFcYXO7qSFU1IL+N7/9P08j3jWEAqvpSz6fdbfSwRWDeO40BPPX/YRF7TQ4+XM=
knZXopOkHxE2xCZwxJKLOek4tYKKderpWTbRmWTs4rn350H2p+qLiY1W0c0mNkl3vR6J4SlLio/LHCJ5FobfhJj9hL6GptG4oAqcSRDB+3A+1Sp/BTtuA1lDoi4VYCBCsUF9mc8sr0r6FD+6Dm97qpRNViEbYIu1sVZOBflM
65HN5kaXMJlsol/dEXYB6R+zeuFcYXO7qSFU1IL+N7/9P08j3jWEAqvpSz6fdbfewBWDeO40BPPX/YRF7TQ4+XM=
Wh2cWVIz8O4VKJoTIBz7Ss7RUkHLkaU+ij8oliEVVX1vSIfeqgD3Pk5rsz7EWf5FO4Qj4aGCxkH5CA==
GHIGLi0LWDXCgseLDh9BeI9d8kREad3BNHTEIZs7jcWdZlk5Qb42mQXgeJiiQ5Ex0p2L2E75BQ==
K0Ku7DcwbD+eInTLiw3HoM7sj83J4EzXkh4d+qJ41cLaljtJD65HhyyQ13YKqEeGy9YDn2XxLh373POJQeo2Oflw
kLdNLQzqbWojIL4Gwf8d+nWK4+svOPSFdEcW7kCVrRe6nP7XzuwvCvrUv/oCqfvjlY3WYRugC/Wxls5F+Qw=
xar9q9aAd3+cOSatfB4sN3SesLKqq5N9NomQc5hjSGzISB4cCjafq7zxlFJTXFf4QeRcLDRimdRSViJGJ3nj8PBEF2AuO2J2s/QGdm/RV84z/VOb4x3kyXJMwNPTJTjVAXwc+Vc=
9ZmODXwfTZkOWqz6VD4PrxbSBV88/aMyZdqrvMXvAdXWgIb/TCMqfeLipfDBYOcI+kySjj+MBPrU9lE1NSi2CNGg6HckrmW4cEaZ/QGWFRF1+8PxwtFkYDbjpSkuzQdwGvlR
wjzPBnuhRon6EgM1OXisy9UOiDNQk2AM8LUhFCSD5tuUAVwSG4z/mNl0xKys8gF0OobqBm9JC9CIdO9gVguaVtvEzrYngb9uq23LG3yNfCnaHAgTm1UQNTkMJPlv
3aOS1D8yLjzj+cLEYaKJD/vG6aHj6tRhSTmPvf9/egaeiKTYct+8mYgukGOoGT4ii8ycOYJEALOh5eJSWk0+mvMo8srLMKIpV7Nt49JbS3Z3dxkoGi/5ag==
T7RusSFtEar5g8YuCnuhzRY3vrrAWedh0FqNBOY+vuZbUfeAxJx74MJjVoan3PrW8znjnifFP15PZXcZBmTcs+/NrGX1JDD5ew==
pj5TCDNHj7b+jRU8eFEzAwOlYmTiiakddjTq9rFUW0fxgwis7cwOoFl4OILgFgVt6fjaoCUgnN/I/jlgpCatBT3mOfkhvBdZqWGY2EJDcXFyHSsYLvll
joFcyP2l6xeaG+OuENlfrs7sjs3J4EzXkh4d+qJ41cLaljtJD65ChyyQ13YKqEeGyNYDm2XxLh373POJQeo2Oflw
jCLCWE78WIuWOASRmrOvns7sj83J4EzXkh4d+qJ41cLaljtJD65BhyyQ13YKqEeGydQDm2XxLh373POJQeo2Oflw
6+Y5wK2r8Z1DMYEEdmIj2c7sjc3J4EzXkh4d+qJ41cLaljtJD65BhyyQ13YKqEeGzNQDm2XxLh373POJQeo2Oflw
VEp1l09gGaFyalLew7Qeeek4tYKKderpWTbRmWTs4rn350H2p+qLiY1W0c0mNkl3vR6J4SlLio/LHCJ5FobfhJj9hL6GptG4oAqcSRDB+3A+1Sp/BTtuA1lDoi4VYCBCsUF9mc8sr0r6FD+6Dm97p5VNViEbYIu1sVZOBflM
HxCkBb1OUTTH5BIuRs+Nvh+zeuFcYXO7qSFU1IL+N7/9P08j3jWEAqvpSz6fdbfewBWOee40BPPX/YRF7TQ4+XM=
RP0Ey0p5coQJaSIelaka6+k4tYKKderpWTbRmWTs4rn350H2p+qLiY1W0c0mNkl3vR6J4SlLio/LHCJ5FobfhJj9hL6GptG4oAqcSRDB+3A+1Sp/BTtuA1lDoi4VYCBCsUF9mc8sr0r6FD+6DG97p5VNViEbYIu1sVZOBflM
PRdCd5zcLHxC7DvRdFrT+x+zeuFcYXO7qSFU1IL+N7/9P08j3jWEAqvpSz6fdbfcwBWOee40BPPX/YRF7TQ4+XM=
P0a/L1Pem3X/v3f/OMy8Nm+XAWzFolkP6WhrUAxmnmRNSyfYkwXVmG94GRztf7DBGFqkqsQOIE5Y4cecmOm8iqaS+ezwXtQNQIWjNG6Rkt7PhbnSn9sg45yw798m0sYsc4gHHqpAd/5ILjPwxRl+BTtEo6GhQkYB+Ug=
qwurfLtaJAzoVVFYk3vnZvctNglVOD0TPIsWSdypi1QRI7M1QvbE406zandPkbdOUz1zmAFdQUnSDCDT8+WYVeE8PPl3
jBPmKILxrCIYe3VyZvNlmfctNglVOD0TPI8UR9ypi1QRI7M1QvbE406zandPkbdOUz1zmAFdQUnSDCDT8+WYVeE8PPl3
QA3HOU5WLf5MYVyeCSQTOdJ4EyYSiivTPHl2Ta36SiC+/wXvthtZEFHCvJaQ9RNqbW0WF+pf+UcX3imv4m+LsVJMDCJfCgnun+zNBa8nbYXw+GeuapCX7kg+U6CFqZ71u/QD0eESZhH5WA==
/9x+AvxErx2/CbkYAXK24N7fEUthsDB1GzjOiCu93SgjQU1CzggR3soNH6F7S0QWDh5jZPHd0e+8zZ6P61247icKleBRRAQha3EnWwUb17+Xm8hj4NfUiFvJW/4vFWfYlbV9Of7UtHMH3fSFfVQI+UM=
1A2GkqDeyqyCQ96gKW9OG9XMwr7RZHzz74pm7zGx79ajGBcZjkwIDA1cmsSN2czuNnceN6fQAWrKmk2AE/LM/bsgX3st68+/j+vgQxgHnMgTeYMeh4UfWC0llZmmpPyzzw3M5RVkEPlb
rouSKV8Dw1nUPoKiiKKJgtJ4EyYSiivTPHl2Ta36SiC+/wXvthtaEFHCvJaQ9RNqbW0WF+pf+UcX3imv4m+LsVFMDCJfCgnun+zNBa8nbYXw+GeuapCX7kg+U6CFqZ71u/QD0eESZhH5WA==
4SMfEFx0WXKPd4aaM2QZnt7fEUthsDB1GzjOiCu93SgjQU1CzggU3soNH6F7S0QWDh5jZPDd0e+8zZ6P61247icKl+BRRAQha3EnWwUb17+Xm8hj4NfUiFvJW/4vFWfYlbV9Of7UtHMH3fSFfVQI+UM=
dMi8M8nYSZUKfFyvP2s0dNJ4EyYSiiqIaWNhRrfrZyCI6jCuxHg7HVbV6M7Il0dgdz9DC/t0/1Ee7EzovGau5Ql4DyJfCgnun+zNBa8nbYXw+GeuapCX7kg+U6CFqZ71u/QD0eESZhH5WA==
80HERCoaAFFMnlKd9ITztdN4EyYSiirTPHl2Ta36SiC+/wXvthsoEEvEvIqI9BNqbW0WF+pf+UcX3imv4m+LsVNMDCJfCgnun+zNBa8nbYXw+GeuapCX7kg+U6CFqZ71u/QD0eESZhH5WA==
seKq93kN79/xPvMLDYvladXMwr7RZH3z74pm7zGx79ajGBIZjkwIDA1cmsSN2c3uN3ceN6fQAWrKmkyAE/LM/bsgX3st68+/j+vgQxgHnMgTeYMeh4UfWC0llZmmpPyzzw3M5RVkEPlb
ccT83xLcB8oUo9w29sVTUdXMwr7RZH3z74pm7zGx79ajGBAZjkwIDA1cmsSN2c3uN3ceN6fQAWrKmk+AE/LM/bsgX3st68+/j+vgQxgHnMgTeYMeh4UfWC0llZmmpPyzzw3M5RVkEPlb
24rkwAAHllIQMJnqOW+6L97fEUthsDB1GzjOiCu93SgjQU1CzggX3soNH6F7S0QWDh5jZPDd0e+8zZ6P61247icKlOBRRAQha3EnWwUb17+Xm8hj4NfUiFvJW/4vFWfYlbV9Of7UtHMH3fSFfVQI+UM=
GtWbW0cd7NrstvGYDWzj1tXMwr7RZHzz74pm7zGx79ajGBAZjkwIDA1cmsSN2czuN3ceN6fQAWrKmkyAE/LM/bsgX3st68+/j+vgQxgHnMgTeYMeh4UfWC0llZmmpPyzzw3M5RVkEPlb
SVmouRzvaSWrlOX/n48MgtG70I+EsA6KxURPr7Y22NeUzQh2D/EfrTqQ13YKqEeGyNYDmGXxLh373POJQeo2Oflw
VP82DD9WqIczm26QB03Bnuk4tYKJderpWTbRmWTs4rn350H2p+qLiY1W0c0mNkl3vR6J4SlLio/LHCJ5FobfhJj9hL6GptG4oAqcSRDB+3A+1Sp/BTtuA1lDoi4VYCBCsUF9mc8sr0r6FD+6Amt7pJVNViEbYIu1sVZOBflM
flICA7GdX1kmhx68c36nNh+zeuFcYXO7qSFU1IL+N7/9P08j3jWEAqvpSz6fdbfSxBWNee40BPPX/YRF7TQ4+XM=
bjH7Jeebh6m98m5/ZHPlTc7RUkHLkaU+ij8oliEVVX1vSIfeqgD3PkJvszDFWf5FO4Qj4aGCxkH5CA==
yDEPDz1Qzp2qRjp4K0+V6o9d8kREad3BNHTEIZs7jcWdZlk5QbIymQvheJiiQ5Ex0p2L2E75BQ==
Zrxf/xLtmsU5ZgWEbBmS2Ok4tYKJderpWTbRmWTs4rn350H2p+qLiY1W0c0mNkl3vR6J4SlLio/LHCJ5FobfhJj9hL6GptG4oAqcSRDB+3A+1Sp/BTtuA1lDoi4VYCBCsUF9mc8sr0r6FD+6CWh7pJVNViEbYIu1sVZOBflM
oS9pNBzDWQRYoZ6jopseCh+zeuFcYXO7qSFU1IL+N7/9P08j3jWEAqvpSz6fdbfZxxWNee40BPPX/YRF7TQ4+XM=
IT5QP1aAtokOEhbnF1iikc2xuyS8pQ18nc0pLicKVCjqFj0de3I7u3E6z5715hWRJFOI7BggTJCkzNhnSwYAZwg4FgRlBhigMO+gIw+O1j/GjJ/zxZjXhWSh3HYjBf4cMt6DXts0gn5T3GxKX4q9d2oXK3Kfq6lcQgP5Tg==
vbcp+e1/k4Uy1WAoycWSGfctNglVOD0TPIsWSdypi1QRI7M1QvbE406zandPkbdOUz1znANdQUnSDCDT8+WYVeE8PPl3
tlXATtjZjMISW+GhbtFOPPctNglVOD0TPI8UR9ypi1QRI7M1QvbE406zandPkbdOUz1znANdQUnSDCDT8+WYVeE8PPl3
STtJ4gdKYsw0RADaw0+bRtJ4EyYSiiqIaWNhRrfrZyCI6jCuxHg7HVbV6M7Il0dgdz9DC/t0/1Ee7EzovGau5Ql4DyJfCgnun+zNBa8nbYXw+GeuapCX7kw8U6CFqZ71u/QD0eESZhH5WA==
n4ex4mJ/QrCiTV4oJV8V897fEUthsDB1GzjOiCu93SgjQU1CzggR3soNH6F7S0QWDh5jZPHd0e+8zZ6P61247icKleBRRAQha3EnWwUb17+Xm8hj4NfUiFvJW/4vFWfcl7V9Of7UtHMH3fSFfVQI+UM=
zZ5S1kilAsEx5hFQnPZqJtN4EyYSiirTPHl2Ta36SiC+/wXvthsoEEvEvIqI9BNqbW0WF+pf+UcX3imv4m+LsVNMDCJfCgnun+zNBa8nbYXw+GeuapCX7kw8U6CFqZ71u/QD0eESZhH5WA==
TvmkgGMqT5tAaJezp78bXd7fEUthsDB1GzjOiCu93SgjQU1CzggU3soNH6F7S0QWDh5jZPDd0e+8zZ6P61247icKl+BRRAQha3EnWwUb17+Xm8hj4NfUiFvJW/4vFWfcl7V9Of7UtHMH3fSFfVQI+UM=
zkJqTivImGXeUuWigUKHY9XMwr7RZH3z74pm7zGx79ajGBIZjkwIDA1cmsSN2c3uN3ceN6fQAWrKmkyAE/LM/bsgX3st68+/j+vgQxgHnMgTeYMeh4UfXC8llZmmpPyzzw3M5RVkEPlb
9VMya5sMQcT4eWjLXWqwitXMwr7RZH3z74pm7zGx79ajGBAZjkwIDA1cmsSN2c3uN3ceN6fQAWrKmk+AE/LM/bsgX3st68+/j+vgQxgHnMgTeYMeh4UfXC8llZmmpPyzzw3M5RVkEPlb
vr3U7DT1hP50PsvgeYhc4dXMwr7RZHzz74pm7zGx79ajGBAZjkwIDA1cmsSN2czuN3ceN6fQAWrKmkyAE/LM/bsgX3st68+/j+vgQxgHnMgTeYMeh4UfXC8llZmmpPyzzw3M5RVkEPlb
Gh5M8JaXO89PEsylnQbdsNXMwr7RZHzz74pm7zGx79ajGBcZjkwIDA1cmsSN2czuNnceN6fQAWrKmk2AE/LM/bsgX3st68+/j+vgQxgHnMgTeYMeh4UfXC8llZmmpPyzzw3M5RVkEPlb
KoIMO96LVxIJBApKugbvW9J4EyYSiivTPHl2Ta36SiC+/wXvthtZEFHCvJaQ9RNqbW0WF+pf+UcX3imv4m+LsVJMDCJfCgnun+zNBa8nbYXw+GeuapCX7kw8U6CFqZ71u/QD0eESZhH5WA==
FFcTTbadzl0lgHYc0AOSDtJ4EyYSiivTPHl2Ta36SiC+/wXvthtaEFHCvJaQ9RNqbW0WF+pf+UcX3imv4m+LsVFMDCJfCgnun+zNBa8nbYXw+GeuapCX7kw8U6CFqZ71u/QD0eESZhH5WA==
lZdMYgh/jnbABq8rBZpzct7fEUthsDB1GzjOiCu93SgjQU1CzggX3soNH6F7S0QWDh5jZPDd0e+8zZ6P61247icKlOBRRAQha3EnWwUb17+Xm8hj4NfUiFvJW/4vFWfcl7V9Of7UtHMH3fSFfVQI+UM=
b+X+ixie8jSxQ9VxHaTakdG70I+EsA6KxURPr7Y22NeUzQh2D/EfrTqQ13YKqEeGzNQDmGXxLh373POJQeo2Oflw
UCKqnbjP9Weay+PwRCqtp46aXAzk055qwBElgyoIVnNuSIfeqgD3Pk5tszDFWf5FO4Qj4aGCxkH5CA==
QagFs1KFzTw5eLgaOkhBpZjbxRoXyqBQaDTPYHbL+tZ7hC62B0Ef7sut6xyazdmputxoE7sV8LWZzET5Dw==
M+H5qH2dhJjW60mlhHpfd87sjs3J4EzXkh4d+qJ41cLaljtJD65ChyyQ13YKqEeGzNIDmGXxLh373POJQeo2Oflw
OoRnp2ob6DRINmwSbrO9287sjs3J4EzXkh4d+qJ41cLaljtJD65ChyyQ13YKqEeGydYDmWXxLh373POJQeo2Oflw
HGP6v1IHLB5MSSMJBerkHM7sjc3J4EzXkh4d+qJ41cLaljtJD65BhyyQ13YKqEeGydcDmWXxLh373POJQeo2Oflw
6qp0839hef3aTSdHLNIyJc7sjc3J4EzXkh4d+qJ41cLaljtJD65HhyyQ13YKqEeGytQDmWXxLh373POJQeo2Oflw
RKZ6y0LPKKO7fxP/O8s5ys7sj83J4EzXkh4d+qJ41cLaljtJD65ChyyQ13YKqEeGw9UDmWXxLh373POJQeo2Oflw
Vmr79W4wMNkK4sj/e78jy+k4tYKKderpWTbRmWTs4rn350H2p+qLiY1W0c0mNkl3vR6J4SlLio/LHCJ5FobfhJj9hL6GptG4oAqcSRDB+3A+1Sp/BTtuA1lDoi4VYCBCsUF9mc8sr0r6FD+6D297qpVNViEbYIu1sVZOBflM
wDJEdJLdZXalpoRHe04QMB+zeuFcYXO7qSFU1IL+N7/9P08j3jWEAqvpSz6fdbffwBWDee40BPPX/YRF7TQ4+XM=
1x96y+vdp/8Li79E3pgxYM2xuyS/pQ18nc0pLicKVCjqFj0de3I7u3E6z5715hWRJFOI7BggTJCkzNhnSwYAZwg4FgRlBhigMO+gIw+O1j/GjJ/zxZjXhWSh3HYjBf4cMt6DXts0gn5T3G1NX4S9d2oXK3Kfq6lcQgP5Tg==
IVQhKkGmmvpPCAPr+5m23vctNglVOD0TPIsWSdypi1QRI7M1QvbE406zandPkbdOUz1znQRdT0nSDCDT8+WYVeE8PPl3
jmgN0Dse1EzBsQQuqnidUfctNglVOD0TPI8UR9ypi1QRI7M1QvbE406zandPkbdOUz1znQRdT0nSDCDT8+WYVeE8PPl3
k5WsS00FoiEiKNzbYPv9F9J4EyYSiiqIaWNhRrfrZyCI6jCuxHg7HVbV6M7Il0dgdz9DC/t0/1Ee7EzovGau5Ql4DyJfCgnun+zNBa8nbYXw+GeuapCX7k07U66FqZ71u/QD0eESZhH5WA==
NUPS6nMQLJ9XAjOxXwvqFN7fEUthsDB1GzjOiCu93SgjQU1CzggR3soNH6F7S0QWDh5jZPHd0e+8zZ6P61247icKleBRRAQha3EnWwUb17+Xm8hj4NfUiFvJW/4vFWfdkLVzOf7UtHMH3fSFfVQI+UM=
sbIf9zU0oFHtCRVACveRf9N4EyYSiirTPHl2Ta36SiC+/wXvthsoEEvEvIqI9BNqbW0WF+pf+UcX3imv4m+LsVNMDCJfCgnun+zNBa8nbYXw+GeuapCX7k07U66FqZ71u/QD0eESZhH5WA==
ZSFTcQiJz85ZbhgZ/zENldXMwr7RZHzz74pm7zGx79ajGBAZjkwIDA1cmsSN2czuN3ceN6fQAWrKmkyAE/LM/bsgX3st68+/j+vgQxgHnMgTeYMeh4UfXSglm5mmpPyzzw3M5RVkEPlb
JwBu1DZdUlegzZ/iFpsOhdXMwr7RZH3z74pm7zGx79ajGBAZjkwIDA1cmsSN2c3uN3ceN6fQAWrKmk+AE/LM/bsgX3st68+/j+vgQxgHnMgTeYMeh4UfXSglm5mmpPyzzw3M5RVkEPlb
XnzbtGmKf8ZHbtAjiOTtRtXMwr7RZHzz74pm7zGx79ajGBcZjkwIDA1cmsSN2czuNnceN6fQAWrKmk2AE/LM/bsgX3st68+/j+vgQxgHnMgTeYMeh4UfXSglm5mmpPyzzw3M5RVkEPlb
SHSMuaw8CA24ctJ8SYVuctJ4EyYSiivTPHl2Ta36SiC+/wXvthtZEFHCvJaQ9RNqbW0WF+pf+UcX3imv4m+LsVJMDCJfCgnun+zNBa8nbYXw+GeuapCX7k07U66FqZ71u/QD0eESZhH5WA==
Tr4hrqIIJjYU2IYd9a2SOt7fEUthsDB1GzjOiCu93SgjQU1CzggX3soNH6F7S0QWDh5jZPDd0e+8zZ6P61247icKlOBRRAQha3EnWwUb17+Xm8hj4NfUiFvJW/4vFWfdkLVzOf7UtHMH3fSFfVQI+UM=
+I/DfTchqFwxkPDVvsllK9J4EyYSiivTPHl2Ta36SiC+/wXvthtaEFHCvJaQ9RNqbW0WF+pf+UcX3imv4m+LsVFMDCJfCgnun+zNBa8nbYXw+GeuapCX7k07U66FqZ71u/QD0eESZhH5WA==
Bksg43KGvUwukEUrGgH2FdXMwr7RZH3z74pm7zGx79ajGBIZjkwIDA1cmsSN2c3uN3ceN6fQAWrKmkyAE/LM/bsgX3st68+/j+vgQxgHnMgTeYMeh4UfXSglm5mmpPyzzw3M5RVkEPlb
srKHy+/N58E8C4qPUmC0V97fEUthsDB1GzjOiCu93SgjQU1CzggU3soNH6F7S0QWDh5jZPDd0e+8zZ6P61247icKl+BRRAQha3EnWwUb17+Xm8hj4NfUiFvJW/4vFWfdkLVzOf7UtHMH3fSFfVQI+UM=
/D90Kw2Cwu4lRsk5CzfkxNG70I+EsA6KxURPr7Y22NeUzQh2D/EfrTqQ13YKqEeGzdMDlmXxLh373POJQeo2Oflw
Zd2yi1IMQdLWzi+aQA1QBY6aXAzk055qwBElgyoIVnNuSIfeqgD3Pkxvsz/FWf5FO4Qj4aGCxkH5CA==
Vu9WbM2WLAbFrzS2KHtzDHWK4+svOPSFdEcW7kCVrRe6nP7XzuwvCvrUv/oPqPvrlY3WYRugC/Wxls5F+Qw=
KjEgZ5VQEE+9eMwZ3Nui6DYBRS/Y1wr9i4Ns9f9UIMaaWK6yi9vOHfCk+ZZhILM8NtLln5x9w3IF2ot8IXXuhPic7Pq5s8q9wuLFsKHgR8gaTLLOXwykuvT2sfWVqNZI8aDIt8QuxfgQRrk9oRb10VX9prFhUoSg1uOFaU5Np7D6+bE=
4TYZInWL8MwrtokbSvngVy+7j0OB5qRTeGEbYI1UBhwaPpO7oOlwcjdkq8gNrJjscCpVJO4uhqaD4X9gfMyT4Kqz7uYvbKIWyynrvn81l9yn1Sv6DnQk87c9JMUNdBj5Uw==
ITiMdkWZ0klqt58+1fmeJRY3vrrAWedh0FqNBOY+vuZbUfeAxJx74MJjVoan3PrW8znjnifFP1tJZXMaBmTcs+/NrGX1JDD5ew==
x2v3hruaSwSTxoM/HXCnWi6xw0X8+GwJJ4H4jGRqPyT125875jBDLKD8t8BWXk5my7GnQBT8a+DSgwbGd7xqVoPZU97XpQ9YOEVDWvbEbDN/bXwlJQQg+Ws=
d1Gda/yUALfpNRHhA3dFUJjbxRoXyqBQaDTPYHbL+tZ7hC62B0Ef7sut6x6czd+qutxoE7sV8LWZzET5Dw==
9ZyfpcfVSVlNuvisg3psuc7sjs3J4EzXkh4d+qJ41cLaljtJD65ChyyQ13YKqEeGzNYDn2bxLh373POJQeo2Oflw
WiW/D+B6XGzGonPayIdPf87sj83J4EzXkh4d+qJ41cLaljtJD65ChyyQ13YKqEeGydcDn2bxLh373POJQeo2Oflw
YG4v1CkrbXUx21rD0d5BEs7sjc3J4EzXkh4d+qJ41cLaljtJD65BhyyQ13YKqEeGytUDn2bxLh373POJQeo2Oflw
Jf2YFveMJTFQWnBcv6kUpM7sj83J4EzXkh4d+qJ41cLaljtJD65BhyyQ13YKqEeGzNMDn2bxLh373POJQeo2Oflw
vwoMVsYZgGrz7hnI1NASB87siM3J4EzXkh4d+qJ41cLaljtJD65BhyyQ13YKqEeGydYDnGbxLh373POJQeo2Oflw
s/AD+4jqFMrbhyO7l48HUs7siM3J4EzXkh4d+qJ41cLaljtJD65ChyyQ13YKqEeGy9cDnGbxLh373POJQeo2Oflw
i9nl8JcNXQ2OHG5ON3hjkuk4tYKJderpWTbRmWTs4rn350H2p+qLiY1W0c0mNkl3vR6J4SlLio/LHCJ5FobfhJj9hL6GptG4oAqcSRDB+3A+1Sp/BTtuA1lDoi4VYCBCsUF9mc8sr0r6FD+6C2h7oJZNViEbYIu1sVZOBflM
0ntfVk7RdJESARC+hS0njh+zeuFcYXO7qSFU1IL+N7/9P08j3jWEAqvpSz6fdbfbxxWJeu40BPPX/YRF7TQ4+XM=
YkJrs4fXPcZ3lef8yvkgEuk4tYKJderpWTbRmWTs4rn350H2p+qLiY1W0c0mNkl3vR6J4SlLio/LHCJ5FobfhJj9hL6GptG4oAqcSRDB+3A+1Sp/BTtuA1lDoi4VYCBCsUF9mc8sr0r6FD+6D2h7oJZNViEbYIu1sVZOBflM
yng+0Iuh6NuteY9egLltdh+zeuFcYXO7qSFU1IL+N7/9P08j3jWEAqvpSz6fdbffxxWJeu40BPPX/YRF7TQ4+XM=
P18Wg+BqpnB2c02vFcT/7W+XAWzEolkP6WhrUAxmnmRNSyfYkwXVmG94GRztf7DBGFqkqsQOIE5Y4cecmOm8iqaS+ezwXtQNQIWjNG6Rkt7PhbnSn9sg45yw798m0sYsc4gHHqpAd/5PLzP1xhl+BTtEo6GhQkYB+Ug=
yS1PFnrMmJkED6ApUUpaCPctNglVOD0TPIsWSdypi1QRI7M1QvbE406zandPkbdOUz1znwBdRErSDCDT8+WYVeE8PPl3
m3RevnGMwqe4J1n161Y0OfctNglVOD0TPI8UR9ypi1QRI7M1QvbE406zandPkbdOUz1znwBdRErSDCDT8+WYVeE8PPl3
FEEtA04oetBzYybkxqWa49N4EyYSiirTPHl2Ta36SiC+/wXvthsoEEvEvIqI9BNqbW0WF+pf+UcX3imv4m+LsVNMDCJfCgnun+zNBa8nbYXw+GeuapCX7k8/U6WGqZ71u/QD0eESZhH5WA==
CbR79xiCcdn8h3D9I5tuKtXMwr7RZHzz74pm7zGx79ajGBAZjkwIDA1cmsSN2czuN3ceN6fQAWrKmkyAE/LM/bsgX3st68+/j+vgQxgHnMgTeYMeh4UfXywlkJqmpPyzzw3M5RVkEPlb
P9IB3AB0XeW3IXdOyx8l7dXMwr7RZH3z74pm7zGx79ajGBAZjkwIDA1cmsSN2c3uN3ceN6fQAWrKmk+AE/LM/bsgX3st68+/j+vgQxgHnMgTeYMeh4UfXywlkJqmpPyzzw3M5RVkEPlb
H8GQDmsZTL0p4uNS4PFV7tXMwr7RZHzz74pm7zGx79ajGBcZjkwIDA1cmsSN2czuNnceN6fQAWrKmk2AE/LM/bsgX3st68+/j+vgQxgHnMgTeYMeh4UfXywlkJqmpPyzzw3M5RVkEPlb
eDiVkMK18oeB+IjuPdEF2NJ4EyYSiivTPHl2Ta36SiC+/wXvthtaEFHCvJaQ9RNqbW0WF+pf+UcX3imv4m+LsVFMDCJfCgnun+zNBa8nbYXw+GeuapCX7k8/U6WGqZ71u/QD0eESZhH5WA==
FrrS5OaLcoOhnwcQhiLe7NJ4EyYSiiqIaWNhRrfrZyCI6jCuxHg7HVbV6M7Il0dgdz9DC/t0/1Ee7EzovGau5Ql4DyJfCgnun+zNBa8nbYXw+GeuapCX7k8/U6WGqZ71u/QD0eESZhH5WA==
zkgFP+GrMZwfS2A94qzjnd7fEUthsDB1GzjOiCu93SgjQU1CzggR3soNH6F7S0QWDh5jZPHd0e+8zZ6P61247icKleBRRAQha3EnWwUb17+Xm8hj4NfUiFvJW/4vFWfflLV4Ov7UtHMH3fSFfVQI+UM=
Jbmr9dQe9rNAVtmIonxf2t7fEUthsDB1GzjOiCu93SgjQU1CzggX3soNH6F7S0QWDh5jZPDd0e+8zZ6P61247icKlOBRRAQha3EnWwUb17+Xm8hj4NfUiFvJW/4vFWfflLV4Ov7UtHMH3fSFfVQI+UM=
2Nb3Jw9wSjIj5iFBcoAWpNXMwr7RZH3z74pm7zGx79ajGBIZjkwIDA1cmsSN2c3uN3ceN6fQAWrKmkyAE/LM/bsgX3st68+/j+vgQxgHnMgTeYMeh4UfXywlkJqmpPyzzw3M5RVkEPlb
2ZQ9Dmsm5/tRe86g+JwG7t7fEUthsDB1GzjOiCu93SgjQU1CzggU3soNH6F7S0QWDh5jZPDd0e+8zZ6P61247icKl+BRRAQha3EnWwUb17+Xm8hj4NfUiFvJW/4vFWfflLV4Ov7UtHMH3fSFfVQI+UM=
ZaeTEs0nm3V/PKY2WydoGNJ4EyYSiivTPHl2Ta36SiC+/wXvthtZEFHCvJaQ9RNqbW0WF+pf+UcX3imv4m+LsVJMDCJfCgnun+zNBa8nbYXw+GeuapCX7k8/U6WGqZ71u/QD0eESZhH5WA==
fQV+DdUyLS8hqzLAchqhTNG70I+EsA6KxURPr7Y22NeUzQh2D/EfrTqQ13YKqEeGz9cDnWbxLh373POJQeo2Oflw
BR31uLXnK4m3iF9FrlRzFM7RUkHLkaU+ij8oliEVVX1vSIfeqgD3Pk9vszXGWf5FO4Qj4aGCxkH5CA==
fLQbSELdxgvLd54juJG+sY9d8kREad3BNHTEIZs7jcWdZlk5Qb8ymQ7ieJiiQ5Ex0p2L2E75BQ==
aFEBw3h1wm5kqx31dhTpkm+XAWzFolkP6WhrUAxmnmRNSyfYkwXVmG94GRztf7DBGFqkqsQOIE5Y4cecmOm8iqaS+ezwXtQNQIWjNG6Rkt7PhbnSn9sg45yw798m0sYsc4gHHqpAd/5KLTP1xhl+BTtEo6GhQkYB+Ug=
+jQDxzdfnuHdkAhZpKed3/ctNglVOD0TPIsWSdypi1QRI7M1QvbE406zandPkbdOUz1zmgJdRErSDCDT8+WYVeE8PPl3
ahN1/94foIMPty7jXL8w9/ctNglVOD0TPI8UR9ypi1QRI7M1QvbE406zandPkbdOUz1zmgJdRErSDCDT8+WYVeE8PPl3
K1BvaclNlMJywmTDaFq409J4EyYSiivTPHl2Ta36SiC+/wXvthtaEFHCvJaQ9RNqbW0WF+pf+UcX3imv4m+LsVFMDCJfCgnun+zNBa8nbYXw+GeuapCX7ko9U6WGqZ71u/QD0eESZhH5WA==
5365B08hgp2q3w+GPjrjUNN4EyYSiirTPHl2Ta36SiC+/wXvthsoEEvEvIqI9BNqbW0WF+pf+UcX3imv4m+LsVNMDCJfCgnun+zNBa8nbYXw+GeuapCX7ko9U6WGqZ71u/QD0eESZhH5WA==
DUJK2KYiCQQA4ImrNFqAv9XMwr7RZHzz74pm7zGx79ajGBAZjkwIDA1cmsSN2czuN3ceN6fQAWrKmkyAE/LM/bsgX3st68+/j+vgQxgHnMgTeYMeh4UfWi4lkJqmpPyzzw3M5RVkEPlb
LXff/U7G6Y9OIQgk/LhS+dXMwr7RZH3z74pm7zGx79ajGBAZjkwIDA1cmsSN2c3uN3ceN6fQAWrKmk+AE/LM/bsgX3st68+/j+vgQxgHnMgTeYMeh4UfWi4lkJqmpPyzzw3M5RVkEPlb
CigWDMnMdX9Llrc2NrGLF9XMwr7RZHzz74pm7zGx79ajGBcZjkwIDA1cmsSN2czuNnceN6fQAWrKmk2AE/LM/bsgX3st68+/j+vgQxgHnMgTeYMeh4UfWi4lkJqmpPyzzw3M5RVkEPlb
HUykwU+MDAbZdzkgB3ofd97fEUthsDB1GzjOiCu93SgjQU1CzggR3soNH6F7S0QWDh5jZPHd0e+8zZ6P61247icKleBRRAQha3EnWwUb17+Xm8hj4NfUiFvJW/4vFWfalrV4Ov7UtHMH3fSFfVQI+UM=
ENLKR/KpEmrzi/9BFG2Fxd7fEUthsDB1GzjOiCu93SgjQU1CzggU3soNH6F7S0QWDh5jZPDd0e+8zZ6P61247icKl+BRRAQha3EnWwUb17+Xm8hj4NfUiFvJW/4vFWfalrV4Ov7UtHMH3fSFfVQI+UM=
uw10jarG39WMNiu9h0IwT9J4EyYSiiqIaWNhRrfrZyCI6jCuxHg7HVbV6M7Il0dgdz9DC/t0/1Ee7EzovGau5Ql4DyJfCgnun+zNBa8nbYXw+GeuapCX7ko9U6WGqZ71u/QD0eESZhH5WA==
PIvsnZ4knLBcrl2j7/Zr0t7fEUthsDB1GzjOiCu93SgjQU1CzggX3soNH6F7S0QWDh5jZPDd0e+8zZ6P61247icKlOBRRAQha3EnWwUb17+Xm8hj4NfUiFvJW/4vFWfalrV4Ov7UtHMH3fSFfVQI+UM=
pAfGn5xbd42nmNuLuU8AoNXMwr7RZH3z74pm7zGx79ajGBIZjkwIDA1cmsSN2c3uN3ceN6fQAWrKmkyAE/LM/bsgX3st68+/j+vgQxgHnMgTeYMeh4UfWi4lkJqmpPyzzw3M5RVkEPlb
EoZKg7rglCXdYuBDTwWAFdJ4EyYSiivTPHl2Ta36SiC+/wXvthtZEFHCvJaQ9RNqbW0WF+pf+UcX3imv4m+LsVJMDCJfCgnun+zNBa8nbYXw+GeuapCX7ko9U6WGqZ71u/QD0eESZhH5WA==
SCpJhIseqUfa+zqJiu5ABtG70I+EsA6KxURPr7Y22NeUzQh2D/EfrTqQ13YKqEeGytUDnWbxLh373POJQeo2Oflw
09zA6XIhz06EkR44A7Rnzm+XAWzHolkP6WhrUAxmnmRNSyfYkwXVmG94GRztf7DBGFqkqsQOIE5Y4cecmOm8iqaS+ezwXtQNQIWjNG6Rkt7PhbnSn9sg45yw798m0sYsc4gHHqpAd/5IKjP1xhl+BTtEo6GhQkYB+Ug=
LtLRKcLaFPrR40a8w7FTBPctNglVOD0TPIsWSdypi1QRI7M1QvbE406zandPkbdOUz1zmAVdRErSDCDT8+WYVeE8PPl3
6e7OPeUP8+KwGSvvgNarqPctNglVOD0TPI8UR9ypi1QRI7M1QvbE406zandPkbdOUz1zmAVdRErSDCDT8+WYVeE8PPl3
ZsOu6e1f8095z54Dcse2ONN4EyYSiirTPHl2Ta36SiC+/wXvthsoEEvEvIqI9BNqbW0WF+pf+UcX3imv4m+LsVNMDCJfCgnun+zNBa8nbYXw+GeuapCX7kg6U6WGqZ71u/QD0eESZhH5WA==
DoKVhTcleNmf7d6zGpy7CtXMwr7RZHzz74pm7zGx79ajGBAZjkwIDA1cmsSN2czuN3ceN6fQAWrKmkyAE/LM/bsgX3st68+/j+vgQxgHnMgTeYMeh4UfWCklkJqmpPyzzw3M5RVkEPlb
9pCNNmI8CgI2tH4A8sz9WtXMwr7RZH3z74pm7zGx79ajGBAZjkwIDA1cmsSN2c3uN3ceN6fQAWrKmk+AE/LM/bsgX3st68+/j+vgQxgHnMgTeYMeh4UfWCklkJqmpPyzzw3M5RVkEPlb
OARP7Azl82CXWlkpJFKildXMwr7RZHzz74pm7zGx79ajGBcZjkwIDA1cmsSN2czuNnceN6fQAWrKmk2AE/LM/bsgX3st68+/j+vgQxgHnMgTeYMeh4UfWCklkJqmpPyzzw3M5RVkEPlb
G7SVefEbKHXkVOFdFTyuzd7fEUthsDB1GzjOiCu93SgjQU1CzggX3soNH6F7S0QWDh5jZPDd0e+8zZ6P61247icKlOBRRAQha3EnWwUb17+Xm8hj4NfUiFvJW/4vFWfYkbV4Ov7UtHMH3fSFfVQI+UM=
BsVooJ+/0jCYAugSQyvbdtXMwr7RZH3z74pm7zGx79ajGBIZjkwIDA1cmsSN2c3uN3ceN6fQAWrKmkyAE/LM/bsgX3st68+/j+vgQxgHnMgTeYMeh4UfWCklkJqmpPyzzw3M5RVkEPlb
ZT4S/LKa5CBB0A+xXFqM797fEUthsDB1GzjOiCu93SgjQU1CzggU3soNH6F7S0QWDh5jZPDd0e+8zZ6P61247icKl+BRRAQha3EnWwUb17+Xm8hj4NfUiFvJW/4vFWfYkbV4Ov7UtHMH3fSFfVQI+UM=
XAs8wBf/5Yzx43Qi7+0YT9J4EyYSiivTPHl2Ta36SiC+/wXvthtZEFHCvJaQ9RNqbW0WF+pf+UcX3imv4m+LsVJMDCJfCgnun+zNBa8nbYXw+GeuapCX7kg6U6WGqZ71u/QD0eESZhH5WA==
q4NevtfipI1AWKZci9TSmtJ4EyYSiivTPHl2Ta36SiC+/wXvthtaEFHCvJaQ9RNqbW0WF+pf+UcX3imv4m+LsVFMDCJfCgnun+zNBa8nbYXw+GeuapCX7kg6U6WGqZ71u/QD0eESZhH5WA==
cJZbEp5DbvNGfOZALetyFN7fEUthsDB1GzjOiCu93SgjQU1CzggR3soNH6F7S0QWDh5jZPHd0e+8zZ6P61247icKleBRRAQha3EnWwUb17+Xm8hj4NfUiFvJW/4vFWfYkbV4Ov7UtHMH3fSFfVQI+UM=
CehAmIRuljBIl3Fb+k3VNNJ4EyYSiiqIaWNhRrfrZyCI6jCuxHg7HVbV6M7Il0dgdz9DC/t0/1Ee7EzovGau5Ql4DyJfCgnun+zNBa8nbYXw+GeuapCX7kg6U6WGqZ71u/QD0eESZhH5WA==
n04N4K6VMhANaJETC1AUitG70I+EsA6KxURPr7Y22NeUzQh2D/EfrTqQ13YKqEeGyNIDnWbxLh373POJQeo2Oflw
R/VNmeBRH6ClLfe1/LHPBs7RUkHLkaU+ij8oliEVVX1vSIfeqgD3PkhqszXGWf5FO4Qj4aGCxkH5CA==
VyYBT4/Cy1l4h/YKAwwzB49d8kREad3BNHTEIZs7jcWdZlk5Qbg3mQ7ieJiiQ5Ex0p2L2E75BQ==
NpWOHkiJ8cs5r/u2Jcz4L2TG5+QuPvSYdEcW7kCVrRe6nP7XzuwvCvrUv/oJr/vhlo3WYRugC/Wxls5F+Qw=
9oa9zN/zui9ie+G6OR2R83UMiKpi4y42Xy9eDnbH698PDDzBpCP+msDhRXNq2Dbj7tgnDuow1w5JW5MFBgle1bsUw7Fh8iYx+Xg=
5zwj9j1le9GxRpBJWRUBFWkElON99D83EDgMWDjJ5NcOAH/KpCP+msDhRXNq2Dbj7tgnDuow1w5JW5MFBgle1bsUw7Fh8iYx+Xg=
RpAARPVrKf/ga9+O1/QAKm+XAWzFolkP6WhrUAxmnmRNSyfYkwXVmG94GRztf7DBGFqkqsQOIE5Y4cecmOm8iqaS+ezwXtQNQIWjNG6Rkt7PhbnSn9sg45yw798m0sYsc4gHHqpAd/5CKzP1xhl+BTtEo6GhQkYB+Ug=
ketuJ5jcWE8gHy+KVZciUvctNglVOD0TPIsWSdypi1QRI7M1QvbE406zandPkbdOUz1zkgRdRErSDCDT8+WYVeE8PPl3
bPoNzexGd+end3Y030bB9fctNglVOD0TPI8UR9ypi1QRI7M1QvbE406zandPkbdOUz1zkgRdRErSDCDT8+WYVeE8PPl3
CwWlU65HWMS0sqbubc7Ojd7fEUthsDB1GzjOiCu93SgjQU1CzggU3soNH6F7S0QWDh5jZPDd0e+8zZ6P61247icKl+BRRAQha3EnWwUb17+Xm8hj4NfUiFvJW/4vFWfSkLV4Ov7UtHMH3fSFfVQI+UM=
VXA4rKhdIzFfjb8R/xjULdXMwr7RZHzz74pm7zGx79ajGBIZjkwIDA1cmsSN2czuN3ceN6fQAWrKmk2AE/LM/bsgX3st68+/j+vgQxgHnMgTeYMeh4UfUiglkJqmpPyzzw3M5RVkEPlb
/wRbmIIvLbqId03QKHy4qtXMwr7RZHzz74pm7zGx79ajGBEZjkwIDA1cmsSN2czuN3ceN6fQAWrKmk+AE/LM/bsgX3st68+/j+vgQxgHnMgTeYMeh4UfUiglkJqmpPyzzw3M5RVkEPlb
O4a9kAadFzWQYoSU2GSA6NJ4EyYSiivTPHl2Ta36SiC+/wXvthtaEFHCvJaQ9RNqbW0WF+pf+UcX3imv4m+LsVFMDCJfCgnun+zNBa8nbYXw+GeuapCX7kI7U6WGqZ71u/QD0eESZhH5WA==
MplxPZBm1052hSo7byWcatN4EyYSiirTPHl2Ta36SiC+/wXvthsoEEvEvIqI9BNqbW0WF+pf+UcX3imv4m+LsVNMDCJfCgnun+zNBa8nbYXw+GeuapCX7kI7U6WGqZ71u/QD0eESZhH5WA==
7myw+TMN4LwmIgqnmf9ub9XMwr7RZHzz74pm7zGx79ajGBAZjkwIDA1cmsSN2czuN3ceN6fQAWrKmkyAE/LM/bsgX3st68+/j+vgQxgHnMgTeYMeh4UfUiglkJqmpPyzzw3M5RVkEPlb
B5U6kolz7ZjoAb4aT4UqYtXMwr7RZHzz74pm7zGx79ajGBcZjkwIDA1cmsSN2czuNnceN6fQAWrKmk2AE/LM/bsgX3st68+/j+vgQxgHnMgTeYMeh4UfUiglkJqmpPyzzw3M5RVkEPlb
pIXwYKtiSu1PSQUR8WRP69J4EyYSiivTPHl2Ta36SiC+/wXvthtZEFHCvJaQ9RNqbW0WF+pf+UcX3imv4m+LsVJMDCJfCgnun+zNBa8nbYXw+GeuapCX7kI7U6WGqZ71u/QD0eESZhH5WA==
XQBzMrDTIKw+I/uC/POC6N7fEUthsDB1GzjOiCu93SgjQU1CzggR3soNH6F7S0QWDh5jZPHd0e+8zZ6P61247icKleBRRAQha3EnWwUb17+Xm8hj4NfUiFvJW/4vFWfSkLV4Ov7UtHMH3fSFfVQI+UM=
vruIOl8k2bie+HJDByBN/97fEUthsDB1GzjOiCu93SgjQU1CzggX3soNH6F7S0QWDh5jZPDd0e+8zZ6P61247icKlOBRRAQha3EnWwUb17+Xm8hj4NfUiFvJW/4vFWfSkLV4Ov7UtHMH3fSFfVQI+UM=
Fjvc8dDhn7C3LUbp2qbg2tJ4EyYSiiqIaWNhRrfrZyCI6jCuxHg7HVbV6M7Il0dgdz9DC/t0/1Ee7EzovGau5Ql4DyJfCgnun+zNBa8nbYXw+GeuapCX7kI7U6WGqZ71u/QD0eESZhH5WA==
t/pLxISDLS9RxBGZ2LTO3NG70I+EsA6KxURPr7Y22NeUzQh2D/EfrTqQ13YKqEeGwtMDnWbxLh373POJQeo2Oflw
2gbEbx0/AhcBODbZAiJ+xs2xuyS8twF8nd8kLiZ3Pz2dIHcYf3d1vD0rxpTt2RWkNVeZ2R4RU5au/5YEWwoQZxgoFhRlBhigMO+wIx+e1i/WifXput2BiW7o1SJkDPkbIc+fXts0gn5T3GxIX4i+d2oXK3Kfq6lcQgP5Tg==
2cSFrILDb7X6TOHLbvICLB+zeuFcYXO7qSFU1IL+N7/9P08j3jWEAqvpSz6fdbfcxRWPeu40BPPX/YRF7TQ4+XM=
e4k/bF3kq+nJYpPBn4P+6G+XAWzEolkP6WhrUAxmnmRNSyfYkwXVmG94GRztf7DBGFqkqsQOIE5Y4cecmOm8iqaS+ezwXtQNQIWjNG6Rkt7PhbnSn9sg45yw798m0sYsc4gHHqpAd/5PLzPyxhl+BTtEo6GhQkYB+Ug=
wBTZHRTocfgBbTFRS3GPO/ctNglVOD0TPIsWSdypi1QRI7M1QvbE406zandPkbdOUz1zngBdQ0rSDCDT8+WYVeE8PPl3
QbE+P54CSPpkDJDir0GMvvctNglVOD0TPI8UR9ypi1QRI7M1QvbE406zandPkbdOUz1zngBdQ0rSDCDT8+WYVeE8PPl3
vh1FvmI4w7vzGD9w5+x9cdJ4EyYSiivTPHl2Ta36SiC+/wXvthtZEFHCvJaQ9RNqbW0WF+pf+UcX3imv4m+LsVJMDCJfCgnun+zNBa8nbYXw+GeuapCX7k4/U6KGqZ71u/QD0eESZhH5WA==
ezPCIffD6tflRk+sKFbPOd7fEUthsDB1GzjOiCu93SgjQU1CzggX3soNH6F7S0QWDh5jZPDd0e+8zZ6P61247icKlOBRRAQha3EnWwUb17+Xm8hj4NfUiFvJW/4vFWfelLV/Ov7UtHMH3fSFfVQI+UM=
nuym/65Tfb35DWEqiasPH9N4EyYSiirTPHl2Ta36SiC+/wXvthsoEEvEvIqI9BNqbW0WF+pf+UcX3imv4m+LsVNMDCJfCgnun+zNBa8nbYXw+GeuapCX7k4/U6KGqZ71u/QD0eESZhH5WA==
5Um8lWRxckmeg1ki5ZvJV9J4EyYSiivTPHl2Ta36SiC+/wXvthtaEFHCvJaQ9RNqbW0WF+pf+UcX3imv4m+LsVFMDCJfCgnun+zNBa8nbYXw+GeuapCX7k4/U6KGqZ71u/QD0eESZhH5WA==
ncRhCOV1Wl0vtsbMljEZVt7fEUthsDB1GzjOiCu93SgjQU1CzggR3soNH6F7S0QWDh5jZPHd0e+8zZ6P61247icKleBRRAQha3EnWwUb17+Xm8hj4NfUiFvJW/4vFWfelLV/Ov7UtHMH3fSFfVQI+UM=
jUhaL/qTprT23neu4Q39ztXMwr7RZHzz74pm7zGx79ajGBcZjkwIDA1cmsSN2czuNnceN6fQAWrKmk2AE/LM/bsgX3st68+/j+vgQxgHnMgTeYMeh4UfXiwll5qmpPyzzw3M5RVkEPlb
cKaorc6sMd0sgVaM6tYxFd7fEUthsDB1GzjOiCu93SgjQU1CzggU3soNH6F7S0QWDh5jZPDd0e+8zZ6P61247icKl+BRRAQha3EnWwUb17+Xm8hj4NfUiFvJW/4vFWfelLV/Ov7UtHMH3fSFfVQI+UM=
AAV4wE6HeFo53PPhp0ZX9tXMwr7RZH3z74pm7zGx79ajGBIZjkwIDA1cmsSN2c3uN3ceN6fQAWrKmkyAE/LM/bsgX3st68+/j+vgQxgHnMgTeYMeh4UfXiwll5qmpPyzzw3M5RVkEPlb
J7Ws31vBjEBt4n4K/hmUo9XMwr7RZHzz74pm7zGx79ajGBAZjkwIDA1cmsSN2czuN3ceN6fQAWrKmkyAE/LM/bsgX3st68+/j+vgQxgHnMgTeYMeh4UfXiwll5qmpPyzzw3M5RVkEPlb
l7c48iF3UhnOB1Cmji8AS9XMwr7RZH3z74pm7zGx79ajGBAZjkwIDA1cmsSN2c3uN3ceN6fQAWrKmk+AE/LM/bsgX3st68+/j+vgQxgHnMgTeYMeh4UfXiwll5qmpPyzzw3M5RVkEPlb
yQ7CRvLTagnjkvd2Ua2RZNJ4EyYSiiqIaWNhRrfrZyCI6jCuxHg7HVbV6M7Il0dgdz9DC/t0/1Ee7EzovGau5Ql4DyJfCgnun+zNBa8nbYXw+GeuapCX7k4/U6KGqZ71u/QD0eESZhH5WA==
E8ECiCiX+Mezfb1+KejYi9G70I+EsA6KxURPr7Y22NeUzQh2D/EfrTqQ13YKqEeGztcDmmbxLh373POJQeo2Oflw
xG4tDxjAFIWOIsL1U3nBbmTG5+QuPvSYdEcW7kCVrRe6nP7XzuwvCvrUv/oDq/vmlo3WYRugC/Wxls5F+Qw=
X63K77GjrsHtMU7I5aIakHUMiKpi4y42Xy9eDnbH698PDDzBpCP+msDhRXNq2Dbj7tgnDuow1w5DX5MCBgle1bsUw7Fh8iYx+Xg=
2aAbPpI89+3w29JfDAE36WkElON99D83EDgMWDjJ5NcOAH/KpCP+msDhRXNq2Dbj7tgnDuow1w5DX5MCBgle1bsUw7Fh8iYx+Xg=
iUEZ7J8ZPcwWQXfvN2F819XMwr7RZHzz74pm7zGx79ajGBcZjkwIDA1cmsSN2czuNnceN6fQAWrKmk2AE/LM/bsgX3st68+/j+vgQxgHnMgTeYMeh4UfUy4ll5qmpPyzzw3M5RVkEPlb
YyHOUiWnnRiGwWvEeRROBNXMwr7RZH3z74pm7zGx79ajGBAZjkwIDA1cmsSN2c3uN3ceN6fQAWrKmk+AE/LM/bsgX3st68+/j+vgQxgHnMgTeYMeh4UfWykll5qmpPyzzw3M5RVkEPlb
UPPJ7jVik0j2CeCOlSQTf9XMwr7RZHzz74pm7zGx79ajGBAZjkwIDA1cmsSN2czuN3ceN6fQAWrKmkyAE/LM/bsgX3st68+/j+vgQxgHnMgTeYMeh4UfWykll5qmpPyzzw3M5RVkEPlb
gw3gaal00VrDmbDq9yI4RtXMwr7RZH3z74pm7zGx79ajGBIZjkwIDA1cmsSN2c3uN3ceN6fQAWrKmkyAE/LM/bsgX3st68+/j+vgQxgHnMgTeYMeh4UfWikll5qmpPyzzw3M5RVkEPlb
sMvk10aMWDKlEOROr4D2yG+XAWzHolkP6WhrUAxmnmRNSyfYkwXVmG94GRztf7DBGFqkqsQOIE5Y4cecmOm8iqaS+ezwXtQNQIWjNG6Rkt7PhbnSn9sg45yw798m0sYsc4gHHqpAd/5IKzPyxhl+BTtEo6GhQkYB+Ug=
pZe/Fvm+ryBadQxNKn3R4PctNglVOD0TPIsWSdypi1QRI7M1QvbE406zandPkbdOUz1zmARdQ0rSDCDT8+WYVeE8PPl3
LzfJ6KkqH0hHfv7wWr7Xk/ctNglVOD0TPI8UR9ypi1QRI7M1QvbE406zandPkbdOUz1zmARdQ0rSDCDT8+WYVeE8PPl3
d3Iw9SFlmYYlVrZ3iGRrgtJ4EyYSiivTPHl2Ta36SiC+/wXvthtZEFHCvJaQ9RNqbW0WF+pf+UcX3imv4m+LsVJMDCJfCgnun+zNBa8nbYXw+GeuapCX7k87U6KGqZ71u/QD0eESZhH5WA==
Gwo6KSXcYT0gfPvSLzAAJN7fEUthsDB1GzjOiCu93SgjQU1CzggU3soNH6F7S0QWDh5jZPDd0e+8zZ6P61247icKl+BRRAQha3EnWwUb17+Xm8hj4NfUiFvJW/4vFWffkLV/Ov7UtHMH3fSFfVQI+UM=
HzwkchZOwSEWFEpYDSDFPt7fEUthsDB1GzjOiCu93SgjQU1CzggX3soNH6F7S0QWDh5jZPDd0e+8zZ6P61247icKlOBRRAQha3EnWwUb17+Xm8hj4NfUiFvJW/4vFWffkLV/Ov7UtHMH3fSFfVQI+UM=
DtUUWdCS81EsisVTifco4dN4EyYSiirTPHl2Ta36SiC+/wXvthsoEEvEvIqI9BNqbW0WF+pf+UcX3imv4m+LsVNMDCJfCgnun+zNBa8nbYXw+GeuapCX7k87U6KGqZ71u/QD0eESZhH5WA==
6URbxj1jyL14wSl8zyp5gtJ4EyYSiivTPHl2Ta36SiC+/wXvthtaEFHCvJaQ9RNqbW0WF+pf+UcX3imv4m+LsVFMDCJfCgnun+zNBa8nbYXw+GeuapCX7k87U6KGqZ71u/QD0eESZhH5WA==
zqd6jn9TU8bOY+IRGq3xANJ4EyYSiiqIaWNhRrfrZyCI6jCuxHg7HVbV6M7Il0dgdz9DC/t0/1Ee7EzovGau5Ql4DyJfCgnun+zNBa8nbYXw+GeuapCX7k87U6KGqZ71u/QD0eESZhH5WA==
vUoFCqsmP6I1p50JTV/7Yd7fEUthsDB1GzjOiCu93SgjQU1CzggR3soNH6F7S0QWDh5jZPHd0e+8zZ6P61247icKleBRRAQha3EnWwUb17+Xm8hj4NfUiFvJW/4vFWffkLV/Ov7UtHMH3fSFfVQI+UM=
kmy6g/tJRDoYpGqwaSZnV9G70I+EsA6KxURPr7Y22NeUzQh2D/EfrTqQ13YKqEeGz9MDmmbxLh373POJQeo2Oflw
xlbBui0i3cBOMUQthbDzXc2xuyS/twF8nd8kLiZ3Pz2dIHcYf3d1vD0rxpTt2RWkNVeZ2R4RU5au/5YEWwoQZxgoFhRlBhigMO+wIx+e1i/WifXput2BiW7o1SJkDPkbIc+fXts0gn5T3GNNX4i+d2oXK3Kfq6lcQgP5Tg==
t6gRzCm4lHp9YoQYyvSxAx+zeuFcYXO7qSFU1IL+N7/9P08j3jWEAqvpSz6fdbfTwBWPeu40BPPX/YRF7TQ4+XM=
phFzKPe6E68VCbLXCrERAWTG5+QuPvSYdEcW7kCVrRe6nP7XzuwvCvrUv/oIqvvnlo3WYRugC/Wxls5F+Qw=
xDMD66XHuUlW2sNfU8kLQHUMiKpi4y42Xy9eDnbH698PDDzBpCP+msDhRXNq2Dbj7tgnDuow1w5IXpMDBgle1bsUw7Fh8iYx+Xg=
Oamt3PCb0f0c7WTgOW0UYYj+cVZump+yLxQjga/zay2wxFshLAKpFOI2ksa3GTMwoGTnYF4bsjbjFJb23zHnjgMdQ5jxPZKKguywU0OFaBXRHCz5Zw==
dGwZYj07zY9TGuFPe2417VQKcIDdzP7AabhIYlCWlQ05OIpANSCMvxi+aYA0ph1lzaYJGVG/I3lYIih4MsPh0aJd+zg++XU=
NzIiKmuJoHpFjBFe5+c6yYn+cVZump+yLxQjga/zay2wxFshLAKpFOI2ksa3GTMwoGTnYF4bsjbjFJb23zHnjgMdQ5/xPZKKguywU0OFaBXRHCz5Zw==
3sv1/HvVJ9V3/7Exx1rkBFQKcIDdzP7AabhIYlCWlQ05OIpANSCMvxi+aYA0ph1lzaYJGVG+I3lYIih4MsPh0aJd+zg++XU=
fzmhUUAeUMWwG+01YpwXkIj+cVZump+yLxQjga/zay2wxFshLAKpFOI2ksa3GTMwoGTnYF4bsjbjFJb23zHnjgMdQ57xPZKKguywU0OFaBXRHCz5Zw==
EjWqUT6wXNN9y9MIdwZ7B3WK4+svOPSFdEcW7kCVrRe6nP7XzuwvCvrUv/oJqfvnlo3WYRugC/Wxls5F+Qw=
VlZ5NjnCWoeFZzQYFmtlHUgh58M0QbnpRMBpPndsPIoMNimlrUh+2LmgACdsTv0oiAbBDTn23aEdemuBDPIcUO6jHbm2bc8gMvl5
GCHF3YvveUD/haAx4Tb2xkRh3pFxL0LZH0WioI+S0bRKZlqG/+lbELgU/2BG66oWC2ReNpfhTy77jfsbjK0q6mq8+JMLtUB1ySw0+X8=
rpheSoki52YuaqBBw+j1fHCFs7y8rYxjKoCBYsIhCTzeAF5LVyeO8P++l1VfXlqoG/NaOyAtyNBSViJGJ3nj8PBEF2AuO2J2s/QGdm/RV84z/VOb4R3gynJMwNPTJTjVAXwc+Vc=
trq0Q8LNv/oUZWwgDPap0NvjHk0f/zf3Vs4ae+vCYJvOmYsWZU00svionZYEAWTuzS1r8f+bpG+gDR5+UwjMlWrwgA9ZQZKekhlehuss4ibjRO/Q79Peb1rP66ovM8kEchv5Vg==
UTOUHPUnuFcNoHAAdzkdSUpqcC3bj2uZmk6S8cJb5FzPEmz954SwnNDL2bvgSBFiOSURgpSQVa902w4xxuhcSiw2CWUNyJ4Y2aDgZwzOXWioBuFN2Xa9Yf14TkGucryQjqP9+dbtb2AS+Vk=
mVuhxcUM0etV3/DqU3uPEEpqcC3bj2uZmk6S8cJb5FzPEmz554SwnNDL2bvgSBFiOSURgpSQVa902w4xxuhcSiw2CWUNyJ4Y2aDgZwzOXWioBuFN2Xa9Yf15TUGucryQjqP9+dbtb2AS+Vk=
eKzq0jlfIRhiLgyktvh9mUpqcC3bj2uZmk6S8cJb5FzPEmz754SwnNDL2bvgSBFiOSURgpSQVa902w4xxuhcSiw2CWUNyJ4Y2aDgZwzOXWioBuFN2Xa9Yf19TUGucryQjqP9+dbtb2AS+Vk=
s+Rp4dGkjwDBO84hEATwHn0Dg+MsuDknCz9DCTzJ5NcOAH/KpCP+msDhRXNq2Dbj7tgnDuow1w5IWpMBBgle1bsUw7Fh8iYx+Xg=
Ux8UUj5dqNyuKLQbuTIB9SIA4wlW2KzI5qiL9Bifv75oF9zpolQAo4E1ooL63b4KU/iyGusgqDl3Zy4zcsvL5tenWfg6P/l6
eFCL0j5Asq6pc+crW7WA6CIA4wlW2KzI5qiL9Bifv75oF9zpolQAo4E1ooL63b4KU/iyGusgqjx3aC4zcsvL5tenWfg6P/l6
DwyQqFvFE7iV3rWqfa9OO3UMiKpi4y42Xy9eDnbH698PDDzBpCP+msDhRXNq2Dbj7tgnDuow1w5MXpMOBgle1bsUw7Fh8iYx+Xg=
YRh4lu6LzZOj3rIEz62AEWkElON99D83EDgMWDjJ5NcOAH/KpCP+msDhRXNq2Dbj7tgnDuow1w5MXpMOBgle1bsUw7Fh8iYx+Xg=
Otxi5++kz5P78t7HiZNMK5xO2D0c1j5K4vh5WT2U+YzRREZBHY7yyINjwru4vVBwOobqBm9JC9CIdO9gVguaVtvEzrYngb9uq23LGHiNdyraHAgTm1UQNTkMJPlv
ZSDyASjIM9TFlJQ+3jU+q5xO3D0c1j5K4vh5WT2U+YzRREZBHY7yyINjwru4vVBwOobqBm9JC9CIdO9gVguaVtvEzrYngb9uq23LH3iNdyraHAgTm1UQNTkMJPlv
R/Cjc+oSmqwlrdj/WFM1+JxO3j0c1j5K4vh5WT2U+YzRREZBHY7yyINjwru4vVBwOobqBm9JC9CIdO9gVguaVtvEzrYngb9uq23LHHiNdyraHAgTm1UQNTkMJPlv
3Y7GVwzE0clg/1NEmyN0d1o47Mk0EPXvVNtucSZoPIoMNimlrUh+2LmgACdsTv0oiAbBDTn23aEdem2BAfIcUO6jHbm2bc8gMvl5
TK8anbfP/m+XpgmCC6oflmkElON99D83EDgMWDjJ5NcOAH/KpCP+msDhRXNq2Dbj7tgnDuow1w5KXJMOBgle1bsUw7Fh8iYx+Xg=
WD319zGpxSvdcFpmYiFFxo6aXAzn055qwBIlgyoIVnNuSIfeqgD3Pkhssz/GWf5FO4Qj4aGCxkH5CA==
zgwOpO+0Xhap4N19uqMZb3WK4+svOPSFd0cW7kCWrRe6nP7XzuwvCvrUv/oNqPvrlo3WYRugC/Wxls5F+Qw=
8hr0xepCngJTv7MAA6MtMEcHu6dJOmGXrcB381D8ROzovQxzrqQXPjeXdh5AZs3H+ixeR058z3o6hJ/KD5nbO9Z9tvGbMKtFccYuNfl8
r1xefefS1Ua1NFMC9bCOCEpqcC3bj2uZmk6S8cJb5FzPEmz+54SwnNDL2bvgSBFiOSURgpSQVa902w4xxuhcSiw2CWUNy54Y2aDjZwzOXWioBuFN2Xa9Yf16SkGgcryQjqP9+dbtb2AS+Vk=
MB5FZnagDZex4udWtNQyG0pqcC3bj2uZmk6S8cJb5FzPEmz554SwnNDL2bvgSBFiOSURgpSQVa902w4xxuhcSiw2CWUNy54Y2aDjZwzOXWioBuFN2Xa9Yf18SkGgcryQjqP9+dbtb2AS+Vk=
yut5omVYWNtgCD59jprrQ0pqcC3bj2uZmk6S8cJb5FzPEmz654SwnNDL2bvgSBFiOSURgpSQVa902w4xxuhcSiw2CWUNy54Y2aDjZwzOXWioBuFN2Xa9Yf16T0Gpc7yQjqP9+dbtb2AS+Vk=
ROiqvZjW+kEEwsDwxcJQP30Dg+MsuDknCz9DCTzJ5NcOAH/KpyP+msDiRXNq2Dbj7tgnDuow1w5IX5MGBwle1bsUw7Fh8iYx+Xg=
0l6uKCub+qx0NEXvuuVxEiIA4wlW2KzI5qiL9Bifv75oF9/polQAoIE1ooL63b4KU/iyGusgrD13YS8zcsvL5tenWfg6P/l6
3fIw4omoYM6aw4OOcL3Mb46aXAzm055qwBMlgyoIVnNuSIfeqgD3PkxsszfHWf5FO4Qj4aGCxkH5CA==
FOpV8qVIluCIZjffwB5IAHWK4+svOPSFdkcW7kCXrRe6nP7XzuwvCvrUv/oCqPvjl43WYRugC/Wxls5F+Qw=
uyY2nvpsqF8OrLAn1+/qREYHu6dJOmGXrcB381D8ROzovQxzrqQXPjaXdh5AZ83H+ixeR058z3o6hJ/KApnbM9d9tvGbMKtFccYuNfl8
QpaaS6SoIYPf8DrP+4DZ/EpqcC3bj2uZmk6S8cJb5FzPEmz/54SwnNDL2bvgSBFiOSURgpSQVa902w4xxuhcSiw2CWUNyp4Y2aDiZwzOXWioBuFN2Xa9Yf15T0Grc7yQjqP9+dbtb2AS+Vk=
1dRDRf5EZtKKYPQVjYvG/kpqcC3bj2uZmk6S8cJb5FzPEmz654SwnNDL2bvgSBFiOSURgpSQVa902w4xxuhcSiw2CWUNyp4Y2aDiZwzOXWioBuFN2Xa9Yf1/TkGrc7yQjqP9+dbtb2AS+Vk=
jtQHda/MivrhQv5Vducuf0pqcC3bj2uZmk6S8cJb5FzPEmz754SwnNDL2bvgSBFiOSURgpSQVa902w4xxuhcSiw2CWUNyp4Y2aDiZwzOXWioBuFN2Xa9Yf18TkGrc7yQjqP9+dbtb2AS+Vk=
Tn6tCd0j6tQirUcVlizBMEpqcC3bj2uZmk6S8cJb5FzPEmz054SwnNDL2bvgSBFiOSURgpSQVa902w4xxuhcSiw2CWUNyp4Y2aDiZwzOXWioBuFN2Xa9Yf17TUGrc7yQjqP9+dbtb2AS+Vk=
lXMDERHgnrLID1TaZQsVUn0Dg+MsuDknCz9DCTzJ5NcOAH/KpiP+msDjRXNq2Dbj7tgnDuow1w5JXJMEBwle1bsUw7Fh8iYx+Xg=
/apPrhxEIQ9sYW6//QgG/yIA4wlW2KzI5qiL9Bifv75oF97polQAoYE1ooL63b4KU/iyGusgrD93Yi8zcsvL5tenWfg6P/l6
SSlW2bBzpG8dPA3nCnaQuY6aXAzh055qwBQlgyoIVnNuSIfeqgD3PkhqszTHWf5FO4Qj4aGCxkH5CA==
aPYX/B15e701nnLn6DIe6HWK4+svOPSFcUcW7kCQrRe6nP7XzuwvCvrUv/oNrvvgl43WYRugC/Wxls5F+Qw=
rw8AKBJLkpEYgZ1VIXI3rUgh58M0QbnpRMBpPndsPIoMNimlrU1+2LmgBSdsTv0oiAbBDTn23aEdf2qBC/McUO6jHbm2bc8gMvl5
BTyrHkZHtcdv9W16eJzrBEgh58M0QbnpRMBpPndsPIoMNimlrU1+2LmgBSdsTv0oiAbBDTn23aEdeG+BCvMcUO6jHbm2bc8gMvl5
4Vj19dSw4g8ejqbuFPFI9EUHu6dJOmGXrcB381D8ROzovQxzrqQXPjGXdh5AYM3H+ixeR058z3o6hJ/KA5rbMdd9tvGbMKtFccYuNfl8
S0xyS3Jp28Qp1VOwwhrzUEpqcC3bj2uZmk6S8cJb5FzPEmz454SwnNDL2bvgSBFiOSURgpSQVa902w4xxuhcSiw2CWUNzZ4Y2aDlZwzOXWioBuFN2Xa9Yf1+TkGqc7yQjqP9+dbtb2AS+Vk=
0hQzfOQUxu2uaQHQIfbdZ0pqcC3bj2uZmk6S8cJb5FzPEmz054SwnNDL2bvgSBFiOSURgpSQVa902w4xxuhcSiw2CWUNzZ4Y2aDlZwzOXWioBuFN2Xa9Yf14TUGqc7yQjqP9+dbtb2AS+Vk=
xmCWdFf9o++tB0LQCatqGn0Dg+MsuDknCz9DCTzJ5NcOAH/KoSP+msDkRXNq2Dbj7tgnDuow1w5OXJMFBwle1bsUw7Fh8iYx+Xg=
APAOyjyeDTgQTttyx0dzwyIA4wlW2KzI5qiL9Bifv75oF9npolQApoE1ooL63b4KU/iyGusgqz93Yy8zcsvL5tenWfg6P/l6
CfNkW+qadLHiP5Oxw6SsK0k48sJ7UPH6X8Z1cCE3e5QFMDXmpkh+2LmgACdsTv0oiAbBDTn23aEdfW+BDfMcUO6jHbm2bc8gMvl5
9Fv/1rKIVwFV8kFXDtODes7sjs3J4EzXkh4d+qJ41cLaljtJD65ChyyQ13YKqEeGw9IDmmfxLh373POJQeo2Oflw
IoLW8GGrmn39B+o/wzPianUMiKpi4y42Xy9eDnbH698PDDzBpyP+msDiRXNq2Dbj7tgnDuow1w5PXpMDBwle1bsUw7Fh8iYx+Xg=
EKYiTjY5MWepkE9cgR5NiWkElON99D83EDgMWDjJ5NcOAH/KpyP+msDiRXNq2Dbj7tgnDuow1w5PXpMDBwle1bsUw7Fh8iYx+Xg=
GooVeh5tOqUtFHSCuihrz5xO2z0c1j5K4vh5WT2U+YzRREZBHY7yyINjwru4vVBwOobqBm9JC9OIdO9gVQuaVtvEzrYngb9uq23LHXmNeivaHAgTm1UQNTkMJPlv
SbgQ90JJ5oMbm57oGsa8FpxO3D0c1j5K4vh5WT2U+YzRREZBHY7yyINjwru4vVBwOobqBm9JC9OIdO9gVQuaVtvEzrYngb9uq23LHHmNeivaHAgTm1UQNTkMJPlv
YCZ5Y8GUjbQJHQzeBvJALJxO3z0c1j5K4vh5WT2U+YzRREZBHY7yyINjwru4vVBwOobqBm9JC9OIdO9gVQuaVtvEzrYngb9uq23LEnmNeivaHAgTm1UQNTkMJPlv
qikp0wPFgq8PCsn+8lyQE87sjc3J4EzXkh4d+qJ41cLaljtJD65BhyyQ13YKqEeGztQDm2fxLh373POJQeo2Oflw
nClMv1QcMVIPRIbH7VVzJo6aXAzn055qwBIlgyoIVnNuSIfeqgD3PklqszPHWf5FO4Qj4aGCxkH5CA==
yR9hx0dWt+RvTuSqqXDbLUk48sJ7UPH6X8Z1cCE3e5QFMDXmpkt+2LmgAydsTv0oiAbBDTn23aEdfGuBDPMcUO6jHbm2bc8gMvl5
5VLkiY1ifx0VtFDATSEONs2xuyS/twF8nd8kLiZ3Pz2dIHcYf3d1vD0rxpTt2RWkNVeZ2R4RU5au/5YEWwoQZxgoFhRlBhigMO+wIx+e1i/WifXput2BiW7o1SJkDPkbIc+fXts0gn5T3GxIX4q/d2oXK3Kfq6lcQgP5Tg==
NB1kDJO8T/kZ88whV1EKzh+zeuFcYXO7qSFU1IL+N7/9P08j3jWEAqvpSz6fdbfcxRWNe+40BPPX/YRF7TQ4+XM=
LMA3+XawEB/9D8Yd0B9Jms7sjc3J4EzXkh4d+qJ41cLaljtJD65HhyyQ13YKqEeGy9QDmGfxLh373POJQeo2Oflw
wIVOvobZrrB8JUdcUdKj4s2xuyS/twF8nd8kLiZ3Pz2dIHcYf3d1vD0rxpTt2RWkNVeZ2R4RU5au/5YEWwoQZxgoFhRlBhigMO+wIx+e1i/WifXput2BiW7o1SJkDPkbIc+fXts0gn5T3GtMX4q/d2oXK3Kfq6lcQgP5Tg==
yJrwLlKC2HMmBeXrLO3A4B+zeuFcYXO7qSFU1IL+N7/9P08j3jWEAqvpSz6fdbfbwRWNe+40BPPX/YRF7TQ4+XM=
ye+MuFRrTFkr17KZb93dp8wbgmMuVRSCG0kb/u+Vp9vRNb07PlT0c0ddNIW91Ej5Aw==
vWk+2S23/L8ws1uFgN4I5fctNglVOD0TPI8UR9ypi1QRI7M1QvbE406zandPkbdOUz1zmwVdQUvSDCDT8+WYVeE8PPl3
jIuR7jwwLAQmVVo6WuINBPctNglVOD0TPIsWSdypi1QRI7M1QvbE406zandPkbdOUz1zmwVdQUvSDCDT8+WYVeE8PPl3
EGhylaZZDz/JiPIPi/+ffx+zeuFcYXO7qSFU1IL+N/38O1Ij3jWEAqvpSz6fdbfbwRWNe+40BPPX/YRF7TQ4+XM=
4zqDf/osSNRYr/Knj91hqDJ6jpJl5PKh199xPmcie3FtzkFFpr7Z791m+alpA7q36wQycRaOz5y4xbT2xu6hwMCSDMGQSWvo3i3at8XzXjt5W7ImFWgwWpF5TVEP5F+yGoyvMo7j6z33NSZpWyi7jZFOXg35RA==
1jDbzKZONbgURj6qoNl3OB+zeuFcYXO7qSFU1IL+N7/9P08j3jWEAqvpSz6fdbfexBWMe+40BPPX/YRF7TQ4+XM=
1L1wuUePRXD9lSW/6hTWBs7RUkHLkaU+ij8oliEVVX1vSIfeqgD3Pk5vszHHWf5FO4Qj4aGCxkH5CA==
qLhKFvABpF5BXSAwR6EfyY9d8kREad3BNHTEIZs7jcWdZlk5Qb4ymQrjeJiiQ5Ex0p2L2E75BQ==
YbEnX/OoaRnaYA9kU2M/GTZDkepaEwtqi4/yDPBTzHSsLGKZms1OGR6d3kZAniMDEqwPrvskwu6z7GJ5vxz4Z0rnqwK/u2nMIjP5fg==
BaS+yhVDyc2qASLXWWXIKzZDkepaEwtqi4/yDPFTzHSsLGKZms1OGR6d3kZAniMDEqwPrvskwu6z7Gp6vxz4Z0rnqwK/u2nMIjP5fg==
F2AkjJxNOV2fueQfEEExLDZDkepaEwtqi4/yDPJTzHSsLGKZms1OGR6d3kZAniMDEqwPrvskwu6z7Gh6vxz4Z0rnqwK/u2nMIjP5fg==
YxmTchnbPN/dMVAPFlLJE1iB0uU/SEL08m/1MRoCf2bwVvMyuesCZFz6tnR4fuXm989UoHF3ZbVlBpFp2TqqycTEQKiKgzmhSn3DKDb5fQ==
QK+VnqHt6kHoVRRqJ/d3LhS4MjiH1IgiKTuk8atGawSqzx2hooIH91g2K4LxK0o0pNqehGB+/Zbf7yxwuTetBT3mOfkhuBJZrGSY2EJDcXFyHSsYLvll
uDXw0Sd4uHrYl7yRLvUhLyktOgi4IEO1ogkexXZpXsrYOpGx0u/+wgMg0vKb2Ci25/mIm8JzC64H/7mQykf5cg==
1K4UyHlrNUpIkcfgeifdXXJIo5j2Walj3B7BQKFnm9gUCLqigLg+vqMqQZeyzOfH8znjnifFP1xJZXIcBmTcs+/NrGX1JDD5ew==
YNHwcX82jdYyiHqgkkxMs3JIo5j2Walj3B7BQKFmm9gUCLqigLg+vqMqQZeyzOfH8znjnifFP1JJZXIcBmTcs+/NrGX1JDD5ew==
hgg+ubiUU7E/B/srwL+HvQ6u37sOHeTgokhsF2uNhOIh2jYiLZfxBFzYgoJoyCa+u9opt4qcL4c7ibt+T1WH3bD12rxelJRzJ51UBd0UKPlj
9gX/fUgv6qpFB3Uu4UzU2EIGxhnEvdfF/PzcdEcUn8KLgk0kd7mXC6GZ8GzAIhrV2rDxCXp9Duk+jd5WYG5js/I8jz6blAKek/xoa59vONcqdyuSXwspPAIj+W4=
Pw4286jGa5TtcD6MNbtfDCg1NgihNly1ogkexXZpXsrYOpGx0u/+wgMg0vKb2C625/yJm8JzC64H/7mQykf5cg==
57YOYg7vtAgOJfC6Gxz83kmw4Ck6nY5J/u3eNqDO4V26C54eW/SCPtMcbIrfyLm36lcrsh/rqZzCQ/kO
Ms1siKehtNg84qw1BhE5ykiw4Ck6nY5J/u3eNqDO4V26C54eW/SCPtMcbIrfyLm36lcrsh/rqZzCQ/kO
7m1qEU9R1mfdk9B6uDA1SygtOgi4IEO1ogkexXZpXsrYOpGx0u/+wgMg0vKb2Cu35/yJm8JzC64H/7mQykf5cg==
lU+NAvApPc79yPvUCYIXYw+p/WfQVtRE0me2PkGjvis260JTHgyU6MlvtgWONH+iWnwPQooRS04xJQY52/jbnVH+Pj35dA==
trP2YQtDVubzbpcYwyt5i3krm5h70w9lEDAzZVj80r5kQkROhpnBkz+lTKYQruie6HigNmBEK+aPrmFaG1Gypn/jJfHQDG+qerR/2g+JuwcRLRYBG4BLFTE2DiX5bA==
h82SZN3Zj6f9lxPOqbt/TXkrm5h70w9lEDAzZVj80r5kQkROmdbaxy+6U7kP8uWW82+WRX9EK+aPrmFaG1Gypn/jJfHQDG+qerR/2gKJuwcRLRYBG4BLFTE2DiX5bA==
1Wn91JGQnoMT16UlxN9W7ZpQ2CsEzD5L4O54FTeP5J72ARdeUo+my5o+l+D9vkM0L4rfSD8VA6vBQ7s7clSLE8TfyKgngb9uq23LGH2Nei3aHAgTm1UQNTkMJPlv
kQaGaedvFQEGPfGqMenY+X+0tEe7rCOU2/8FX6E5eQdI6zFtybYtwQ17eqE8tazwXiONGeatn8BC+Qk=
AOfdLzHVgfEBmMVP7eT0d0wCZoyQnbLSIPBdflGRnAB+GocxZ3+55wWJPc9kyx1lzaYJGVG7JnlYJSh4MsPh0aJd+zg++XU=
WwgYd9Hg3FZ4uHcfHIgohQm2iBg3QsK0q3BlS8oaWryNt6h92Cb+YEc+quRqRbTQn8wtRr3kqYvDIHemSlgnlsvD4+uhoY6teyyTWQHaFin5YA==
5aMdJ8nlo9krOfxXae9TBhfSAUQ25acpZc2vqYO8X5PD19GsBjIqb7biv/med/AMuV+ajj+MBfqf/1cwcwb4coP/3S85mTH3ICuZ/QGWFRF1+sbxx9VkYDbjpSkuzQdwGvlR
d4IZFwn/GdtYqMcmOcZwwX2Es7KnqJB9MYWTfdklFSTZH0VXVyCAqrzjwFJJVQjvVuAfPzximdRTVmlPIXyl3r4+RT8bY39B57tWG2/RV84z/VOZ4h3hzXJMwNPTJTjVAXwc+Vc=
F1AEPeOMctSkdLyGC/lI/AsBZ8FwqiDO4KYXGJbuYjtQgt8aQbwlah0pM2arjGJGI2Ts8y+yWc8aL+vK75NJ5DI7+XY=
MNhG6yOFO8/F1HGeewBEhwi2iBg3QsK0q3BlS8oaWryNt6h92Cb+YEc+quRqRbTQn8wtRr3kqYvDIHemSlgnlszF4+ihoY6teyyTWQHaFin5YA==
ojUYQRqPw+dxI9k2OYOzKwsBZ8FwqiDO4KYXGJbuYjtQgt8aQbwlah0pM2arjGJGI2Ti8y+yWc8aL+vK75NJ5DI7+XY=
Q3WEwyln6RUVQ7KZaQcF+Qm2iBg3QsK0q3BlS8oaWryNt6h92Cb+YEc+quRqRbTQn8wtRr3kqYvDIHemSlgnlsLF4+ihoY6teyyTWQHaFin5YA==
dHkz6zww9CG/3EA+zirfigsBZ8FwqiDO4KYXGJbuYjtQgt8aQbwlah0pM2arjGJGI2Tr9C+yWc8aL+vK75NJ5DI7+XY=
TbV3v1JJcxIGEZOM9ubxdwi2iBg3QsK0q3BlS8oaWryNt6h92Cb+YEc+quRqRbTQn8wtRr3kqYvDIHemSlgnlsvC4+ihoY6teyyTWQHaFin5YA==
4ciED1FJ69sn9H67gAovebrecB759HlB2kbIVq6SXELzBl0EF5Tm3eZ7GQkKEpv92xmyzs8PFLQIhHwQZ8qigLqB3GQfeEWCbYChf+NUv0La3M8iiPcL7LFFRtnb2Bs90R5+HflU
HXRHWMRFzvuvoGqOZ10oTgsBZ8FwqiDO4KYXGJbuYjtQgt8aQbwlah0pM2arjGJGI2Tt8C+zWc8aL+vK75NJ5DI7+XY=
B19iB3AyWQQWI/9K1BcXHgm2iBg3QsK0q3BlS8oaWryNt6h92Cb+YEc+quRqRbTQn8wtRr3kqYvDIHemSlgnls3G4+mhoY6teyyTWQHaFin5YA==
Ool6YgOADgoMlWN8tqZq+EAm+8hgRrTuEcB1PndsPYpHPy+g62Ywouv/NX9xealn2GvBDTn23aEdfG+BDvUcUO6jHbm2bc8gMvl5
vdYiBjZFbj+83Pz1NzFBEQsBZ8FwqiDO4KYXGJbuYjtQgt8aQbwlah0pM2arjGJGI2Ts8C+zWc8aL+vK75NJ5DI7+XY=
c2c+Q7Tj8SkFKJ6wBr9yPAi2iBg3QsK0q3BlS8oaWryNt6h92Cb+YEc+quRqRbTQn8wtRr3kqYvDIHemSlgnlszG4+mhoY6teyyTWQHaFin5YA==
HStqSnmi+tuhM9lQ2RBg+UAm+8hgRrTuEcB1PndsPYpHPy+g62Ywouv/NX9xealn2GvBDTn23aEdc2+BDvUcUO6jHbm2bc8gMvl5
uX3S4FrPmCr8BCCkkuLQnxyf0mhunc0e+u3OY6v5twjoUfMeW/SCPtMcaonfy7m36lcrsh/rqZzCQ/kO
Fu0wBZ/hHhVtYKXclZBMlj4U+RJa3rqcqLiLoQaGtrMnV73nghFOl8MV58ywjdMKU/iyGusgqj13ZykzcsvL5tenWfg6P/l6
4VdHLd3Bz2IdcrRzEAUyJfbW6FVIL4qUlHQP3NmwxWv7SpfghcUQGkVx6NjCSmMI5O4sFVQrm5KQqwld0VZlMWX61hH2lbSApmNViV4N1xAq+WE=
ItQ5/KjlUOU8RlDPi+dq5t74GVYd/zLsVMAeYOjMYYPKmYAZelxu8resmpYYRSOmnzh2pLPA72HkDBl3Xk/ukEq1zjsbYdfQ2Ekzhuss4ibjROPR79PZb1rP66ovM8kEchv5Vg==
19mdn9hP8/oqqaj/W6JUULrecB759HlB2kbIVq6SXEL5GUYfAJv+wuZ4C1oKBIzr2xzzntZGF75HizhaacWqgbbKhnMOeV+/H5qkf+NUv0La3M8iivAL7bFFRtnb2Bs90R5+HflU
tZCgKn6m81w2pGJXNP8H5GkAxr8OXA98z4/xDOMIz2n0JFnfzsdOWBqdzhNLqXdYSOFzrvskwu6z7Gl6vxv5Z0rnqwK/u2nMIjP5fg==
Atb+1/U7tRvs39LlMWemqeYoJypVIXMbPNIDQc60xFJVJLIuernisx3+NhtPkbdOUz1znwNdQE3SDCDT8+WYVeE8PPl3
55rRCWc2vlY0XSrgCG/M+/fW6FVIL4qUlHQP3NmwxWv7SpfghcUQGkVx6NjCSmMI5O4sFVQrm5KQqwld0VZlMWX/1RH2lbSApmNViV4N1xAq+WE=
AUHxIhDrXKb0rQtmXqcrYbrecB759HlB2kbIVq6SXELyGUYfAJv+wuZ4C1oKBIzr2xzzntZGF75HizhaacWqgbbKhnMOeV+/H5qkf+NUv0La3M8iifEL7bFFRtnb2Bs90R5+HflU
SJyL3YQDZUuCZjP91PIZbWkAxr8OXA98z4/xDOMIz2n0JFnfzsdOWBqdzhNLqXdYSOFzrvskwu6z7Gh7vxv5Z0rnqwK/u2nMIjP5fg==
WNzq1GJCUtXnQtWl5Vmusn+0tEe7rCOU2/8FX6E5eQdI6zFtybYtwQ1zfKE+tazwXiONGeatn8BC+Qk=
0u164UWQdWPMijsv9aMm50wCZoyQnbLSIPBdflGRnAB+GocxZ3+55wWJPc9kyx1lzaYJGVGzIHlaJSh4MsPh0aJd+zg++XU=
Dp5Skq20WkEfG7S8HU5GJwm2iBg3QsK0q3BlS8oaWryNt6h92Cb+YEc+quRqRbTQn8wtRr3kqYvDIHemSlgnlsPF4+mhoY6teyyTWQHaFin5YA==
2gEwZb7MlgSfCbmW7Id1n974GVYd/zLsVMAeYOjMa5zRgpcWYkNu8aX/moAPUyOj3mhv7bDKoG6gRhd4Vk7i2xCi3zoBXKXK3Ukzhuss4ibjROPU79PZb1rP66ovM8kEchv5Vg==
fms+bwmp9zi7ElBN7edztLrecB759HlB2kbIVq6SXELzBl0EF5Tm3eZ7GQkKEpv92xmyzs8PFLQIhHwQZ8qigLqB3GQfeEWCbYChf+NUv0La3M8iivcL7bFFRtnb2Bs90R5+HflU
aiuROrUHRxiCgA0PF73g9UAm+8hgRrTuEcB1PndsPYpHPy+g62Ywouv/NX9xealn2GvBDTn23aEdeWqBDvUcUO6jHbm2bc8gMvl5
4nRn581eFO3b3Ayo8RTIJwsBZ8FwqiDO4KYXGJbuYjtQgt8aQbwlah0pM2arjGJGI2Tp9S+zWc8aL+vK75NJ5DI7+XY=
ZrBl5usifjTQyf/CFw4s1Ai2iBg3QsK0q3BlS8oaWryNt6h92Cb+YEc+quRqRbTQn8wtRr3kqYvDIHemSlgnlsjD4+mhoY6teyyTWQHaFin5YA==
EXJV7eZ4lD6sUkoBIfQ1QgsBZ8FwqiDO4KYXGJbuYjtQgt8aQbwlah0pM2arjGJGI2Ti8S+8Wc8aL+vK75NJ5DI7+XY=
0NyzfxphjiU3e0RIjis4Uwm2iBg3QsK0q3BlS8oaWryNt6h92Cb+YEc+quRqRbTQn8wtRr3kqYvDIHemSlgnlsLH4+ahoY6teyyTWQHaFin5YA==
p4TpYCnZEoeeM8GlZGUu0AsBZ8FwqiDO4KYXGJbuYjtQgt8aQbwlah0pM2arjGJGI2Tq8i+8Wc8aL+vK75NJ5DI7+XY=
NvO/HBknnSj/US9YqWHlXwi2iBg3QsK0q3BlS8oaWryNt6h92Cb+YEc+quRqRbTQn8wtRr3kqYvDIHemSlgnlsrE4+ahoY6teyyTWQHaFin5YA==
sTVopiLb6Tz0wntUDTPJ5QsBZ8FwqiDO4KYXGJbuYjtQgt8aQbwlah0pM2arjGJGI2Tp8i+8Wc8aL+vK75NJ5DI7+XY=
BvNbEqis67EusOsPk8fBkQm2iBg3QsK0q3BlS8oaWryNt6h92Cb+YEc+quRqRbTQn8wtRr3kqYvDIHemSlgnlsnE4+ahoY6teyyTWQHaFin5YA==
RKEwIiJ1nzx8UhHzPvLHagsBZ8FwqiDO4KYXGJbuYjtQgt8aQbwlah0pM2arjGJGI2To8i+8Wc8aL+vK75NJ5DI7+XY=
aVedgjGcCBZAY3AOdiRPXgi2iBg3QsK0q3BlS8oaWryNt6h92Cb+YEc+quRqRbTQn8wtRr3kqYvDIHemSlgnlsjE4+ahoY6teyyTWQHaFin5YA==
RKEwIiJ1nzx8UhHzPvLHagsBZ8FwqiDO4KYXGJbuYjtQgt8aQbwlah0pM2arjGJGI2To8i+8Wc8aL+vK75NJ5DI7+XY=
HePmgkGAeLhSznaSZCAsigm2iBg3QsK0q3BlS8oaWryNt6h92Cb+YEc+quRqRbTQn8wtRr3kqYvDIHemSlgnlsjE4+ahoY6teyyTWQHaFin5YA==
jJ3QtT+jJiJhUX3oF9qHJAsBZ8FwqiDO4KYXGJbuYjtQgt8aQbwlah0pM2arjGJGI2Tr8y+8Wc8aL+vK75NJ5DI7+XY=
3b1M4TBIpJBJKcdtrLoqDAi2iBg3QsK0q3BlS8oaWryNt6h92Cb+YEc+quRqRbTQn8wtRr3kqYvDIHemSlgnlsvF4+ahoY6teyyTWQHaFin5YA==
b6S8wUIBh7JgkF3Pt0fkswsBZ8FwqiDO4KYXGJbuYjtQgt8aQbwlah0pM2arjGJGI2Tq8y+8Wc8aL+vK75NJ5DI7+XY=
nh0OwkOwALiqVb1xVqnSEQm2iBg3QsK0q3BlS8oaWryNt6h92Cb+YEc+quRqRbTQn8wtRr3kqYvDIHemSlgnlsrF4+ahoY6teyyTWQHaFin5YA==
2HWNEeue0+iJY2SePtJXtgsBZ8FwqiDO4KYXGJbuYjtQgt8aQbwlah0pM2arjGJGI2Ti8y+8Wc8aL+vK75NJ5DI7+XY=
iTclQGLVUDNV6+PGjxGgzQm2iBg3QsK0q3BlS8oaWryNt6h92Cb+YEc+quRqRbTQn8wtRr3kqYvDIHemSlgnlsLF4+ahoY6teyyTWQHaFin5YA==
2HWNEeue0+iJY2SePtJXtgsBZ8FwqiDO4KYXGJbuYjtQgt8aQbwlah0pM2arjGJGI2Ti8y+8Wc8aL+vK75NJ5DI7+XY=
wL11R6jOe5NX7NnGg5AcMQi2iBg3QsK0q3BlS8oaWryNt6h92Cb+YEc+quRqRbTQn8wtRr3kqYvDIHemSlgnlsLF4+ahoY6teyyTWQHaFin5YA==
V18mj21HkxwOMvfyUm3R/rrecB759HlB2kbIVq6SXEL0Bl0EF5Tm3eZ7GQkKEpv92xmyzs8PFLQIhHwQZ8qigLqB3GQfeEWCbYChf+NUv0La3M8ijfYL4rFFRtnb2Bs90R5+HflU
4bAjqcIjsTyY3BgRffA6PwsBZ8FwqiDO4KYXGJbuYjtQgt8aQbwlah0pM2arjGJGI2Tr9S+8Wc8aL+vK75NJ5DI7+XY=
GR++eyUZgjbLtt34sIECzzAoI3Vc88Kmf24OzYqQGH8abpJ4zXNgCQiSloTnWkJQ+rE8VB9IpbItUEHvY8QfEpos71KLByuScZXmSVtIe20RLh4t+WQ=
NcZC1WX91jUyRyWY+4fUgQsBZ8FwqiDO4KYXGJbuYjtQgt8aQbwlah0pM2arjGJGI2Tq9S+8Wc8aL+vK75NJ5DI7+XY=
yXgtsRAOVHdcVJLDn4C7wQm2iBg3QsK0q3BlS8oaWryNt6h92Cb+YEc+quRqRbTQn8wtRr3kqYvDIHemSlgnlsrD4+ahoY6teyyTWQHaFin5YA==
NcZC1WX91jUyRyWY+4fUgQsBZ8FwqiDO4KYXGJbuYjtQgt8aQbwlah0pM2arjGJGI2Tq9S+8Wc8aL+vK75NJ5DI7+XY=
4ocZT1u4rdKwS0fZtYmGyQi2iBg3QsK0q3BlS8oaWryNt6h92Cb+YEc+quRqRbTQn8wtRr3kqYvDIHemSlgnlsrD4+ahoY6teyyTWQHaFin5YA==
r0BKeOVCbUu/L0VpUZ0aagsBZ8FwqiDO4KYXGJbuYjtQgt8aQbwlah0pM2arjGJGI2Tp9S+8Wc8aL+vK75NJ5DI7+XY=
17MeEc6wAvPgLFknyS5W0wm2iBg3QsK0q3BlS8oaWryNt6h92Cb+YEc+quRqRbTQn8wtRr3kqYvDIHemSlgnlsnD4+ahoY6teyyTWQHaFin5YA==
xY6x2/tYuouIjen4b7XTCQsBZ8FwqiDO4KYXGJbuYjtQgt8aQbwlah0pM2arjGJGI2Tv9S+8Wc8aL+vK75NJ5DI7+XY=
+Vt1GFXiqQKkV3aD8A84fAi2iBg3QsK0q3BlS8oaWryNt6h92Cb+YEc+quRqRbTQn8wtRr3kqYvDIHemSlgnls/D4+ahoY6teyyTWQHaFin5YA==
ODsxDBK64yANpft+XRbrYwsBZ8FwqiDO4KYXGJbuYjtQgt8aQbwlah0pM2arjGJGI2Ts8C+9Wc8aL+vK75NJ5DI7+XY=
CmzJmVf0xaCBBs/Oxcj06wm2iBg3QsK0q3BlS8oaWryNt6h92Cb+YEc+quRqRbTQn8wtRr3kqYvDIHemSlgnlszG4+ehoY6teyyTWQHaFin5YA==
ArMrWriRSSA/2SOjMgmjhbLecB759HlB2kbIVq6SXELzBl0EF5Tm3eZ7GQkKEpv92xmyzs8PFLQIhHwQZ8qigLqB3GQfeEWCbYChf+NUv0La3M8ijvEL6rRFRdnb2Bs90R5+HflU
lzUbzk5iVZH5xFMXKcXdPwsBZ8FwqiDO4KYXGJbuYjtQgt8aQbwlah0pM2arjGJGI2Tt8y+0XM8ZL+vK75NJ5DI7+XY=
pu9zy1GX1TRrCjsE/q3ixwi2iBg3QsK0q3BlS8oaWryNt6h92Cb+YEc+quRqRbTQn8wtRr3kqYvDIHemSlgnls3F4+6koY2teyyTWQHaFin5YA==
B1SPmDlRWBdO5YD7nC21MwsBZ8FwqiDO4KYXGJbuYjtQgt8aQbwlah0pM2arjGJGI2To9C+0XM8ZL+vK75NJ5DI7+XY=
gSRRrjLT3TT/3FqXr4zbegi2iBg3QsK0q3BlS8oaWryNt6h92Cb+YEc+quRqRbTQn8wtRr3kqYvDIHemSlgnlsjC4+6koY2teyyTWQHaFin5YA==
QMYwgDZR8R18qXL9yGVXzwsBZ8FwqiDO4KYXGJbuYjtQgt8aQbwlah0pM2arjGJGI2Tv9C+0XM8ZL+vK75NJ5DI7+XY=
3IjH1x6KWz4BOXHoABc/cAm2iBg3QsK0q3BlS8oaWryNt6h92Cb+YEc+quRqRbTQn8wtRr3kqYvDIHemSlgnls/C4+6koY2teyyTWQHaFin5YA==
QMYwgDZR8R18qXL9yGVXzwsBZ8FwqiDO4KYXGJbuYjtQgt8aQbwlah0pM2arjGJGI2Tv9C+0XM8ZL+vK75NJ5DI7+XY=
QVpNbMTmNMsNnT275TVr5Ai2iBg3QsK0q3BlS8oaWryNt6h92Cb+YEc+quRqRbTQn8wtRr3kqYvDIHemSlgnls/C4+6koY2teyyTWQHaFin5YA==
zy669cPM8oeZIHRNmIDV0wsBZ8FwqiDO4KYXGJbuYjtQgt8aQbwlah0pM2arjGJGI2Tu9C+0XM8ZL+vK75NJ5DI7+XY=
XKNXiqBcm/iGGFQ2wyfccQm2iBg3QsK0q3BlS8oaWryNt6h92Cb+YEc+quRqRbTQn8wtRr3kqYvDIHemSlgnls7C4+6koY2teyyTWQHaFin5YA==
paHGyS4l3tccXfOlzbqPrQsBZ8FwqiDO4KYXGJbuYjtQgt8aQbwlah0pM2arjGJGI2Tt9C+0XM8ZL+vK75NJ5DI7+XY=
9j7o158TQOrmQrCS2G8hzgi2iBg3QsK0q3BlS8oaWryNt6h92Cb+YEc+quRqRbTQn8wtRr3kqYvDIHemSlgnls3C4+6koY2teyyTWQHaFin5YA==
+G36cyy/XI7Tp109JKGqYAsBZ8FwqiDO4KYXGJbuYjtQgt8aQbwlah0pM2arjGJGI2Tq8C+1XM8ZL+vK75NJ5DI7+XY=
VEn78Z2tpjo9w+g0/vZ6Uwm2iBg3QsK0q3BlS8oaWryNt6h92Cb+YEc+quRqRbTQn8wtRr3kqYvDIHemSlgnlsrG4++koY2teyyTWQHaFin5YA==
sH70rfmeTwqK/PLj+TwLUQsBZ8FwqiDO4KYXGJbuYjtQgt8aQbwlah0pM2arjGJGI2To8C+1XM8ZL+vK75NJ5DI7+XY=
hOZzH4NBin/7zT8TUMgEwQi2iBg3QsK0q3BlS8oaWryNt6h92Cb+YEc+quRqRbTQn8wtRr3kqYvDIHemSlgnlsjG4++koY2teyyTWQHaFin5YA==
p5HFB6acmm6Oam+FAVjpDgsBZ8FwqiDO4KYXGJbuYjtQgt8aQbwlah0pM2arjGJGI2Tv8C+1XM8ZL+vK75NJ5DI7+XY=
QSM19W18Xols7qIOQhc3vwm2iBg3QsK0q3BlS8oaWryNt6h92Cb+YEc+quRqRbTQn8wtRr3kqYvDIHemSlgnls/G4++koY2teyyTWQHaFin5YA==
p5HFB6acmm6Oam+FAVjpDgsBZ8FwqiDO4KYXGJbuYjtQgt8aQbwlah0pM2arjGJGI2Tv8C+1XM8ZL+vK75NJ5DI7+XY=
J2ridXf57S7pXEoM3QNTIgi2iBg3QsK0q3BlS8oaWryNt6h92Cb+YEc+quRqRbTQn8wtRr3kqYvDIHemSlgnls/G4++koY2teyyTWQHaFin5YA==
pYaOQyCla2GqB9MudCW/ZOYoJypVIXMbPNIDQc60xFJVJLIuernisx3+NhtPkbdOUz1zkwFdRkjSDyDT8+WYVeE8PPl3
JsHhCJtPvyXMCfFI6zwIb/fW6FVIL4qUlHQP3NmwxWv7SpfghcUQGkVx6NjCSmMI5O4sFVQrm5KQqwld0VZlMWXz1xHwkLSDpmNViV4N1xAq+WE=
Xq7EtjA7HqNKXxPqRvGfPuYoJypVIXMbPNIDQc60xFJVJLIuernisx3+NhtPkbdOUz1zmwBdRkjSDyDT8+WYVeE8PPl3
y8pFfL+WNUcbnZt2UKtKlPbW6FVIL4qUlHQP3NmwxWv7SpfghcUQGkVx6NjCSmMI5O4sFVQrm5KQqwld0VZlMWX71hHwkLSDpmNViV4N1xAq+WE=
9oe2SzIH6vEPw+Ag1zhfowsBZ8FwqiDO4KYXGJbuYjtQgt8aQbwlah0pM2arjGJGI2Tt8i+1XM8ZL+vK75NJ5DI7+XY=
QkACoYlGIfhNviFDK/v4oAm2iBg3QsK0q3BlS8oaWryNt6h92Cb+YEc+quRqRbTQn8wtRr3kqYvDIHemSlgnls3E4++koY2teyyTWQHaFin5YA==
yWxk1MK9njUVaPjILxy0VuYoJypVIXMbPNIDQc60xFJVJLIuernisx3+NhtPkbdOUz1zmwJdRkjSDyDT8+WYVeE8PPl3
lw701t4zjI7YrG7QWzjScvbW6FVIL4qUlHQP3NmwxWv7SpfghcUQGkVx6NjCSmMI5O4sFVQrm5KQqwld0VZlMWX71BHwkLSDpmNViV4N1xAq+WE=
yWxk1MK9njUVaPjILxy0VuYoJypVIXMbPNIDQc60xFJVJLIuernisx3+NhtPkbdOUz1zmwJdRkjSDyDT8+WYVeE8PPl3
4ISlirojMUlB1AdECU91FvfW6FVIL4qUlHQP3NmwxWv7SpfghcUQGkVx6NjCSmMI5O4sFVQrm5KQqwld0VZlMWX71BHwkLSDpmNViV4N1xAq+WE=
qXPYHcszmzheFjxK4ck5S+YoJypVIXMbPNIDQc60xFJVJLIuernisx3+NhtPkbdOUz1zmgJdRkjSDyDT8+WYVeE8PPl3
wh6NA6Jf5l+t4vX0duWpj/bW6FVIL4qUlHQP3NmwxWv7SpfghcUQGkVx6NjCSmMI5O4sFVQrm5KQqwld0VZlMWX61BHwkLSDpmNViV4N1xAq+WE=
uqNlJcgNYLH45YA2pYp5KuYoJypVIXMbPNIDQc60xFJVJLIuernisx3+NhtPkbdOUz1zkwNdRUjSDyDT8+WYVeE8PPl3
e9CJeaKf/Hh5NAY2uDGKQ/bW6FVIL4qUlHQP3NmwxWv7SpfghcUQGkVx6NjCSmMI5O4sFVQrm5KQqwld0VZlMWXz1RHzkLSDpmNViV4N1xAq+WE=
ZPeB84IjGGcEmgUFk7VM7LDfcB759HlB2kbIVq6SXEL5GUYfAJv+wuZ4C1oKBIzr2xzzntZGF75HizhaacWqgbbKhnMOeV+/H5qkf+NUv0La3M8iivEL6LRFRdnb2Bs90R5+HflU
ERrJUDR5iuJ6Ygh1ceE7V+YoJypVIXMbPNIDQc60xFJVJLIuernisx3+NhtPkbdOUz1zmQJdRUjSDyDT8+WYVeE8PPl3
4jPwwijQw9985oNV5dSwgvfW6FVIL4qUlHQP3NmwxWv7SpfghcUQGkVx6NjCSmMI5O4sFVQrm5KQqwld0VZlMWX51BHzkLSDpmNViV4N1xAq+WE=
X/a3USrrXwubwCgFavMt1bDfcB759HlB2kbIVq6SXELyGUYfAJv+wuZ4C1oKBIzr2xzzntZGF75HizhaacWqgbbKhnMOeV+/H5qkf+NUv0La3M8ij/EL6LRFRdnb2Bs90R5+HflU
7Wuihzv/9cLA4Z/az+Nzq+YoJypVIXMbPNIDQc60xFJVJLIuernisx3+NhtPkbdOUz1znQJdRUjSDyDT8+WYVeE8PPl3
3Rffmzj6/R4uJC7KXpgW+vbW6FVIL4qUlHQP3NmwxWv7SpfghcUQGkVx6NjCSmMI5O4sFVQrm5KQqwld0VZlMWX91BHzkLSDpmNViV4N1xAq+WE=
ZlJwHYPu8aGdOBaV9GGtLuYoJypVIXMbPNIDQc60xFJVJLIuernisx3+NhtPkbdOUz1znAJdRUjSDyDT8+WYVeE8PPl3
Jtc8K3BPl6gpZv2dQagZcffW6FVIL4qUlHQP3NmwxWv7SpfghcUQGkVx6NjCSmMI5O4sFVQrm5KQqwld0VZlMWX81BHzkLSDpmNViV4N1xAq+WE=
kXq0/nUzuPTu6CNWWbhx0uYoJypVIXMbPNIDQc60xFJVJLIuernisx3+NhtPkbdOUz1zkwJdRUjSDyDT8+WYVeE8PPl3
bCD59/BeOMqXT5mTlaykE/bW6FVIL4qUlHQP3NmwxWv7SpfghcUQGkVx6NjCSmMI5O4sFVQrm5KQqwld0VZlMWXz1BHzkLSDpmNViV4N1xAq+WE=
iAW1q/lmBTaDqRViP/aqOrDfcB759HlB2kbIVq6SXEL1GUYfAJv+wuZ4C1oKBIzr2xzzntZGF75HizhaacWqgbbKhnMOeV+/H5qkf+NUv0La3M8ijPYL6LRFRdnb2Bs90R5+HflU
KN9ZfWd4J9rqYM92cp0HieYoJypVIXMbPNIDQc60xFJVJLIuernisx3+NhtPkbdOUz1zkwVdRUjSDyDT8+WYVeE8PPl3
jOcN7reyb7wMI1f9EaO4G/bW6FVIL4qUlHQP3NmwxWv7SpfghcUQGkVx6NjCSmMI5O4sFVQrm5KQqwld0VZlMWXz0xHzkLSDpmNViV4N1xAq+WE=
KN9ZfWd4J9rqYM92cp0HieYoJypVIXMbPNIDQc60xFJVJLIuernisx3+NhtPkbdOUz1zkwVdRUjSDyDT8+WYVeE8PPl3
fWwDRbqSgtfWY5sIvuSjqffW6FVIL4qUlHQP3NmwxWv7SpfghcUQGkVx6NjCSmMI5O4sFVQrm5KQqwld0VZlMWXz0xHzkLSDpmNViV4N1xAq+WE=
jU79zffXeK+YkVScuI16KwsBZ8FwqiDO4KYXGJbuYjtQgt8aQbwlah0pM2arjGJGI2To9S+2XM8ZL+vK75NJ5DI7+XY=
Y37D2ufUDd5e6CcQqe95Kgm2iBg3QsK0q3BlS8oaWryNt6h92Cb+YEc+quRqRbTQn8wtRr3kqYvDIHemSlgnlsjD4+ykoY2teyyTWQHaFin5YA==
/g4d0IOoI5KHpbJ0OUbVwrDfcB759HlB2kbIVq6SXELzBl0EF5Tm3eZ7GQkKEpv92xmyzs8PFLQIhHwQZ8qigLqB3GQfeEWCbYChf+NUv0La3M8ijPcL6LRFRdnb2Bs90R5+HflU
IyHUlffCqg92Y2h26w12bXeFs7KnqJB9MYWTfdklFSTRH0VXVyCAqrzjwFJJVQjvVuAfPzximdRTVmlPIXyl3r4+RT8bY39B57tWG2/RV84z/VOe4x3kyHJPwNPTJTjVAXwc+Vc=
2vPIX1EhTvCJ7c94us/DFQsBZ8FwqiDO4KYXGJbuYjtQgt8aQbwlah0pM2arjGJGI2Ts8i+3XM8ZL+vK75NJ5DI7+XY=
lg5z6kShcnVPsZI6kEZHFQi2iBg3QsK0q3BlS8oaWryNt6h92Cb+YEc+quRqRbTQn8wtRr3kqYvDIHemSlgnlszE4+2koY2teyyTWQHaFin5YA==
6XGOrMs//mxODneMU+g61neFs7KnqJB9MYWTfdklFSTeH0VXVyCAqrzjwFJJVQjvVuAfPzximdRTVmlPIXyl3r4+RT8bY39B57tWG2/RV84z/VOd4h3kyHJPwNPTJTjVAXwc+Vc=
3DaofQ6GiRJSPpFmOkwtnEAm+8hgRrTuEcB1PndsPYpHPy+g62Ywouv/NX9xealn2GvBDTn23aEdc2yBCvAcU+6jHbm2bc8gMvl5
6yN1OSKfRBM1dI/fYKgM3wsBZ8FwqiDO4KYXGJbuYjtQgt8aQbwlah0pM2arjGJGI2Ti8y+3XM8ZL+vK75NJ5DI7+XY=
Kx6KD0okN9jTw5KcW5OfDgm2iBg3QsK0q3BlS8oaWryNt6h92Cb+YEc+quRqRbTQn8wtRr3kqYvDIHemSlgnlsLF4+2koY2teyyTWQHaFin5YA==
oJpoFO58ehGAStsaz/kHxgsBZ8FwqiDO4KYXGJbuYjtQgt8aQbwlah0pM2arjGJGI2Tr9C+3XM8ZL+vK75NJ5DI7+XY=
3d7D8m8AcXeBgg5asdIYXwi2iBg3QsK0q3BlS8oaWryNt6h92Cb+YEc+quRqRbTQn8wtRr3kqYvDIHemSlgnlsvC4+2koY2teyyTWQHaFin5YA==
oCVsxHDQeV3p0Oa6Tlw2jgsBZ8FwqiDO4KYXGJbuYjtQgt8aQbwlah0pM2arjGJGI2Tq9C+3XM8ZL+vK75NJ5DI7+XY=
IFp0YsP3eNg1XYT2cSIumQm2iBg3QsK0q3BlS8oaWryNt6h92Cb+YEc+quRqRbTQn8wtRr3kqYvDIHemSlgnlsrC4+2koY2teyyTWQHaFin5YA==
oCVsxHDQeV3p0Oa6Tlw2jgsBZ8FwqiDO4KYXGJbuYjtQgt8aQbwlah0pM2arjGJGI2Tq9C+3XM8ZL+vK75NJ5DI7+XY=
hEuXRA7g0Ls6PXK/yG5m1wi2iBg3QsK0q3BlS8oaWryNt6h92Cb+YEc+quRqRbTQn8wtRr3kqYvDIHemSlgnlsrC4+2koY2teyyTWQHaFin5YA==
BxCjTi8shkG1pWELIwTKbJpQ2CsEzD5L4O54FTeP5J72ARdeUo+my5o+l+D9vkM0L4rfSD8VA6vBQ7s/e0OME8TfyKgngb9uq23LGH2NfCjaHwgTm1UQNTkMJPlv
9fHmkLVPf08ZfYRA3J7Mk5pQ2CsEzD5L4O54FTeP5J72ARdeUo+my5o+l+D9vkM0L4rfSD8VA6vBQ7s7clSLE8TfyKgngb9uq23LHn2NfCjaHwgTm1UQNTkMJPlv
HPZsExxEv/lXhYQ4MyMjBAsBZ8FwqiDO4KYXGJbuYjtQgt8aQbwlah0pM2arjGJGI2Ts9C+3XM8ZL+vK75NJ5DI7+XY=
QhAI+VKCZ5mmzGKGg5zTjAm2iBg3QsK0q3BlS8oaWryNt6h92Cb+YEc+quRqRbTQn8wtRr3kqYvDIHemSlgnlszC4+2koY2teyyTWQHaFin5YA==
Lrp7xpm2WJ3T3NwZrUWdSXeFs7KnqJB9MYWTfdklFSTZH0VXVyCAqrzjwFJJVQjvVuAfPzximdRTVmlPIXyl3r4+RT8bY39B57tWG2/RV84z/VOa5B3kyHJPwNPTJTjVAXwc+Vc=
upLxgRrwFPjfsGWg3AuPpwsBZ8FwqiDO4KYXGJbuYjtQgt8aQbwlah0pM2arjGJGI2Tp9S+3XM8ZL+vK75NJ5DI7+XY=
SxSZAktqThf1zU+CRSfM7Qi2iBg3QsK0q3BlS8oaWryNt6h92Cb+YEc+quRqRbTQn8wtRr3kqYvDIHemSlgnlsnD4+2koY2teyyTWQHaFin5YA==
+9LTBJ5NKK06SXZlLg9fUrDfcB759HlB2kbIVq6SXEL0Bl0EF5Tm3eZ7GQkKEpv92xmyzs8PFLQIhHwQZ8qigLqB3GQfeEWCbYChf+NUv0La3M8ij/cL6bRFRdnb2Bs90R5+HflU
xvfxFj9ozuVkgJhJTFx8uLDfcB759HlB2kbIVq6SXELwBl0EF5Tm3eZ7GQkKEpv92xmyzs8PFLQIhHwQZ8qigLqB3GQfeEWCbYChf+NUv0La3M8ijvIL7rRFRdnb2Bs90R5+HflU
CNm1hcf+nRMg0w3LJZHURAsBZ8FwqiDO4KYXGJbuYjtQgt8aQbwlah0pM2arjGJGI2Ti8C+wXM8ZL+vK75NJ5DI7+XY=
I9P3OHA2S/RzN5WR3vH7SAm2iBg3QsK0q3BlS8oaWryNt6h92Cb+YEc+quRqRbTQn8wtRr3kqYvDIHemSlgnlsLG4+qkoY2teyyTWQHaFin5YA==
6Ko4Wz0n8xUrOaKDsIQ8HQsBZ8FwqiDO4KYXGJbuYjtQgt8aQbwlah0pM2arjGJGI2Tq8S+wXM8ZL+vK75NJ5DI7+XY=
Fefq1eDqRKIWZaEybDY7CQi2iBg3QsK0q3BlS8oaWryNt6h92Cb+YEc+quRqRbTQn8wtRr3kqYvDIHemSlgnlsrH4+qkoY2teyyTWQHaFin5YA==
irPeNy+WvGAEJFD9na1a03JIo5j2Walj3B7BQKFlm9gUCLqigLg+vqMqQZeyzOfH8znjnifFP11OZXcYBmfcs+/NrGX1JDD5ew==
3huwybQTV5rtVXKwcA+aNkuw4Ck6nY5J/u3eNqDO4V26C54eW/SCPtMca4zfyLy36Vcrsh/rqZzCQ/kO
o6JFNO5eBrmFj35a93uajViB0uU/SEL08m/1MRoCf2TwVvMyuesCZFz6tnR4fuXm989UoHF3ZbVlBpFp2T+uycHAQKuKgzmhSn3DKDb5fQ==
MWTApdd9Iap3kV+dBJG/n1iB0uU/SEL08m/1MRoCf2XwVvMyuesCZFz6tnR4fuXm989UoHF3ZbVlBpFp2T2qycDAQKuKgzmhSn3DKDb5fQ==
bDV6VwLGwGYBebSLCgPnSliB0uU/SEL08m/1MRoCf2LwVvMyuesCZFz6tnR4fuXm989UoHF3ZbVlBpFp2TOqycDAQKuKgzmhSn3DKDb5fQ==
wH2K0eZMvGmedCoywk7MzFiB0uU/SEL08m/1MRoCf2PwVvMyuesCZFz6tnR4fuXm989UoHF3ZbVlBpFp2TmpycDAQKuKgzmhSn3DKDb5fQ==
SD2WFCrfav9/I2fvN1es09J4EyYSiirTPHl2Ta36SiC+/wXvthtUAhnOvN/WiQNxfCNUBudFzlYMyyr7o2au5Ql4DyJfCgnum+XaAq8nbYXw+GeuapCX7kM8U6OEqZ31u/QD0eESZhH5WA==
JzOiycZ68rGSlcAsh7W8FE87Lhj+hsTfxepiChnZkP3lL2X1jSMVvJbY49Kp2Yv27AFwJV4UPmYN60TQIRze0NiHD/ja0bXNeSNbpwl7QLCRG77rCniF9QWGcSm5O4iJYEDg66qDGeHq/WNoFvld
oZojCnULKT9muB4lhff4V087Lhj+hsTfxepiChnZkP3lL2X1jSMSvJbY49Kp2Yv27ABwJV4UPmYN60TQIRze0NiHD/ja0bXNeSNbpwl7QLCRG77rCniF9QWGcSm5OYiJYEDg66qDGeHq/WNoFvld
sDy9Xp1s2Ls5An9PDjBh1087Lhj+hsTfxepiChnZkP3lL2X1jSMTvJbY49Kp2Yv27AdwJV4UPmYN60TQIRze0NiHD/ja0bXNeSNbpwl7QLCRG77rCniF9QWGcSm5PoiJYEDg66qDGeHq/WNoFvld
Ukg92f7cRWJFSFOdRHkrSHJIo5j2Walj3B7BQKFkm9gUCLqigLg+vqMqQZeyzOfH8znjnifFP1NJZXYYBmfcs+/NrGX1JDD5ew==
JI1T6YjtNS+TACL2so9WctPMwr7RZH2ou8sk5jis2MeDWRUUz2osWQ16mpnWyYikaCpLM7L8B3z4/C6eCfTM4aMhX3st68+7hvznQxgHnMgTeYMeh4UfWigllpimp/yzzw3M5RVkEPlb
ysesKVVFR6iiL8Y1dYPj8n0pOx2/MjCr8A8JxXdfGtCPN4Sq1v3/wgMg0vKb2Cq05/6Mm8FzC64H/7mQykf5cg==
ZP7lZOxOySPxvQ0oO8TyPmsWx7IXWwJ7z4XtWadIz262IBCayMtZGR+rmlwXkzQWHqkfrvskwu6z7Gp4vxr8Z0nnqwK/u2nMIjP5fg==
wmA/r+lgh9LmhiMaaS+9766M4hj8kiQopo2VHmMCdY27smUqNhZ4k2iPSBfjbO0tlbveDhY9Ch3aumtZRoiNlCCHUa1pNo2B7XpfYV8wzDN+I21ZBi0/ACL5aQ==
su//vId16iQt6eKX3uzRDlJx9r6GWrpp0FfJROc5t+scWry1gLkI+rl9TICnwOLX8znjnifFP1lNZXUYBmfcs+/NrGX1JDD5ew==
VUWJHL5dfv+YdeslooW9na2M4hj8kiQopo2VHmMCdY27smUqNhZ4k2iPSBfjbO0tlbveDhY9Ch3aumtZRoiNlCCHUa1pNo2B7XlfYV8wzDN+I21ZBi0/ACL5aQ==
WdgvGzXWundLLlOw7AnimgsBZ8FwqiDO4KYXGJbuYjtQgt8aQbwlah0pM2arjGJGI2Tp8S+yXM8ZL+vK75NJ5DI7+XY=
v2XOV7J4zBSm6C6w+8br2DAoI3Vc88Kmf24OzYqQGH8abpJ4zXNgCQiSloTnWkJQ+rE8VB9IpbItUEHvY8QfEpos71KJAyucdJXlSVtIe20RLh4t+WQ=
ysnPjjLY8WfuQ6GDF07C3gsBZ8FwqiDO4KYXGJbuYjtQgt8aQbwlah0pM2arjGJGI2Tq8i+yXM8ZL+vK75NJ5DI7+XY=
n40wQFxEqP5oLpOIJcvUGjAoI3Vc88Kmf24OzYqQGH8abpJ4zXNgCQiSloTnWkJQ+rE8VB9IpbItUEHvY8QfEpos71KKACucdJXlSVtIe20RLh4t+WQ=
6mi3rjS88XsKEzOfvWCMJQYy3ZNmJAOLClj3oJOS0bRLZhGP+ewdPvZurT9zs7chXysOW5fhTy77jfsTja0p6Gq/+JMLtUB1ySw0+X8=
ZeKRFnuqc997HXE/UaY8IG74sEi6qiOJ2/8FX6E5eQdI6zFtybYtwQ1/faE+sKzzXiONGeatn8BC+Qk=
OnmMvwgA4ZwESMv/3WUno2Nbp1QHzbnI/LOQ9ELGt7QuWvKn2AZfltkolda1jdMKU/iyGusgqj93ZywzccvL5tenWfg6P/l6
ol/7R5/T18F6PYW847eXB7CI+bDj7N0zQibG+L5nfByCxLTFcpz80c5k23GyUjckjoqyd/gWX4b5+NUGFR1TmvMo8srLMKsvV7ls49FbS3Z3dxkoGi/5ag==
v7eOmc9uNv8uYhJUFdAMObLEdwX+735a3V3PTamHXkz1GUoHF5zhwfc5WEwLBZrunw26zpxPUv5Dl2YQZ8qigLqB3GQfeEWCbYChf+NUv0La3M8ijPML6rVFRdnb2Bs90R5+HflU
4Da5jzPHShFzljuknrpbi1QKcIDdzP7AafdaeBufkwh/FsQ6Z3+55wWJPc9kyx1lzaYJGVGzJ3ldISh7MsPh0aJd+zg++XU=
+GsDLUE3BtvXJWNO889G7TAoI3Vc88Kmf24OzYqQGH8abpJ4zXNgCQiSloTnWkJQ+rE8VB9IpbItUEHvY8QfEpos71KDBiuadZXlSVtIe20RLh4t+WQ=
deir3AAH9yidSiJYy3UlJQsBZ8FwqiDO4KYXGJbuYjtQgt8aQbwlah0pM2arjGJGI2Tq9S+0Xc8ZL+vK75NJ5DI7+XY=
WB2A8GPlkccK9ahweBJ26jEoI3Vc88Kmf24OzYqQGH8abpJ4zXNgCQiSloTnWkJQ+rE8VB9IpbItUEHvY8QfEpos71KKByuadZXlSVtIe20RLh4t+WQ=
nt+8zAK1hOU2LztpxTimuIrxMUgqmZr7Mx4Z1av8fziywEwhIAKpFOM22c+xHHUe7h61P2tDrwG3W8ab3zHnjgMdQ53xPZaJgu+wU0OFaBXRHCz5Zw==
LA5adiTmQmM8ro1XhgH+zh9/pIMkUrq9RcFyPndsPYpHPy+g62Ywouv/NX9xealn2GvBDTn23aEdem6BCPEcU+6jHbm2bc8gMvl5
u9iHyCJnnZTZ4iCGZXEeNWKa2GKTp16BwrBFy7v/ORnSNnyfzoWXEn1LT0/M3vu79nQ36x6s/OGuVBvB0uK3lO46ckeYJl+2mcgVtnWt0yqTmDL6qwCrHjeCrVOx68vGF8fZGHof+Vo=
JnxUBFJzZvtM9ZCTdXVrWtfOwajEfX/y65BkrWXtr5PBC30A0hBKV1M/iIuKipmzYjxPe7bQUyyw3GfPFOSV770UES4qpsm/l/vrMVNTyrsTeYMeh4UfUiklkJmmp/yzzw3M5RVkEPlb
SxteG/WuVjjPc5XM4EDZjdfOwajEfX/y65BkrWXtr5PAC30A0hBKV1M/iIuKipmzYjxPe7bQUyyw3GfPFOSV770UES4qpsm/l/vrMVNTyrsTeYMeh4UfWC0ll5mmp/yzzw3M5RVkEPlb
cG+uuekmOmHnz6mpoTzcPVQKcIDdzP7AafdaeBufkwh/FsQ6Z3+55wWJPc9kyx1lzaYJGVG+InlZISh7MsPh0aJd+zg++XU=
BjfUhbUAN85Q3zj7mA5Tc2Bbp1QHzbnI/LOQ9ELGt7QuWvKn2AZfltkolda1jdMKU/iyGusgqz53ZC0zccvL5tenWfg6P/l6
eg6Il/QARs16dm19UjfSJLGI+bDj7N0zQibG+L5nfByCxLTFcpz80c5k23GyUjckjoqyd/gWX4b5+NUGFR1TmvMo8srLMK4uV7Rt49FbS3Z3dxkoGi/5ag==
1s61C9vmAnFyTDX96Z9E/NfOwajEfX/y65BkrWXtr5PCDn0A0hBKV1M/iIuKipmzYjxPe7bQUyyw3GfPFOSV770UES4qpsm/l/vrMVNTyrsTeYMeh4UfWikll5mmp/yzzw3M5RVkEPlb
Q86xyVmzeKulseoicjAzdVQKcIDdzP7AafdaeBufkwh/FsQ6Z3+55wWJPc9kyx1lzaYJGVG+J3lZISh7MsPh0aJd+zg++XU=
HQB9ObV//98UOcicwQr8QWFbp1QHzbnI/LOQ9ELGt7QuWvKn2AZfltkolda1jdMKU/iyGusgozh3ZC0zccvL5tenWfg6P/l6
0gA1UVsIw0CblNL7vtbJdbaI+bDj7N0zQibG+L5nfByCxLTFcpz80c5k23GyUjckjoqyd/gWX4b5+NUGFR1TmvMo8srLMKkpV7Rt49FbS3Z3dxkoGi/5ag==
sOlBhbPBDuEzviUm/NrDB9fOwajEfX/y65BkrWXtr5PEAX0A0hBKV1M/iIuKipmzYjxPe7bQUyyw3GfPFOSV770UES4qpsm/l/vrMVNTyrsTeYMeh4UfWy0llpmmp/yzzw3M5RVkEPlb
tmqUtOSWgJPdrhqy1MHKVFQKcIDdzP7AafdaeBufkwh/FsQ6Z3+55wWJPc9kyx1lzaYJGVG4I3lYISh7MsPh0aJd+zg++XU=
OHPM5uVygVYHCjyu+deeKGZbp1QHzbnI/LOQ9ELGt7QuWvKn2AZfltkolda1jdMKU/iyGusgrjx3ZS0zccvL5tenWfg6P/l6
bkqm/2EWgALE7xVI0W6X4tZ6EDAHkyjSOTghDeqqEHTNuUegxBVSCxeQ+c3H1UBgaylCAq9B4gJcgwqy83u+vAdmOmwKDUTon/TdDt1sOdOD+GeuapCX7k8/U6OFqZ31u/QD0eESZhH5WA==
BKMkSp+dgyakbqQdwEmpBNZ6EDAHkyjSOTghDeqqEHTNuUegxBVSCxeQ+c3H1UBgaylCAq9B4gJcgwqy83u+vAdmOmwKDUTon/TdDt1sOdOD+GeuapCX7kM/U6CFqZ31u/QD0eESZhH5WA==
fw3I+Ntb8d/4utowBMxNUbeI+bDj7N0zQibG+L5nfByCxLTFcpz80c5k23GyUjckjoqyd/gWX4b5+NUGFR1TmvMo8srLMK8vV7lt49FbS3Z3dxkoGi/5ag==
weYFD0UfzyeXOuqqNJRDW9Z6EDAHkyjSOTghDeqqEHTNuUegxBVSCxeQ+c3H1UBgaylCAq9B4gJcgwqy83u+vAdmOmwKDUTon/TdDt1sOdOD+GeuapCX7k09U6+FqZ31u/QD0eESZhH5WA==
bYjmgHdwSmYfcrBFR8uJllQKcIDdzP7AafdaeBufkwh/FsQ6Z3+55wWJPc9kyx1lzaYJGVG7I3lcIih7MsPh0aJd+zg++XU=
P3SAJD/yAwjw1UcblEPjLYWLFUDS3u84nyR9nh1cGSMDSIfeqgD3Pk9uszfGWf1FO4Qj4aGCxkH5CA==
aFKakDE+er6dVClO/PlmakwCZoyQnbLSIPBdflGRnAB+GocxZ3+55wWJPc9kyx1lzaYJGVG6InlcIih7MsPh0aJd+zg++XU=
xPYFHP9EaLypGiESGGdZXDAoI3Vc88Kmf24OzYqQGH8abpJ4zXNgCQiSloTnWkJQ+rE8VB9IpbItUEHvY8QfEpos71KKAyubdpXlSVtIe20RLh4t+WQ=
LnznFdES9HRLczous5WpxkAm+8hgRrTuEcB1PndsPYpHPy+g62Ywouv/NX9xealn2GvBDTn23aEdeW6BCPIcU+6jHbm2bc8gMvl5
dgqrTmjDVmbJEa6qlf0wjFiB0uU/SEL08m/1MRoCf2DwVvMyuesCZFz6tnR4fuXm989UoHF3ZbVlBpFp2TyoycTCQKuKgzmhSn3DKDb5fQ==
CcOPZmNbOMz5CseNEY1yE087Lhj+hsTfxepiChnZkP3lL2X1jSMQvJbY49Kp2Yv27AZwJV4UPmYN60TQIRze0NiHD/ja0bXNeSNbpwl7QLCRG77rCniF9QWGcSm5Oo+JZELg66qDGeHq/WNoFvld
ZBVIPi4Xk6pP1Dsrl8+scheWkDdom5lJ/9uaLPbD9Ea+GZ8eW/SCPtMcbIrfz7636Vcrsh/rqZzCQ/kO
mrItgZc1fmQJ6WiJHjoYxSplNx29ITC28A8JxXdfGtCON4Sq1v3/wgMg0vKb2Cu35/uOm8FzC64H/7mQykf5cg==
3oQpxaLQpsxgzk1ImRVDeGxlPxK+NDC28A8JxXdfGtCON4Sq1v3/wgMg0vKb2C635/uOm8FzC64H/7mQykf5cg==
nz05I7rWZtzBm9TnBKKKrQANaYmLz/SPZ/xJZVmb0gZyDc5lRjr3oAK4aZwspx1lzaYJGVG9J3leIih7MsPh0aJd+zg++XU=
GYeSn9qS+sIcyrwf0if6pWBV+Rpb2v/LobqQsg+As/UgV+mthyca2J4vpILmxb8KU/iyGusgojh3Yy4zccvL5tenWfg6P/l6
BU/64ejVSF6d8m4P7m5GRkZh1oBuNkKIU1+2o4uflfRLYVOLuOIQJfwxjHo99LAQC3hGN5fhTy77jfsZia0r6mq/+JMLtUB1ySw0+X8=
3RPmf7TXhztl86R6EKaL5kFh1oBuNkKIU1+2o4uflfRLYVOLuOIQJfwxjHo99LAQC3hGN5fhTy77jfsfia0r6mq/+JMLtUB1ySw0+X8=
SRpmg2zRCmIr2ti0nCEoykBh1oBuNkKIU1+2o4uflfRLYVOLuOIQJfwxjHo99LAQC3hGN5fhTy77jfscia0r6mq/+JMLtUB1ySw0+X8=
bbBlTnN69qq93u38sqnbAVo47Mk0EPXzUMNtMzMsPY0FO26u5n06/cq6ezh2SP00kAfBDTn23aEdem6BDfIcU+6jHbm2bc8gMvl5
YFzmEEOpyKJqIByKseS5iBx+pM1yE6jzWI84NzMsPY0FO26u5n06/cq6ezh2SP00kAfBDTn23aEdfG2BDfIcU+6jHbm2bc8gMvl5
FxN8JR0hO6vjo8hF8YDpNezQtw/6nXYoqpa9SmQRXN22snAlMwAs3ijJAhPjbO0tlbveDhY9Ch3aumtYRoiNlCCHUa1pNo2B7XxbYV0yzDN+I21ZBi0/ACL5aQ==
CYn3CC9MRKVI6j8dtF2fUiQ4igHc9Mvm6uzadgQhzZeXj0o/c+7UX+zZ+VXNNgDW17zTASh7Gek/u5pMNmN0pv45nz6blAKek/xtbZ9oPtcpdyuSXwspPAIj+W4=
HECm2M7vasFugW1YAO5+FJ5Ah3JIli8Xo6QrGjfG4onKUUACBomlmIoyjqmk/0U0O4HjCyhCQOXMUZx6LRSAUNvY1rcngb9uq23LEnyNeyraHwgTm1UQNTkMJPlv
CbFO7d2kQo30MFNQ8WJkglJx9r6GWrpp0FfJROc5t+scWry1gLkI+rl8TICnwOLX8znjnifFP1hNZXYaBmfcs+/NrGX1JDD5ew==
iO2/C36tcWY7IysAB7nAVR1+pM1yE6jzWI84NzMsPY0FO26u5n06/cq6ezh2SP00kAfBDTn23aEdf26BDPIcU+6jHbm2bc8gMvl5
2RUlxJtp5LAJ+fsFhKFRIOzQtw/6nXYoqpa9SmQRXN22snAlMwAs3ijJAhPjbO0tlbveDhY9Ch3aumtYRoiNlCCHUa1pNo2B7XJeYVwyzDN+I21ZBi0/ACL5aQ==
BVdUtjartnZi5jl7C+Ebsp9Ah3JIli8Xo6QrGjfG4onKUUACBomlmIoyjqmk/0U0O4HjCyhCQOXMUZx6LRSAUNvY1rcngb9uq23LGXuNeiraHwgTm1UQNTkMJPlv
cs1luqKtb5PNxnWu2o4ckkMdq6BfaXrZtoUgr1nnSaiovAt6o+McdQHTU21aHtLd/CxCX098z3o6hJ/KDpjbN9Z9tfGbMKtFccYuNfl8
oJyIdViqh5LlrRaJIXVYaOzQtw/6nXYoqpa9SmQRXN22snAlMwAs3ijJAhPjbO0tlbveDhY9Ch3aumtYRoiNlCCHUa1pNo2B7XxdYVwyzDN+I21ZBi0/ACL5aQ==
3oIUdS6HynG7XaJ1DRnQyJhAh3JIli8Xo6QrGjfG4onKUUACBomlmIoyjqmk/0U0O4HjCyhCQOXMUZx6LRSAUNvY1rcngb9uq23LGnqNeiraHwgTm1UQNTkMJPlv
bQEsAZ6pSlVUZxAOv0NqDUIdq6BfaXrZtoUgr1nnSaiovAt6o+McdQHTU21aHtLd/CxCX098z3o6hJ/KCJnbN9Z9tfGbMKtFccYuNfl8
6ziRgmP63IxjaM/riAtbRuzQtw/6nXYoqpa9SmQRXN22snAlMwAs3ijJAhPjbO0tlbveDhY9Ch3aumtYRoiNlCCHUa1pNo2B7X1cYVwyzDN+I21ZBi0/ACL5aQ==
XZt3/FQ7yN767a0bbcJJOplAh3JIli8Xo6QrGjfG4onKUUACBomlmIoyjqmk/0U0O4HjCyhCQOXMUZx6LRSAUNvY1rcngb9uq23LE3qNeiraHwgTm1UQNTkMJPlv
Fw3GPfq8YN/bOHugf6GRkkYdq6BfaXrZtoUgr1nnSaiovAt6o+McdQHTU21aHtLd/CxCX098z3o6hJ/KCZvbNNZ9tfGbMKtFccYuNfl8
Ztt9FfjZDNvGF5JnM+r1gxB1YyxEK25pVvyIu1UZI/36qe9EPOGIexkzYcy4uANug7fUMVE3+/naino5rGiKC29ox34q4LceT0xzUEb5PWU7ZGMBISIGIflo
NkKwigIXqyqCi6pup5oUr8/wktff70vXkRYe+qJ41cLaljtJD65AhyyQ13YKqEeGz9MDmGbxLR373POJQeo2Oflw
r7i2ISTDGjowcW4WV/RmBs/xktff70vXkRYe+qJ41cLaljtJD65AhyyQ13YKqEeGw9MDmGbxLR373POJQeo2Oflw
cmZHXHwNtfL8rIlmFSZ/A830ktff70vXkRYe+qJ41cLaljtJD65AhyyQ13YKqEeGz9YDmWbxLR373POJQeo2Oflw
FbuhlTHW2foEUV7Df/d4e3JIo5j2Walj3B7BQKFjm9gUCLqigLg+vqMqQZeyzOfH8znjnifFP19MZXQaBmfcs+/NrGX1JDD5ew==
m/8bOgX6a92zvAjDagqyjtPMwr7RZH/z7tEz7SK99ce1TCBVuglIEQF609yq2ZO1JmhaPqjLFmft/3reANGYvJciX3st68+7hvznQxgHnMgTeYMeh4UfUi4llJqmp/yzzw3M5RVkEPlb
hkWCnrpTQeKnrHekFAbO38zxktff70vXkRYe+qJ41cLaljtJD65AhyyQ13YKqEeGzNQDlmbxLR373POJQeo2Oflw
79Uqzg6PTX8xLle3CXb70czxktff70vXkRYe+qJ41cLaljtJD65AhyyQ13YKqEeGzNUDlmbxLR373POJQeo2Oflw
THZEb3fK8g7P5i5dY4SUACERlaJSYFjHH1W4ot2Gsc1Uf1OrsLAWMvwwuj4nor0HHnRDJ5fhTy77jfsfjK0n6mq/+JMLtUB1ySw0+X8=
oE5Yyf5d95Pi7ktVfwjq0w6u34gxSa7tiww5Fi7dqN94mikOIJf/C1zYgoJoyCa+u9opt4qcL4c7ibt+T1WH37X10rpel5RzJ51UBd0UKPlj
+zxVHT358k7qVEKvr0tjjOVEncJnCC9CyG57eXIZT4cPYT+z4AMvXXBOO1kJcmaJ+rGshIzyZ0PuNMO8vLRyKOUsaIHHmbPrkWNLOwJ0W9N0v3gotyHvrltN2xJpbUZqiv+Yk+v14PVpbBT5Xw==
HfDPiWHxjGpy4mvKm0CYVt7fEUthsDAuTiLZgzGs8CgVVHgDvGsFisgHKK1kdidZFUpyee6ZwOSg2pOT2my//ABshvtRRAQha3EnWwUb17uejM9j4NfUiFvJW/4vFWfblLVyOv7XtHMH3fSFfVQI+UM=
FJsdrrPL6pt+fbnFZNqwZRc2uvWfT70+iEiOSu8+qKgKcY/h0/oYivo+S6Cq2frH8znjnifFP1xIZXoaBmfcs+/NrGX1JDD5ew==
PS/EFQP/Fl4mRHGQ2ihrdjJ6jpJl5PKh199xPmcie3FtzkFFpr7Z791m+alpA7q36wQycRaOz5y4xbT2xu6hwMCSDMGQSWvo3i3at8XzXjt5W7ImFWgwWpF5TVEP5F+yGoyvMori6zr3NSVpWyi7jZFOXg35RA==
fPvdJy+IGYmFmROImUrJZh+zeuFcYXO7qSFU1IL+N7/9P08j3jWEAqvpSz6fdbfaxRWLe+43BPPX/YRF7TQ4+XM=
trqNcWtDu86QaJyZz49uQ1iB0uU/SEL08m/1MRoCf2HwVvMyuesCZFz6tnR4fuXm989UoHF3ZbVlBpFp2TKuycbDQKuKgzmhSn3DKDb5fQ==
HiKgY0NYzHMdDSoZZPMigUp6IHCJwnqDnwjZr54OohiqVzGtj5yxxZ2Nif2TAwx5bmFb3MDWEq90xw8bwLZaZWpnWTkFs9cvjfvEOB2LQnOuGOFN2Xa9Yf14T0Gtc7yTjqP9+dbtb2AS+Vk=
jT6THaIOZja6O8Lho9/DcByf0mhunc0e+u3OY6v5twjoUfMeW/SCPtMcborfyL+36Vcrsh/rqZzCQ/kO
oEOkME5XseNXfhFhRV5gQT4U+RJa3rqcqLiLoQaGtrMnV73nghFOl8MV58ywjdMKU/iyGusgrj53ZC8zccvL5tenWfg6P/l6
mTxkPcg+YHDqCT0CN5gZC/bW6FVIL4qUlHQP3NmwxWv7SpfghcUQGkVx6NjCSmMI5O4sFVQrm5KQqwld0VZlMWX+1RH1k7SDpmNViV4N1xAq+WE=
E1wBnBm8qcdeYLrLDnA3BeYoJypVIXMbPNIDQc60xFJVJLIuernisx3+NhtPkbdOUz1zkgNdQ0vSDyDT8+WYVeE8PPl3
9jD3uTxn6zECUxR9lCk21V3jciGnl64XbCeC8bFQfgT1wBmjv4pTqFl1fMLhEQxgrtrfgGBuqJ3ou3cq9EutBT3mOfkhshFZqWOY20JDcXFyHSsYLvll
N1VQK7lT1iPNDTcQVi05F7LEdwX+735a3V3PTamHWlfyGUcfAJv+wuZ4C1oKBIzr2xzzntZGF75HizhaacWqgbbKhnMOeV+/H5qkf+NUv0La3M8ijfYL7rdFRdnb2Bs90R5+HflU
l7/jyccVwo7iMrWkUzyT5m6a22KTp16BwrBFy7v/ORnWLXqfw52AFWJIXg6fyPq64HFz+lf8tujrFB/djKi5m+Y7fgzCMU63g/VnrHCt0yqTmDL6qwCoGTeEr1Ox68vGF8fZGHof+Vo=
JPzAEh+SAAx16V9NlxuNFGkAxr8OXA98z4/xDOMIz2n0JFnfzsdOWBqdzhNLqXdYSOFzrvskwu6z7Gt4vxn/Z0nnqwK/u2nMIjP5fg==
QZFDOxwSTK4WXvPG/9EpcHJIo5j2Walj3B7BQKFim9gUCLqigLg+vqMqQZeyzOfH8znjnifFP11NZXYbBmfcs+/NrGX1JDD5ew==
hIpqElR/vpePAtKP5oJ+o9PMwr7RZH/z7tEz7SK99ce1TCBVuglLEQF609yq2ZO1JmhaPqjLFmft/3reANGYvZciX3st68+7hvznQxgHnMgTeYMeh4UfWiwllpump/yzzw3M5RVkEPlb
6zIsUwrh4CtoZBjIYJOM+ADkIqMQMS75/XAXxp+3I/q1HWwjgWyuFKvpSz6fdbfTwRWOe+43BPPX/YRF7TQ4+XM=
QCc7G9kh7xC4p1n2bj2xxADkIqMQMS75/XAXxp+3I/q1HWwjgWyuFKvpSz6fdbffxRWNe+43BPPX/YRF7TQ4+XM=
4dMKMp/vOTk5yZGZeWz//OYoJypVIXMbPNIDQc60xFJVJLIuernisx3+NhtPkbdOUz1zmwJdQUvSDyDT8+WYVeE8PPl3
ZaN1XcWA14wjJvxZHq+dsvbW6FVIL4qUlHQP3NmwxWv7SpfghcUQGkVx6NjCSmMI5O4sFVQrm5KQqwld0VZlMWX71BH3k7SDpmNViV4N1xAq+WE=
oAkgQWCOgE7bczQwvwO39uYoJypVIXMbPNIDQc60xFJVJLIuernisx3+NhtPkbdOUz1zkwJdQUvSDyDT8+WYVeE8PPl3
19d5EFtd5bQInJTDwWeKpvbW6FVIL4qUlHQP3NmwxWv7SpfghcUQGkVx6NjCSmMI5O4sFVQrm5KQqwld0VZlMWXz1BH3k7SDpmNViV4N1xAq+WE=
L/gZP++jntzx0yyVIHbp5+YoJypVIXMbPNIDQc60xFJVJLIuernisx3+NhtPkbdOUz1zkgJdQUvSDyDT8+WYVeE8PPl3
KINwsalXWaf9LNqJ7MJLR13jciGnl64XbCeC8bFQfgT1wBmjv4pTqFl1fMLhEQxgrtrfgGBuqJ3ou3cq9EutBT3mOfkhshBZq2OY20JDcXFyHSsYLvll
PXQA23LO0cMEBxbwm8Y41I0aoUCIC7pl/KkvJN2OVfPhundZpmtLOHxEeb1hFrVRlfziMadTxCMW48Xpjk3nMDr5cQ==
lZFtQ4glaIAy4SvPGt76To8dokCIC7pl/KkvJN2OVfPhundZpmtLOHxEeb1hFrVRlfLmMaZTxCMW48Xpjk3nMDr5cQ==
yiYV/pSDoQl8q3sThJJBsuYoJypVIXMbPNIDQc60xFJVJLIuernisx3+NhtPkbdOUz1znQNdQEvSDyDT8+WYVeE8PPl3
qDJ+31oepShtQfnLcs8xHfbW6FVIL4qUlHQP3NmwxWv7SpfghcUQGkVx6NjCSmMI5O4sFVQrm5KQqwld0VZlMWX91RH2k7SDpmNViV4N1xAq+WE=
fizR19JT9o5Qmlko3/aTquYoJypVIXMbPNIDQc60xFJVJLIuernisx3+NhtPkbdOUz1zkwNdQEvSDyDT8+WYVeE8PPl3
ctnFamcpNHuXQmZd73aQcPfW6FVIL4qUlHQP3NmwxWv7SpfghcUQGkVx6NjCSmMI5O4sFVQrm5KQqwld0VZlMWXz1RH2k7SDpmNViV4N1xAq+WE=
z3l6WYhMSU62xoygpr29xn+0tEe7rCOU2/8FX6E5eQdI6zFtybYtwQ15fKE+s6zzXiONGeatn8BC+Qk=
/AjtCodGGkHlx0aGRduyd0wCZoyQnbLSIPBdflGRnAB+GocxZ3+55wWJPc9kyx1lzaYJGVG5IHlaIyh7MsPh0aJd+zg++XU=
WjDo6CyN6Qy0wASU9HAYNQm2iBg3QsK0q3BlS8oaWryNt6h92Cb+YEc+quRqRbTQn8wtRr3kqYvDIHemSlgnlsnF4+mnoY2teyyTWQHaFin5YA==
K6zSG5gIC5lac68tNGKoveYoJypVIXMbPNIDQc60xFJVJLIuernisx3+NhtPkbdOUz1znwNdT0vSDyDT8+WYVeE8PPl3
G4wLMqCQa4+D85MuYT5/VCIc5VtFyaud56/Z90iIubsmW/7sghFOl8MV58ywjdMKU/iyGusgrz53aC8zccvL5tenWfg6P/l6
XimNIf1PI0BEOWHiGOGmT13id3v7z/JDNWHn7rBeT1D1zVjm5J1CskU6LcbhEQxgrtrfgGBuqJ3ou3cq9EutBT3mOfkhsxFZpGOY20JDcXFyHSsYLvll
VBzIbmIEezSGeTKdZxitulJx9r6GWrp93A7bQvN6v+FSXLCiwbw+rvYhdsPplqq78znjnifFP19OZXMcBmfcs+/NrGX1JDD5ew==
lnS7byG0sXWlCu7irFTeQCIc5VtFyaud56/Z90iIubsmW/7sghFOl8MV58ywjdMKU/iyGusgrz93YCgzccvL5tenWfg6P/l6
XaQ0czxCHAal+Fu+WjwTGl3idnv7z/JDNWHn7rBeT1D1zVjm5J1CskU6LcbhEQxgrtrfgGBuqJ3ou3cq9EutBT3mOfkhuRdZrWSY20JDcXFyHSsYLvll
QqSmkxX0xKR7pwzJb55B+Nxb5gHOBfM68u9xfo7JGOj07jx1pGtLMgAreb1hFrVRlfLjMaBUxCMW48Xpjk3nMDr5cQ==
fBZ4e7PyFZMFe3iEz+nd/EFx6LXJGr5o1xPAQ/Ql+P9bWqzhyrw+rvYhdsPplqq78znjnifFP1lNZXEcBmfcs+/NrGX1JDD5ew==
+Xq9uVOq5eP4QKjwXJolMgsBZ8FwqiDO4KYXGJbuYjtQgt8aQbwlah0pM2arjGJGI2Ti8i+yWM8ZL+vK75NJ5DI7+XY=
yt6dfmjsvuCqsgw/fJ9qZFAKesWPiqPTb+cPKB+fkwh/FsQ6Z3+55wWJPc9kyx1lzaYJGVGyIXlbJCh7MsPh0aJd+zg++XU=
r79W/adUqmGuN5w1YHsBwJq2yYyD9g2QgFBDsrY2n8Cf3A12fbRJ+0OQ13YKqEeGydMDmGDxLR373POJQeo2Oflw
ZPG4dDqe5yLvhv8vQiKBUQcI5cWDKlOvvkWJiNKDljf5r/eJioFv7/oWI1NsWf9vHtGmWFwX1ey+1sOVz8ys0tHu27PbzJMC3oB0Qcu6VKzgnbac8KWqTMn1xYrpBfDL1odx7Qm2bUHNfzsh/rRscx4jTZmmrV9AAvlJ
nCr/Nz7/MROHbH/H/4tVjB+zeuFcYXO7qSFU1IL+N7/9P08j3jWEAqvpSz6fdbffwRWMfO43BPPX/YRF7TQ4+XM=
q8iWon0Fj5rjxoMft3gKAc7RUkHLkaU+ij8oliEVVX1vSIfeqgD3Pk9qszHAWf1FO4Qj4aGCxkH5CA==
T5dvinECYd4m8t3UIh8klY9d8kREad3BNHTEIZs7jcWdZlk5Qb83mQrkeJuiQ5Ex0p2L2E75BQ==
73ptz5H8rSlB+oDrA4TUtw3T1mdvm80D+u3OY6v5twjoUfMeW/SCPtMcaI3fy7i36Vcrsh/rqZzCQ/kO
bavgq8Aug5Igtt+HdgukKUBo6rSGC/Z7zBXcDaJ+v+FSXLCiwbw+rvYhdsPplqq78znjnifFP11NZXscBmfcs+/NrGX1JDD5ew==
3YBZdizxLQIG5k1jeym0NEBo/bSGC/Z7zBXcDaJ+v+FSXLCiwbw+rvYhdsPplqq78znjnifFP1JNZXscBmfcs+/NrGX1JDD5ew==
3l5PVgSk+9H3sBFuAa6UwDdCib0KWggvnYXrWa9TiSPwJFnfzsdOWBqdzhNLqXdYSOFzrvskwu6z7GN5vxT4Z0nnqwK/u2nMIjP5fg==
AuyWSa6zx/2g0mMFKsI2Mh/OBV805aIyZ8OiroCyWpPPz8arGTE7NuT+u+iJfbROsF2W2mnKEb7V8Vg4cgqzKJTu3DUE6yvyICuZ/QGWFRF188LxydRkYzbjpSkuzQdwGvlR
pmx92O/BiHk7MU0SpYC2F9JoQ3tAxzrEPjw9E/GvDGTbs0S/3g9FBA+P+c7Vhlh3djpSBuERqAsNzxiu/nzg9glpMm0GRh7/jvXHM692PNOD+GeuapCX7k8+U6+AqZ31u/QD0eESZhH5WA==
mgnylOgpm9NH0mWEiPH3pNJoQ3tAxzrLPjw9E/GvDGTbs0S/3g9FBA+P+c7Vhlh3djpSBuERqAsNzxiu/nzg9glpMm0GRh7/jvXHM692PNOD+GeuapCX7k88U6+AqZ31u/QD0eESZhH5WA==
e/tdvK/so2T5KiDWzeVu2bLKI1W+oGtcwUPUSLWXTlLuAl0ID4PhwuVqQFsWForq0V3wx80DQOJOkDhaacWqgbbKhnMOeV+/H5qkf+NUv0La3M8ijvEL6rFFRdnb2Bs90R5+HflU
dkYzAVfd1V/m0HAImUpS07LKI1W+oGtcwUPUSLWXTlbuAl0ID4PhwuVqQFsWForq0V3wx80DQOJOkDhaacWqgbbKhnMOeV+/H5qkf+NUv0La3M8iifYL6rFFRdnb2Bs90R5+HflU
HJ7Q0+SkZG1Q+1XcnHxUuzYb8lsUha2N/KiWpkyIubsmW/7sghFOl8MV58ywjdMKU/iyGusgrDl3YCkzccvL5tenWfg6P/l6
kBxTng9n31b/WRnJVCKMpUFx6LXJGr5o1xPAQ/Ql+P9bWqzhyrw+rvYhdsPplqq78znjnifFP1hNZXIdBmfcs+/NrGX1JDD5ew==
8zLVhumWVOEQV38lTfOBzE+o53zecocXz3enfXnz6y11oUZTDlmf35865F/jNH+iWnwPQoMTS0sxJQU52/jbnVH+Pj35dA==
LxP60IWqV1CkZzuNtVtSw274sEi6qiOJ2/8FX6E5eQdI6zFtybYtwQ19fKE7tazzXiONGeatn8BC+Qk=
2RPaa2qdoaL506zmBg+uzTQF5BQX3rqc/bKL9ELGt7QuWvKn2AZfltkolda1jdMKU/iyGusgqTh3YikzccvL5tenWfg6P/l6
XIUv36UBGF5fOVNWBd25NR9ktMpkQLO9Q8pvazs3e8BDPy+g62Ywouv/NX9xealn2GvBDTn23aEdfmuBC/UcU+6jHbm2bc8gMvl5
Ys/R0kBgizuE5ub8opC8IHWQ4Png/IJgKoCPY8IgBzTGBF5AWDifqr/xi1NVRw7uXKEcZicnzohaTWlPIXyl3r4+RT8bY39B57tWG2/RV84z/VOf4x3kzXJPwNPTJTjVAXwc+Vc=
+OpKmgk7B4hjuKOcQT2OAHWQ4Png/IJgKoCPY8IgBzzGBF5AWDifqr/xi1NVRw7uXKEcZicnzohaTWlPIXyl3r4+RT8bY39B57tWG2/RV84z/VOd5B3kzXJPwNPTJTjVAXwc+Vc=
hInAMWL7X+2r7ERuXp9DorLKI1W+oGte3F3KVquJXkLwGUcfAJv+wuZ4C0ILDon72hPzzZYUUeNUjWcQZ8qigLqB3GQfeEWCbYChf+NUv0La3M8ijPEL7rFFRdnb2Bs90R5+HflU
3XLV1fey1iZVSh6ZTvGCey0e/nGRXVAICxWOagPtToTvv1yB3MDavAUiRUUZw8eztIbGBf7GRYMUYOA5O5/zyN+WZPoHf1mnpQmdj4TLPaVtJunZMboHOfmlSLvSw8ERwt0beB75VQ==
4EMpqrvIHQxLwGISlztyFy0e/nGRXVAICxWOagPtToTpulyB3MDavAUiRUUZw8eztIbGBf7GRYMUYOA5O5/zyN+WZPoHf1mnpQmdj4TLPaVtJunZMb0HOfmlSLvSw8ERwt0beB75VQ==
/0S7Wg2LZs5FwW5ajHhaFy0e/nGRXVAICxWOagPtToTrtVyB3MDavAUiRUUZw8eztIbGBf7GRYMUYOA5O5/zyN+WZPoHf1mnpQmdj4TLPaVtJunZMboGOfmlSLvSw8ERwt0beB75VQ==
kEzChhoRDIFjRA9JXVB0EkQNbcXexqXDdOBAeRufkwh/FsQ6Z3+55wWJPc9kyx1lzaYJGVG4JnlZJSh7MsPh0aJd+zg++XU=
9Ew+v5ARcrbq4KbP1ZPhDjUc8RVYz/KP5rSXuhSd8KonXO7k0wZfltkolda1jdMKU/iyGusgqDx3ZSkzccvL5tenWfg6P/l6
YgPxxvp2noAOxVWOM0YSi+I0Kz0UdildO4oWCNGqxFJddaU/e6PfwQf7NhtPkbdOUz1zngNdQk3SDyDT8+WYVeE8PPl3
QGlyR/dYtOpl8dYtLbqYcgcI5cWDKlOvvkWJiNKDljf5r/eJioFv7/oWI1NsWf9vHtGmWFwX1ey+1sOVz8ys0tHu27PbzJMC3oB0Qcu6VKzgnbac8KWqTMn1xYrpBfDL1odx7Qm2bUHNezwh/LVscx4jTZmmrV9AAvlJ
z3XQV+g+vz44KWykfgXCAx+zeuFcYXO7qSFU1IL+N7/9P08j3jWEAqvpSz6fdbfbxhWOfe43BPPX/YRF7TQ4+XM=
ObfV+SsVQwGsaOcBTwCc1gcI5cWDKlOvvkWJiNKDljf5r/eJioFv7/oWI1NsWf9vHtGmWFwX1ey+1sOVz8ys0tHu27PbzJMC3oB0Qcu6VKzgnbac8KWqTMn1xYrpBfDL1odx7Qm2bUHNejwh/LVscx4jTZmmrV9AAvlJ
YP8OkMwl91gxO0Rn0/e4PB+zeuFcYXO7qSFU1IL+N7/9P08j3jWEAqvpSz6fdbfaxhWOfe43BPPX/YRF7TQ4+XM=
FRkRkQ8OV4tewfFcn5SG3c9ctwxXf4nHNUmNb9RLjcWdZlk5Qb8wmQjleJuiQ5Ex0p2L2E75BQ==
3SCZH/ktkRmqvkc8d09SWG74sEi6qiOJ2/8FX6E5eQdI6zFtybYtwQ16e6E8tazzXiONGeatn8BC+Qk=
+MYTxBTgx+KnLQR1D5JBiDQF5BQX3rqc/bKL9ELGt7QuWvKn2AZfltkolda1jdMKU/iyGusgozh3ZSkzccvL5tenWfg6P/l6
I8sYzO009Sjj5W1oCL4TARxktMpkQLO9Q8pvazs3e8BDPy+g62Ywouv/NX9xealn2GvBDTn23aEdemqBDPUcU+6jHbm2bc8gMvl5
7NZMTFu3GKPFi31m8u+NlnWQ4Png/IJgKoCPY8IgBzDGBF5AWDifqr/xi1NVRw7uXKEcZicnzohaTWlPIXyl3r4+RT8bY39B57tWG2/RV84z/VOc4x3hzXJPwNPTJTjVAXwc+Vc=
LBe7MOPcyDkQlZPBXAAiyXWQ4Png/IJgKoCPY8IgBzzGBF5AWDifqr/xi1NVRw7uXKEcZicnzohaTWlPIXyl3r4+RT8bY39B57tWG2/RV84z/VOa4h3hzXJPwNPTJTjVAXwc+Vc=
Mqbex/aYlCVcWl+eMKH+mS0e/nGRXVAMDQmQdB3zUJT9vFyA3MDavAUiRUUZw8eztIbGBf7GRYMUYOA5O5/zyN+WZPoHf1mnpQmdj4TLPaVtJunZMbMGOfulSLvSw8ERwt0beB75VQ==
skkm4NcW4/cNL2Z9CtNJHC0e/nGRXVAMDQmQdB3zUJT9vFyD3MDavAUiRUUZw8eztIbGBf7GRYMUYOA5O5/zyN+WZPoHf1mnpQmdj4TLPaVtJunZMbkDOfqlSLvSw8ERwt0beB75VQ==
lCAUj1w5XyYkWT4ASaa9wS0e/nGRXVAMDQmQdB3zUJT9vFyC3MDavAUiRUUZw8eztIbGBf7GRYMUYOA5O5/zyN+WZPoHf1mnpQmdj4TLPaVtJunZMb4DOfqlSLvSw8ERwt0beB75VQ==
hkXZ27f+9LnZwkgaF2tx0yYc7x4Xj/aa7amMuxPCt7QuWvKn2AZfltkolda1jdMKU/iyGusgozx3ZykzccvL5tenWfg6P/l6
BrwSFc/aH4duWBRE9tbGIOI0Kz0UdildO4oWCNGqxFJddaU/e6PfwQf7NhtPkbdOUz1zkgBdQE3SDyDT8+WYVeE8PPl3
RaUlfjk2apHdj1Qyao2MRzUc8RVYz/KP5rSXuhSd8KonXO7k0wZfltkolda1jdMKU/iyGusgrz53ZykzccvL5tenWfg6P/l6
ZQWoFNdr0sjWb74nrvPRpwDkIqMQMS75/XAXxp+3I/q1HWwjgWyuFKvpSz6fdbfcwRWMfe43BPPX/YRF7TQ4+XM=
jtVz7g+JughSNGdyYkwlGFiB0uU/SEL08m/1MRoCf27wVvMyuesCZFz6tnR4fuXm989UoHF3ZbVlBpFp2Tqryc3FQKuKgzmhSn3DKDb5fQ==
4vbzP4fJPe6JAkN8MedkvViB0uU/SEL08m/1MRoCf2/wVvMyuesCZFz6tnR4fuXm989UoHF3ZbVlBpFp2T+ryc3FQKuKgzmhSn3DKDb5fQ==
dxtED9LKdmnH/JiH7TlD0giDopQaanuHmHFSp8hJf0AJHXrY2NDDJQK53pWWGV7a+ArTb7oIb1KjkBKie6gtpMfAyUuhg4s+p095wCo3+WI=
pqPy3zfkU4FKLnHl5FtRYQiDopQaanuHmHFSp8hJf0EJHXrY2NDDJQK53pWWGV7a+ArTb7oIb1KjkBKie6gjpMfAyUuhg4s+p095wCo3+WI=
7oIElqx2nymgyGVY9x9adtJ4EyYSiivTPHl2Ta36SiC+/wXvthtTVVrVoYi0hlxxOX0JU/tU5VAawhie5X2s10AwYyJfCgnum+XaAq8nbYXw+GeuapCX7kk/U66BqZ31u/QD0eESZhH5WA==
feDiBSM9YZ8ru+hmFZXFik87Lhj+hsTfxepiChnZkP3lL2X1jSMfvJbY49Kp2Yv27AFwJV4UPmYN60TQIRze0NiND/ja0bXNeSNbpwl7QLCRG77rCniF9QWGcSm5PoqJbUXg66qDGeHq/WNoFvld
2MwDDnABSNp/5hRcTEzo5E87Lhj+hsTfxepiChnZkP3lL2X1jSMfvJbY49Kp2Yv27AFwJV4UPmYN60TQIRze0NiND/ja0bXNeSNbpwl/SaeWG77rCniF9QWGcSm5M4qJbUXg66qDGeHq/WNoFvld
e1iCzjF/xk/6RW5cuZ5iPLyz5pxai8NtFnQv2kR/hEMCGeQ8mKJ60HpTHKCQ6JlUCDE9K18HLOmQ2N8XonAsMT71oWSS8/lSK1wHOMUoW7+urAfF8TNgcuMwkgI7iCmGh2BJ6+Gjix7n7/lgahf5Qg==
OjZcc2+YRtz/YQ1iHVJnn7yz5pxai8NtFnQv2kR/hEMCGeQ8mKJ70HpTHKCQ6JlUCDE8K18HLOmQ2N8XonAsMT71oWSS8/lSK1wHOMUoW7+urAfF8TNgcuMwkgI7iC+Gh2BJ6+Gjix7n7/lgahf5Qg==
j/y92Luz5LRD6XvZISBmQk87Lhj+hsTfxepiChnZkP3lL2X1jSMfvJbY49Kp2Yv27AdwJV4UPmYN60TQIRze0NiND/ja0bXNeSNbpwl7QLCRG77rCniF9QWGcSm5PImJbUXg66qDGeHq/WNoFvld
ptLA5ivCihRXFWeSJtOGX0wCZoyQnbLSIPBdflGRnAB+GocxZ3+55wWJPc9kyx1lzaYJGVG6J3lVJSh7MsPh0aJd+zg++XU=
zMJsROW33oGdCoKjkaBXkTAoI3Vc88Kmf24OzYqQGH8abpJ4zXNgCQiSloTnWkJQ+rE8VB9IpbItUEHvY8QfEpos71KKBiuScZXlSVtIe20RLh4t+WQ=
WjOU8JHH41mXClXcJdEHl3WetKmgs5dmNp6UZt4wEzHaH0dXVyCAqrzjwFJJVQjvVuAfPzximdRTVmlPIXyl3r4+RT8bY39B57tWG2/RV84z/VOY5R3uzXJPwNPTJTjVAXwc+Vc=
FTiHGx7HZOR8QcrB+VJN2UAm+8hgRrTuEcB1PndsPYpHPy+g62Ywouv/NX9xealn2GvBDTn23aEdfWuBAPUcU+6jHbm2bc8gMvl5
6+rl3ADfkZfyv4QZs0NnbgsBZ8FwqiDO4KYXGJbuYjtQgt8aQbwlah0pM2arjGJGI2To9C+0XM8YL+vK75NJ5DI7+XY=
Z4Hk61f8KTDM0jqxPQ3UwAm2iBg3QsK0q3BlS8oaWryNt6h92Cb+YEc+quRqRbTQn8wtRr3kqYvDIHemSlgnlsjC4+6koYyteyyTWQHaFin5YA==
odSM1Exe8Tz7NkTfuZ9HygsBZ8FwqiDO4KYXGJbuYjtQgt8aQbwlah0pM2arjGJGI2Tv9C+0XM8YL+vK75NJ5DI7+XY=
+vB8zUHHTZyU1jNlbYpgYTAoI3Vc88Kmf24OzYqQGH8abpJ4zXNgCQiSloTnWkJQ+rE8VB9IpbItUEHvY8QfEpos71KPBiuadJXkSVtIe20RLh4t+WQ=
TA3bZJf1aVGMu8tRZp5Itm74sEi6qiOJ2/8FX6E5eQdI6zFtybYtwQ1yeqE5sKzyXiONGeatn8BC+Qk=
SCaGmPAtSXk+bz4edZ1j4WNbp1QHzbnI/LOQ9ELGt7QuWvKn2AZfltkolda1jdMKU/iyGusgqD13YSwzcMvL5tenWfg6P/l6
wF6EUMSZoqfm9igAX37TubCI+bDj7N0zQibG+L5nfByCxLTFcpz80c5k23GyUjckjoqyd/gWX4b5+NUGFR1TmvMo8srLMKIpV7Fs49BbS3Z3dxkoGi/5ag==
P3LJhWR86Weft5YPkUNyWmaG33mUvFmaxatC0LzqPwzQNn2fzoWXEn1LT0/M3vu79nQ36x6s/OGuVBvB0uK3lO46ckeYJl+2mcgVtnWt0yqTmDL6qwCqGDeCrFOw68vGF8fZGHof+Vo=
rseAM6zrojW1AKUMc+7Ho0wCZoyQnbLSIPBdflGRnAB+GocxZ3+55wWJPc9kyx1lzaYJGVGzJ3leICh6MsPh0aJd+zg++XU=
a0+d15XbbMGm1TqkfjAk4jAoI3Vc88Kmf24OzYqQGH8abpJ4zXNgCQiSloTnWkJQ+rE8VB9IpbItUEHvY8QfEpos71KDBiuZdJXkSVtIe20RLh4t+WQ=
FYW8y7tqvQQzV7NMd2qUewsBZ8FwqiDO4KYXGJbuYjtQgt8aQbwlah0pM2arjGJGI2Tr9S+3XM8YL+vK75NJ5DI7+XY=
ReMjVB7CFLZF3Lbi3R/U9Qm2iBg3QsK0q3BlS8oaWryNt6h92Cb+YEc+quRqRbTQn8wtRr3kqYvDIHemSlgnlsvD4+2koYyteyyTWQHaFin5YA==
fXdyt2x2TnRYANupFzkYeN74GVYd/zLsVMAeYOjMaYPOmYEZZUNt+ab/moAPUyOj3mhv7bDKoG6gRhd4Vk7i2xCi3zoBXKXK3Ukzhuss4ibjRO3Q79Dcb1jP66ovM8kEchv5Vg==
59qA/yD8ppTxUXhWHk0nSgsBZ8FwqiDO4KYXGJbuYjtQgt8aQbwlah0pM2arjGJGI2Ts8C+wXM8YL+vK75NJ5DI7+XY=
yOxBgXBGfx58T9GDaRk89Ai2iBg3QsK0q3BlS8oaWryNt6h92Cb+YEc+quRqRbTQn8wtRr3kqYvDIHemSlgnlszG4+qkoYyteyyTWQHaFin5YA==
23GEMZKk+mXfv1HDGqoSZbDfcB759HlB2kbIVq6SXELyGUAfAZvh3eVzGgkKEpv92xmyzs8PFLQIhHwQZ8qigLqB3GQfeEWCbYChf+NUv0La3M8ijfML7rRFRNnb2Bs90R5+HflU
LKNcJFYRkTUbSvH87s+fat74GVYd/zLsVMAeYOjMaoPMmYEZZUNt+ab/moAPUyOj3mhv7bDKoG6gRhd4Vk7i2xCi3zoBXKXK3Ukzhuss4ibjROPR79Dcb1jP66ovM8kEchv5Vg==
S6nEwk6TCd+aoCIvlosXRhyf0mhunc0e+u3OY6v5twjoUfMeW/SCPtMcaYrfyLy36Fcrsh/rqZzCQ/kO
9ExpQ+JIjpqqfW46A6imUD4U+RJa3rqcqLiLoQaGtrMnV73nghFOl8MV58ywjdMKU/iyGusgqT53ZCwzcMvL5tenWfg6P/l6
dFBjfke8yA0ahdzfFYI6IPbW6FVIL4qUlHQP3NmwxWv7SpfghcUQGkVx6NjCSmMI5O4sFVQrm5KQqwld0VZlMWX51RH1kLSCpmNViV4N1xAq+WE=
UZmQlacx2TAGlyBM2MvuMS8LrTrWCUIXDQ6Magb2TITsokCbys/dvAYqRkUBws22pIfJBa2GF8VJc+ZmcZH8wN6aL6AQbli9mHuHioTLPaVtJunZMbgAOfmgSLrSw8ERwt0beB75VQ==
W6lQzXagY5hRydfmzLykIXWetKmgs5dmNp6UZt4wFiraH0hPXzicorzxk1JfQh7vU6FPJnVhk5tcEiNBLnSk0vVkUi4aeUIz/b5WG2/RV84z/VOe4h3jyHJOwNPTJTjVAXwc+Vc=
x2jDttn5gA22zedHmnNZa+YoJypVIXMbPNIDQc60xFJVJLIuernisx3+NhtPkbdOUz1znQJdQ0jSDiDT8+WYVeE8PPl3
Y546VDzEZY5wSKijTwKbR/fW6FVIL4qUlHQP3NmwxWv7SpfghcUQGkVx6NjCSmMI5O4sFVQrm5KQqwld0VZlMWX91BH1kLSCpmNViV4N1xAq+WE=
7p4bG8a59RZHpSEURxSXiS8LrTrWCUIXDQ6Magb2TITvokObys/dvAYqRkUBws22pIfJBa2GF8VJc+ZmcZH8wN6aL6AQbli9mHuHioTLPaVtJunZMbMHOfmgSLrSw8ERwt0beB75VQ==
oIvU8JJoY3Dt9W7jvpAbinWetKmgs5dmNp6UZt4wFSrZH0hPXzicorzxk1JfQh7vU6FPJnVhk5tcEiNBLnSk0vVkUi4aeUIz/b5WG2/RV84z/VOb5B3jyHJOwNPTJTjVAXwc+Vc=
eWs1BxrVHZMiQ0s1Bjl+2+YoJypVIXMbPNIDQc60xFJVJLIuernisx3+NhtPkbdOUz1zmgRdQ0jSDiDT8+WYVeE8PPl3
XmpZGoa7qnQOkXIPI4rpDvbW6FVIL4qUlHQP3NmwxWv7SpfghcUQGkVx6NjCSmMI5O4sFVQrm5KQqwld0VZlMWX60hH1kLSCpmNViV4N1xAq+WE=
yhXygD3tP27gi7kRR59ZH+YoJypVIXMbPNIDQc60xFJVJLIuernisx3+NhtPkbdOUz1zmQRdQ0jSDiDT8+WYVeE8PPl3
wsmXpODKO+xdKyydfOwOzPfW6FVIL4qUlHQP3NmwxWv7SpfghcUQGkVx6NjCSmMI5O4sFVQrm5KQqwld0VZlMWX50hH1kLSCpmNViV4N1xAq+WE=
ZA3xLECDBncr7YH+Kf1u91QKcIDdzP7AafdaeBufkwh/FsQ6Z3+55wWJPc9kyx1lzaYJGVG8JnlZICh6MsPh0aJd+zg++XU=
FwdbO/Z6CU5k8Vht2+ACnwm2iBg3QsK0q3BlS8oaWryNt6h92Cb+YEc+quRqRbTQn8wtRr3kqYvDIHemSlgnlszD4+qkoYyteyyTWQHaFin5YA==
TfRw9gMFqFoHNmuE0qZgwbDfcB759HlB2kbIVq6SXELxGUAfAZvh3eVzGgkKEpv92xmyzs8PFLQIhHwQZ8qigLqB3GQfeEWCbYChf+NUv0La3M8ijvIL77RFRNnb2Bs90R5+HflU
g2Xz605ZQ3nRIorQ3xCmMN74GVYd/zLsVMAeYOjMaYPMmYEZZUNt+ab/moAPUyOj3mhv7bDKoG6gRhd4Vk7i2xCi3zoBXKXK3Ukzhuss4ibjROPQ79Hcb1jP66ovM8kEchv5Vg==
YOGzpHBZ4tpkmTA1dk8YSQsBZ8FwqiDO4KYXGJbuYjtQgt8aQbwlah0pM2arjGJGI2Ti8C+xXM8YL+vK75NJ5DI7+XY=
kMbD+N/MfbgerqGpXP9jYQi2iBg3QsK0q3BlS8oaWryNt6h92Cb+YEc+quRqRbTQn8wtRr3kqYvDIHemSlgnlsLG4+ukoYyteyyTWQHaFin5YA==
HpqG7RqPYJWC1cBWhVsT/rDfcB759HlB2kbIVq6SXELyGUEfAZvh3eVzGgkKEpv92xmyzs8PFLQIhHwQZ8qigLqB3GQfeEWCbYChf+NUv0La3M8ijfML77RFRNnb2Bs90R5+HflU
3WGaG+PJAHgHAvuRewuqd974GVYd/zLsVMAeYOjMaoPNmYEZZUNt+ab/moAPUyOj3mhv7bDKoG6gRhd4Vk7i2xCi3zoBXKXK3Ukzhuss4ibjROLR79Hcb1jP66ovM8kEchv5Vg==
tnYNNUyVS29+BwACCwUgrx9/pIMkUrq9RcFyPndsPYpHPy+g62Ywouv/NX9xealn2GvBDTn23aEdeW+BD/AcUu6jHbm2bc8gMvl5
ReVWpgTQMjzkqiON49eeYGaG33mUvFmaxatC0LzqPwzQNn2fzoWXEn1LT0/M3vu79nQ36x6s/OGuVBvB0uK3lO46ckeYJl+2mcgVtnWt0yqTmDL6qwCrHTeGrFOw68vGF8fZGHof+Vo=
7dar7ez7MzGPKFyEpwN7rFQKcIDdzP7AafdaeBufkwh/FsQ6Z3+55wWJPc9kyx1lzaYJGVG6IXlbICh6MsPh0aJd+zg++XU=
vamTlOk7GyLNOjGNaZr/P2Bbp1QHzbnI/LOQ9ELGt7QuWvKn2AZfltkolda1jdMKU/iyGusgrj53ZiwzcMvL5tenWfg6P/l6
P4uHMbelLR0m6r7aFUzgprGI+bDj7N0zQibG+L5nfByCxLTFcpz80c5k23GyUjckjoqyd/gWX4b5+NUGFR1TmvMo8srLMKooV7Zs49BbS3Z3dxkoGi/5ag==
5NRl6jRh3aIydY0RWsSVzGaG33mUvFmaxatC0LzqPwzQNn6fzoWXEn1LT0/M3vu79nQ36x6s/OGuVBvB0uK3lO46ckeYJl+2mcgVtnWt0yqTmDL6qwCjGDeGrFOw68vGF8fZGHof+Vo=
pDSY0I7Tip1RR6LpBWeEo1QKcIDdzP7AafdaeBufkwh/FsQ6Z3+55wWJPc9kyx1lzaYJGVG6JnlbICh6MsPh0aJd+zg++XU=
LhsMW7B7Gi5rdweRntbpAmFbp1QHzbnI/LOQ9ELGt7QuWvKn2AZfltkolda1jdMKU/iyGusgrTl3ZiwzcMvL5tenWfg6P/l6
sLPTJCQxeDlwTMs7zWVhx7aI+bDj7N0zQibG+L5nfByCxLTFcpz80c5k23GyUjckjoqyd/gWX4b5+NUGFR1TmvMo8srLMKssV7ds49BbS3Z3dxkoGi/5ag==
H/pKyTfb+L4T6rCJyUttBWaG33mUvFmaxatC0LzqPwzQNn+fzoWXEn1LT0/M3vu79nQ36x6s/OGuVBvB0uK3lO46ckeYJl+2mcgVtnWt0yqTmDL6qwCvHDeHrFOw68vGF8fZGHof+Vo=
2OmeAWejAaDOMhMoZI/KzVQKcIDdzP7AafdaeBufkwh/FsQ6Z3+55wWJPc9kyx1lzaYJGVG7IXlaICh6MsPh0aJd+zg++XU=
9JAvdvz5GWrcTczjgrwJTzAoI3Vc88Kmf24OzYqQGH8abpJ4zXNgCQiSloTnWkJQ+rE8VB9IpbItUEHvY8QfEpos71KLACuddJXkSVtIe20RLh4t+WQ=
BM8kVFmDz+Fge1ODugkUcgYy3ZNmJAOLClj3oJOS0bRLZhGP+ewdPvZurT9zs7chXysOW5fhTy77jfsZi60o6Gq++JMLtUB1ySw0+X8=
brPlwN72JRx8PEUvHEZjjB1/pIMkUrq9RcFyPndsPYpHPy+g62Ywouv/NX9xealn2GvBDTn23aEdcm2BDvAcUu6jHbm2bc8gMvl5
gIp8IeBFnnF76txmr8PU/GaG33mUvFmaxatC0LzqPwzQNn+fzoWXEn1LT0/M3vu79nQ36x6s/OGuVBvB0uK3lO46ckeYJl+2mcgVtnWt0yqTmDL6qwCpHzeHrFOw68vGF8fZGHof+Vo=
aS9lULlHhqugqUDIyeA1TlQKcIDdzP7AafdaeBufkwh/FsQ6Z3+55wWJPc9kyx1lzaYJGVG/IHlaICh6MsPh0aJd+zg++XU=
aA+UXY8dA/DQ+NqFsDYCdOI0Kz0UdildO4oWCNGqxFJddaU/e6PfwQf7NhtPkbdOUz1zngVdQEjSDiDT8+WYVeE8PPl3
AmlHWiqlCLqOryJL1mWiDxeWkDdom5lJ/9uaLPzD9Ea+GZ8eW/SCPtMca4jfxLy36Fcrsh/rqZzCQ/kO
eLTKhFE0YtZs0+jvOLmkWGxlPxK+NDC28A8JxXdfGtCEN4Sq1v3/wgMg0vKb2C605/CMm8BzC64H/7mQykf5cg==
E+wSZrQzvjxfz/kfgNZMxWBV+Rpb2v/LobqQsg+As/UgV+mthyca2JQvpILmxb8KU/iyGusgozx3aCwzcMvL5tenWfg6P/l6
ijnu9l5ivv9KhGLuJw8GwUZh1oBuNkKIU1+2o4uflfRLYVOLuOIQJfwxjHo9/rAQC3hGN5fhTy77jfsbiK0n6Gq++JMLtUB1ySw0+X8=
D/bkhP7Pe17w/W/A6EtXVEFh1oBuNkKIU1+2o4uflfRLYVOLuOIQJfwxjHo9/rAQC3hGN5fhTy77jfsZiK0n6Gq++JMLtUB1ySw0+X8=
+Pv/ZwZZuVwPCe3DOpBnxQ6ev8VJcz3Jyz0U6slFMwYVEnDK38jzLVC/yZWXLxrApAfEerYNf1KjkBKie6gupsfAzEugg4s+p095wCo3+WI=
5ZWLX7WpUeEvXxHRt/n0HuzQtw/6nXYoqpa9SmQRXN22snAlMwAs3ijJAhPjbO0tlbveDhY9Ch3aumtSRoiNlCCHUa1pNo2B7X9fYVAwzDJ+I21ZBi0/ACL5aQ==
UpmyfuPC7r3x2vStYHp6sJ5Ah3JIli8Xo6QrGjfG4onKUUACBomlmIoyjqmk/0U0O4HjCyhCQOXMUZx6LR6AUNvY1rcngb9uq23LGniNdijaHggTm1UQNTkMJPlv
O8qcVuH0Ou8n7x0SiLR9QFJx9r6GWrpp0FfJROc5t+scWry1gLkI+rl2TICnwOLX8znjnifFP11MZXoYBmbcs+/NrGX1JDD5ew==
d+myog4+x7UxU0LgEcNG8R1+pM1yE6jzWI84NzMsPY0FO26u5n06/cq6ezJ2SP00kAfBDTn23aEdcm6BAPAcUu6jHbm2bc8gMvl5
XqgwaxCkgGhVewBUBsa1muzQtw/6nXYoqpa9SmQRXN22snAlMwAs3ijJAhPjbO0tlbveDhY9Ch3aumtSRoiNlCCHUa1pNo2B7XpdYVAwzDJ+I21ZBi0/ACL5aQ==
D87eYi2ia1Rq/mgQnvf8ep9Ah3JIli8Xo6QrGjfG4onKUUACBomlmIoyjqmk/0U0O4HjCyhCQOXMUZx6LR6AUNvY1rcngb9uq23LHnuNdijaHggTm1UQNTkMJPlv
b3LsVHWEIjdKBZ+ccdHxtVJx9r6GWrpp0FfJROc5t+scWry1gLkI+rl2TICnwOLX8znjnifFP1xPZXoYBmbcs+/NrGX1JDD5ew==
WXradi/BPA4E1RrHfL+tSRp+pM1yE6jzWI84NzMsPY0FO26u5n06/cq6ezJ2SP00kAfBDTn23aEde2yBAPAcUu6jHbm2bc8gMvl5
olWJ2li/1OWqVMBLvGw8f+zQtw/6nXYoqpa9SmQRXN22snAlMwAs3ijJAhPjbO0tlbveDhY9Ch3aumtSRoiNlCCHUa1pNo2B7XhcYVAwzDJ+I21ZBi0/ACL5aQ==
ct1zQok5PTTO4H/iuNAC1JhAh3JIli8Xo6QrGjfG4onKUUACBomlmIoyjqmk/0U0O4HjCyhCQOXMUZx6LR6AUNvY1rcngb9uq23LHnqNdijaHggTm1UQNTkMJPlv
zmnh+PWp/L1bZNBEVYiVsVJx9r6GWrpp0FfJROc5t+scWry1gLkI+rl2TICnwOLX8znjnifFP11OZXoYBmbcs+/NrGX1JDD5ew==
qKO4WK/xxBlhKWsQLFxUWNdO/xicUuw7obg9fp6dUu3CunMinigFZEhHeb1hFrVRlfnjMahQxCIW48Xpjk3nMDr5cQ==
jP/X7uRILi4AvNLpNnOquXJIo5j2Walj3B7BQKFhm9gUCLqigLg+vqMqQZeyzOfH8znjnifFP1hNZXMZBmbcs+/NrGX1JDD5ew==
ltlRT8qw9juqiOzzrTi9EHJIo5j2Walj3B7BQKFgm9gUCLqigLg+vqMqQZeyzOfH8znjnifFP11NZXMZBmbcs+/NrGX1JDD5ew==
UEc9kH33giPKsBRtTaqmHXJIo5j2Walj3B7BQKFvm9gUCLqigLg+vqMqQZeyzOfH8znjnifFP1NNZXMZBmbcs+/NrGX1JDD5ew==
UfY0+qbAI1XaNvUgnr3vLtPMwr7RZH2ou8sk5jis2MeDWRUUxGosWQ16mpnWyYikaCpLM7L8B3z4/C6UCfTM4aMhX3st68+7hvznQxgHnMgTeYMeh4UfWiwlk5mmpvyzzw3M5RVkEPlb
U1kXtcRLfzOW7iELlcbnDNJ4EyYSiiqIaWNhRrfrZyCI6jCux3g7HVbV6M3Ilkdgdz9DC/t0/1Ee7EzroGau5Ql4DyJfCgnum+XaAq8nbYXw+GeuapCX7kk/U6aFqZz1u/QD0eESZhH5WA==
F9Ofq+2GAnoZYzMgEuE8UNJ4EyYSiiqIaWNhRrfrZyCI6jCuxng7HVbV6M3Ilkdgdz9DC/t0/1Ee7EzqoGau5Ql4DyJfCgnum+XaAq8nbYXw+GeuapCX7k4/U6aFqZz1u/QD0eESZhH5WA==
frTzUgdaxas65L+vMObJKwDkJ6MQMS75/XAXxp+3I/q1HWwjgW+uFKvpSz6fdbfaxBWKee42BPPX/YRF7TQ4+XM=
6OTHoClTBER6B5tYY6TOEwDkIqMQMS75/XAXxp+3I/q1HWwjgW+uFKvpSz6fdbfYwRWKee42BPPX/YRF7TQ4+XM=
CkA6Gcc457VuKg1WjbYlFQDkI6MQMS75/XAXxp+3I/q1HWwjgW+uFKvpSz6fdbfdwBWKee42BPPX/YRF7TQ4+XM=
96VG2KfkhDHn23VcO+lxPADkIKMQMS75/XAXxp+3I/q1HWwjgW+uFKvpSz6fdbfSwBWKee42BPPX/YRF7TQ4+XM=
fXxygAoU6LIfmmNsKsPbHmxlPxK+NDC28A8JxXdfGtCEN4Sq1v3/wgMg0vKb2C+25/yNm8BzC64H/7mQykf5cg==
moy446YyJKv8DUSXpXfmCx5+pM1yE6jzWI84NzMsPY0FO26u5n06/cq6ezJ2SP00kAfBDTn23aEdemyBDfEcUu6jHbm2bc8gMvl5
pi0RAaiNn+pqSvWH+qcdJR9+pM1yE6jzWI84NzMsPY0FO26u5n06/cq6ezJ2SP00kAfBDTn23aEdc2yBDfEcUu6jHbm2bc8gMvl5
qa8W7xg7TqesSI9sFduKBBB1YyxEK25pVvyIu1UZI/36qe9EPOGIexkzYcy4uANug7fUMVE3+/nainA5rGiKC29ox34q4LceS0tzUkX5PGU7ZGMBISIGIflo
KKCvaoqGK7TZTnei/AC7cwDkIKMQMS75/XAXxp+3I/q1HWwjgW+uFKvpSz6fdbfaxRWOee42BPPX/YRF7TQ4+XM=
Ks5tsT7RL1RFvUHdgbK+iADkIqMQMS75/XAXxp+3I/q1HWwjgW+uFKvpSz6fdbffxBWOee42BPPX/YRF7TQ4+XM=
nq3UrC/ST0hNPSYq8Yy8Ks9ctwxXf4nHNUmNb9RLjcWdZlk5QbIxmQrheJqiQ5Ex0p2L2E75BQ==
sVX7rGxD9H88bPC2KcChMkcFZoqewrDIaftBfkTYjQF5CocxZ3+55wWJPc9kyx1lzaYJGVG9IHlaISh6MsPh0aJd+zg++XU=
tYXU7nHN7HdS2Rv/greUIzUc8RVYz/KP5rSXuhSd8KonXO7k0wZfltkolda1jdMKU/iyGusgoz93Zy0zcMvL5tenWfg6P/l6
gI3qMzNzVHiLQ/SDiIvXPW74sEi6qiOJ2/8FX6E5eQdI6zFtybYtwQ18f6ExsazyXiONGeatn8BC+Qk=
QExsEzmFuTDcRFahPdAkBjQF5BQX3rqc/bKL9ELGt7QuWvKn2AZfltkolda1jdMKU/iyGusgrj13aC0zcMvL5tenWfg6P/l6
PM0xG3uFn672pHZGDknTIxxktMpkQLO9Q8pvazs3e8BDPy+g62Ywouv/NX9xealn2GvBDTn23aEdcm6BAfEcUu6jHbm2bc8gMvl5
MsU7tDUQG8GUBYhROYLZT2aIiynU80yc2bVZ1aD6Kw3MLWaIwZ2IEn5ZBE7QzP26/DV49Vev9rqtSQzb0+K3lO46ckeYJl+2mcgVtnWt0yqTmDL6qwCsHjeIrVOw68vGF8fZGHof+Vo=
yiwr+Oygb+3Y/8qQbxLgPGaIiynU80yc2bVZ1aD6KwHMLWaIwZ2IEn5ZBE7QzP26/DV49Vev9rqtSQzb0+K3lO46ckeYJl+2mcgVtnWt0yqTmDL6qwCsHzeIrVOw68vGF8fZGHof+Vo=
7zPYlpCRsynvoDh1ZuFtJmaIiynU80yawrdZ1aD6JQnCKWaD2YuPEmJLVg2f0Puw5WFy9Vev9rqtSQzb0+K3lO46ckeYJl+2mcgVtnWt0yqTmDL6qwCiHjeJrVOw68vGF8fZGHof+Vo=
qOpMMWxX5zvnV/zF49n8bmaIiynU80yawrdZ1aD6JQnCKWaC2YuPEmJLVg2f0Puw5WFy9Vev9rqtSQzb0+K3lO46ckeYJl+2mcgVtnWt0yqTmDL6qwCpHzeJrVOw68vGF8fZGHof+Vo=
YvOYcLKZ2gGLyubqi35OHCYc7x4Xj/aa7amMuxPCt7QuWvKn2AZfltkolda1jdMKU/iyGusgrj93aS0zcMvL5tenWfg6P/l6
dwPhpbTaUsRII+D8eFSWtzUc8RVYz/KP5rSXuhSd8KonXO7k0wZfltkolda1jdMKU/iyGusgqTh3aS0zcMvL5tenWfg6P/l6
t+ms5sAiMXcI3D3oWFFhYTUc8RVYz/KP5rSXuhSd8KonXO7k0wZfltkolda1jdMKU/iyGusgrjh3aS0zcMvL5tenWfg6P/l6
pLGUBJaOBmE4Ycob7MdUAOI0Kz0UdildO4oWCNGqxFJddaU/e6PfwQf7NhtPkbdOUz1zmQFdR0rSDiDT8+WYVeE8PPl3
HJyn+rEJmJJFEp5Xhk9E8MYhfYpiYU7nI2UnvFD9U3qziHJqC1CrTZcQ7kOQu0uWN9eZiNpP+Qo=
D/l/3eRd8J4jE4gOoXHdiQ3T1mdvm80D+u3OY6v5twjoUfMeW/SCPtMcaYnfzL636Fcrsh/rqZzCQ/kO
kE83MsGNV4S8B91rc8jCKEBo/bSGC/Z7zBXcDaJ+v+FSXLCiwbw+rvYhdsPplqq78znjnifFP1tPZXMaBmbcs+/NrGX1JDD5ew==
7OMj0i5jAGuF7NT4AeAatzZCib0KWggvnYXrWa9TiSPwJFnfzsdOWBqdzhNLqXdYSOFzrvskwu6z7GJ6vxz+Z0jnqwK/u2nMIjP5fg==
62CdvRzaLWzyyNKb77LthNPckuODKW3v8JV4s37ovYfeDX0NygdNSFAu0dmWjoikaHhBNeaaWn38znvCE7rf4bIcECJh/N6uluHWQ0lWyrsTeYMeh4UfXi4lk5qmpvyzzw3M5RVkEPlb
Mr6D2hXH3oIfIts08udnTNPckuODKW3v8JV4s37ovYPeDX0NygdNSFAu0dmWjoikaHhBNeaaWn38znvCE7rf4bIcECJh/N6uluHWQ0lWyrsTeYMeh4UfUi4lk5qmpvyzzw3M5RVkEPlb
5nJWcFVkes39tr4GYPN55gcI5cWDKlOvvkWJiNKDljf5r/eJioFv7/oWI1NsWf9vHtGmWFwX1ey+1sOVz8ys0tHu27PbzJMC3oB0Qcu6VKzgnbac8KWqTMn1xYrpBfDL1odx7Qm2bUHNfDsh+bJsch4jTZmmrV9AAvlJ
ZJRZc+JflqlMHNxPkji/BR+zeuFcYXO7qSFU1IL+N7/9P08j3jWEAqvpSz6fdbfcwRWLeu42BPPX/YRF7TQ4+XM=
+iaqO2AMF7huxgkOJY6f/QcI5cWDKlOvvkWJiNKDljf5r/eJioFv7/oWI1NsWf9vHtGmWFwX1ey+1sOVz8ys0tHu27PbzJMC3oB0Qcu6VKzgnbac8KWqTMn1xYrpBfDL1odx7Qm2bUHNczsh+bJsch4jTZmmrV9AAvlJ
r8XbOEz6OtZw20Vkee3CUx+zeuFcYXO7qSFU1IL+N7/9P08j3jWEAqvpSz6fdbfTwRWLeu42BPPX/YRF7TQ4+XM=
+iaqO2AMF7huxgkOJY6f/QcI5cWDKlOvvkWJiNKDljf5r/eJioFv7/oWI1NsWf9vHtGmWFwX1ey+1sOVz8ys0tHu27PbzJMC3oB0Qcu6VKzgnbac8KWqTMn1xYrpBfDL1odx7Qm2bUHNczsh+bJsch4jTZmmrV9AAvlJ
r8XbOEz6OtZw20Vkee3CUx+zeuFcYXO7qSFU1IL+N7/9P08j3jWEAqvpSz6fdbfTwRWLeu42BPPX/YRF7TQ4+XM=
+iaqO2AMF7huxgkOJY6f/QcI5cWDKlOvvkWJiNKDljf5r/eJioFv7/oWI1NsWf9vHtGmWFwX1ey+1sOVz8ys0tHu27PbzJMC3oB0Qcu6VKzgnbac8KWqTMn1xYrpBfDL1odx7Qm2bUHNczsh+bJsch4jTZmmrV9AAvlJ
r8XbOEz6OtZw20Vkee3CUx+zeuFcYXO7qSFU1IL+N7/9P08j3jWEAqvpSz6fdbfTwRWLeu42BPPX/YRF7TQ4+XM=
+iaqO2AMF7huxgkOJY6f/QcI5cWDKlOvvkWJiNKDljf5r/eJioFv7/oWI1NsWf9vHtGmWFwX1ey+1sOVz8ys0tHu27PbzJMC3oB0Qcu6VKzgnbac8KWqTMn1xYrpBfDL1odx7Qm2bUHNczsh+bJsch4jTZmmrV9AAvlJ
hM2AQZqT5uCEhRzBqreG6B+zeuFcYXO7qSFU1IL+N7/9P08j3jWEAqvpSz6fdbfSwRWLeu42BPPX/YRF7TQ4+XM=
YByXcJW4q02SFrMidv74VAcI5cWDKlOvvkWJiNKDljf5r/eJioFv7/oWI1NsWf9vHtGmWFwX1ey+1sOVz8ys0tHu27PbzJMC3oB0Qcu6VKzgnbac8KWqTMn1xYrpBfDL1odx7Qm2bUHNcjsh+bJsch4jTZmmrV9AAvlJ
hM2AQZqT5uCEhRzBqreG6B+zeuFcYXO7qSFU1IL+N7/9P08j3jWEAqvpSz6fdbfSwRWLeu42BPPX/YRF7TQ4+XM=
YByXcJW4q02SFrMidv74VAcI5cWDKlOvvkWJiNKDljf5r/eJioFv7/oWI1NsWf9vHtGmWFwX1ey+1sOVz8ys0tHu27PbzJMC3oB0Qcu6VKzgnbac8KWqTMn1xYrpBfDL1odx7Qm2bUHNcjsh+bJsch4jTZmmrV9AAvlJ
hM2AQZqT5uCEhRzBqreG6B+zeuFcYXO7qSFU1IL+N7/9P08j3jWEAqvpSz6fdbfSwRWLeu42BPPX/YRF7TQ4+XM=
VrLNbc7PQTzSrTc1fvXkzAcI5cWDKlOvvkWJiNKDljf5r/eJioFv7/oWI1NsWf9vHtGmWFwX1ey+1sOVz8ys0tHu27PbzJMC3oB0Qcu6VKzgnbac8KWqTMn1xYrpBfDL1odx7Qm2bUHNeToh+bJsch4jTZmmrV9AAvlJ
+ZtebygMPbVfpro0/AfeQh+zeuFcYXO7qSFU1IL+N7/9P08j3jWEAqvpSz6fdbfZwBWLeu42BPPX/YRF7TQ4+XM=
/2Yh4wlEOAxm+QPKsZGBNjthThp2YmkyY/CSwrvILMEHqE4rYOOLXmcv+aDqV/kC
J8LfHZb3r+OqPbiU6XHzdM7RUkHLkaU+ij8oliEVVX1vSIfeqgD3PkxrszbGWfxFO4Qj4aGCxkH5CA==
lWVP13xgHkbodiR6ziNUxY9d8kREad3BNHTEIZs7jcWdZlk5Qbw2mQ3ieJqiQ5Ex0p2L2E75BQ==
Q5R3+zTxn+7d16CS6QkFrhm/JyGhibVcazC07KEfXEXzwgygo8FTo151ZYzoER5tpNeZnWZptJaa6z1UszGtBT3mOfkhvBZZrWKY2kJDcXFyHSsYLvll
aVMxBlqgCQHbpMvtemwV+ie3jxe8oGINIsDliDpwL2/y2Z164jwNIf3/sM0LUEZh0LHqb1fBKKn6ylTTc4h9QYPZU97XpQ9cOEVDWvbGbDN/bXwlJQQg+Ws=
V4h7YfH4EKHXlfmb2DdL4gl+bz9ce25+TeGGoEQFOva3uedQLrXOPFEuKcXx5ApvievfN0sw48mJ2Sxxv2yiBHlox34q4LceTEtzVkb5PGU7ZGMBISIGIflo
tA8RxMSbtNCr+91X/zSOL+/pyWoa0vzjXkxH56uSZuM6FjHAFdfp4g51mZXzFSMGN4PJF3DDR8oG/sn2S/yidgN07OUPhJ6/+L9rWo9jCdQSK/lm
