LayLXtzq8ZhAchrF3B/DhAmFv5QBY2eXjCsXscJHPgJsVW3J2sTxVRiz3o+JPxqd8gbTfL4Of1KjkBKie6gjocfMyUuugos3pE95wSo3+WI=
nsNC4j/kBQZfhVi5Bnu+iRHwceNAc3KpuDEXxJ2rN7XGfkhz0iuOF6vpSz6fdbfbxRWOfe44BfPe/oRF7DQ4+XM=
qNbFubTujhyQhssgiyKuDwcI5cWDKlOvvkWJiNKDljf5r/eJioFv7/oWI1NsWf9vHtGmWFwX1ey+1sOVz8ys0tHu27PbzJMC3oB0QcS2RLzl96zjtfOmRoD8kc3gAvfYx5tx7Qm2bUHNfT8h/LVsfB8jRJqmrV5AAvlJ
5EbFWOJ0fx/fFf739m5DVPctNglVOD0TPIsWSdypi1QRI7M1QvbE406zandPkbdOUz1znAFdQk3SACHT+uaYVeA8PPl3
t6l1CAt7uyKZsruRhhf17/ctNglVOD0TPI8UR9ypi1QRI7M1QvbE406zandPkbdOUz1znAFdQk3SACHT+uaYVeA8PPl3
CGHw9F7u+QHAE4YYKKro3NG70I+EsA6KxURPr7Y22NeUzQh2D/EfrTqQ13YKqEeGzNYDm2HxIhz71fCJQes2Oflw
qMcR/zx3ostKEAPil0T9cc7RUkHLkaU+ij8oliEVVX1vSIfeqgD3PkxuszPBWfJEO40g4aGDxkH5CA==
GgJNxd3Edw9rJ0F9T3QRbY9d8kREad3BNHTEIZs7jcWdZlk5QbwzmQjleJSjQ5gy0p2K2E75BQ==
M4QSUBsHmt4WuQzkX/z7Uc9ctwxXf4nHNUmNb9RLjcWdZlk5QbMymQjleJSjQ5gy0p2K2E75BQ==
vjZ3KvPh6QOI/1I8Zbe2X2s2PB+yNjDi9wQOjCN+X57JMLX+hbWTwgMg0vKb2C+25/2Jm85yC6cE/7mRykf5cg==
SAVbSAtvsXg8WfY5pRavTjUc8RVYz/KP5rSXuhSd8KonXO7k0wZfltkolda1jdMKU/iyGusgqzx3ZikzfsrL79SnWfk6P/l6
qF+Ptuoz+sqwK68vH42UUc9ctwxXf4nHNUmNb9RLjcWdZlk5QbozmQrleJSjQ5gy0p2K2E75BQ==
nS2D8d70MPMor2t0SAeCkGs2PB+yNjDi9wQOjCN+X57JMLX+hbWTwgMg0vKb2C+05/+Jm85yC6cE/7mRykf5cg==
ut3nd5Jd7mmiNMBLFTy+XTUc8RVYz/KP5rSXuhSd8KonXO7k0wZfltkolda1jdMKU/iyGusgrj13ZykzfsrL79SnWfk6P/l6
t9B5FlTNGm/ghvTToGY2CDthThp2YmkyY/CSwrvIKMYHqkwrZ+OLV2Qv+aHqV/kC
DnrA+MUoRwQRgXhO8HEJi87RUkHLkaU+ij8oliEVVX1vSIfeqgD3PkhsszTEWftFO40g4aGDxkH5CA==
pv38TEfl6Je0iynyPjoV949d8kREad3BNHTEIZs7jcWdZlk5QbgxmQ/geJ2iQ5gy0p2K2E75BQ==
bZIctPyr6pxezb5jDVh2VRm/JyGhibVcazC07KEfXEXzwgygo8FTo151ZYzoER5tpNeZnWZptJaa6z1UszGtBT3mOfkhuBFZr2CY3UJDeHJyHSoYLvll
Eu3BgTAj67Bhp0sMFspEsCe3jxe8oGINIsDliDpwL2/y2Z164jwNIf3/sM0LUEZh0LHqb1fBKKn6ylTTc4h9QYPZU97XpQ9YP0VBWPbBbDN2bnwlJAQg+Ws=
bp7vw71A/Kr8iJdZaVFF4gl+bz9ce25+TeGGoEQFOva3uedQLrXOPFEuKcXx5ApvievfN0sw48mJ2Sxxv2yiBHlox34q4LceSExzVET5O2U7bWABISMGIflo
RBiMVUIqKkwtxUZCczxxIu/pyWoa0vzjXkxH56uSZuM6FjHAFdfp4g51mZXzFSMGN4PJF3DDR8oG/sn2S/yidgN06OIPhpy//79rU4xjCdUSK/lm
