sujWl0PE5DBd5VtI0gdL/wmFv5QBY2eXjCsXscJHPgJsVW3J2sTxVRiz3o+JPxqd8gbTfL4Of1KjkBKie6gup8fPzEung4s+p095wCo3+WI=
yeT+/QwzHY7NEVcBK3MckxHwceNAc3KpuDEXxJ2rN7XGfkhz0iuOF6vpSz6fdbfbwRWMeO4xBPPX/YRF7TQ4+XM=
Xm9vLcH0of6f1Kw96ozBmm+XAWzHolkP6WhrUAxmnmRNSyfYkwXVmG94GRztf7DBGFqkqsQOIE5Y4cecmOm8iqaS+ezwXtQNQIWjNG6Rkt7PhbnSn9sg45yw798m0sYsc4gHHqpAd/5JKzP+xBl7BTtEo6GhQkYB+Ug=
9K82c9Fj6FAbtuNIMTYN9PctNglVOD0TPIsWSdypi1QRI7M1QvbE406zandPkbdOUz1zmQRdT0jSCSDT8+WYVeE8PPl3
6PKUfmAsf/UoDgWQabkD3fctNglVOD0TPI8UR9ypi1QRI7M1QvbE406zandPkbdOUz1zmARdT0jSCSDT8+WYVeE8PPl3
mcO7OazaCj18900KoxhhGNG70I+EsA6KxURPr7Y22NeUzQh2D/EfrTqQ13YKqEeGyNMDlmTxKx373POJQeo2Oflw
wRcM3iDerr9/Im6JRE8vz87RUkHLkaU+ij8oliEVVX1vSIfeqgD3Pkhrsz7EWftFO4Qj4aGCxkH5CA==
qSit1E41XlOVKlsS0x/qQ49d8kREad3BNHTEIZs7jcWdZlk5Qbg2mQXgeJ2iQ5Ex0p2L2E75BQ==
B/96FFT5e+Ur0LqaYSrV9s7sjc3J4EzXkh4d+qJ41cLaljtJD65ChyyQ13YKqEeGytUDl2TxKx373POJQeo2Oflw
ZA11zNiYNSYZKyOa2bydy87sjs3J4EzXkh4d+qJ41cLaljtJD65ChyyQ13YKqEeGzNUDl2TxKx373POJQeo2Oflw
FTKbpwgMAKxRXXITqCjg487sjs3J4EzXkh4d+qJ41cLaljtJD65ChyyQ13YKqEeGzNIDl2TxKx373POJQeo2Oflw
xsGwTR/bPdPVG79KQIEeH46aXAzk055qwBElgyoIVnNuSIfeqgD3Pktqsz/EWf9FO4Qj4aGCxkH5CA==
eYqhbzZS1iov+uXGO6/1TEk48sJ9UPz6X8Z1cCE3e5QFMDXmpkh+2LmgACdsTv0oiAbBDTn23aEdfmuBAPAcUe6jHbm2bc8gMvl5
VbyiAHPVseF5gH+Xj3zOTEk48sJ7UPz6X8Z1cCE3e5QFMDXmpkh+2LmgACdsTv0oiAbBDTn23aEdcmuBAPAcUe6jHbm2bc8gMvl5
qdSe1jOGuUP1tTrG/MbjEUk48sJ7UPH6X8Z1cCE3e5QFMDXmpkh+2LmgACdsTv0oiAbBDTn23aEdfWqBAPAcUe6jHbm2bc8gMvl5
1EAn0P1p/mIV8yw2U0k6UHUMiKpi4y42Xy9eDnbH698PDDzBpCP+msDhRXNq2Dbj7tgnDuow1w5KX5MEBQlf1bsUw7Fh8iYx+Xg=
1H9UPnVlOKrWS4JrYSoOu2kElON99D83EDgMWDjJ5NcOAH/KpCP+msDhRXNq2Dbj7tgnDuow1w5KX5MEBQlf1bsUw7Fh8iYx+Xg=
S7pVR+REcZkFvan0r7nnUWTG5+QuPvSYd0cW7kCWrRe6nP7XzuwvCvrUv/oKqPvglY3XYRugC/Wxls5F+Qw=
kDdCRPT7KD6qN10PZdnlRXUMiKpi4y42Xy9eDnbH698PDDzBpyP+msDiRXNq2Dbj7tgnDuow1w5KXJMEBQlf1bsUw7Fh8iYx+Xg=
xanE4amdOKynYk6MPHW1ZGkElON99D83EDgMWDjJ5NcOAH/KpyP+msDiRXNq2Dbj7tgnDuow1w5KXJMEBQlf1bsUw7Fh8iYx+Xg=
xA92pqeivNNvcSpx2gMczVSmdOxHYiD2pCFDyIaNc+C5c1RgzzCaF6vpSz6fdbfaxhWJee41BPPX/YRF7TQ4+XM=
V4NBWk8Qk2PMSbAlIOL5qhkg1ohvMgffWlSluprblPNCbBzL+OkHOOIV/2A167AQC3hGN5fhTy77jfsaiq0t6Wq9+JMLtUB1ySw0+X8=
ZV3K+NE0WVi2OSM/lZimUSd52xnPusrw5/v8Y1c0+diChEgtaPzTEabQvBWHOA/e1rCYQSNsBPcbyIBEKWN0pv45nz6blAKek/xqa59uPdcrdyuSXwspPAIj+W4=
I/D83QnCSF0yjVIlem0vl/c1KiAHIioUdYgLQNv6iHNQBPdgTfvC9lO0ZnZPkbdOUz1zmgNdREnSDSDT8+WYVeE8PPl3
jth6cPk48S9Bjj+LVtg6fnWK4+svOPSFd0cW7kCWrRe6nP7XzuwvCvrUv/oOq/vklY3XYRugC/Wxls5F+Qw=
PcnFFL1ZOFCfVFxm2TKoUWxlPxW3OX/2uE8/gVIsAKiRLYKqyuX+wgMg0vKb2Cux5/6Nm8NzC64H/7mQykf5cg==
BDGXKU3arBNLL29pISWGFXWK4+svOPSFd0cW7kCWrRe6nP7XzuwvCvrUv/oPr/vklY3XYRugC/Wxls5F+Qw=
7Mk1ZY1BQ5IFCk19Q9dgxhY3vrrAWedh0FqNBOY+vuZbUfeDxJx74MFjVoan3PrW8znjnifFP1tNZXQZBmXcs+/NrGX1JDD5ew==
UJjCQiw6Q7G4ufm7PQ3kEEcCq/UPaW/F/8lgphynAqbsvQxzrqQXPjeXdh5AZs3H+ixeR058z3o6hJ/KDZvbNdV9t/GbMKtFccYuNfl8
FewIHn52RSCgg04RDw5ZfxY3vrrAWedh0FqNBOY+vuZbUfeDxJx74MFjVoan3PrW8znjnifFP1JPZXQZBmXcs+/NrGX1JDD5ew==
4ic40xPUvE1M/MHm4ZU7km0YjrAv/iViXGNKEjzJ5NcOAH/KpyP+msDiRXNq2Dbj7tgnDuow1w5PXZMBBQlf1bsUw7Fh8iYx+Xg=
qu9+4DKQMaTlFdiVi4xET0cCq/UPaW/F/8lgphynAqbsvQxzrqQXPjeXdh5AZs3H+ixeR058z3o6hJ/KCZ7bNdV9t/GbMKtFccYuNfl8
iLoMYUyGNdRMistikT833AZ5/PvNGvxj2lqNBOY+vuZbUfeDxJx74MFjVoan3PrW8znjnifFP1NOZXsZBmXcs+/NrGX1JDD5ew==
6PUB5OY6wSTd389US+gjP0cCq/UPaW/F8s5g6VPtROzovQxzrqQXPjeXdh5AZs3H+ixeR058z3o6hJ/KC5/bOtV9t/GbMKtFccYuNfl8
/CicKUVWwJan/0lI/UqxdgyBv5AZcyzTw28XqMRLMxMYVjDL2MH+alv0/9GyXAC4sR3CeqoVflKjkBKie6gspcfBzUujg4s+p095wCo3+WI=
7n444GYuj2KfbPXwGudy6QyBv5AZcyzTw28aqMRLMxMYVjDL2MH+alv0/9GyXAC4sR3CeqoVflKjkBKie6gqpsfBzUujg4s+p095wCo3+WI=
3MqrrgHz97W33m2CPqZRQilC1+w/4ms2ESMMWDjJ5NcOAH/KpyP+msDiRXNq2Dbj7tgnDuow1w5MXZMGBglf1bsUw7Fh8iYx+Xg=
AZxIYHPAXM/78n7NtsVHZPbJ6E5OY46Jh2Nxl9+8yG6pDMrohchUWkR24dWFa2YooaAbV3Ru1djAxgld0VZlMWX50xHxkrSBpmNViV4N1xAq+WE=
71ILPCGRvLj+wIfYhmcPL/bJ6E5OY46Jh2N8l9+8yG6pDMrohchUWkR24dWFa2YooaAbV3Ru1djAxgld0VZlMWX90xHxkrSBpmNViV4N1xAq+WE=
AHs2P4Zve5ucKzww/NSd6ZSh04+S9gqWyFQM+Yc77pLA6lVrSuAGqy6Q13YKqEeGz9MDnmbxLx373POJQeo2Oflw
d/tVECT1ylt+krMe1U3NZ46aXBHn055qwBIlgyoIVnNuSIfeqgD3PkNrszbGWf9FO4Qj4aGCxkH5CA==
s6nxa4BUi1HDMpQQ+EACT3WK4+svOPSFd0cW7kCWrRe6nP7XzuwvCvrUv/oLqvvjlo3XYRugC/Wxls5F+Qw=
oeCaSDkvW/Gop751zBWFRClC1+w/4ms2ESMMWDjJ5NcOAH/KpyP+msDiRXNq2Dbj7tgnDuow1w5NXpMHBglf1bsUw7Fh8iYx+Xg=
Kga0FRcmWN01O/WhsmFrHx4i141hYBXEEkL37NTUm7BKZlqG/+lbE7gU/2BF66oWC2ReNpfhTy77jfsfiK0u6mq9+JMLtUB1ySw0+X8=
sYbrWNctauo5/CcLPA69RmrRw+RRGrT1gAF2WCebjvt0hTRgPo72JhOBz6As7GPg2pM+pp+MMpY7ibt+T1WH27H12rpelZRzJ51UBd0UKPlj
f4jSrs29BCmJDYtm/pRvhkcCq/UPaW/F/8lgphynAqbsvQxzrqQXPjSXdh5AZc3H+ixeR058z3o6hJ/KDp7bM9Z9t/GbMKtFccYuNfl8
u9MaaGV7FGFiIlPkKDbARkRuic4yM0LfFFj37NTUm7BKZlqG/+lbELgU/2BG66oWC2ReNpfhTy77jfsbjK0u6mq9+JMLtUB1ySw0+X8=
mOwBwW8sKYo+Fa11U0ooBkcCq/UPaW/F/8lgphynAqbsvQxzrqQXPjSXdh5AZc3H+ixeR058z3o6hJ/KCp/bM9Z9t/GbMKtFccYuNfl8
WC/0JinAJKE5OGjA8rYm3ERuic4yM0LfFFj37NTUm7BKZlqG/+lbELgU/2BG66oWC2ReNpfhTy77jfsaiK0t6mq9+JMLtUB1ySw0+X8=
tVJoRL+h24hyVbHFuTuMSkcCq/UPaW/F/8lgphynAqbsvQxzrqQXPjSXdh5AZc3H+ixeR058z3o6hJ/KCJvbMNZ9t/GbMKtFccYuNfl8
ywaIvcG8/0g+/iyq/1yo3UYdqu4JLH2Xq8tqphynAqbsvQxzrqQXPjSXdh5AZc3H+ixeR058z3o6hJ/KC5rbMdZ9t/GbMKtFccYuNfl8
6NF8wgxCDzLulUE8NCJhfUcCq/UPaW/F/8lgphynAqbsvQxzrqQXPjSXdh5AZc3H+ixeR058z3o6hJ/KCZrbMdZ9t/GbMKtFccYuNfl8
V/yfDf3NG9bXDJORldJnUdXMwr7RZH3z74pm7zGx79ajGBAZjkwIDA1cmsSN2c3uN3ceN6fQAWrKmk+AE/LM/bsgX3st68+/j+vgQxgHnMgTeYMeh4UfXS8lkJqmpfyzzw3M5RVkEPlb
YSQnS+6RNnd0gpy031DlldXMwr7RZH3z74pm7zGx79ajGBIZjkwIDA1cmsSN2c3uN3ceN6fQAWrKmkyAE/LM/bsgX3st68+/j+vgQxgHnMgTeYMeh4UfXC8lkJqmpfyzzw3M5RVkEPlb
85BaoA4cMZ9wN319nBXfJNXMwr7RZHzz74pm7zGx79ajGBAZjkwIDA1cmsSN2czuN3ceN6fQAWrKmkyAE/LM/bsgX3st68+/j+vgQxgHnMgTeYMeh4UfUy8lkJqmpfyzzw3M5RVkEPlb
N4NEQudw5lfI9UMjRq58ZtXMwr7RZHzz74pm7zGx79ajGBcZjkwIDA1cmsSN2czuNnceN6fQAWrKmk2AE/LM/bsgX3st68+/j+vgQxgHnMgTeYMeh4UfUy8lkJqmpfyzzw3M5RVkEPlb
AyWOgqxr2yBbsOSEbeFWgtXMwr7RZHzz74pm7zGx79ajGBEZjkwIDA1cmsSN2czuN3ceN6fQAWrKmk+AE/LM/bsgX3st68+7hvznQxgHnMgTeYMeh4UfXi4lkJqmpfyzzw3M5RVkEPlb
CgcuIGC7pBvXlgN9yMnnFNXMwr7RZHzz74pm7zGx79ajGBAZjkwIDA1cmsSN2czuN3ceN6fQAWrKmkyAE/LM/bsgX3st68+7hvznQxgHnMgTeYMeh4UfXyklkJqmpfyzzw3M5RVkEPlb
2UOrjlcIqVIpLuAXFqvv7tXMwr7RZHzz74pm7zGx79ajGBIZjkwIDA1cmsSN2czuN3ceN6fQAWrKmk2AE/LM/bsgX3st68+7hvznQxgHnMgTeYMeh4UfXiglkJqmpfyzzw3M5RVkEPlb
ovNwy+4wwr9APv6+AVzGw9XMwr7RZHzz74pm7zGx79ajGBcZjkwIDA1cmsSN2czuNnceN6fQAWrKmk2AE/LM/bsgX3st68+7hvznQxgHnMgTeYMeh4UfWy0ll5qmpfyzzw3M5RVkEPlb
Ud9rgziObTSjh6jYeHMnb2TG5+QuPvSYdkcW7kCXrRe6nP7XzuwvCvrUv/oMqvvmlo3XYRugC/Wxls5F+Qw=
I3FUvnVx2YgA1MkZ9oE5v3UMiKpi4y42Xy9eDnbH698PDDzBpiP+msDjRXNq2Dbj7tgnDuow1w5MXpMCBglf1bsUw7Fh8iYx+Xg=
JzSV5ZFkN74XOVFjM+25TYj+cVZump+yLxQjga/zay2wxFshLAKpFOI2ksa3GTMyoGTnYFwbsjbjFJb23zHnjgMdQ5zxPZOKgu2wU0OFaBXRHCz5Zw==
gp5pNkVh+ScAx8IKonegZlQKcIDdzP7AabhIYlCWlQ05OopANSCOvxi+aYA0ph1lzaYJGVGzI3lZIih5MsPh0aJd+zg++XU=
OwsuuZRrq13AK2InG2kSd4n+cVZump+yLxQjga/zay2wxFshLAKpFOI2ksa3GTMyoGTnYFwbsjbjFJb23zHnjgMdQ5PxPZOKgu2wU0OFaBXRHCz5Zw==
gp5pNkVh+ScAx8IKonegZlQKcIDdzP7AabhIYlCWlQ05OopANSCOvxi+aYA0ph1lzaYJGVGzI3lZIih5MsPh0aJd+zg++XU=
ixUfC0ixqZEXPfV6k8Xt5Ij+cVZump+yLxQjga/zay2wxFshLAKpFOI2ksa3GTMyoGTnYFwbsjbjFJb23zHnjgMdQ5PxPZOKgu2wU0OFaBXRHCz5Zw==
d8cWDrTfU/CPPY3fOmZ1XlQKcIDdzP7AabhIYlCWlQ05OopANSCOvxi+aYA0ph1lzaYJGVG7InlZIih5MsPh0aJd+zg++XU=
6pUaUjU6+kkTLZ9hwrKwHIj+cVZump+yLxQjga/zay2wxFshLAKpFOI2ksa3GTMyoGTnYFwbsjbjFJb23zHnjgMdQ5vwPZOKgu2wU0OFaBXRHCz5Zw==
OkxvWcJbg8bOC3v4A9cZClQKcIDdzP7AabhIYlCWlQ05OopANSCOvxi+aYA0ph1lzaYJGVG4InlZIih5MsPh0aJd+zg++XU=
wsfeUQgWUr96ZNgGt4/jm4n+cVZump+yLxQjga/zay2wxFshLAKpFOI2ksa3GTMyoGTnYFwbsjbjFJb23zHnjgMdQ5jwPZOKgu2wU0OFaBXRHCz5Zw==
AmOEbbJzvTA0MzRtcQGNnVQKcIDdzP7AabhIYlCWlQ05OopANSCOvxi+aYA0ph1lzaYJGVG/InlZIih5MsPh0aJd+zg++XU=
tN/gUh+wtHRQxQRqDprP+Yj+cVZump+yLxQjga/zay2wxFshLAKpFOI2ksa3GTMyoGTnYFwbsjbjFJb23zHnjgMdQ5/wPZOKgu2wU0OFaBXRHCz5Zw==
AmOEbbJzvTA0MzRtcQGNnVQKcIDdzP7AabhIYlCWlQ05OopANSCOvxi+aYA0ph1lzaYJGVG/InlZIih5MsPh0aJd+zg++XU=
RE4OkmPeYqwbGUx5feMT2Yn+cVZump+yLxQjga/zay2wxFshLAKpFOI2ksa3GTMyoGTnYFwbsjbjFJb23zHnjgMdQ5/wPZOKgu2wU0OFaBXRHCz5Zw==
89kyaOS7QYkGD5q+BHNg5FQKcIDdzP7AabhIYlCWlQ05OopANSCOvxi+aYA0ph1lzaYJGVG+InlZIih5MsPh0aJd+zg++XU=
CWrdxzV2S3eP3NshFxjuCIj+cVZump+yLxQjga/zay2wxFshLAKpFOI2ksa3GTMyoGTnYFwbsjbjFJb23zHnjgMdQ57wPZOKgu2wU0OFaBXRHCz5Zw==
GgEKqO/dAlvX4e10RCUQkFQKcIDdzP7AabhIYlCWlQ05OopANSCOvxi+aYA0ph1lzaYJGVG9InlZIih5MsPh0aJd+zg++XU=
emPl5RO4MYjGBvIRnSX7uIn+cVZump+yLxQjga/zay2wxFshLAKpFOI2ksa3GTMyoGTnYFwbsjbjFJb23zHnjgMdQ53wPZOKgu2wU0OFaBXRHCz5Zw==
GgEKqO/dAlvX4e10RCUQkFQKcIDdzP7AabhIYlCWlQ05OopANSCOvxi+aYA0ph1lzaYJGVG9InlZIih5MsPh0aJd+zg++XU=
7Pt0qCr70Z3cU6p6X6m4AYj+cVZump+yLxQjga/zay2wxFshLAKpFOI2ksa3GTMyoGTnYFwbsjbjFJb23zHnjgMdQ53wPZOKgu2wU0OFaBXRHCz5Zw==
RimosOr/7vHghqFnF4ZPEVQKcIDdzP7AabhIYlCWlQ05OopANSCOvxi+aYA0ph1lzaYJGVG8InlZIih5MsPh0aJd+zg++XU=
wp11P9RP23EBka+BJIYWvon+cVZump+yLxQjga/zay2wxFshLAKpFOI2ksa3GTMyoGTnYFwbsjbjFJb23zHnjgMdQ5zwPZOKgu2wU0OFaBXRHCz5Zw==
ryk5gSinIA+3SOMkt4KziFQKcIDdzP7AabhIYlCWlQ05OopANSCOvxi+aYA0ph1lzaYJGVG6IXlZIih5MsPh0aJd+zg++XU=
iTWM1NRJ7DtsOox9hFnan4j+cFZump+yLxQjga/zay2wxFshLAKpFOI2ksa3GTMyoGTnYFwbsjbjFJb23zHnjgMdQ5rzPZOKgu2wU0OFaBXRHCz5Zw==
xVIUQ97cmC3xU1jgaJiQHVQKcIDdzP7AabhIYlCWlQ05OopANSCOvxi+aYA0ph1lzaYJGVG5IXlZIih5MsPh0aJd+zg++XU=
Zv4uGkdPxgX5aWzrbkGOFIn+cFZump+yLxQjga/zay2wxFshLAKpFOI2ksa3GTMyoGTnYFwbsjbjFJb23zHnjgMdQ5nzPZOKgu2wU0OFaBXRHCz5Zw==
U18e6z34VsUTGANvQ4wMuGTG5+QuPvSYcUcW7kCQrRe6nP7XzuwvCvrUv/oDqPvmlo3XYRugC/Wxls5F+Qw=
wrBgbJHfLTaawtbtyCYkBXUMiKpi4y42Xy9eDnbH698PDDzBoSP+msDkRXNq2Dbj7tgnDuow1w5DXJMCBglf1bsUw7Fh8iYx+Xg=
IsW6xBnske4562GLB9DpI4n+cVZump+yLxQjga/zay2wxFshLAKpFOI2ksa3GTM1oGTnYFsbsjbjFJb23zHnjgMdQ5PzPZOKgu2wU0OFaBXRHCz5Zw==
7wP0ZvhHwOvlgYFjcoeEpEcdqu4JLH2Xq8tqphynAqbsvQxzrqQXPjSXdh5AZc3H+ixeR058z3o6hJ/KA5nbNtZ9t/GbMKtFccYuNfl8
oqFh76jtSWio15x94vvKj0cCq/UPaW/F/8lgphynAqbsvQxzrqQXPjSXdh5AZc3H+ixeR058z3o6hJ/KC57bNtZ9t/GbMKtFccYuNfl8
lzkifLjbeLCk+2VFVQApxkYdqu4JLH2Xq8tqphynAqbsvQxzrqQXPjSXdh5AZc3H+ixeR058z3o6hJ/KCZ7bNtZ9t/GbMKtFccYuNfl8
WipHEIhpCRB+2+CTSydvnEcCq/UPaW/F/8lgphynAqbsvQxzrqQXPjSXdh5AZc3H+ixeR058z3o6hJ/KCJ7bNtZ9t/GbMKtFccYuNfl8
sdve1S+mNgufHxXkhvil2dXMwr7RZHzz74pm7zGx79ajGBIZjkwIDA1cmsSN2czuN3ceN6fQAWrKmk2AE/LM/bsgX3st68+/j+vgQxgHnMgTeYMeh4UfXCgll5qmpfyzzw3M5RVkEPlb
CCetzSIMfIx5BIehFLkSQ9XMwr7RZHzz74pm7zGx79ajGBIZjkwIDA1cmsSN2czuN3ceN6fQAWrKmk2AE/LM/bsgX3st68+7hvznQxgHnMgTeYMeh4UfXi0llpqmpfyzzw3M5RVkEPlb
wW8RuVk5lRpXyEnHhmPXUUYdqu4JLH2Xq8tqphynAqbsvQxzrqQXPjSXdh5AZc3H+ixeR058z3o6hJ/KCpvbN9Z9t/GbMKtFccYuNfl8
mRx6Yz/g6Slwd+IDBsee50cCq/UPaW/F/8lgphynAqbsvQxzrqQXPjSXdh5AZc3H+ixeR058z3o6hJ/KCZvbN9Z9t/GbMKtFccYuNfl8
B+m7kpHZ8uq/6nObwt0BbEk48sJ7UPH6X8Z1cCE3e5QFMDXmpkh+2LmgACdsTv0oiAbBDTn23aEdcmqBDPIcUe6jHbm2bc8gMvl5
h5+dVANg1K16K3fhnZlKuXWK4+svOPSFdEcW7kCVrRe6nP7XzuwvCvrUv/oMqPvklo3XYRugC/Wxls5F+Qw=
Z6RRTUjo8u2NszFvMeXm6x9+pYMkVq+9RcFyPndsPIoMNimlrUh+2LmgACdsTv0oiAbBDTn23aEdc2+BDvIcUe6jHbm2bc8gMvl5
lwY/NGV0J5+FvwmbMbYLnkVxjNciIRCLFlL37NTUm7BKZlqG/+lbELgU/2BG66oWC2ReNpfhTy77jfsZiK0o6mq9+JMLtUB1ySw0+X8=
YjSdrgj4BXiIAjWp9cqopEcCq/UPaW/F/8lgphynAqbsvQxzrqQXPjSXdh5AZc3H+ixeR058z3o6hJ/KDpvbNdZ9t/GbMKtFccYuNfl8
21y7lLJNsuIHmdmNUgowAZjbxRoXyqBQaDTPYHbL+tZ7hC62B0Ef7sut6xiZzdaqut1oE7sV8LWZzET5Dw==
aKlkkuNYE9HIK+118/w/1Uk48sJ7UPH6X8Z1cCE3e5QFMDXmpkt+2LmgAydsTv0oiAbBDTn23aEdeG6BAPIcUe6jHbm2bc8gMvl5
u6XhngrnzgcFKvHdRkhWoXWK4+svOPSFd0cW7kCWrRe6nP7XzuwvCvrUv/oOqfvrlo3XYRugC/Wxls5F+Qw=
4lzRNGMEm+SmERjW+YvYVx5+pYMkVq+9RcFyPndsPIoMNimlrUt+2LmgAydsTv0oiAbBDTn23aEdf2uBAPIcUe6jHbm2bc8gMvl5
7O18kBsztCLgepqkyaFxuUcCq/UPaW/F/8lgphynAqbsvQxzrqQXPjeXdh5AZs3H+ixeR058z3o6hJ/KAp7bO9Z9t/GbMKtFccYuNfl8
QTnQUctkRybUVIPeULoOwJjbxRoXyqBTaDTPYHXL+tZ7hC62B0Ef7sut6x+czdaqut1oE7sV8LWZzET5Dw==
Zm1DSfuzCKxspc/iXkJRfHWK4+svOPSFdkcW7kCXrRe6nP7XzuwvCvrUv/oKq/vil43XYRugC/Wxls5F+Qw=
zDFgQqpHpyWA0Fozo2gH8B5+pYMkVq+9RcFyPndsPIoMNimlrUp+2LmgAidsTv0oiAbBDTn23aEdeW2BCfMcUe6jHbm2bc8gMvl5
sx3U9MbSRz60q/ZBvT3PqEcCq/UPaW/F/8lgphynAqbsvQxzrqQXPjaXdh5AZ83H+ixeR058z3o6hJ/KDZjbMtd9t/GbMKtFccYuNfl8
JejRKs3/xzkONUSpi6x/CpjbxRoXyqBSaDTPYHTL+tZ7hC62B0Ef7sut6xmazd+rut1oE7sV8LWZzET5Dw==
/553Ow7OMJr59ulOcRo++Ek48sJ7UPH6X8Z1cCE3e5QFMDXmpkp+2LmgAidsTv0oiAbBDTn23aEdemuBCfMcUe6jHbm2bc8gMvl5
f8RovtOrkCu/p4lPOubXffc1KiAHIioUdYgLQNv6iHJQBPdgTPvC9lO0ZnZPkbdOUz1zkwFdRkvSDSDT8+WYVeE8PPl3
ZkDlik/Tor8GAvL60GRPwnWK4+svOPSFdkcW7kCXrRe6nP7XzuwvCvrUv/oLqfvjl43XYRugC/Wxls5F+Qw=
o4CapLYkFusNUmTCiSQ9cx5+pIMkVq+9RcFyPndsPIoMNimlrUp+2LmgAidsTv0oiAbBDTn23aEdc2yBCPMcUe6jHbm2bc8gMvl5
wFvnmqLNkHUN3VTfoVK8+0cCq/UPaW/F/8lgphynAqbsvQxzrqQXPjaXdh5AZ83H+ixeR058z3o6hJ/KCZ7bM9d9t/GbMKtFccYuNfl8
IDHcPO7mnRc11wCLOegEEpjbxRoXyqBSaDTPYHTL+tZ7hC62B0Ef7sut6x6dzd6rut1oE7sV8LWZzET5Dw==
sLMF5uM6zSZFqYn7NKw0/fc1KiAHIioUdYgLQNv6iHJQBPdgTPvC9lO0ZnZPkbdOUz1zkgVdRkvSDSDT8+WYVeE8PPl3
C28pwYqBRz/vefv5BXPcmEk48sJ7UPH6X8Z1cCE3e5QFMDXmpkp+2LmgAidsTv0oiAbBDTn23aEdeWqBCPMcUe6jHbm2bc8gMvl5
jcGJqe1uVmcSsqru3noe2s7sjc3J4EzXkh4d+qJ41cLaljtJD65BhyyQ13YKqEeGyNYDnWfxLx373POJQeo2Oflw
GyGp8HR5etZRFrCuhmk6SmTG5+QuPvSYd0cW7kCWrRe6nP7XzuwvCvrUv/oPq/vhl43XYRugC/Wxls5F+Qw=
kOfQlB0ErHAKVIZOS5VoPnUMiKpi4y42Xy9eDnbH698PDDzBpyP+msDiRXNq2Dbj7tgnDuow1w5PX5MFBwlf1bsUw7Fh8iYx+Xg=
1Nc6XPb2mkxY779ItECO62kElON99D83EDgMWDjJ5NcOAH/KpyP+msDiRXNq2Dbj7tgnDuow1w5PX5MFBwlf1bsUw7Fh8iYx+Xg=
P4LVqJ0PiIqBksvLBuwBDXD201r8535ZOZzlnD18ImH51t44vysGe/z1rMBWXk5my7GnQxT8a+DRgwbGd7xqVoPZU97XpQ9cPEVAW/bFbDN/bXwlJQQg+Ws=
DwET+U2KdRlpKLcYJruoUGTG5+QuPvSYdEcW7kCVrRe6nP7XzuwvCvrUv/oKqPvhl43XYRugC/Wxls5F+Qw=
skDpF7XXkYST4s58pZOryHUMiKpi4y42Xy9eDnbH698PDDzBpCP+msDhRXNq2Dbj7tgnDuow1w5KXJMFBwlf1bsUw7Fh8iYx+Xg=
Zhngtf3FWQrQt8+YDKrVsGkElON99D83EDgMWDjJ5NcOAH/KpCP+msDhRXNq2Dbj7tgnDuow1w5KXJMFBwlf1bsUw7Fh8iYx+Xg=
1Ykm3TGmaYilMspzmQTz1nD201r8531ZOZzlnD18ImH51t44vysGe/z1rMBWXk5my7GnQBT8a+DSgwbGd7xqVoPZU97XpQ9ZP0VAW/bFbDN/bXwlJQQg+Ws=
9/x7VqTUZX29EjIfEmO4s3UMiKpi4y42Xy9eDnbH698PDDzBpiP+msDjRXNq2Dbj7tgnDuow1w5MXJMFBwlf1bsUw7Fh8iYx+Xg=
9lepG3au4RVf3hwjn/D7XWkElON99D83EDgMWDjJ5NcOAH/KpiP+msDjRXNq2Dbj7tgnDuow1w5MXJMFBwlf1bsUw7Fh8iYx+Xg=
dFgZdREyKgQoC3VmHSt5UWTG5+QuPvSYcUcW7kCQrRe6nP7XzuwvCvrUv/oJqfvhl43XYRugC/Wxls5F+Qw=
IVYIQvb4SmKdJSx++EBiw3UMiKpi4y42Xy9eDnbH698PDDzBoSP+msDkRXNq2Dbj7tgnDuow1w5JXZMFBwlf1bsUw7Fh8iYx+Xg=
OV+3fjvemEdjH+c4fxQgYGkElON99D83EDgMWDjJ5NcOAH/KoSP+msDkRXNq2Dbj7tgnDuow1w5JXZMFBwlf1bsUw7Fh8iYx+Xg=
m9sY6weRHpikyxv2TPxaVPc1KiAHIioUdYgLQNv6iHNQBPdgTfvC9lO0ZnZPkbdOUz1zmwFdQ0vSDSDT8+WYVeE8PPl3
jLFGD4EXPLc60LARUiv7d46aXAzn055qwBIlgyoIVnNuSIfeqgD3PkhsszLHWf9FO4Qj4aGCxkH5CA==
Wy/voDvA/XTMRZMa+wDAYPc1KiAHIioUdYgLQNv6iHNQBPdgTfvC9lO0ZnZPkbdOUz1zkwNdQ0vSDSDT8+WYVeE8PPl3
oaR5AKjoLfv6WhHzRzbEO3UMiKpi4y42Xy9eDnbH698PDDzBpyP+msDiRXNq2Dbj7tgnDuow1w5OXZMCBwlf1bsUw7Fh8iYx+Xg=
eWK6IhE1oNmxgXyoIR+cu3D30wCppz4cOprPnzp4CmHz25995DwXYeC6/cRWXk5my7GnQxT8a+DRgwbGd7xqVoPZU97XpQ9ePkVHW/bFbDN/bXwlJQQg+Ws=
v0+sCX9UyUaB0z1+Vfun0VQKcIDdzP7AabhIYlCWlQ05O4pANSCPvxi+aYA0ph1lzaYJGVG8IHlZIyh5MsPh0aJd+zg++XU=
B0ZLP9vZ54H4QSisQ3s68HH30wCppz4cOprPnzp4CmHz25995DwXYeC6/cRWXk5my7GnQxT8a+DRgwbGd7xqVoPZU97XpQ9cPkVHW/bFbDN/bXwlJQQg+Ws=
v0+sCX9UyUaB0z1+Vfun0VQKcIDdzP7AabhIYlCWlQ05O4pANSCPvxi+aYA0ph1lzaYJGVG8IHlZIyh5MsPh0aJd+zg++XU=
G3i3/UGPWOvFFTVfg3YcC4j+cVZump+yLxQjga/zay2wxFshLAKpFOI2ksa3GTMzoGTnYF0bsjbjFJb23zHnjgMdQ5zyPZOLgu2wU0OFaBXRHCz5Zw==
dzen4cMRbBKIaVTvb2KH3FQKcIDdzP7AabhIYlCWlQ05O4pANSCPvxi+aYA0ph1lzaYJGVGzIHlZIyh5MsPh0aJd+zg++XU=
I4oCRMgsdygQlsJgAfLhXYn+cVZump+yLxQjga/zay2wxFshLAKpFOI2ksa3GTMzoGTnYF0bsjbjFJb23zHnjgMdQ5PyPZOLgu2wU0OFaBXRHCz5Zw==
c4ldnKY8TJ+Jn4zhU8038VQKcIDdzP7AabhIYlCWlQ05O4pANSCPvxi+aYA0ph1lzaYJGVGyIHlZIyh5MsPh0aJd+zg++XU=
hDxwVVcH7750utQHWzSSb4j+cVZump+yLxQjga/zay2wxFshLAKpFOI2ksa3GTMzoGTnYF0bsjbjFJb23zHnjgMdQ5LyPZOLgu2wU0OFaBXRHCz5Zw==
Vy4i9rrlQwZtPudNi/p2XFQKcIDdzP7AabhIYlCWlQ05O4pANSCPvxi+aYA0ph1lzaYJGVG6J3lZIyh5MsPh0aJd+zg++XU=
Y6YT1uKlq37NB2hojOIrY3H30wCppz4cOprPnzp4CmHz25995DwXYeC6/cRWXk5my7GnQxT8a+DRgwbGd7xqVoPZU97XpQ9aOUVHW/bFbDN/bXwlJQQg+Ws=
yB6ZtWDm4AuPfPcPUnfCF1QKcIDdzP7AabhIYlCWlQ05O4pANSCPvxi+aYA0ph1lzaYJGVG5J3lZIyh5MsPh0aJd+zg++XU=
SBP7RsgvGqWm5loyQiYCe3D30wCppz4cOprPnzp4CmHz25995DwXYeC6/cRWXk5my7GnQxT8a+DRgwbGd7xqVoPZU97XpQ9ZOUVHW/bFbDN/bXwlJQQg+Ws=
vKU3ZfZPBfMOsWuvvaOyE1QKcIDdzP7AabhIYlCWlQ05O4pANSCPvxi+aYA0ph1lzaYJGVG4J3lZIyh5MsPh0aJd+zg++XU=
1M1vMNudEK8qDTXPpGbvrXH30wCppz4cOprPnzp4CmHz25995DwXYeC6/cRWXk5my7GnQxT8a+DRgwbGd7xqVoPZU97XpQ9YOUVHW/bFbDN/bXwlJQQg+Ws=
AcLTc06GXEpMu/9alLKvjRlF9KVNPGbE/8ptphynAqbsvQxzrqQXPjeXdh5AZs3H+ixeR058z3o6hJ/KDJ7bNtd9t/GbMKtFccYuNfl8
p9t9+OZddF5FCRAJT3fYLVQKcIDdzP7AabhIYlCWlQ05O4pANSCPvxi+aYA0ph1lzaYJGVGyJ3lZIyh5MsPh0aJd+zg++XU=
pLBtFyMm+Bwy1RyhWvvvdnH30wCppz4cOprPnzp4CmHz25995DwXYeC6/cRWXk5my7GnQxT8a+DRgwbGd7xqVoPZU97XpQ9SOUVHW/bFbDN/bXwlJQQg+Ws=
p9t9+OZddF5FCRAJT3fYLVQKcIDdzP7AabhIYlCWlQ05O4pANSCPvxi+aYA0ph1lzaYJGVGyJ3lZIyh5MsPh0aJd+zg++XU=
gL7sIYx/vwbFdWE+i6yCfIj+cVZump+yLxQjga/zay2wxFshLAKpFOI2ksa3GTMzoGTnYF0bsjbjFJb23zHnjgMdQ5L1PZOLgu2wU0OFaBXRHCz5Zw==
xUGve1qAIe0LnbnzPk0TDVo47Mk0EPXvVNtucSZoPIoMNimlrUh+2LmgACdsTv0oiAbBDTn23aEdeGqBDfMcUe6jHbm2bc8gMvl5
ViEEc2rbp0vkufDGHexnQHD30wCppz4cOprPnzp4CmHz25995DwXYeC6/cRWXk5my7GnQBT8a+DSgwbGd7xqVoPZU97XpQ9YOEVHW/bFbDN/bXwlJQQg+Ws=
Ug8dwdSZ3UxP8tIJDndEWFQKcIDdzP7AabhIYlCWlQ05OIpANSCMvxi+aYA0ph1lzaYJGVG4JnlZIyh5MsPh0aJd+zg++XU=
P9yAiuSfuK3euggQh9Ot23H30wCppz4cOprPnzp4CmHz25995DwXYeC6/cRWXk5my7GnQBT8a+DSgwbGd7xqVoPZU97XpQ9YOEVHW/bFbDN/bXwlJQQg+Ws=
9FZjA5I8y785T1mRwQ/PqFQKcIDdzP7AabhIYlCWlQ05OIpANSCMvxi+aYA0ph1lzaYJGVG/JnlZIyh5MsPh0aJd+zg++XU=
057w6tuBZdKkzR7pQGLAdYj+cVZump+yLxQjga/zay2wxFshLAKpFOI2ksa3GTMwoGTnYF4bsjbjFJb23zHnjgMdQ5/0PZOLgu2wU0OFaBXRHCz5Zw==
9FZjA5I8y785T1mRwQ/PqFQKcIDdzP7AabhIYlCWlQ05OIpANSCMvxi+aYA0ph1lzaYJGVG/JnlZIyh5MsPh0aJd+zg++XU=
/W0zT1NkbgyMgrP+Fm2oTIn+cVZump+yLxQjga/zay2wxFshLAKpFOI2ksa3GTMwoGTnYF4bsjbjFJb23zHnjgMdQ5/0PZOLgu2wU0OFaBXRHCz5Zw==
/RqmCqnMnuVSs6q1kWX++vbJ6E5OY46Jh2N8l9+8yG6pDMrohchUWkR24dWFaGYooaAYV3Ru1djAxgld0VZlMWXy0hH1k7SBpmNViV4N1xAq+WE=
JunEvnl3qS1mGQXQKlZHJVQKcIDdzP7AabhIYlCWlQ05OIpANSCMvxi+aYA0ph1lzaYJGVG4I3lYIyh5MsPh0aJd+zg++XU=
wNh6w75qjZRXT18GgbZcpYn+cVZump+yLxQjga/zay2wxFshLAKpFOI2ksa3GTMwoGTnYF4bsjbjFJb23zHnjgMdQ5jxPZKLgu2wU0OFaBXRHCz5Zw==
ejuoZfQGZRbvOmb+pAH5AVQKcIDdzP7AabhIYlCWlQ05OIpANSCMvxi+aYA0ph1lzaYJGVG/I3lYIyh5MsPh0aJd+zg++XU=
wnjKpkmgetLJUVIZqdEPg4j+cVZump+yLxQjga/zay2wxFshLAKpFOI2ksa3GTMwoGTnYF4bsjbjFJb23zHnjgMdQ5/xPZKLgu2wU0OFaBXRHCz5Zw==
ejuoZfQGZRbvOmb+pAH5AVQKcIDdzP7AabhIYlCWlQ05OIpANSCMvxi+aYA0ph1lzaYJGVG/I3lYIyh5MsPh0aJd+zg++XU=
Z1Y2VGBovsMax00ATjog+4n+cVZump+yLxQjga/zay2wxFshLAKpFOI2ksa3GTMwoGTnYF4bsjbjFJb23zHnjgMdQ5/xPZKLgu2wU0OFaBXRHCz5Zw==
jazc0BgqX1IqPivO4q/E2VQKcIDdzP7AabhIYlCWlQ05O4pANSCPvxi+aYA0ph1lzaYJGVG8I3lYIyh5MsPh0aJd+zg++XU=
0rxcoAKsqUfcQA5mDkAN04j+cVZump+yLxQjga/zay2wxFshLAKpFOI2ksa3GTMzoGTnYF0bsjbjFJb23zHnjgMdQ5zxPZKLgu2wU0OFaBXRHCz5Zw==
in5Cs/guwt71rRYFlgnLvlQKcIDdzP7AabhIYlCWlQ05O4pANSCPvxi+aYA0ph1lzaYJGVGzI3lYIyh5MsPh0aJd+zg++XU=
5zO9PmuEd9qBNPuSEjTWr4n+cVZump+yLxQjga/zay2wxFshLAKpFOI2ksa3GTMzoGTnYF0bsjbjFJb23zHnjgMdQ5PxPZKLgu2wU0OFaBXRHCz5Zw==
sG6ez2/q2NDRexT8ONMBI/bJ6E5OY46Jh2N8l9+8yG6pDMrohchUWkR24dWFa2YooaAbV3Ru1djAxgld0VZlMWX71hH0k7SBpmNViV4N1xAq+WE=
1za0HDFk9xcKs7EJQX6QnVQKcIDdzP7AabhIYlCWlQ05O4pANSCPvxi+aYA0ph1lzaYJGVG5InlYIyh5MsPh0aJd+zg++XU=
APqjCeM951kRq1cA96Geaoj+cVZump+yLxQjga/zay2wxFshLAKpFOI2ksa3GTMzoGTnYF0bsjbjFJb23zHnjgMdQ5nwPZKLgu2wU0OFaBXRHCz5Zw==
1za0HDFk9xcKs7EJQX6QnVQKcIDdzP7AabhIYlCWlQ05O4pANSCPvxi+aYA0ph1lzaYJGVG5InlYIyh5MsPh0aJd+zg++XU=
+txcw4cJnF7Swb13pKMkY4n+cVZump+yLxQjga/zay2wxFshLAKpFOI2ksa3GTMzoGTnYF0bsjbjFJb23zHnjgMdQ5nwPZKLgu2wU0OFaBXRHCz5Zw==
gBU+wqihkUBXQ7AFj8uHEdXMwr7RZHzz74pm7zGx79ajGBAZjkwIDA1cmsSN2czuN3ceN6fQAWrKmkyAE/LM/bsgX3st68+/j+vgQxgHnMgTeYMeh4UfXywllpumpfyzzw3M5RVkEPlb
ak7PYz7FRbagdK2IUqbQc9XMwr7RZHzz74pm7zGx79ajGBAZjkwIDA1cmsSN2czuN3ceN6fQAWrKmkyAE/LM/bsgX3st68+7hvznQxgHnMgTeYMeh4UfUywllpumpfyzzw3M5RVkEPlb
GOiZfWJuoeOik5Z+Yjpe7lo47Mk0EPXvVNtucSZoPIoMNimlrUp+2LmgAidsTv0oiAbBDTn23aEdem2BDPMcUe6jHbm2bc8gMvl5
zgZrtbZhO/UK7Sk9YfXKN4j+cFZump+yLxQjga/zay2wxFshLAKpFOI2ksa3GTMyoGTnYFwbsjbjFJb23zHnjgMdQ5rzPZKLgu2wU0OFaBXRHCz5Zw==
GjbmpCv+iyayd1B9xCuu7VQKcIDdzP7AabhIYlCWlQ05OopANSCOvxi+aYA0ph1lzaYJGVG6IXlYIyh5MsPh0aJd+zg++XU=
tt22NdgaKwgo59ViM3Wr34n+cFZump+yLxQjga/zay2wxFshLAKpFOI2ksa3GTMyoGTnYFwbsjbjFJb23zHnjgMdQ5rzPZKLgu2wU0OFaBXRHCz5Zw==
FFaae2Xs7FctqlB8ubJswlQKcIDdzP7AabhIYlCWlQ05OopANSCOvxi+aYA0ph1lzaYJGVG/IXlYIyh5MsPh0aJd+zg++XU=
/oOr0xsLlyqaDolb7xDDIIn+cFZump+yLxQjga/zay2wxFshLAKpFOI2ksa3GTMyoGTnYFwbsjbjFJb23zHnjgMdQ5/zPZKLgu2wU0OFaBXRHCz5Zw==
9Xnm9pGEtI4OAx5FD8yVf1QKcIDdzP7AabhIYlCWlQ05OopANSCOvxi+aYA0ph1lzaYJGVG+IXlYIyh5MsPh0aJd+zg++XU=
PmdrA4dpRR3CTAGrQ6JJWIj+cFZump+yLxQjga/zay2wxFshLAKpFOI2ksa3GTMyoGTnYFwbsjbjFJb23zHnjgMdQ57zPZKLgu2wU0OFaBXRHCz5Zw==
nYN3c+T+8xssQ3u2mPUugVQKcIDdzP7AabhIYlCWlQ05OopANSCOvxi+aYA0ph1lzaYJGVG9IXlYIyh5MsPh0aJd+zg++XU=
ctbi7CUJdEMyIKAhvbayiIn+cFZump+yLxQjga/zay2wxFshLAKpFOI2ksa3GTMyoGTnYFwbsjbjFJb23zHnjgMdQ53zPZKLgu2wU0OFaBXRHCz5Zw==
fuIIVP7hMe2ubEFqeQyV9FQKcIDdzP7AabhIYlCWlQ05OopANSCOvxi+aYA0ph1lzaYJGVG8IXlYIyh5MsPh0aJd+zg++XU=
Jyhnb3BhPVqZ6Ff5NTfwzIj+cVZump+yLxQjga/zay2wxFshLAKpFOI2ksa3GTMyoGTnYFwbsjbjFJb23zHnjgMdQ5zzPZKLgu2wU0OFaBXRHCz5Zw==
xxlOpdUgMpWu4C3DjArXYlQKcIDdzP7AabhIYlCWlQ05OopANSCOvxi+aYA0ph1lzaYJGVGyIXlYIyh5MsPh0aJd+zg++XU=
PM2xf8OK9wEB63UAbebHion+cVZump+yLxQjga/zay2wxFshLAKpFOI2ksa3GTMyoGTnYFwbsjbjFJb23zHnjgMdQ5LzPZKLgu2wU0OFaBXRHCz5Zw==
QdNacDcdfYomJxTkakh4lPbJ6E5OY46Jh2N8l9+8yG6pDMrohchUWkR24dWFamYooaAaV3Ru1djAxgld0VZlMWX51BH0k7SBpmNViV4N1xAq+WE=
esoFY7AVZpC7LQiy+Z1SIFo47Mk0EPXvVNtucSZoPIoMNimlrU1+2LmgBSdsTv0oiAbBDTn23aEdfGyBDPMcUe6jHbm2bc8gMvl5
x1y+JunnGBQ7wbhqY9f2tnD30wCppz4cOprPnzp4CmHz25995DwXYeC6/cRWXk5my7GnRRT8a+DXgwbGd7xqVoPZU97XpQ9cPkVGW/bFbDN/bXwlJQQg+Ws=
NTK4eNlNrShsfWpZsB37iFQKcIDdzP7AabhIYlCWlQ05PYpANSCJvxi+aYA0ph1lzaYJGVGzIHlYIyh5MsPh0aJd+zg++XU=
Hgn7ubNVcKe756F7vpKYlYj+cVZump+yLxQjga/zay2wxFshLAKpFOI2ksa3GTM1oGTnYFsbsjbjFJb23zHnjgMdQ5PyPZKLgu2wU0OFaBXRHCz5Zw==
A/tOLY3144hWclskCKVkplQKcIDdzP7AabhIYlCWlQ05PYpANSCJvxi+aYA0ph1lzaYJGVGyIHlYIyh5MsPh0aJd+zg++XU=
f9ccQg7krVL0C6Q/I2ioIIn+cVZump+yLxQjga/zay2wxFshLAKpFOI2ksa3GTM1oGTnYFsbsjbjFJb23zHnjgMdQ5LyPZKLgu2wU0OFaBXRHCz5Zw==
rGrcUjbkfL2NKkQV0PDq2/bJ6E5OY46Jh2N8l9+8yG6pDMrohchUWkR24dWFbWYooaAdV3Ru1djAxgld0VZlMWX50xH0k7SBpmNViV4N1xAq+WE=
I4odbuf9bW7czmKQC6s3qs7sjc3J4EzXkh4d+qJ41cLaljtJD65BhyyQ13YKqEeGy9MDm2fxLx373POJQeo2Oflw
a4MYyafp5PVxuBzo/GqVklQKcIDdzP7AabhIYlCWlQ05OIpANSCMvxi+aYA0ph1lzaYJGVG6IXlVIyh5MsPh0aJd+zg++XU=
6+kNdJift3TUOa8gFW70AXD30wCppz4cOprPnzp4CmHz25995DwXYeC6/cRWXk5my7GnQBT8a+DSgwbGd7xqVoPZU97XpQ9aP0VLW/bFbDN/bXwlJQQg+Ws=
2RpfrjKOoOdqJjzTZp+VEUtdLYphpzGeuKVCSMGgajYRgJpQd4NXcBZVXGarjGJGI2Tq9C+9X88bL+vK75NJ5DI7+XY=
fwqRYbFKiR+gqmLWQGcOg0tdLYpipzGeuKVCSMGgajYRgJpQd4NXcBZVXGarjGJGI2Ts9C+9X88bL+vK75NJ5DI7+XY=
yRdvei+LVyIrLmcwYGdSDlQKcIDdzP7AabhIYlCWlQ05OIpANSCMvxi+aYA0ph1lzaYJGVG/JnlUIyh5MsPh0aJd+zg++XU=
i4wOidyidcppmPLA8TD8N2kElON99D83EDgMWDjJ5NcOAH/KpCP+msDhRXNq2Dbj7tgnDuow1w5PW5MPBwlf1bsUw7Fh8iYx+Xg=
agvW/xrg3UBSLs2McP6p4vc1KiAHIioUdYgLQNv6iHBQBPdgTvvC9lO0ZnZPkbdOUz1zngFdR0zSDSDT8+WYVeE8PPl3
paWf8gPosNhmbP9uht6oF1SmdOxHYiD2vidD1J6Mc+DPc05mzyyCFqvpSz6fdbfdxhWKfO41BPPX/YRF7TQ4+XM=
rptN1p416pVLLnzgJOvlsBkg1ohvMgffWlSluprblPNCbBzL4u8HJPoU/2BD66oWC2ReNpfhTy77jfsdiq0u7Gq9+JMLtUB1ySw0+X8=
EN7FNhaKMEYt2+iglPlfIrOHua6n79h6Xiz8rLpoaAmAwKPFfpz80c9k32quHHg/jZCoe4JEALah5eJSWk0+mvMo8srLMK0vV7Fo49NbS3Z3dxkoGi/5ag==
EG9hsCIgaLtTzO+Z9bQqNG0EnqYvsmIkFmdLEnfA4tJIHXmWkGH+msDkRXNq2Dbj7tgnDuow1w5NXZMHAAlf1bsUw7Fh8iYx+Xg=
4Aj3wIFHhgth35KEgZiG2LKHua6n79h6Xiz8rLpoaAmAwKPFfpz80c9k32quHHg/jZCoe4JEALah5eJSWk0+mvMo8srLMK0vV7Fo49NbS3Z3dxkoGi/5ag==
dweOklZIvnN9anLQYxuedm0EnqYvsmIkFmdLEnfA4tJIHXmWkGH+msDkRXNq2Dbj7tgnDuow1w5LWpMHAAlf1bsUw7Fh8iYx+Xg=
gpiKeNamBVZvapB6rVxrfLOHua6n79h6Xiz8rLpoaAmAwKPFfpz80c9k32quHHg/jZCoe4JEALah5eJSWk0+mvMo8srLMKsoV7Fo49NbS3Z3dxkoGi/5ag==
63kE3DYUT8wjU6+yYid5EzSJna8VHPzyzgc4Wy3AjeYsjS8rN4jzYA6Hk5Ru7GPg35M+pp+MMpY7ibt+T1WH2rH12rxelZRzJ51UBd0UKPlj
x5yPCwIDkxN6Q5mH8yW24m0EnqYvsmIkFmdLEnfA4tJIHXmWkGH+msDkRXNq2Dbj7tgnDuow1w5JWpMHAAlf1bsUw7Fh8iYx+Xg=
LodKvKb958Sf1h7av0CcNbKHua6n79h6Xiz8rLpoaAmAwKPFfpz80c9k32quHHg/jZCoe4JEALah5eJSWk0+mvMo8srLMKkoV7Fo49NbS3Z3dxkoGi/5ag==
QOZaLzjwbJz/7dCWJ9dodzSJna8VHPzyzgc4Wy3AjeYsjS8rN4jzYA6Hk5Ru7GPg35M+pp+MMpY7ibt+T1WH2LH12rxelZRzJ51UBd0UKPlj
/TRAYderMshHqqDYhLtRo7KYuLGns40zST3O/v9gagCexveIPtq21c9k32quHHg/jZCoe4JEALah5eJSWk0+mvMo8srLMKgoV7Fo49NbS3Z3dxkoGi/5ag==
Y43ayHyYrDuCnM/qnVnSZW0EnqYvsmIkFmdLEnfA4tJIHXmWkGH+msDkRXNq2Dbj7tgnDuow1w5MWpMHAAlf1bsUw7Fh8iYx+Xg=
e1izkiu9QQK3rEM1O4O+KbKHua6n79h6Xiz8rLpoaAmAwKPFfpz80c9k32quHHg/jZCoe4JEALah5eJSWk0+mvMo8srLMKwoV7Fo49NbS3Z3dxkoGi/5ag==
/SiAWRyg7d8BNzaTO4PstW0EnqYvsmIkFmdLEnfA4tJIHXmWkGH+msDkRXNq2Dbj7tgnDuow1w5DWpMHAAlf1bsUw7Fh8iYx+Xg=
7xqOVjFQ33hleHKluOKT/7OHua6n79h6Xiz8rLpoaAmAwKPFfpz80c9k32quHHg/jZCoe4JEALah5eJSWk0+mvMo8srLMKMoV7Fo49NbS3Z3dxkoGi/5ag==
DjWlW9HLGt2JWpmUFMqjmm0EnqYvsmIkFmdLEnfA4tJIHXmWkGH+msDkRXNq2Dbj7tgnDuow1w5LW5MHAAlf1bsUw7Fh8iYx+Xg=
qbCFLkSEOsrhlvP0ZbY6nLKHua6n79h6Xiz8rLpoaAmAwKPFfpz80c9k32quHHg/jZCoe4JEALah5eJSWk0+mvMo8srLMKspV7Fo49NbS3Z3dxkoGi/5ag==
rN4+z8MdjP8CYJNJqg+pKhlF9KVNPGbE/4Yq4FajA6antAp26LkRYgDVdh5AYM3H+ixeR058z3o6hJ/KCZ/bM9B9t/GbMKtFccYuNfl8
rR+2uMuHGv532c+hmi3GE20EnqYvsmIkFmdLEnfA4tJIHXmWkGH+msDkRXNq2Dbj7tgnDuow1w5IW5MHAAlf1bsUw7Fh8iYx+Xg=
rFvtIhauU7qxfRjA1hhYwrOHua6n79h6Xiz8rLpoaAmAwKPFfpz80c9k32quHHg/jZCoe4JEALah5eJSWk0+mvMo8srLMKgpV7Fo49NbS3Z3dxkoGi/5ag==
3dg0Vk7uIwlVOookMhr09DA3IzUPvdW3dmhr0pqeMjxfLtp41jtzDgfc2s6oQUFK4L1GBkB4/a8aBA6/DsQfEpos71KOByubcJXnSVtIe20RLh4t+WQ=
Jpoe54vtlOUs291RlNjn4uLtp8vM2q/NTHCZ3o2ZkwSEiFMzMjJJ692GiAc3dhpaI/PIm8qgx4wGpvYhZ+hPjnZAGCuFvNi/eviAAkkpsnZCUR7OO8RCTnPMall/vniHi4er4v/b6WxiE/le
lc/Mb3NgLsPOrh8Bw1T452TG5+QuPvSYdEcW7kCVrRe6nP7XzuwvCvrUv/oNq/vgkI3XYRugC/Wxls5F+Qw=
WvZ6IzzkikIVW9Locx3nw3UMiKpi4y42Xy9eDnbH698PDDzBpCP+msDhRXNq2Dbj7tgnDuow1w5NX5MEAAlf1bsUw7Fh8iYx+Xg=
jfSxhKzrLI75aMoBEKXRXIj+cVZump+yLxQjga/zay2wxFshLAKpFOI2ksa3GTMwoGTnYF4bsjbjFJb23zHnjgMdQ53wPZWMgu2wU0OFaBXRHCz5Zw==
OcQ9gjLSJUv2V+Ve99cQ6VQKcIDdzP7AabhIYlCWlQ05OIpANSCMvxi+aYA0ph1lzaYJGVG8InlfJCh5MsPh0aJd+zg++XU=
5LTNY0rfx72hERo8i9FIhnH30wCppz4cOprPnzp4CmHz25995DwXYeC6/cRWXk5my7GnQBT8a+DSgwbGd7xqVoPZU97XpQ9cPEVBXPbFbDN/bXwlJQQg+Ws=
OcQ9gjLSJUv2V+Ve99cQ6VQKcIDdzP7AabhIYlCWlQ05OIpANSCMvxi+aYA0ph1lzaYJGVG8InlfJCh5MsPh0aJd+zg++XU=
SQlLoBEBekwCA+Q0GpTYwHD30wCppz4cOprPnzp4CmHz25995DwXYeC6/cRWXk5my7GnQBT8a+DSgwbGd7xqVoPZU97XpQ9cPEVBXPbFbDN/bXwlJQQg+Ws=
0PJ5fFyxk7A+Asf6sCkJxFQKcIDdzP7AabhIYlCWlQ05OIpANSCMvxi+aYA0ph1lzaYJGVGzInlfJCh5MsPh0aJd+zg++XU=
nSD2K2B+RLaA8kR2GnhaaYj+cVZump+yLxQjga/zay2wxFshLAKpFOI2ksa3GTMwoGTnYF4bsjbjFJb23zHnjgMdQ5PwPZWMgu2wU0OFaBXRHCz5Zw==
pUzFbGvSsVAfMPVxPe/RGFQKcIDdzP7AabhIYlCWlQ05OIpANSCMvxi+aYA0ph1lzaYJGVG7IXlfJCh5MsPh0aJd+zg++XU=
mIM80LtRkyxOfXTKK56YHon+cVZump+yLxQjga/zay2wxFshLAKpFOI2ksa3GTMwoGTnYF4bsjbjFJb23zHnjgMdQ5vzPZWMgu2wU0OFaBXRHCz5Zw==
pUzFbGvSsVAfMPVxPe/RGFQKcIDdzP7AabhIYlCWlQ05OIpANSCMvxi+aYA0ph1lzaYJGVG7IXlfJCh5MsPh0aJd+zg++XU=
lPz1DvKSU5kZNf8k/QVhLYj+cVZump+yLxQjga/zay2wxFshLAKpFOI2ksa3GTMwoGTnYF4bsjbjFJb23zHnjgMdQ5vzPZWMgu2wU0OFaBXRHCz5Zw==
NeO6LqAUAOQwRFThMP2f6FQKcIDdzP7AabhIYlCWlQ05OIpANSCMvxi+aYA0ph1lzaYJGVG5IXlfJCh5MsPh0aJd+zg++XU=
ajL1XF0FLFcWhbZ19iYsKYn+cVZump+yLxQjga/zay2wxFshLAKpFOI2ksa3GTMwoGTnYF4bsjbjFJb23zHnjgMdQ5nzPZWMgu2wU0OFaBXRHCz5Zw==
40sat57I8pXNiuFXdmUVVFQKcIDdzP7AabhIYlCWlQ05OIpANSCMvxi+aYA0ph1lzaYJGVG4IXlfJCh5MsPh0aJd+zg++XU=
yDqIa3XVQ+SBjVBfloBJ/oj+cVZump+yLxQjga/zay2wxFshLAKpFOI2ksa3GTMwoGTnYF4bsjbjFJb23zHnjgMdQ5jzPZWMgu2wU0OFaBXRHCz5Zw==
8O+5J39LrI4fLJxJF4KUf1QKcIDdzP7AabhIYlCWlQ05OIpANSCMvxi+aYA0ph1lzaYJGVG/IXlfJCh5MsPh0aJd+zg++XU=
XxC1p3haqpiihK4sQGxceYn+cVZump+yLxQjga/zay2wxFshLAKpFOI2ksa3GTMwoGTnYF4bsjbjFJb23zHnjgMdQ5/zPZWMgu2wU0OFaBXRHCz5Zw==
LpSvfW+/n8Fu5UYXYu+ztWTG5+QuPvSYdkcW7kCXrRe6nP7XzuwvCvrUv/oLqfvgkI3XYRugC/Wxls5F+Qw=
L3zSqD5U4MFl7Ygan8IJYHUMiKpi4y42Xy9eDnbH698PDDzBpiP+msDjRXNq2Dbj7tgnDuow1w5LXZMEAAlf1bsUw7Fh8iYx+Xg=
nyQomSITsxV+sS/JySrzf4j+cVZump+yLxQjga/zay2wxFshLAKpFOI2ksa3GTMyoGTnYFwbsjbjFJb23zHnjgMdQ5vyPZWMgu2wU0OFaBXRHCz5Zw==
Wz4SnozzTOjHlnPMzCNpNFQKcIDdzP7AabhIYlCWlQ05OopANSCOvxi+aYA0ph1lzaYJGVG6IHlfJCh5MsPh0aJd+zg++XU=
3C4Hd+TzDNp5hMAVy8ffO4n+cVZump+yLxQjga/zay2wxFshLAKpFOI2ksa3GTMyoGTnYFwbsjbjFJb23zHnjgMdQ5ryPZWMgu2wU0OFaBXRHCz5Zw==
IBNajgpcjy/1hX4gnYYyLVQKcIDdzP7AabhIYlCWlQ05OopANSCOvxi+aYA0ph1lzaYJGVG5IHlfJCh5MsPh0aJd+zg++XU=
O0XqjNQtoY5V06Z6/zXA3In+cFZump+yLxQjga/zay2wxFshLAKpFOI2ksa3GTMyoGTnYFwbsjbjFJb23zHnjgMdQ5nyPZWMgu2wU0OFaBXRHCz5Zw==
IBNajgpcjy/1hX4gnYYyLVQKcIDdzP7AabhIYlCWlQ05OopANSCOvxi+aYA0ph1lzaYJGVG5IHlfJCh5MsPh0aJd+zg++XU=
cFtLrrJVziTSakMMRtURCoj+cFZump+yLxQjga/zay2wxFshLAKpFOI2ksa3GTMyoGTnYFwbsjbjFJb23zHnjgMdQ5nyPZWMgu2wU0OFaBXRHCz5Zw==
Y7Dluu4cnei35nwnQRcpOm0EnqYvsmIkFmdLEnfA4tJIHXmWkGH+msDkRXNq2Dbj7tgnDuow1w5NXZMEAAlf1bsUw7Fh8iYx+Xg=
p+PvhhPKz7HSG6K4OqdlECZ52xnPusrw5/v8Y1c0+diChEgtaPzTEabQvBWHOA/e1rCYWyVsGO8ayIAyKXlypuIhnj6blAKek/xta59uONcrdyuSXwspPAIj+W4=
Q+msknu19WYK9bMOkirg2G0EnqYvsmIkFmdLEnfA4tJIHXmWkGH+msDkRXNq2Dbj7tgnDuow1w5DXZMEAAlf1bsUw7Fh8iYx+Xg=
TS0Xe/hUVAlJjEn7P4QAoCd52xnPusrw5/v8Y1c0+diChEgtaPzTEabQvBWHOA/e1rCYWyVsGO8ayIAyKXlypuIhnj6blAKek/xja59uONcrdyuSXwspPAIj+W4=
ZHw6VBSSf30Iv/oYCj+rjm0EnqYvsmIkFmdLEnfA4tJIHXmWkGH+msDkRXNq2Dbj7tgnDuow1w5CXZMEAAlf1bsUw7Fh8iYx+Xg=
9dkYIAiWg0ltFaXnkAk7IyZ52xnPusrw5/v8Y1c0+diChEgtaPzTEabQvBWHOA/e1rCYWyVsGO8ayIAyKXlypuIhnj6blAKek/xia59uONcrdyuSXwspPAIj+W4=
fW0pc1FjSN/TxMCoNDO3VTSJna8VHPzyzgc4Wy3AjeYsjS8rN4jzYA6Hk5Ru7GPg35M+pp+MMpY7ibt+T1WH27H12bxelZRzJ51UBd0UKPlj
mvzIja/wEVdXlUvEwuIl5uLtp8vM2q/NTHCZ3o2ZkwSEiF8zMjJJ692GiAc3dhpaI/PIm8qgx4wGpvYhZ+hPjnZAGCuFvNi/eviAAkkpsnZCUR7OO8RCTnPMY1t/v3iHi4er4v/b6WxiE/le
QGcG1kktpCs/EWWe3kW6PH0xMA6mdzPn/RgIw1IsAK6RLYKqyuX+wgMg0vKb2Ciw5/uIm8NzC64H/7mQykf5cg==
N03pLsG2EQZoE9ilZAoRNlQKcIDdzP7AabhIYlCWlQ05OIpANSCMvxi+aYA0ph1lzaYJGVG/InlbJCh5MsPh0aJd+zg++XU=
yGtyKHazJ0Wp7KtqZunZswsBZ8FwqiDP4O0eHpOoTHUq0IAvGaESPlJ5XmarjGJGI2Tv8S+yWM8bL+vK75NJ5DI7+XY=
3bs1jFXduESXzuVR19XlE/cyPi0UdjsZdZEFRN76iHBQBPdgTvvC9lO0ZnZPkbdOUz1znwBdQUzSDSDT8+WYVeE8PPl3
V2+kSqoq/A+GUmqEOzvDQ4urxIbR9VSXwUta8oQ77pLA6VVrSuAGqy6Q13YKqEeGydQDmGDxLx373POJQeo2Oflw
hSRa7tZsioGq62hQX9uwS3UMiKpi4y42Xy9eDnbH698PDDzBpCP+msDhRXNq2Dbj7tgnDuow1w5JXJMAAAlf1bsUw7Fh8iYx+Xg=
qDnTZcWPKwxnB2sjZVIH8GkElON99D83EDgMWDjJ5NcOAH/KpCP+msDhRXNq2Dbj7tgnDuow1w5JXJMAAAlf1bsUw7Fh8iYx+Xg=
gCzwwh0nxBi9g4xmwsthoHD201r8531ZOZzlnD18ImH51t44vysGe/z1rMBWXk5my7GnQBT8a+DSgwbGd7xqVoPZU97XpQ9dP0VFXPbFbDN/bXwlJQQg+Ws=
biV/lpnzWXXT6e0l/XURRWIDwKkNCUQmnYXrWa9ThGewJV7Ww4BsXTrYgCcJiTIWArEervskwu6z7GJ6vxr4Z0vnqwK/u2nMIjP5fg==
6hmDxHei9BbM2LkBXjAHJpjbxRoXyqBQaDTPYHbL+tZ7hC62B0Ef7sut6xiazdmsut1oE7sV8LWZzET5Dw==
Q6TezBQjpBwLF1xVQWkYVWTG5+QuPvSYd0cW7kCWrRe6nP7XzuwvCvrUv/oDqfvkkI3XYRugC/Wxls5F+Qw=
tEjXUCBzltGIinchShamx3UMiKpi4y42Xy9eDnbH698PDDzBpyP+msDiRXNq2Dbj7tgnDuow1w5DXZMAAAlf1bsUw7Fh8iYx+Xg=
Lv/4194O2oVnnzuVji0rhmkElON99D83EDgMWDjJ5NcOAH/KpyP+msDiRXNq2Dbj7tgnDuow1w5DXZMAAAlf1bsUw7Fh8iYx+Xg=
tVKW5n4zWo+ePcmj93jqcnD201r8535ZOZzlnD18ImH51t44vysGe/z1rMBWXk5my7GnQxT8a+DRgwbGd7xqVoPZU97XpQ9SPkVFXPbFbDN/bXwlJQQg+Ws=
XgSvKQy86JfCYoKvUG4WXJjbxRoXyqBTaDTPYHXL+tZ7hC62B0Ef7sut6xmdzdmsut1oE7sV8LWZzET5Dw==
oMfXexwoJr5X7kgRASFbZ1QKcIDdzP7AabhIYlCWlQ05OopANSCOvxi+aYA0ph1lzaYJGVG9J3lbJCh5MsPh0aJd+zg++XU=
s82jehlFv45OxyzQV4t/sGkElON99D83EDgMWDjJ5NcOAH/KpiP+msDjRXNq2Dbj7tgnDuow1w5NWpMAAAlf1bsUw7Fh8iYx+Xg=
S8kVPkGqnLLDAky3TTg6ZHUMiKpi4y42Xy9eDnbH698PDDzBpCP+msDhRXNq2Dbj7tgnDuow1w5PW5MAAAlf1bsUw7Fh8iYx+Xg=
UMydYOwT05FiGc8T0VLqymkElON99D83EDgMWDjJ5NcOAH/KpCP+msDhRXNq2Dbj7tgnDuow1w5PW5MAAAlf1bsUw7Fh8iYx+Xg=
qwusMSERLElxtRPDuZ3Ycxkg1ohvMgffWlSluprblPNCbBzL4u8HJPoU/2BD66oWC2ReNpfhTy77jfsbia0o7Gq9+JMLtUB1ySw0+X8=
VglF+LLKQLQqiIMJsi0NdgUoysFwJRbeFUP37NTVm/tDYF/A4u8HJPoU/2BD66oWC2ReNpfhTy77jfsbia0o7Gq9+JMLtUB1ySw0+X8=
/GFwWrnk5LxCFEpibbdu8QNb46QZaifFutF26U2jA6antAp26LkRYgDVdh5AYM3H+ixeR058z3o6hJ/KDprbNdB9t/GbMKtFccYuNfl8
bqjOVMlpSHakGLRFJQVOAwUoysFwJRbeFUP37NTVm/tDYF/A4u8HJPoU/2BD66oWC2ReNpfhTy77jfseia0o7Gq9+JMLtUB1ySw0+X8=
VZXxmjmEJPZFoMrXdem9M5xO3T0c1j5K4vh5WT2U+YzRREZBUcmgjt5kyL3gtUs7M4DvQHJPV+TKdO9gUwuaVtvEzrYngb9uq23LE3iNeCzaHQgTm1UQNTkMJPlv
LLb0/Glh/zJTPApnDT8TN5xO0T0c1j5K4vh5WT2U+YzRREZBUcmgjt5kyL3gtUs7M4DvQHJPV+TKdO9gUwuaVtvEzrYngb9uq23LGXuNeCzaHQgTm1UQNTkMJPlv
2XJq2CI/chenSnZk9F5uCX0xMA6mdzPn/RgIw1IsAK6RLYKqyuX+wgMg0vKb2CO25/+Im8NzC64H/7mQykf5cg==
TM+mGz/m5lYmr1RKE3Cx0vc1KiAHIioUdYgLQNv6iHNQBPdgTfvC9lO0ZnZPkbdOUz1zmwVdT0zSDSDT8+WYVeE8PPl3
GMoI9W7yYwQa0y85ZJXhn/c1KiAHIioUdYgLQNv6iHNQBPdgTfvC9lO0ZnZPkbdOUz1zmwFdR03SDSDT8+WYVeE8PPl3
ErlJ2TDSUZUUtKCs5RFJzstK5xvTV6MkvfBtNt6rFsixoAs3hC4FeFBGeb1hFrVRlfzmMaFVxCEW48Xpjk3nMDr5cQ==
4oeSMVjxCW4btHYs1jJ39Jq2yYyD9gqWyFQM+Yc77pLA6lVrSuAGqy6Q13YKqEeGw9cDnmHxLx373POJQeo2Oflw
J9OXYx67mazsnNaSsGO0JPc1KiAHIioUdYgLQNv6iHNQBPdgTfvC9lO0ZnZPkbdOUz1zngNdR03SDSDT8+WYVeE8PPl3
/gRErCDetgMR61uwarh422gsK1ymOHjmuE8/gVIsAKiRLYKqyuX+wgMg0vKb2Cu35/iJm8NzC64H/7mQykf5cg==
7xmp53tpjZCcXixLL2Lf70k48sJ7V/H6X8Z1cCE3e5QFMDXmpkt+2LmgAydsTv0oiAbBDTn23aEdf2uBCfUcUe6jHbm2bc8gMvl5
e5R5nnXZl3ZGqd4FT2hCnEk48sJ7UPH6X8Z1cCE3e5QFMDXmpkt+2LmgAydsTv0oiAbBDTn23aEdfGuBCfUcUe6jHbm2bc8gMvl5
8kLIDxVbxchdJfZS1DKH63WK4+svOPSFd0cW7kCWrRe6nP7XzuwvCvrUv/oJq/vgkY3XYRugC/Wxls5F+Qw=
RMk6M6aDzB8zj/lQccowtmkElON99D83EDgMWDjJ5NcOAH/KpyP+msDiRXNq2Dbj7tgnDuow1w5NX5MEAQlf1bsUw7Fh8iYx+Xg=
za+dpfIG4+QHPaMkrpACPL+LuRcVNpjdiWUpnZzwjX/sW5bhnshUWkR24dWFa2YooaAbV3Ru1djAxgld0VZlMWX41RHzlbSBpmNViV4N1xAq+WE=
0fdnMB5yFjDyHVGYqC+0jL+LuRcVNpjQiWUpnZzwjX/sW5bhnshUWkR24dWFa2YooaAbV3Ru1djAxgld0VZlMWX91RHzlbSBpmNViV4N1xAq+WE=
okJj5XlUU3eoUBK0nmGB0ZjbxRoXyqBTaDTPYHXL+tZ7hC62B0Ef7sut6xuazd2tut1oE7sV8LWZzET5Dw==
2NjE4B1hesfZGH3W5uybukk48sJ7UPH6X8Z1cCE3e5QFMDXmpkt+2LmgAydsTv0oiAbBDTn23aEdeWyBC/UcUe6jHbm2bc8gMvl5
yBbOUq0RXAJb190MgnDfs7+LuRcVNpjQiWUpnZzwjX/sW5bhnshUWkR24dWFaGYooaAYV3Ru1djAxgld0VZlMWX90hHzlbSBpmNViV4N1xAq+WE=
d+6gEc6Df3BHPHyLHMztUpjbxRoXyqBQaDTPYHbL+tZ7hC62B0Ef7sut6xuZzdytut1oE7sV8LWZzET5Dw==
AEQrvpjkGLQLYWaZ3fGDFr+LuRcVNpjQiWUpnZzwjX/sW5bhnshUWkR24dWFamYooaAaV3Ru1djAxgld0VZlMWX71hHylbSBpmNViV4N1xAq+WE=
G13Rip7IxNL+QaNrDqEuK5jbxRoXyqBSaDTPYHTL+tZ7hC62B0Ef7sut6xmYzdytut1oE7sV8LWZzET5Dw==
mJRYVRMZIF9jjqSiBbyIq0XqcONGZCDrvidD1J6Mc+DPc05mzyyCFqvpSz6fdbfSxBWIfe41BPPX/YRF7TQ4+XM=
bTZuMtbHtbBh9VayrsH6UgUoysFwJRbeFUP37NTVm/tDYF/A4u8HJPoU/2BD66oWC2ReNpfhTy77jfsfi60s7Wq9+JMLtUB1ySw0+X8=
cxQiSQBPHeBjECQzyGxPJHl1cmxU6MPueG4+2NnSdy0aeYZxzTtzDgfc2s6oQUFK4L1GBkB4/a8aBA6/DsQfEpos71KLBiuZcZXnSVtIe20RLh4t+WQ=
VsO2KZobw5ccy8yP5LB4HX0xMA6mdzPn/RgIw1IsAK6RLYKqyuX+wgMg0vKb2Ciw5/uJm8NzC64H/7mQykf5cg==
kcdz2N9xfjqwbrAm1wI8a82xuyS8twF8nd8kLiZ3Pz2dIHcYf3d1vD0rxpTt2RWkNVeZ2R4RU5au/5YEWwoQZxgoFhRlBhigMO+wIx+e1i/WifXput2BiW7o1SJkDPkbIc+fXts0gn5T3GNMX4W5d2sXK3Kfq6lcQgP5Tg==
3+yCl2SU7owmErLkLgtUrB+zeuFcYXO7qSFU1IL+N7/9P08j3jWEAqvpSz6fdbfTwRWCfe41BPPX/YRF7TQ4+XM=
rDIcJ5XddOW//TvRGrArT8wbgmMuVRSCG0kb/u+Vp9PRNbI9PlX0c0ddNIW91Ej5Aw==
Q1OopjGbbF2nxs+g0+vIsfctNglVOD0TPI8UR9ypi1QRI7M1QvbE406zandPkbdOUz1zkwVdTk3SDSDT8+WYVeE8PPl3
A/JzP+HLKzwTrO5gFVO4tPctNglVOD0TPIsWSdypi1QRI7M1QvbE406zandPkbdOUz1zkwVdTk3SDSDT8+WYVeE8PPl3
DnOqgchRfDGKYxqBsCXZoh+zeuFcYXO7qSFU1IL+N/38O1Ij3jWEAqvpSz6fdbfTwRWCfe41BPPX/YRF7TQ4+XM=
hP4O00lyzzfJ7ACBc0g8ujZDkepaEwtqi4/yDPBTzHSsLGKZms1OGR6d3kZAniMDEqwPrvskwu6z7GN9vxX5Z0vnqwK/u2nMIjP5fg==
HtflGZSkaHkmpst/vn8K1jZDkepaEwtqi4/yDPFTzHSsLGKZms1OGR6d3kZAniMDEqwPrvskwu6z7GJ9vxX5Z0vnqwK/u2nMIjP5fg==
2Ns5/DFXp4PSl5kc5ZyimTZDkepaEwtqi4/yDPJTzHSsLGKZms1OGR6d3kZAniMDEqwPrvskwu6z7Gp4vxz8Z0rnqwK/u2nMIjP5fg==
PZqFE36duNmMoGXbHDi80XJIo5j2Walj3B7BQKFnm9gUCLqigLg+vqMqQZeyzOfH8znjnifFP1xNZXMYBmTcs+/NrGX1JDD5ew==
mP3U3maFTmpYYhGUNHME4nJIo5j2Walj3B7BQKFmm9gUCLqigLg+vqMqQZeyzOfH8znjnifFP1JNZXMYBmTcs+/NrGX1JDD5ew==
Kj1bNFxK3xCTcEZ96J8XIXJIo5j2Walj3B7BQKFlm9gUCLqigLg+vqMqQZeyzOfH8znjnifFP1pMZXMYBmTcs+/NrGX1JDD5ew==
pW3zXfpbK957s1S096Cwq3JIo5j2Walj3B7BQKFkm9gUCLqigLg+vqMqQZeyzOfH8znjnifFP1lMZXMYBmTcs+/NrGX1JDD5ew==
jOVKaDKwIt2n0PO3djffJEqw4Ck6nY5J/u3eNqDO4V26C54eW/SCPtMcbYjfzby36lcrsh/rqZzCQ/kO
1cJQjuHqUoHueDfmNSp3wSsOrizDEEEWCBSOKFKqDMGOrEPHl42Z/WYzGBFSgYf079PERLSdUrVAJf0uYo31/JHDY7cBe0igqXvW29K4PaVtJunZMbwGOfygSLjSw8ERwt0beB75VQ==
WZjgc9niEWOMz7gqF3JLJCsOrizDEEEWCBSOKFKqDMGOrEPHl42Z/WYzGBFSgYf079PERLSdUrVAJf0uYo31/JHDY7cBf0G3rnvW29K4PaVtJunZMbsDOf+gSLjSw8ERwt0beB75VQ==
eLoO8lltmHORp/xjKdvYMCsOrizDEEAWCBSOKFKqDMGOrEPHl42Z/WYzGBFSgYf079PERLSdUrVAJf0uYo31/JHDY7cBe0igqXvW29K4PaVtJunZMbgDOf+gSLjSw8ERwt0beB75VQ==
gm+H67exQGzluWzbB/mKsysOrizDEEAWCBSOKFKqDMGOrEPHl42Z/WYzGBFSgYf079PERLSdUrVAJf0uYo31/JHDY7cBf0G3rnvW29K4PaVtJunZMb8DOf+gSLjSw8ERwt0beB75VQ==
I829K3TixmutLXiuxQJmeCsOrizDEEAWCBSOKFKqDMGOrELHl42Z/WYzGBFSgYf079PERLSdUrVAJP0uYo31/JHDY7cBe0igqXvW29K4PaVtJunZMb4DOf+gSLjSw8ERwt0beB75VQ==
wyKSO/S1Fww7p2cVRLMz9SsOrizDEEEWCBSOKFKqDMGOrEPHl42Z/WYzGBFSgIf079PERLSdUrVAJ/0uYo31/JHDY7cBe0igqXvW29K4PaVtJunZMbsCOf+gSLjSw8ERwt0beB75VQ==
vAQp3lVtFy3s9/AJT4lLrNLMwr7RZH2ou8sk5jis2MeDWRUUzGosWQ16mpvWyYikaCpLM7L8B3z4/C6dE/LM/bsgX3st68+7hvznQxgHnMgTeYMeh4UfXiwlkZimpPyzzw3M5RVkEPlb
vdnMrRaGIj8Gxw5flHKWI9LMwr7RZH2ou8sk5jis2MeDWRUUzWosWQ16mpvWyYikaCpLM7L8B3z4/C6cE/LM/bsgX3st68+7hvznQxgHnMgTeYMeh4UfXCwlkZimpPyzzw3M5RVkEPlb
y2880pdZ7s5CvtgCGKBHQdLMwr7RZH2ou8sk5jis2MeDWRUUzmosWQ16mpvWyYikaCpLM7L8B3z4/C6fE/LM/bsgX3st68+7hvznQxgHnMgTeYMeh4UfWy8lkZimpPyzzw3M5RVkEPlb
4mymUVKS0H3EH9dZs/BNpdLMwr7RZH2ou8sk5jis2MeDWRUUzmosWQ16mpvWyYikaCpLM7L8B3z4/C6fE/LM/bsgX3st68+/j+vgQxgHnMgTeYMeh4UfXS8lkZimpPyzzw3M5RVkEPlb
AHI5mSV9GzpVinkNDjZVz9LMwr7RZH2ou8sk5jis2MeDWRUUzWosWQ16mpvWyYikaCpLM7L8B3z4/C6cE/LM/bsgX3st68+/j+vgQxgHnMgTeYMeh4UfXS8lkZimpPyzzw3M5RVkEPlb
Hv0AqHlmhPR6R1ELamjbDtLMwr7RZH2ou8sk5jis2MeDWRUUzGosWQ16mpvWyYikaCpLM7L8B3z4/C6dE/LM/bsgX3st68+/j+vgQxgHnMgTeYMeh4UfXC8lkZimpPyzzw3M5RVkEPlb
hpkMhJRKf8G3U7HCHO4DHNPMwr7RZH3z7tEz7SK99ce1TCBVuglMCwd6z8Sr2ZO1JmhaPqjLFmft/3reANGYuJciX3st68+7hvznQxgHnMgTeYMeh4UfWS4lkZimpPyzzw3M5RVkEPlb
QJCOxAmbV9EYK9gynv1ENdPMwr7RZH3z7tEz7SK99ce1TCBVuglNCwd6z8Sr2ZO1JmhaPqjLFmft/3reANGYuZciX3st68+7hvznQxgHnMgTeYMeh4UfXC4lkZimpPyzzw3M5RVkEPlb
yjEzpadbClQLGhPgDt68h9PMwr7RZH3z7tEz7SK99ce1TCBVuglOCwd6z8Sr2ZO1JmhaPqjLFmft/3reANGYupciX3st68+7hvznQxgHnMgTeYMeh4UfWCklkZimpPyzzw3M5RVkEPlb
LCpFEAimC9kgb4tBbACi6X0pOx2/MjCr6gkJ2W9eGtCMLYKqyuX+wgMg0vKb2Cm25/uMm8JzC64H/7mQykf5cg==
DF+PJQUlUplWrj/bYEBv1msWx7IXWwJ7z4XtWadIz262IBCa0s1ZBQeqmlwUiTIWArEervskwu6z7Gl6vx/8Z0rnqwK/u2nMIjP5fg==
5Ps34VI+vEwGDiYNb1OB3a+M4hj8kiQopo2VHmMCdY27smUqNhZ4k2iPSBfjbO0tlbveFBA9FgXbumtaXI6NiDiGUa1pNo2B7XldYVowzDB+I21ZBi0/ACL5aQ==
r/BBf9ZEVGJhc4GN/s4f2lJx9r6GWrpp0FfJROc5t+scQLq1nKEJ+rl+Voan3PrW8znjnifFP19PZXAYBmTcs+/NrGX1JDD5ew==
xSzszOIH55ET5T4K/2x9dq+M4hj8kiQopo2VHmMCdY27smUqNhZ4k2iPSBfjbO0tlbveFBA9FgXbumtaXI6NiDiGUa1pNo2B7X9dYVowzDB+I21ZBi0/ACL5aQ==
0nDoSPTqFIJSGl6sULynHkpkJH2bwH6ZnVKJ9N5L/lndDXPi8Yq3g8zA0aqzUAZ/KjUVzMTaXP44yRJz06xdTSU7TnRA/cYlq7qbegzOXWioBuFN2Xa9Yf1yTUGqcLyQjqP9+dbtb2AS+Vk=
BbZMD01qaqoJRbUvRZJ081LG4MBbJiHUgnJZ44QNORkVEnDK38jzLUq5yYmPLhrArB3CeqoVflKjkBKie6grp8fLzEuig4s+p095wCo3+WI=
aT4DbUiQ4vIZnwMxMgQcU30pOx2/MjCr6gkJ2W9eGtCNLYKqyuX+wgMg0vKb2C635/uMm8JzC64H/7mQykf5cg==
9It/qofX7CfiUNa4nFcKX2sWx7IXWwJ7z4XtWadIz262IBCa0s1ZBQeqmlwViTIWArEervskwu6z7G57vx/8Z0rnqwK/u2nMIjP5fg==
poCTEQ3SWU/miIFP/6PiO13jcnrylb0bdjaUpadSWULixgyrpM8E71c8OYXpG0J8pM2CnVc658PI/jlgpCatBT3mOfkhvhBZrmCY2EJDcXFyHSsYLvll
SwF3ZP91L7+8yFI3D5eA1FLG4MBbJiHUgnJZ44QNORkVEnDK38jzLUq5yYmPLhrArR3CeqoVflKjkBKie6gtp8fLzEuig4s+p095wCo3+WI=
4wDY2YUhbflhSAZ6ypi2wEpkJH2bwH6ZnVKJ9N5L/lndDXDi8Yq3g8zA0aqzUAZ/KjUVzMTaXP44yRJz06xdTSU7TnRA/cYlq7qbewzOXWioBuFN2Xa9Yf17S0GqcLyQjqP9+dbtb2AS+Vk=
yw2VvpJq6HcsTHjXB5kRln0pOx2/MjCr6gkJ2W9eGtCOLYKqyuX+wgMg0vKb2Ci15/yMm8JzC64H/7mQykf5cg==
4F6XLWMHjDYhqcf0G65uhWsWx7IXWwJ7z4XtWadIz262IBCa0s1ZBQeqmlwWiTIWArEervskwu6z7Gh5vxj8Z0rnqwK/u2nMIjP5fg==
x8yWFSja3+o5kUyRPjtWxV3jcnrylb0bdjaUpadSWULixgyrpM8E71c8OYXpG0J8pM2CnVc658DI/jlgpCatBT3mOfkhuBJZqWCY2EJDcXFyHSsYLvll
BlikDmgzrE1eLRfW2ghiVFJx9r6GWrpp0FfJROc5t+scQLq1nKEJ+rl8Voan3PrW8znjnifFP19MZXcYBmTcs+/NrGX1JDD5ew==
mnY5e4kfdPaTn1S0ElBjxq+M4hj8kiQopo2VHmMCdY27smUqNhZ4k2iPSBfjbO0tlbveFBA9FgXbumtYXI6NiDiGUa1pNo2B7X9eYV0wzDB+I21ZBi0/ACL5aQ==
bhp4sGI9N1TlH3APzLHbP1LG4MBbJiHUgnJZ44QNORkVEnDK38jzLUq5yYmPLhrArh3CeqoVflKjkBKie6gupcfMzEuig4s+p095wCo3+WI=
IR2kAnk2xz0eJUZ4+1LwAkpkJH2bwH6ZnVKJ9N5L/lndDXHi8Yq3g8zA0aqzUAZ/KjUVzMTaXP44yRJz06xdTSU7TnRA/cYlq7qbeAzOXWioBuFN2Xa9Yf1yTkGtcLyQjqP9+dbtb2AS+Vk=
g0HpeVo6LdmB2iGKjNgPQ1Jx9r6GWrpp0FfJROc5t+scQLq1nKEJ+rl/Voan3PrW8znjnifFP15PZXcYBmTcs+/NrGX1JDD5ew==
z+g69nnSoUu4RC0QG4WP2V3jcnrylb0bdjaUpadSWULixgyrpM8E71c8OYXpG0J8pM2CnVc658PI/jlgpCatBT3mOfkhvhFZqWCY2EJDcXFyHSsYLvll
nhVsesVvO0pWj6OlpiWvglJx9r6GWrpp0FfJROc5t+scQLq1nKEJ+rl+Voan3PrW8znjnifFP1pOZXcYBmTcs+/NrGX1JDD5ew==
w7/G8SGI293uUWiAmFuVf3ce2/sITBN6gJK/D+lGwGa3LFOR0s1ZBQeqmlwUiTIWArEervskwu6z7Gp7vxj8Z0rnqwK/u2nMIjP5fg==
Ksgdb2bGTcwc1XlNyT0kZQEowIQiY0vZH0WioI+flfRLYVOLuPgWJeApjXo99qoWC2ReNpfhTy77jfseiq0r6Gq8+JMLtUB1ySw0+X8=
B0OFUBy3KoSDsfQwNBphfa6M4hj8kiQopo2VHmMCdY27smUqNhZ4k2iPSBfjbO0tlbveFBA9FgXbumtaXI6NiDiGUa1pNo2B7X5cYV0wzDB+I21ZBi0/ACL5aQ==
sRCzs7zgjkRRfD5QaaE8c1Jx9r6GWrpp0FfJROc5t+scQLq1nKEJ+rl+Voan3PrW8znjnifFP11OZXcYBmTcs+/NrGX1JDD5ew==
cr6RTZkWeoLwaKfnyX8B6a+M4hj8kiQopo2VHmMCdY27smUqNhZ4k2iPSBfjbO0tlbveFBA9FgXbumtaXI6NiDiGUa1pNo2B7X1cYV0wzDB+I21ZBi0/ACL5aQ==
eC2xg7cf2jx6TrnqLoHaQlJx9r6GWrpp0FfJROc5t+scQLq1nKEJ+rl+Voan3PrW8znjnifFP1xOZXcYBmTcs+/NrGX1JDD5ew==
CSyDIpp79mVngbe8jBy+Mnce2/sITBN6gJK/D+lGwGa3LFOR0s1ZBQeqmlwUiTIWArEervskwu6z7Gx7vxj8Z0rnqwK/u2nMIjP5fg==
W+CmroQOstHF/wGzyCPHugEowIQiY0vZH0WioI+flfRLYVOLuPgWJeApjXo99qoWC2ReNpfhTy77jfsSja0r6Gq8+JMLtUB1ySw0+X8=
+RzlscgmCyxoan4RcrbE+a+M4hj8kiQopo2VHmMCdY27smUqNhZ4k2iPSBfjbO0tlbveFBA9FgXbumtaXI6NiDiGUa1pNo2B7XtaYV0wzDB+I21ZBi0/ACL5aQ==
9DYVvhGZr3dyFL9PxF2YgFJx9r6GWrpp0FfJROc5t+scQLq1nKEJ+rl+Voan3PrW8znjnifFP1pIZXcYBmTcs+/NrGX1JDD5ew==
PpGGKRt/j+buJmLdzCaNxK6M4hj8kiQopo2VHmMCdY27smUqNhZ4k2iPSBfjbO0tlbveFBA9FgXbumtaXI6NiDiGUa1pNo2B7XpaYV0wzDB+I21ZBi0/ACL5aQ==
aykHwFeJrfQ7mnIXw6fyUlJx9r6GWrpp0FfJROc5t+scQLq1nKEJ+rl+Voan3PrW8znjnifFP1lIZXcYBmTcs+/NrGX1JDD5ew==
BlYAgx/b2QTwaav3MURUiV3jcnrylb0bdjaUpadSWULixgyrpM8E71c8OYXpG0J8pM2CnVc658LI/jlgpCatBT3mOfkhuRZZqWCY2EJDcXFyHSsYLvll
0PUBt2Vxefkx4XP9P6E0cojhcE1o1puvPANQyqn/ZijiggYpLA/tVOMxm8vwCH4F+FmVeiUGsjbjFJb23zHnjgMdQ570PZOIguywU0OFaBXRHCz5Zw==
7qUGXwXptb8JqfyL/jPV39PSxrPDZnjp7ItjtmL4rJ3EFmsCzQdOQFMuydici5ilZ3heMuaaWmnwl2nEB/nX6/wAGjU84en62b72BgccmtYTeYMeh4UfUi0llpimpPyzzw3M5RVkEPlb
exOq3bvcij2zLpvBLNUZWTthThp2YmkyY/CSwrvIK8YHrU0rYuOLXmcv+aDqV/kC
AJbQAq/3x5XdQ3MCQjQ24c7RUkHLkaU+ij8oliEVVX1vSIfeqgD3PktsszPFWf5FO4Qj4aGCxkH5CA==
02f3IpxN0oAzdd9MV2mV649d8kREad3BNHTEIZs7jcWdZlk5QbsxmQjheJiiQ5Ex0p2L2E75BQ==
xF8QR9IHheW3+BlSYcGDfBm/JyGhibVcazC07KEfXEXzwgygo8FTo151ZYzoER5tpNeZnWZptJaa6z1UszGtBT3mOfkhuxFZqGGY2EJDcXFyHSsYLvll
TyRsGlo4Vpl+PyiosYoofCe3jxe8oGINIsDliDpwL2/y2Z164jwNIf3/sM0LUEZh0LHqb1fBKKn6ylTTc4h9QYPZU97XpQ9bP0VGWfbEbDN/bXwlJQQg+Ws=
Szt0tLiEkQ/9Oz/iBBM4qwl+bz9ce25+TeGGoEQFOva3uedQLrXOPFEuKcXx5ApvievfN0sw48mJ2Sxxv2yiBHlox34q4LceS0xzU0X5PmU7ZGMBISIGIflo
FNA4O5Wtkf0bx1JVJFALOO/pyWoa0vzjXkxH56uSZuM6FjHAFdfp4g51mZXzFSMGN4PJF3DDR8oG/sn2S/yidgN06+IPgZ2/+r9rWo9jCdQSK/lm
