YogUMkULvaeuk70dfMBTSVmHz+UkQV7k5jWwJxAMPiTMFfM+pdtDDhn2vHF0WeXl/NJBt2JAFq9vBJNryyuoxs/GT6ePkiGnSn3CKDb5fQ==
3ltVBRmcW9BF+KfN0C6+Szh/PhK4I2L07B9dyWx5XoXxf5Ou1vjPsRkq0PCZyjux6PKKlM12GrYB/7mRykf5cg==
AenMqKfKmrD9wmyi34FY1fp3LZhZSp+zpUHLyeqCluU65BL5yJKAQ6Y1UrLuJOOhc3IBKVEFYWQSjq+Ole+V9F3eMHCKXdWdVrDrl9eA/tHXk0szGVZHvV5PvNSQa40M4d8xi9T3PQkoI1RCO8OIlXBcDPlH
gXs0e0wS/yTV14kiVr1ykBoEduJws27G4P8CEITzLT0Uhd4BefMDOk5kbxWxhmBEIXb79iW+XcUVK/rS6ZNJ5TI7+XY=
a9+L6kxAIgwIXoh5pIddjhoEduJws27G4PsAHoTzLT0Uhd4BefMDOk5kbxWxhmBEIXb79iW+XcUVK/rS6ZNJ5TI7+XY=
A+zyhmiIyiUtxTMg3GZ2DB+zeuFcYXO7qSFU1IL+N7/lO0xsmzyBLc3zQTydd6XLwx+BeeQ7AOLP+4RF7DQ4+XM=
tI7X2a9E9IBiJD+CxPFW8qq8QfK3gQKuwwE0RA1gU2UQg7lcdec9S1uPKdlci0gihyvcpYTEQPkL
PJAZaJYBxVhnz/JBaCBq3DsWMbAbr7AOkb/ShCzLxXgYTi1gmyRhcPV/qa1KcD3NkY/eTfkE
rL3T1smpTeDzU8F7cRowdWNbolUOmvHZue/Zsw+GoP12d83kykMDzJhp/sChg90YSfKwGOkyuzx5ai05fc/a/tGnWfk6P/l6
vIO0V8LG4Y/kVSX9aDhMTSle1+07v3J0UXsdSTHJ49gQTyKhtS6WjcOOXC82mm29jco9BOgy1RxbWJ0MBQNR0aoMxbFh8yYx+Xg=
zlbZ+SaqkLJ8osgAOQXMGhFNPMvE2fmXMacPbFiRik4vOvcyLyvjp0TiK9tqxQ9/x6QLG0OrJ3BXIyJ3NtL516Jd+jg++XU=
iKnSxrVF3xYBEZsV68iw2R8qv/WSV6o5l0ufH6EwtuFEEuGCue5h6617Ctrlh6S14SPpnCXHLUtFbHkbDGvYovfLrGX0JDD5ew==
coTu/UMRC8ykHTWeOFFO3RFNPsvE2fmXMacPbFiRik4vOvcyLyvjp0TiK9tqxQ9/x6QLG0OrJXZXIyJ3NtL516Jd+jg++XU=
/JBRN8eigJgWC+uLsJ+7ZWNbo1UOmvHZue/Zsw+GoP12d83kykEMzJhp/sChg90YSfKwGOkyuzl8aig5fc/a/tGnWfk6P/l6
hgB7/hcDZyIulRn/ufWCkB5ipYIgHeWrH54qLHQiNYoaeHiF1Slps6urbz4wEr9z1mXTFzP036MPa2yIA/QWX+qyBb+2bc4gMvl5
Ma0lna74b5m87Kc22PYVbgcI5cXUZR//rFuVlrGLi12lueSemN00+PwZJk5Oe+hpHMKAeE0Z3e6Pqd+Zz9y80sH+27PbzJMC3pBkQdulWKzl57mc0On5T4Xz14rpBfDT0qQe9wO0b0PfazYq87hnfxoyVZ+mrV5AAvlJ
G1Ua5O5oh1SGS9CyCDUcNRoEduJws27G4P8CEITzLT0Uhd4BefMDOk5kbxWxhmBEIXb7+SS+VMQVK/rS6ZNJ5TI7+XY=
3x7EeBHbAZNi6Erpud+KMBoEduJws27G4PsAHoTzLT0Uhd4BefMDOk5kbxWxhmBEIXb7+SS+VMQVK/rS6ZNJ5TI7+XY=
LckAfUttpG/AXQuMhW1T1047Lhj+hsWEkPB1AQPIvf3TOlC0+i0R+syapJTLy8TtuBNtOhoFNXoa5ljhEBvM976VXvPNzKvpCjkFphhuQK6XX/XuDV3p7w+EcyurK4KCb0jr566SAefq/WJoFvld
eZihfVtsER9xJCm3yXKaYl5Cv01iAHuF0ia31j4ss6NK3zlRnU+r0oM7Ck5qha//16b00U1MICU6rTcjS53FaWGIzZa0gsPl1SCAew5hTHB72IBmdfAVELhmXbgbc5BYXJb5lYoI7eXxZ24V+Vw=
b2Sfi6l9u0JzxqDrEgeO9b2z5pxai8I2Q2440V5uqUM0DNF967Rl1TwJXufWiosbE2UvNkBDPeKMz9ILk0ErIxmTuTmZ5ORMDy8dZsQ5Tr+wqkOO9DRFHvk6kAA5mjuNjGJE4O2nmgbh7/lhahf5Qg==
mm08GxHqrweqESwIrYD8W9PMwr7RZHzz7tEz7SK99ce1TCBVuglEEQF609yq2ZO1JmgBa7LcHX380nroFeTZzvRNQGFz6t6uhuLhB1MCm+1/Y4kchYcNSyQumZCtq/ii1wvM5RRkEPlb
y2VqJ2LxqN4orfAApESV1E87Lhj+hsTfxepiChnZkP3lL2X1jSMX5Z3P/syNqsTtuBNtOhoFNXoa5ljhEBvM976VX/PNzKvpCjkFphhuQK6XX/XuDV3p7w+EcyurK4KCb0jr566SAefq/WJoFvld
m7SSI48+Cca5pdUGJKxt/087Lhj+hsTfxepiChnZkP3lL2X1jSMW5Z3P/syNqsTtuBNsOhoFNXoa5ljhEBvM976VX/PNzKvpCjkFphhuQK6XX/XuDV3p7w+EcyurK4KCb0jr566SAefq/WJoFvld
KU21XoDw87Ji89IMGGqM1F5Cv01iAHuF0ia31j4ss6NK3zlRnU+n0oM7Ck5qha//16b00U1MICU6rTcjS53FaWGCzZa0gsPl1SCAew5hTHB72IBmdfAVELhmXbgbc5BYXJb5lYoI7eXxZ24V+Vw=
KjC8KUfJ8J87kuPoWxPIPl5Cv01iAHuF0ia31j4ss6NK3zlRnU+t0oM7Ck5qha//16D00U1MICU6rTcjS53FaWGIzZa0gsPl1SCAew5hTHB72IBmdfAVELhmXbgbc5BYXJb5lYoI7eXxZ24V+Vw=
ay5tb6ogMaBzbzPLiYnSnE47Lhj+hsWEkPB1AQPIvf3TOlC0+i0S+syapJTLy8TtuBNtOhoFNXoa5ljhEBvM976VVPPNzKvpCjkFphhuQK6XX/XuDV3p7w+EcyurK4KCb0jr566SAefq/WJoFvld
Ra45/59RnojdM42i4mXqML2z5pxai8I2Q2440V5uqUM0DNF976x+zysGRvjWiZlUCDE9K18HLOmQ2N8XonAsMT71qD2Z5ORMDy8dZsQ5Tr+wqkOO9DRFHvk6kAA5mjuNjGJE4O2nmgbh7/lhahf5Qg==
SXB/4Or5svvVpgnRuFxGsEp6IHCJwnuM2w7TkcxbvgKGTBLsus/jzp24wOW0A1AifiURgsbWFKlU2wg/8uUMSyksD3F2qYkunO7EJhvPCXapPY1X03S/Y+9rRkqjeLefirLl/9btbmAS+Vk=
d/oDAxCQXncuyW2uM7q4c72z5pxai8I2Q2440V5uqUM0DNF976x9zysGRvjWiZlUCDE9K18HLOmQ2N8XonAsMT71qT2Z5ORMDy8dZsQ5Tr+wqkOO9DRFHvk6kAA5mjuNjGJE4O2nmgbh7/lhahf5Qg==
4ZCQt96X7zabSMdUZo4kZ9J4EyYSiivTPHl2Ta36SiC+/wXvthtcVVrVoYi0hlxxOX0JU/tU5VAawhie5X2s10AwYz1FVAj/juXEBOtsaILVlH2kaJKV/Fs3WKyMopHxquwF0eETZhH5WA==
CEGSjNRE3X8AVqugTgjHuN7fEUthsDJ1GzjOiCu93SgjQU1Czghim9scAqNHOQsNWg4mLq/b0em67YKIz2/rtlMbiPkXHkZmLRM1QVsaxq6eksknq9LTrTfTUfwtF3XLnL5xMPXbsGIf2/SFfFQI+UM=
hniXPz40fDl4haO00fKsQl5Cv01iAHuF0ia31j4ss6NK3zlRnU+q0oM7Ck5qha//16H00U1MICU6rTcjS53FaWGIzZa0gsPl1SCAew5hTHB72IBmdfAVELhmXbgbc5BYXJb5lYoI7eXxZ24V+Vw=
zlksFU6tW0FTlaC/j7kANL2z5pxai8BtFnQv2kR/hEMCGeQ8mKJ/iXFEAb60m9ZPXCF7YQEBLO+W+MMQhkJ/Y0v7rSLIsb4USU4dZsQ5Tr+wqkOO9DRFHvk6kAA5mjuNjGJE4O2nmgbh7/lhahf5Qg==
v+jVd5n8xLOZiCasi2ez415Cv01iAHuF0ia31j4ss6NK3zlRnU+o0oM7Ck5qha//16f00U1MICU6rTcjS53FaWGIzZa0gsPl1SCAew5hTHB72IBmdfAVELhmXbgbc5BYXJb5lYoI7eXxZ24V+Vw=
peI4xmJmQoDz1IXuiGxFzr2z5pxai8I2Q2440V5uqUM0DNF96btl1TwJXufWiosbE2UvNkBDPeKMz9ILk0ErIxmTuTqZ5ORMDy8dZsQ5Tr+wqkOO9DRFHvk6kAA5mjuNjGJE4O2nmgbh7/lhahf5Qg==
iam6P0KnXRegJEaok2c5EdPMwr7RZH3z7tEz7SK99ce1TCBVuglDRkJhzovI1sy1YzZcPq7NNnvq20iNU//b/L0FLGFz6t6uhuLhB1MCm+1/Y4kchYcNSyQumZCtq/ii1wvM5RRkEPlb
OXzoEAHqqnfo1dePX0Un05pQ2CsEzD5L4O54FTeP5J72ARdeTcC9n4ohiP/i4k48NJ3pOyAVHLGfQqouckqNV4/az41Lm7VsqW/ZC3mFdSDREwwCg1MQNTgMJPlv
7w+/cBeA4uXu4UDzm61IVJpQ2CsEzD5L4O54FTeP5J72ARdeUo+my5o+l+D9vkM0L4rfSD8VHLGfQqouckqNV4/az41Lm7VsqW/ZC3mFdSDREwwCg1MQNTgMJPlv
/zX9RHGCjTkditMhllIjNCBm2lWK+Im6v6CJe0U8zZ20xxZ0OvbTX//frxPQPQjZy7bjCX8nTbosjc4TaG5z8vwgpVKBngCcke57aJdmNNwlczqKWQspPQIj+W4=
TQTVRGTdZ9438plXII8xgx+zeuFcYXO7qSFU1IL+N7/lO0xsmzyBLc3zQTydd6XLxR2BcOU7AOLP+4RF7DQ4+XM=
0GsVE/Bqqaasrp1KFpbPEqq8QfK3gQKuwwE0RA1gU2UQg7lcdec9S12NKdBdi0gihyvcpYTEQPkL
Mj7ekTPpTncRy0VBG5weKDsWMbAbr7AOkb/ShCzLxXgYTi1gmyJjcPx+qa1KcD3NkY/eTfkE
pR2rn8NGRJj6RkfUXHJ9gATkJ6MRMTHm/nsGgZawOqqrYH9Tm2PfB9vzQTydd6XLwByBcOU7AOLP+4RF7DQ4+XM=
Rqi6SjRfO3ueBr/X9HYxfAcI5cXXZR//rFuVlrGLi12lueSemN00+PwZJk5Oe+hpHMKAeE0Z3e6Pqd+Zz9y80sH+27PbzJMC3pBkQdulWKzl57mc0On5T4Xz14rpBfDT0qQe9wO0b0Pfazsu87hnfxoyVZ+mrV5AAvlJ
7cY4cVhMb7Kr+1IGGxhB2hoEduJws27G4P8CEITzLT0Uhd4BefMDOk5kbxWxhmBEIXb79CC+VMQVK/rS6ZNJ5TI7+XY=
qHKcgjZHH1CPsa0IpwtO2RoEduJws27G4PsAHoTzLT0Uhd4BefMDOk5kbxWxhmBEIXb79CC+VMQVK/rS6ZNJ5TI7+XY=
vVhOx/OkFNLBJh5xzfRRpWaY23SGvliAx/ESi/yvY02nbDvQsZONSy8NBkvsm+arsiVj/hn+uqC8eA3HwInwxcsEPR7UMU6ngMIjtiT8hUaJkjD4qRK7GDiKpFi979reEcfZGXof+Vo=
a9feewYmXrmU8JScfqVjDl5Cv01iAHuF0ia31j4ss6NK3zlRnU+q0oM7Ck5qha//16H00U1MICU6rTcjS53FaWGIzZa0gsPl1SCAew5hTHB72IBmdfAVELhmXbgbfpRYXJb5lYoI7eXxZ24V+Vw=
5NXzIODS3noepYYG9ZHnyl5Cv01iAHiF0ia31j4ss6NK3zlRnU+q0oM7Ck5qha//16D00U1MICU6rTcjS53FaWGJzZa0gsPl1SCAew5hTHB72IBmdfAVELhmXbgbfpRYXJb5lYoI7eXxZ24V+Vw=
KNiyYix7JiIH0/iBdOD0Y2aY23SGvlzbkusFgOa+Tk2ReQ6RwPDpAyMNTw+Qi/26/Gdy8wPJq7upe1mAyayklP8HPR7UMU6ngMIjtiT8hUaJkjD4qRK7GDiKpFi979reEcfZGXof+Vo=
/xxAyPZs9lbCLPONOTMG02aY23SGvlzbkusFgOa+Tk2ReQ6Rw/DpAyMNTwmQi/26/Gdy8wPJq7upe1mGyayklP8HPR7UMU6ngMIjtiT8hUaJkjD4qRK7GDiKpFi979reEcfZGXof+Vo=
C3IFQoE0KkBoSatE1RTxKGaY23SGvlzbkusFgOa+Tk2ReQ6RwfDpAyMNTwiQi/26/Gdy8wPJq7upe1mHyayklP8HPR7UMU6ngMIjtiT8hUaJkjD4qRK7GDiKpFi979reEcfZGXof+Vo=
DtwkeqNCHSGTzDc0/Bn7OWaY23SGvl6Ax/ESi/yvY02nbDvQsZOISy8NBkvsm+arsiVj/hn+uqC8eA3HwInwz8sEPR7UMU6ngMIjtiT8hUaJkjD4qRK7GDiKpFi979reEcfZGXof+Vo=
K2ydrS08/8XYrpB8s7xgt2aY23SGvl+Ax/ESi/yvY02nbDvQsZOKSy8NBkvsm+arsiVj/hn+uqC8eA3HwInwyMsEPR7UMU6ngMIjtiT8hUaJkjD4qRK7GDiKpFi979reEcfZGXof+Vo=
tv5RGtZvoYATU6B7B0TTbV5Cv01iAHuF0ia31j4ss6NK3zlRnU+t0oM7Ck5qha//16D00U1MICU6rTcjS53FaWGIzZa0gsPl1SCAew5hTHB72IBmdfAVELhmXbgbfpRYXJb5lYoI7eXxZ24V+Vw=
5tbfI8369nj9gNoJxrMnpGaY23SGvl2Ax/ESi/yvY02nbDvQsZOISy8NBkvsm+arsiVj/hn+uqC8eA3HwInwzMsEPR7UMU6ngMIjtiT8hUaJkjD4qRK7GDiKpFi979reEcfZGXof+Vo=
cAoLdHLDWAfdEDUwKvbdvU47Lhj+hsXfxepiChnZkP3lL2X1jSNn9IfJ/tCVq8TtuBNsOhoFNXoa5ljhEBvM976VVvPNzKvpCjkFphhuQK6XX/XuDV3p7w+EcyurK4+Gb0jr566SAefq/WJoFvld
/fgfN6owTjRslPaeDnu9NGaY23SGvliAx/ESi/yvY02nbDvQsZOLSy8NBkvsm+arsiVj/hn+uqC8eA3HwInwzssEPR7UMU6ngMIjtiT8hUaJkjD4qRK7GDiKpFi979reEcfZGXof+Vo=
hj2P81YgiuBduwWyYgjD4k47Lhj+hsTfxepiChnZkP3lL2X1jSMUvJbY49Kp2Yv27AJwJV4UPmYN60TQIRze0Nj0R+nLzLfxCzkFphhuQK6XX/XuDV3p7w+EcyurK4+Gb0jr566SAefq/WJoFvld
erMIlu0FRaSIsu9VFlikRB+zeuFcYXO7qSFU1IL+N7/lO0xsmzyBLc3zQTydd6XLwRqBcOU7AOLP+4RF7DQ4+XM=
z48k8iOdl3tQg8UZYiL1Kaq8QfK3gQKuwwE0RA1gU2UQg7lcdec9S1iKKdBdi0gihyvcpYTEQPkL
pbjFqgA56VSg4Vq/WJeM7DsWMbAbr7AOkb/ShCzLxXgYTi1gmydkcPx+qa1KcD3NkY/eTfkE
LTBpJ9Y3HlAMYtFfaTnBUwDkJKMRMTHm/nsGgZawOqqrYH9Tm2PfB9vzQTydd6XLwR+BceU7AOLP+4RF7DQ4+XM=
kQ4hpEEwl2+yaCXg7uo48wcI5cXUZR//rFuWlrGLi12lueSemN00+PwZJk5Oe+hpHMKAeE0Z3e6Pqd+Zz9y80sH+27PbzJMC3pBkQdulWKzl57mc0On5T4Xz14rpBfDT0qQe9wO0b0Pfaz0o87lnfxoyVZ+mrV5AAvlJ
EpfFhC/PlPUoewXmQmU34xoEduJws27G4P8CEITzLT0Uhd4BefMDOk5kbxWxhmBEIXb78ia+VcQVK/rS6ZNJ5TI7+XY=
DZf8t2VgTfS8sMZcYYQC/RoEduJws27G4PsAHoTzLT0Uhd4BefMDOk5kbxWxhmBEIXb78ia+VcQVK/rS6ZNJ5TI7+XY=
ccnYVu7eW59G+XSBJGyERWaY23SGvl+Ax/ESi/yvY02nbDvQsZOKSy8NBkvsm+arsiVj/hn+uqC8eA3HwInwyMsEPR7UMU6ngMIjtiT8hUaJkjD4qRK7Hj6KpVi979reEcfZGXof+Vo=
+sSUEjgIOjijdrGVegOxzmaY23SGvl6Ax/ESi/yvY02nbDvQsZOISy8NBkvsm+arsiVj/hn+uqC8eA3HwInwz8sEPR7UMU6ngMIjtiT8hUaJkjD4qRK7Hj6KpVi979reEcfZGXof+Vo=
8cA9kpbV1gK1tVzENf40x2aY23SGvl2Ax/ESi/yvY02nbDvQsZOISy8NBkvsm+arsiVj/hn+uqC8eA3HwInwzMsEPR7UMU6ngMIjtiT8hUaJkjD4qRK7Hj6KpVi979reEcfZGXof+Vo=
Q/YLAGw4D/ly5ohyJ94Wh2aY23SGvliAx/ESi/yvY02nbDvQsZONSy8NBkvsm+arsiVj/hn+uqC8eA3HwInwxcsEPR7UMU6ngMIjtiT8hUaJkjD4qRK7Hj6KpVi979reEcfZGXof+Vo=
Lb8tJuN1OVk2eUPkAk1FJF5Cv01iAHuF0ia31j4ss6NK3zlRnU+q0oM7Ck5qha//16H00U1MICU6rTcjS53FaWGIzZa0gsPl1SCAew5hTHB72IBmdfAVELhmXbgbeJJYXZb5lYoI7eXxZ24V+Vw=
3tHbrLFUhJsD0ue8OE5Iql5Cv01iAHiF0ia31j4ss6NK3zlRnU+q0oM7Ck5qha//16D00U1MICU6rTcjS53FaWGJzZa0gsPl1SCAew5hTHB72IBmdfAVELhmXbgbeJJYXZb5lYoI7eXxZ24V+Vw=
ahNF85eYIfvH5sFiedFn0WaY23SGvlzbkusFgOa+Tk2ReQ6RwPDpAyMNTw+Qi/26/Gdy8wPJq7upe1mAyayklP8HPR7UMU6ngMIjtiT8hUaJkjD4qRK7Hj6KpVi979reEcfZGXof+Vo=
8T3T2mC9OWSEzXn0DV0skU47Lhj+hsTfxepiChnZkP3lL2X1jSMUvJbY49Kp2Yv27AJwJV4UPmYN60TQIRze0Nj0R+nLzLfxCzkFphhuQK6XX/XuDV3p7w+EcyurK4mAb0nr566SAefq/WJoFvld
BlpMmY7hA5XuH8eRHEpg1GaY23SGvliAx/ESi/yvY02nbDvQsZOLSy8NBkvsm+arsiVj/hn+uqC8eA3HwInwzssEPR7UMU6ngMIjtiT8hUaJkjD4qRK7Hj6KpVi979reEcfZGXof+Vo=
wUKnxYHlmcX1tf3UrGzMa15Cv01iAHuF0ia31j4ss6NK3zlRnU+t0oM7Ck5qha//16D00U1MICU6rTcjS53FaWGIzZa0gsPl1SCAew5hTHB72IBmdfAVELhmXbgbeJJYXZb5lYoI7eXxZ24V+Vw=
7ORieLkb4hoSsPk/T0taqWaY23SGvlzbkusFgOa+Tk2ReQ6Rw/DpAyMNTwmQi/26/Gdy8wPJq7upe1mGyayklP8HPR7UMU6ngMIjtiT8hUaJkjD4qRK7Hj6KpVi979reEcfZGXof+Vo=
9FnBsJDbFJ1BaUhHW/ugyGaY23SGvlzbkusFgOa+Tk2ReQ6RwfDpAyMNTwiQi/26/Gdy8wPJq7upe1mHyayklP8HPR7UMU6ngMIjtiT8hUaJkjD4qRK7Hj6KpVi979reEcfZGXof+Vo=
Wo5CFLbbTJRezhmsjz4/ck47Lhj+hsXfxepiChnZkP3lL2X1jSNn9IfJ/tCVq8TtuBNsOhoFNXoa5ljhEBvM976VVvPNzKvpCjkFphhuQK6XX/XuDV3p7w+EcyurK4iAb0nr566SAefq/WJoFvld
3cYWvUqb8h7Qn6lu/U6FOh+zeuFcYXO7qSFU1IL+N7/lO0xsmzyBLc3zQTydd6XLxhyBceU7AOLP+4RF7DQ4+XM=
lqAUmDaQ27Avifb2fGiU/qq8QfK3gQKuwwE0RA1gU2UQg7lcdec9S16MKdFdi0gihyvcpYTEQPkL
a6EJdicbELkJKhqghLDZiTsWMbAbr7AOkb/ShCzLxXgYTi1gmyFicP1+qa1KcD3NkY/eTfkE
BWg/cAKKZqAkS5IAx5NwXwDkJaMRMTHm/nsGgZawOqqrYH9Tm2PcB9vzQTydd6XLwxuBceU7AOLP+4RF7DQ4+XM=
3wrbdGJin4E+7jZcH4yT9QcI5cXXZR//rFuWlrGLi12lueSemN00+PwZJk5Oe+hpHMKAeE0Z3e6Pqd+Zz9y80sH+27PbzJMC3pBkQdulWKzl57mc0On5T4Xz14rpBfDT0qQe9wO0b0Pfaz8r87BkfxoyVZ+mrV5AAvlJ
xisvR2T0F8OzH5d/xZwH9BoEduJws27G4P8CEITzLT0Uhd4BefMDOk5kbxWxhmBEIXb78CW+XMcVK/rS6ZNJ5TI7+XY=
TRW4nxGpRztMXxWtnjFdQBoEduJws27G4PsAHoTzLT0Uhd4BefMDOk5kbxWxhmBEIXb78CW+XMcVK/rS6ZNJ5TI7+XY=
BG8gn+O4yKTmLRebqX6MVdLMwr7RZH3z7tEz7SK99ce1TCBVugk/VBBrzt6Wq9yucngeL6PXAWrxzkvZEvb+qOcxL2Fz6t6uhuLhB1MCm+1/Y4kchYcNSywvmZiuq/ii1wvM5RRkEPlb
DMQxX0hyJF7BTory9ezfD9PMwr7RZH2ou8sk5jis2MeDWRUUyGosWQ16mprWyIikaCpLM7L8B3z4/C6eTP/b/L0FLGFz6t6uhuLhB1MCm+1/Y4kchYcNSywvmZiuq/ii1wvM5RRkEPlb
W038RNjCASXkqKItycmcpb2z5pxai8JtFnQv2kR/hEMCGeQ8mKIKzGBVHLyI6ZlUCDE+K14HLOmQ2N8XonAsMT71qCGZ5ORMDy8dZsQ5Tr+wqkOO9DRFHvk6kAA5mjuFjWJM4+2nmgbh7/lhahf5Qg==
6RkfO6yXu6WmgpwGviVv+mCY23SGvlyAxqpHie+jeVyxOAmchdbNViMrT1PLm7jwozon9xblra2bHTuZ06qkiOcGPR7UMU6ngMIjtiT8hUaJkjD4qRK7HT2KrFu979reEcfZGXof+Vo=
/p/qmnzFFwykpKpTjhBFHGCY23SGvlyAxqpHie+jeVyxOAuchdbNViMrT1PLm7jwozon9xblra2bHTiZ06qkiOcGPR7UMU6ngMIjtiT8hUaJkjD4qRK7HT2KrFu979reEcfZGXof+Vo=
drUmBaS2E73tU7u4yYv2EWCY23SGvl2AxqpHie+jeVyxOAuchdbNViMrT1PLm7nwozon9xblra2bHTuZ06qkiOcGPR7UMU6ngMIjtiT8hUaJkjD4qRK7HT2KrFu979reEcfZGXof+Vo=
GKxG0NdopXi0g+Vkg49jYGCY23SGvl2AxqpHie+jeVyxOAychdbNViMrT1PLm7nwojon9xblra2bHTqZ06qkiOcGPR7UMU6ngMIjtiT8hUaJkjD4qRK7HT2KrFu979reEcfZGXof+Vo=
a47VQn8vfyunZQF3Un8xa9PMwr7RZHzz7tEz7SK99ce1TCBVuglOVAptzsKOqtyucngeL6PXAWrxzkvZEvb+qOYxL2Fz6t6uhuLhB1MCm+1/Y4kchYcNSywvmZiuq/ii1wvM5RRkEPlb
Vh5aQPpzZVOgdrYRdehpkb2z5pxai8JtFnQv2kR/hEMCGeQ8mKIJzGBVHLyI6ZlUCDE+K14HLOmQ2N8XonAsMT71qyGZ5ORMDy8dZsQ5Tr+wqkOO9DRFHvk6kAA5mjuFjWJM4+2nmgbh7/lhahf5Qg==
n+pRzikK831e713YVXb7AL2z5pxai8JtFnQv2kR/hEMCGeQ8mKIPzGBVHLyI6ZlUCDE+K18HLOmQ2N8XonAsMT71qiGZ5ORMDy8dZsQ5Tr+wqkOO9DRFHvk6kAA5mjuFjWJM4+2nmgbh7/lhahf5Qg==
nstSz0DZr9xOqSQILWq/hdPMwr7RZHzz7tEz7SK99ce1TCBVuglNVAptzsKOqtyucngeL6PXAWrxzkvZEvb+qOUxL2Fz6t6uhuLhB1MCm+1/Y4kchYcNSywvmZiuq/ii1wvM5RRkEPlb
WBN6tgLeP+brYbgp/pKe5x+zeuFcYXO7qSFU1IL+N7/lO0xsmzyBLc3zQTydd6XLxB+BeOY7AOLP+4RF7DQ4+XM=
7OnSbnF8hyGxKTL72ox8p6q8QfK3gQKuwwE0RA1gU2UQg7lcdec9S1yPKdhei0gihyvcpYTEQPkL
BOYVjhY19q1DhcvZgvd+ljsWMbAbr7AOkb/ShCzLxXgYTi1gmyNhcPR9qa1KcD3NkY/eTfkE
l1EVq+sL+drwuGs+X2MKaLBENX2SCgC92TNqm1Bad1NdkRMJUjLOhVKUmnlAIijjfsWqcjb024FbYgkpWRVJRCped05tH01U9W648AItvf0OAFNXD1AGMT+DQzMRRi/dJh/klCjbVewJL7kLX0WVqHJTLAJjk7C1WEwE+U8=
XqcqKXaznYGse7XCwOh7VBoEduJws27G4P8CEITzLT0Uhd4BefMDOk5kbxWxhmBEIXb79ie+XMcVK/rS6ZNJ5TI7+XY=
hkEJUl13w80Hpy39M+8rkxoEduJws27G4PsAHoTzLT0Uhd4BefMDOk5kbxWxhmBEIXb79ie+XMcVK/rS6ZNJ5TI7+XY=
sssIi0NWr1ViLKGGY5k4NtPMwr7RZHzz7tEz7SK99ce1TCBVuglNVAptzsKOqtyucngeL6PXAWrxzkvZEvb+qOUxL2Fz6t6uhuLhB1MCm+1/Y4kchYcNSystmZiuq/ii1wvM5RRkEPlb
Nmn3kFoVmiFd+wuZ+xndwb2z5pxai8JtFnQv2kR/hEMCGeQ8mKIJzGBVHLyI6ZlUCDE+K14HLOmQ2N8XonAsMT71qyGZ5ORMDy8dZsQ5Tr+wqkOO9DRFHvk6kAA5mjuCj2JM4+2nmgbh7/lhahf5Qg==
kVH7ipO/BllJcYSIwazHcGCY23SGvlyAxqpHie+jeVyxOAmchdbNViMrT1PLm7jwozon9xblra2bHTuZ06qkiOcGPR7UMU6ngMIjtiT8hUaJkjD4qRK7Gj+KrFu979reEcfZGXof+Vo=
8ysip/algKHiE5JVNJBRymCY23SGvl2AxqpHie+jeVyxOAuchdbNViMrT1PLm7nwozon9xblra2bHTuZ06qkiOcGPR7UMU6ngMIjtiT8hUaJkjD4qRK7Gj+KrFu979reEcfZGXof+Vo=
7l42UE3o92jSjK8dArVxW9PMwr7RZH2ou8sk5jis2MeDWRUUyGosWQ16mprWyIikaCpLM7L8B3z4/C6eTP/b/L0FLGFz6t6uhuLhB1MCm+1/Y4kchYcNSystmZiuq/ii1wvM5RRkEPlb
6vHOTVZBwlYkigbBB3IGCr2z5pxai8JtFnQv2kR/hEMCGeQ8mKIPzGBVHLyI6ZlUCDE+K18HLOmQ2N8XonAsMT71qiGZ5ORMDy8dZsQ5Tr+wqkOO9DRFHvk6kAA5mjuCj2JM4+2nmgbh7/lhahf5Qg==
mmNsXAdL0BG6Xani1exVM2CY23SGvl2AxqpHie+jeVyxOAychdbNViMrT1PLm7nwojon9xblra2bHTqZ06qkiOcGPR7UMU6ngMIjtiT8hUaJkjD4qRK7Gj+KrFu979reEcfZGXof+Vo=
KqAVp3qbxdyYuN77/bQFztPMwr7RZHzz7tEz7SK99ce1TCBVuglOVAptzsKOqtyucngeL6PXAWrxzkvZEvb+qOYxL2Fz6t6uhuLhB1MCm+1/Y4kchYcNSystmZiuq/ii1wvM5RRkEPlb
wrFWXsg3TLfbFo5seqXCe72z5pxai8JtFnQv2kR/hEMCGeQ8mKIKzGBVHLyI6ZlUCDE+K14HLOmQ2N8XonAsMT71qCGZ5ORMDy8dZsQ5Tr+wqkOO9DRFHvk6kAA5mjuCj2JM4+2nmgbh7/lhahf5Qg==
0/AbfgOYvb/y/ElQzxQh42CY23SGvlyAxqpHie+jeVyxOAuchdbNViMrT1PLm7jwozon9xblra2bHTiZ06qkiOcGPR7UMU6ngMIjtiT8hUaJkjD4qRK7Gz+KrFu979reEcfZGXof+Vo=
oa0EU2nM3HLBCGgULg7EfNLMwr7RZH3z7tEz7SK99ce1TCBVugk/VBBrzt6Wq9yucngeL6PXAWrxzkvZEvb+qOcxL2Fz6t6uhuLhB1MCm+1/Y4kchYcNSyotmZiuq/ii1wvM5RRkEPlb
LCBqbgX8swIM1NBCb3wHuB+zeuFcYXO7qSFU1IL+N7/lO0xsmzyBLc3zQTydd6XLwh2BeOY7AOLP+4RF7DQ4+XM=
YigQJIReyZXE0ujPYJ9RuKq8QfK3gQKuwwE0RA1gU2UQg7lcdec9S1qNKdhei0gihyvcpYTEQPkL
FdgP3DuHODX7Uj+JvgEyNTsWMbAbr7AOkb/ShCzLxXgYTi1gmyVjcPR9qa1KcD3NkY/eTfkE
O7++Tk++bZQzdlrK2Zd1ObBENX2RCgC92TNqm1Bad1NdkRMJUjLOhVKUmnlAIijjfsWqcjb024FbYgkpWRVJRCped05tH01U9W648AItvf0OAFNXD1AGMT+DQzMRRi/dJh/klCjbVewJL7kLXUKVqHJTLAJjk7C1WEwE+U8=
scoT+eprQyDGXXFowHZX2hoEduJws27G4P8CEITzLT0Uhd4BefMDOk5kbxWxhmBEIXb79CC+XMcVK/rS6ZNJ5TI7+XY=
DsJtT9QO1/PytY0xhVzf7xoEduJws27G4PsAHoTzLT0Uhd4BefMDOk5kbxWxhmBEIXb79CC+XMcVK/rS6ZNJ5TI7+XY=
Sq+gs8uNp03HY/eSEjYSU9PMwr7RZH2ou8sk5jis2MeDWRUUyGosWQ16mprWyIikaCpLM7L8B3z4/C6eTP/b/L0FLGFz6t6uhuLhB1MCm+1/Y4kchYcNSykqmZiuq/ii1wvM5RRkEPlb
tG4a5tSVhUWYFWD3Sq3kYr2z5pxai8JtFnQv2kR/hEMCGeQ8mKIPzGBVHLyI6ZlUCDE+K18HLOmQ2N8XonAsMT71qiGZ5ORMDy8dZsQ5Tr+wqkOO9DRFHvk6kAA5mjuAiGJM4+2nmgbh7/lhahf5Qg==
71b8Vise6apcM1l22kuUgr2z5pxai8JtFnQv2kR/hEMCGeQ8mKIJzGBVHLyI6ZlUCDE+K14HLOmQ2N8XonAsMT71qyGZ5ORMDy8dZsQ5Tr+wqkOO9DRFHvk6kAA5mjuAiGJM4+2nmgbh7/lhahf5Qg==
4YFvqLGGZKQ93OJm8u5Bm2CY23SGvlyAxqpHie+jeVyxOAmchdbNViMrT1PLm7jwozon9xblra2bHTuZ06qkiOcGPR7UMU6ngMIjtiT8hUaJkjD4qRK7GDiKrFu979reEcfZGXof+Vo=
/8kUNwZrticfBU2jRGkGlWCY23SGvl2AxqpHie+jeVyxOAuchdbNViMrT1PLm7nwozon9xblra2bHTuZ06qkiOcGPR7UMU6ngMIjtiT8hUaJkjD4qRK7GDiKrFu979reEcfZGXof+Vo=
BJYrMQNl9AE+sr/4bgLXv2CY23SGvl2AxqpHie+jeVyxOAychdbNViMrT1PLm7nwojon9xblra2bHTqZ06qkiOcGPR7UMU6ngMIjtiT8hUaJkjD4qRK7GDiKrFu979reEcfZGXof+Vo=
SRUyOkDmoFx99X00b9cOutPMwr7RZHzz7tEz7SK99ce1TCBVuglOVAptzsKOqtyucngeL6PXAWrxzkvZEvb+qOYxL2Fz6t6uhuLhB1MCm+1/Y4kchYcNSykqmZiuq/ii1wvM5RRkEPlb
wdnYVcfQMfbz1PXTNZlVcb2z5pxai8JtFnQv2kR/hEMCGeQ8mKIKzGBVHLyI6ZlUCDE+K14HLOmQ2N8XonAsMT71qCGZ5ORMDy8dZsQ5Tr+wqkOO9DRFHvk6kAA5mjuAiGJM4+2nmgbh7/lhahf5Qg==
3pWPrd5tozUG6MX6lHFyHGCY23SGvlyAxqpHie+jeVyxOAuchdbNViMrT1PLm7jwozon9xblra2bHTiZ06qkiOcGPR7UMU6ngMIjtiT8hUaJkjD4qRK7GDiKrFu979reEcfZGXof+Vo=
ERrX7C0M5tpB3IhyPA+01dLMwr7RZH3z7tEz7SK99ce1TCBVugk/VBBrzt6Wq9yucngeL6PXAWrxzkvZEvb+qOcxL2Fz6t6uhuLhB1MCm+1/Y4kchYcNSykqmZiuq/ii1wvM5RRkEPlb
a3UAKwFm6w500G22GmBpjtPMwr7RZHzz7tEz7SK99ce1TCBVuglNVAptzsKOqtyucngeL6PXAWrxzkvZEvb+qOUxL2Fz6t6uhuLhB1MCm+1/Y4kchYcNSykqmZiuq/ii1wvM5RRkEPlb
adwOhQ1/mYOn836YS0dTwx+zeuFcYXO7qSFU1IL+N7/lO0xsmzyBLc3zQTydd6XLwRqBeOY7AOLP+4RF7DQ4+XM=
9gel0yfJBEzxhXB7/bDIH6q8QfK3gQKuwwE0RA1gU2UQg7lcdec9S1mKKdhei0gihyvcpYTEQPkL
aetf3gCHASj8QpQs/2IWBTsWMbAbr7AOkb/ShCzLxXgYTi1gmydkcPR9qa1KcD3NkY/eTfkE
GbtEOtSAAzdjQI7wSuBQRfp3LZhZSp+zpUHLyeqCluU65BL5yJKAQ6Y1UrLuJOOhc3IBKVEFYWQSjq+Ole+V9F3eMHCKXdWdVrDrl9eA/tHXk0szGVZHvV5PvNSQa40M4d8xi9n1PQkqI1RCO8OIlXBcDPlH
5QDnoumDDK+8i5adnBaq+xoEduJws27G4P8CEITzLT0Uhd4BefMDOk5kbxWxhmBEIXb7+Ce+XccVK/rS6ZNJ5TI7+XY=
ha2ZbF/8/ruD2iIOjPJLVhoEduJws27G4PsAHoTzLT0Uhd4BefMDOk5kbxWxhmBEIXb7+Ce+XccVK/rS6ZNJ5TI7+XY=
WHSNGXui4o2pBtPqvPDK59PMwr7RZH2ou8sk5jis2MeDWRUUyGosWQ16mprWyIikaCpLM7L8B3z4/C6eTP/b/L0FLGFz6t6uhuLhB1MCm+1/Y4kchYcNSyUtmZmuq/ii1wvM5RRkEPlb
W1kxBttEzx6VFzH+YzlmStPMwr7RZHzz7tEz7SK99ce1TCBVuglNVAptzsKOqtyucngeL6PXAWrxzkvZEvb+qOUxL2Fz6t6uhuLhB1MCm+1/Y4kchYcNSyUtmZmuq/ii1wvM5RRkEPlb
D6ptDBqJhYpFfp5Rfm0JUL2z5pxai8JtFnQv2kR/hEMCGeQ8mKIKzGBVHLyI6ZlUCDE+K14HLOmQ2N8XonAsMT71qCGZ5ORMDy8dZsQ5Tr+wqkOO9DRFHvk6kAA5mjuMj2JN4+2nmgbh7/lhahf5Qg==
6WQ+TS1SAGFdjAnCezNAm9PMwr7RZHzz7tEz7SK99ce1TCBVuglOVAptzsKOqtyucngeL6PXAWrxzkvZEvb+qOYxL2Fz6t6uhuLhB1MCm+1/Y4kchYcNSyUtmZmuq/ii1wvM5RRkEPlb
k86bgu+/s8Q1pdJIgZ2KWL2z5pxai8JtFnQv2kR/hEMCGeQ8mKIJzGBVHLyI6ZlUCDE+K14HLOmQ2N8XonAsMT71qyGZ5ORMDy8dZsQ5Tr+wqkOO9DRFHvk6kAA5mjuMj2JN4+2nmgbh7/lhahf5Qg==
fkQnfSlzlYmtmbyIEvaG4r2z5pxai8JtFnQv2kR/hEMCGeQ8mKIPzGBVHLyI6ZlUCDE+K18HLOmQ2N8XonAsMT71qiGZ5ORMDy8dZsQ5Tr+wqkOO9DRFHvk6kAA5mjuMj2JN4+2nmgbh7/lhahf5Qg==
eTgUigACIZhjaQ8Fh+xJhGCY23SGvlyAxqpHie+jeVyxOAmchdbNViMrT1PLm7jwozon9xblra2bHTuZ06qkiOcGPR7UMU6ngMIjtiT8hUaJkjD4qRK7FD+KrVu979reEcfZGXof+Vo=
WN0ZUzLGCBLz5QELQSb0N2CY23SGvlyAxqpHie+jeVyxOAuchdbNViMrT1PLm7jwozon9xblra2bHTiZ06qkiOcGPR7UMU6ngMIjtiT8hUaJkjD4qRK7FD+KrVu979reEcfZGXof+Vo=
UxKAWkIY8JFu0mwwOhgOSdLMwr7RZH3z7tEz7SK99ce1TCBVugk/VBBrzt6Wq9yucngeL6PXAWrxzkvZEvb+qOcxL2Fz6t6uhuLhB1MCm+1/Y4kchYcNSyUtmZmuq/ii1wvM5RRkEPlb
1bSKWng/F1BNKbHCkaV0Q2CY23SGvl2AxqpHie+jeVyxOAuchdbNViMrT1PLm7nwozon9xblra2bHTuZ06qkiOcGPR7UMU6ngMIjtiT8hUaJkjD4qRK7FD+KrVu979reEcfZGXof+Vo=
FoDv0zd44nA++EPikD0082CY23SGvl2AxqpHie+jeVyxOAychdbNViMrT1PLm7nwojon9xblra2bHTqZ06qkiOcGPR7UMU6ngMIjtiT8hUaJkjD4qRK7FD+KrVu979reEcfZGXof+Vo=
KjfRDBe6Ub7cvMRwns79fR+zeuFcYXO7qSFU1IL+N7/lO0xsmzyBLc3zQTydd6XLzB2BeeY7AOLP+4RF7DQ4+XM=
sqIe6wqD6pvczaHCT6BLH6q8QfK3gQKuwwE0RA1gU2UQg7lcdec9S1SNKdlei0gihyvcpYTEQPkL
nznmvOpSAd5TM68erNnRiTsWMbAbr7AOkb/ShCzLxXgYTi1gmytjcPV9qa1KcD3NkY/eTfkE
WYPgv9o/UuYzuUc+QOyLZmNbo1UOmvHZue/Zsw+GoP12d83kykcJzJhp/sChg90YSfKwGOkyuz9+ai87fc/a/tGnWfk6P/l6
+yoAbFPOvZBiX6HN8nx4pWNbolUOmvHZue/Zsw+GoP12d83kykcJzJhp/sChg90YSfKwGOkyuzh5ai87fc/a/tGnWfk6P/l6
Ur7KGMke4iKt2J1Ts/ZR6CBf1+07v3J0UXsdSTHJ49gQTyKhtS6WicmOXC82mm29jco9BOgy1RxbXJwMBwFR0aoMxbFh8yYx+Xg=
hhGxM8e205M9+ataTmqjHhc2ufWfT70+iEiOSu8+qKgKcY/h0/5o6616Ctrlh6S14SPpnCXHLUtNbnkcDmvYovfLrGX0JDD5ew==
qMUwCfbIECYCHxdGKui+wFVV/HFKTCBvz4Qzq+srwwOvRShn7pJBZyr9ouhW+R0=
4yHoBTUbNM/7Ljgf+yoBSqq8QfK3gQKuwwE0RA1gU2UQg7lcdec9S1WPKd1ei0gihyvcpYTEQPkL
7Z/amWVtlaan0UvxYEUETDsWMbAbr7AOkb/ShCzLxXgYTi1gmyphcPF9qa1KcD3NkY/eTfkE
VamaxumzprbVp/atvEa1Q3R0dnVa7dnteHk40JrfOj4cbId70ThgAg+Sj8ruWlBd8Lx6SRlPublfAAuRJKEFGJgu7UCbCiGQcZ3pTUpQfW0RLx4t+WQ=
47bnjqAfBn3cRdkC3Syz4+XH5OLn6pdnXGfA76xiakGWxLTKY9mx1txo1yT7GD4knIe4er4LWYHl86dWX2MU/+ki8MjJIrskXbpp691fWm5xdxkpGi/5ag==
sTCrJtqhPRhO9HlPj94u/TK9mhWguSkKJp6khCpqJSK43J949y0GYafuu4MRDU9mzabsZFfAJLngxxCDc7lEfObDWdzVpx1LNU9JXf7LaCJna3wlJAQg+Ws=
X+CJjVzHwEbzgIPXr1STw7aXqA9WLIiOj3JymN2wxXnsQc36iYsTCUV258LOTCUU7vkqE2Ir0d3u7GxH21RnM3fr3xv7lbyPonJNj14N1hAq+WE=
