e:\comupter_network_exp\exp2_selfmade\stopwait\debug\exp2_selfmade.pch
e:\comupter_network_exp\exp2_selfmade\stopwait\debug\vc142.pdb
e:\comupter_network_exp\exp2_selfmade\stopwait\debug\vc142.idb
e:\comupter_network_exp\exp2_selfmade\stopwait\debug\stdafx.obj
e:\comupter_network_exp\exp2_selfmade\stopwait\debug\stopwait.obj
e:\comupter_network_exp\exp2_selfmade\stopwait\debug\stopwaitrdtreceiver.obj
e:\comupter_network_exp\exp2_selfmade\stopwait\debug\stopwaitrdtsender.obj
e:\comupter_network_exp\exp2_selfmade\stopwait\debug\exp2_selfmade.ilk
e:\comupter_network_exp\exp2_selfmade\stopwait\debug\exp2_selfmade.exe
e:\comupter_network_exp\exp2_selfmade\stopwait\debug\exp2_selfmade.pdb
e:\comupter_network_exp\exp2_selfmade\stopwait\debug\stopwait.ilk
e:\comupter_network_exp\exp2_selfmade\stopwait\debug\stopwait.pch
e:\comupter_network_exp\exp2_selfmade\stopwait\debug\vc141.idb
e:\comupter_network_exp\exp2_selfmade\stopwait\debug\stopwait.pdb
e:\comupter_network_exp\exp2_selfmade\stopwait\debug\vc141.pdb
e:\comupter_network_exp\exp2_selfmade\stopwait\debug\exp2_selfmade.tlog\cl.command.1.tlog
e:\comupter_network_exp\exp2_selfmade\stopwait\debug\exp2_selfmade.tlog\cl.read.1.tlog
e:\comupter_network_exp\exp2_selfmade\stopwait\debug\exp2_selfmade.tlog\cl.write.1.tlog
e:\comupter_network_exp\exp2_selfmade\stopwait\debug\exp2_selfmade.tlog\link.command.1.tlog
e:\comupter_network_exp\exp2_selfmade\stopwait\debug\exp2_selfmade.tlog\link.read.1.tlog
e:\comupter_network_exp\exp2_selfmade\stopwait\debug\exp2_selfmade.tlog\link.write.1.tlog
